[2026-04-01T22:13:42.823+0200] {processor.py:161} INFO - Started process (PID=42758) to work on /home/malte/try_rag/.venv/lib/python3.12/site-packages/airflow/example_dags/plugins/event_listener.py
[2026-04-01T22:13:42.826+0200] {processor.py:830} INFO - Processing file /home/malte/try_rag/.venv/lib/python3.12/site-packages/airflow/example_dags/plugins/event_listener.py for tasks to queue
[2026-04-01T22:13:42.829+0200] {logging_mixin.py:188} INFO - [2026-04-01T22:13:42.827+0200] {dagbag.py:545} INFO - Filling up the DagBag from /home/malte/try_rag/.venv/lib/python3.12/site-packages/airflow/example_dags/plugins/event_listener.py
[2026-04-01T22:13:42.835+0200] {processor.py:842} WARNING - No viable dags retrieved from /home/malte/try_rag/.venv/lib/python3.12/site-packages/airflow/example_dags/plugins/event_listener.py
[2026-04-01T22:13:42.871+0200] {processor.py:183} INFO - Processing /home/malte/try_rag/.venv/lib/python3.12/site-packages/airflow/example_dags/plugins/event_listener.py took 0.065 seconds
[2026-04-01T22:15:05.856+0200] {processor.py:161} INFO - Started process (PID=42953) to work on /home/malte/try_rag/.venv/lib/python3.12/site-packages/airflow/example_dags/plugins/event_listener.py
[2026-04-01T22:15:05.860+0200] {processor.py:830} INFO - Processing file /home/malte/try_rag/.venv/lib/python3.12/site-packages/airflow/example_dags/plugins/event_listener.py for tasks to queue
[2026-04-01T22:15:05.863+0200] {logging_mixin.py:188} INFO - [2026-04-01T22:15:05.862+0200] {dagbag.py:545} INFO - Filling up the DagBag from /home/malte/try_rag/.venv/lib/python3.12/site-packages/airflow/example_dags/plugins/event_listener.py
[2026-04-01T22:15:05.871+0200] {processor.py:842} WARNING - No viable dags retrieved from /home/malte/try_rag/.venv/lib/python3.12/site-packages/airflow/example_dags/plugins/event_listener.py
[2026-04-01T22:15:05.905+0200] {processor.py:183} INFO - Processing /home/malte/try_rag/.venv/lib/python3.12/site-packages/airflow/example_dags/plugins/event_listener.py took 0.066 seconds
[2026-04-01T22:15:47.606+0200] {processor.py:161} INFO - Started process (PID=43031) to work on /home/malte/try_rag/.venv/lib/python3.12/site-packages/airflow/example_dags/plugins/event_listener.py
[2026-04-01T22:15:47.609+0200] {processor.py:830} INFO - Processing file /home/malte/try_rag/.venv/lib/python3.12/site-packages/airflow/example_dags/plugins/event_listener.py for tasks to queue
[2026-04-01T22:15:47.612+0200] {logging_mixin.py:188} INFO - [2026-04-01T22:15:47.610+0200] {dagbag.py:545} INFO - Filling up the DagBag from /home/malte/try_rag/.venv/lib/python3.12/site-packages/airflow/example_dags/plugins/event_listener.py
[2026-04-01T22:15:47.625+0200] {processor.py:842} WARNING - No viable dags retrieved from /home/malte/try_rag/.venv/lib/python3.12/site-packages/airflow/example_dags/plugins/event_listener.py
[2026-04-01T22:15:47.677+0200] {processor.py:183} INFO - Processing /home/malte/try_rag/.venv/lib/python3.12/site-packages/airflow/example_dags/plugins/event_listener.py took 0.111 seconds
[2026-04-01T22:16:25.629+0200] {processor.py:161} INFO - Started process (PID=43110) to work on /home/malte/try_rag/.venv/lib/python3.12/site-packages/airflow/example_dags/plugins/event_listener.py
[2026-04-01T22:16:25.633+0200] {processor.py:830} INFO - Processing file /home/malte/try_rag/.venv/lib/python3.12/site-packages/airflow/example_dags/plugins/event_listener.py for tasks to queue
[2026-04-01T22:16:25.636+0200] {logging_mixin.py:188} INFO - [2026-04-01T22:16:25.635+0200] {dagbag.py:545} INFO - Filling up the DagBag from /home/malte/try_rag/.venv/lib/python3.12/site-packages/airflow/example_dags/plugins/event_listener.py
[2026-04-01T22:16:25.643+0200] {processor.py:842} WARNING - No viable dags retrieved from /home/malte/try_rag/.venv/lib/python3.12/site-packages/airflow/example_dags/plugins/event_listener.py
[2026-04-01T22:16:25.675+0200] {processor.py:183} INFO - Processing /home/malte/try_rag/.venv/lib/python3.12/site-packages/airflow/example_dags/plugins/event_listener.py took 0.062 seconds
[2026-04-01T22:17:03.367+0200] {processor.py:161} INFO - Started process (PID=43188) to work on /home/malte/try_rag/.venv/lib/python3.12/site-packages/airflow/example_dags/plugins/event_listener.py
[2026-04-01T22:17:03.372+0200] {processor.py:830} INFO - Processing file /home/malte/try_rag/.venv/lib/python3.12/site-packages/airflow/example_dags/plugins/event_listener.py for tasks to queue
[2026-04-01T22:17:03.375+0200] {logging_mixin.py:188} INFO - [2026-04-01T22:17:03.373+0200] {dagbag.py:545} INFO - Filling up the DagBag from /home/malte/try_rag/.venv/lib/python3.12/site-packages/airflow/example_dags/plugins/event_listener.py
[2026-04-01T22:17:03.383+0200] {processor.py:842} WARNING - No viable dags retrieved from /home/malte/try_rag/.venv/lib/python3.12/site-packages/airflow/example_dags/plugins/event_listener.py
[2026-04-01T22:17:03.419+0200] {processor.py:183} INFO - Processing /home/malte/try_rag/.venv/lib/python3.12/site-packages/airflow/example_dags/plugins/event_listener.py took 0.072 seconds
[2026-04-01T22:17:39.273+0200] {processor.py:161} INFO - Started process (PID=43258) to work on /home/malte/try_rag/.venv/lib/python3.12/site-packages/airflow/example_dags/plugins/event_listener.py
[2026-04-01T22:17:39.276+0200] {processor.py:830} INFO - Processing file /home/malte/try_rag/.venv/lib/python3.12/site-packages/airflow/example_dags/plugins/event_listener.py for tasks to queue
[2026-04-01T22:17:39.279+0200] {logging_mixin.py:188} INFO - [2026-04-01T22:17:39.278+0200] {dagbag.py:545} INFO - Filling up the DagBag from /home/malte/try_rag/.venv/lib/python3.12/site-packages/airflow/example_dags/plugins/event_listener.py
[2026-04-01T22:17:39.287+0200] {processor.py:842} WARNING - No viable dags retrieved from /home/malte/try_rag/.venv/lib/python3.12/site-packages/airflow/example_dags/plugins/event_listener.py
[2026-04-01T22:17:39.320+0200] {processor.py:183} INFO - Processing /home/malte/try_rag/.venv/lib/python3.12/site-packages/airflow/example_dags/plugins/event_listener.py took 0.065 seconds
[2026-04-01T22:18:16.776+0200] {processor.py:161} INFO - Started process (PID=43336) to work on /home/malte/try_rag/.venv/lib/python3.12/site-packages/airflow/example_dags/plugins/event_listener.py
[2026-04-01T22:18:16.781+0200] {processor.py:830} INFO - Processing file /home/malte/try_rag/.venv/lib/python3.12/site-packages/airflow/example_dags/plugins/event_listener.py for tasks to queue
[2026-04-01T22:18:16.786+0200] {logging_mixin.py:188} INFO - [2026-04-01T22:18:16.784+0200] {dagbag.py:545} INFO - Filling up the DagBag from /home/malte/try_rag/.venv/lib/python3.12/site-packages/airflow/example_dags/plugins/event_listener.py
[2026-04-01T22:18:16.798+0200] {processor.py:842} WARNING - No viable dags retrieved from /home/malte/try_rag/.venv/lib/python3.12/site-packages/airflow/example_dags/plugins/event_listener.py
[2026-04-01T22:18:16.839+0200] {processor.py:183} INFO - Processing /home/malte/try_rag/.venv/lib/python3.12/site-packages/airflow/example_dags/plugins/event_listener.py took 0.097 seconds
[2026-04-01T22:18:58.191+0200] {processor.py:161} INFO - Started process (PID=43439) to work on /home/malte/try_rag/.venv/lib/python3.12/site-packages/airflow/example_dags/plugins/event_listener.py
[2026-04-01T22:18:58.196+0200] {processor.py:830} INFO - Processing file /home/malte/try_rag/.venv/lib/python3.12/site-packages/airflow/example_dags/plugins/event_listener.py for tasks to queue
[2026-04-01T22:18:58.199+0200] {logging_mixin.py:188} INFO - [2026-04-01T22:18:58.197+0200] {dagbag.py:545} INFO - Filling up the DagBag from /home/malte/try_rag/.venv/lib/python3.12/site-packages/airflow/example_dags/plugins/event_listener.py
[2026-04-01T22:18:58.208+0200] {processor.py:842} WARNING - No viable dags retrieved from /home/malte/try_rag/.venv/lib/python3.12/site-packages/airflow/example_dags/plugins/event_listener.py
[2026-04-01T22:18:58.249+0200] {processor.py:183} INFO - Processing /home/malte/try_rag/.venv/lib/python3.12/site-packages/airflow/example_dags/plugins/event_listener.py took 0.082 seconds
[2026-04-01T22:19:46.786+0200] {processor.py:161} INFO - Started process (PID=43521) to work on /home/malte/try_rag/.venv/lib/python3.12/site-packages/airflow/example_dags/plugins/event_listener.py
[2026-04-01T22:19:46.792+0200] {processor.py:830} INFO - Processing file /home/malte/try_rag/.venv/lib/python3.12/site-packages/airflow/example_dags/plugins/event_listener.py for tasks to queue
[2026-04-01T22:19:46.798+0200] {logging_mixin.py:188} INFO - [2026-04-01T22:19:46.794+0200] {dagbag.py:545} INFO - Filling up the DagBag from /home/malte/try_rag/.venv/lib/python3.12/site-packages/airflow/example_dags/plugins/event_listener.py
[2026-04-01T22:19:46.810+0200] {processor.py:842} WARNING - No viable dags retrieved from /home/malte/try_rag/.venv/lib/python3.12/site-packages/airflow/example_dags/plugins/event_listener.py
[2026-04-01T22:19:46.843+0200] {processor.py:183} INFO - Processing /home/malte/try_rag/.venv/lib/python3.12/site-packages/airflow/example_dags/plugins/event_listener.py took 0.086 seconds
[2026-04-01T22:20:28.888+0200] {processor.py:161} INFO - Started process (PID=43608) to work on /home/malte/try_rag/.venv/lib/python3.12/site-packages/airflow/example_dags/plugins/event_listener.py
[2026-04-01T22:20:28.892+0200] {processor.py:830} INFO - Processing file /home/malte/try_rag/.venv/lib/python3.12/site-packages/airflow/example_dags/plugins/event_listener.py for tasks to queue
[2026-04-01T22:20:28.894+0200] {logging_mixin.py:188} INFO - [2026-04-01T22:20:28.893+0200] {dagbag.py:545} INFO - Filling up the DagBag from /home/malte/try_rag/.venv/lib/python3.12/site-packages/airflow/example_dags/plugins/event_listener.py
[2026-04-01T22:20:28.901+0200] {processor.py:842} WARNING - No viable dags retrieved from /home/malte/try_rag/.venv/lib/python3.12/site-packages/airflow/example_dags/plugins/event_listener.py
[2026-04-01T22:20:28.933+0200] {processor.py:183} INFO - Processing /home/malte/try_rag/.venv/lib/python3.12/site-packages/airflow/example_dags/plugins/event_listener.py took 0.064 seconds
[2026-04-01T22:21:06.059+0200] {processor.py:161} INFO - Started process (PID=43681) to work on /home/malte/try_rag/.venv/lib/python3.12/site-packages/airflow/example_dags/plugins/event_listener.py
[2026-04-01T22:21:06.064+0200] {processor.py:830} INFO - Processing file /home/malte/try_rag/.venv/lib/python3.12/site-packages/airflow/example_dags/plugins/event_listener.py for tasks to queue
[2026-04-01T22:21:06.068+0200] {logging_mixin.py:188} INFO - [2026-04-01T22:21:06.065+0200] {dagbag.py:545} INFO - Filling up the DagBag from /home/malte/try_rag/.venv/lib/python3.12/site-packages/airflow/example_dags/plugins/event_listener.py
[2026-04-01T22:21:06.078+0200] {processor.py:842} WARNING - No viable dags retrieved from /home/malte/try_rag/.venv/lib/python3.12/site-packages/airflow/example_dags/plugins/event_listener.py
[2026-04-01T22:21:06.110+0200] {processor.py:183} INFO - Processing /home/malte/try_rag/.venv/lib/python3.12/site-packages/airflow/example_dags/plugins/event_listener.py took 0.075 seconds
[2026-04-01T22:21:42.986+0200] {processor.py:161} INFO - Started process (PID=43754) to work on /home/malte/try_rag/.venv/lib/python3.12/site-packages/airflow/example_dags/plugins/event_listener.py
[2026-04-01T22:21:42.990+0200] {processor.py:830} INFO - Processing file /home/malte/try_rag/.venv/lib/python3.12/site-packages/airflow/example_dags/plugins/event_listener.py for tasks to queue
[2026-04-01T22:21:42.993+0200] {logging_mixin.py:188} INFO - [2026-04-01T22:21:42.992+0200] {dagbag.py:545} INFO - Filling up the DagBag from /home/malte/try_rag/.venv/lib/python3.12/site-packages/airflow/example_dags/plugins/event_listener.py
[2026-04-01T22:21:43.000+0200] {processor.py:842} WARNING - No viable dags retrieved from /home/malte/try_rag/.venv/lib/python3.12/site-packages/airflow/example_dags/plugins/event_listener.py
[2026-04-01T22:21:43.034+0200] {processor.py:183} INFO - Processing /home/malte/try_rag/.venv/lib/python3.12/site-packages/airflow/example_dags/plugins/event_listener.py took 0.075 seconds
[2026-04-01T22:22:19.857+0200] {processor.py:161} INFO - Started process (PID=43830) to work on /home/malte/try_rag/.venv/lib/python3.12/site-packages/airflow/example_dags/plugins/event_listener.py
[2026-04-01T22:22:19.870+0200] {processor.py:830} INFO - Processing file /home/malte/try_rag/.venv/lib/python3.12/site-packages/airflow/example_dags/plugins/event_listener.py for tasks to queue
[2026-04-01T22:22:19.873+0200] {logging_mixin.py:188} INFO - [2026-04-01T22:22:19.872+0200] {dagbag.py:545} INFO - Filling up the DagBag from /home/malte/try_rag/.venv/lib/python3.12/site-packages/airflow/example_dags/plugins/event_listener.py
[2026-04-01T22:22:19.880+0200] {processor.py:842} WARNING - No viable dags retrieved from /home/malte/try_rag/.venv/lib/python3.12/site-packages/airflow/example_dags/plugins/event_listener.py
[2026-04-01T22:22:19.913+0200] {processor.py:183} INFO - Processing /home/malte/try_rag/.venv/lib/python3.12/site-packages/airflow/example_dags/plugins/event_listener.py took 0.075 seconds
[2026-04-01T22:22:56.147+0200] {processor.py:161} INFO - Started process (PID=43900) to work on /home/malte/try_rag/.venv/lib/python3.12/site-packages/airflow/example_dags/plugins/event_listener.py
[2026-04-01T22:22:56.152+0200] {processor.py:830} INFO - Processing file /home/malte/try_rag/.venv/lib/python3.12/site-packages/airflow/example_dags/plugins/event_listener.py for tasks to queue
[2026-04-01T22:22:56.154+0200] {logging_mixin.py:188} INFO - [2026-04-01T22:22:56.153+0200] {dagbag.py:545} INFO - Filling up the DagBag from /home/malte/try_rag/.venv/lib/python3.12/site-packages/airflow/example_dags/plugins/event_listener.py
[2026-04-01T22:22:56.161+0200] {processor.py:842} WARNING - No viable dags retrieved from /home/malte/try_rag/.venv/lib/python3.12/site-packages/airflow/example_dags/plugins/event_listener.py
[2026-04-01T22:22:56.208+0200] {processor.py:183} INFO - Processing /home/malte/try_rag/.venv/lib/python3.12/site-packages/airflow/example_dags/plugins/event_listener.py took 0.078 seconds
[2026-04-01T22:23:33.009+0200] {processor.py:161} INFO - Started process (PID=43973) to work on /home/malte/try_rag/.venv/lib/python3.12/site-packages/airflow/example_dags/plugins/event_listener.py
[2026-04-01T22:23:33.024+0200] {processor.py:830} INFO - Processing file /home/malte/try_rag/.venv/lib/python3.12/site-packages/airflow/example_dags/plugins/event_listener.py for tasks to queue
[2026-04-01T22:23:33.026+0200] {logging_mixin.py:188} INFO - [2026-04-01T22:23:33.025+0200] {dagbag.py:545} INFO - Filling up the DagBag from /home/malte/try_rag/.venv/lib/python3.12/site-packages/airflow/example_dags/plugins/event_listener.py
[2026-04-01T22:23:33.033+0200] {processor.py:842} WARNING - No viable dags retrieved from /home/malte/try_rag/.venv/lib/python3.12/site-packages/airflow/example_dags/plugins/event_listener.py
[2026-04-01T22:23:33.072+0200] {processor.py:183} INFO - Processing /home/malte/try_rag/.venv/lib/python3.12/site-packages/airflow/example_dags/plugins/event_listener.py took 0.085 seconds
[2026-04-01T22:24:09.609+0200] {processor.py:161} INFO - Started process (PID=44078) to work on /home/malte/try_rag/.venv/lib/python3.12/site-packages/airflow/example_dags/plugins/event_listener.py
[2026-04-01T22:24:09.614+0200] {processor.py:830} INFO - Processing file /home/malte/try_rag/.venv/lib/python3.12/site-packages/airflow/example_dags/plugins/event_listener.py for tasks to queue
[2026-04-01T22:24:09.619+0200] {logging_mixin.py:188} INFO - [2026-04-01T22:24:09.617+0200] {dagbag.py:545} INFO - Filling up the DagBag from /home/malte/try_rag/.venv/lib/python3.12/site-packages/airflow/example_dags/plugins/event_listener.py
[2026-04-01T22:24:09.630+0200] {processor.py:842} WARNING - No viable dags retrieved from /home/malte/try_rag/.venv/lib/python3.12/site-packages/airflow/example_dags/plugins/event_listener.py
[2026-04-01T22:24:09.689+0200] {processor.py:183} INFO - Processing /home/malte/try_rag/.venv/lib/python3.12/site-packages/airflow/example_dags/plugins/event_listener.py took 0.104 seconds
[2026-04-01T22:24:44.982+0200] {processor.py:161} INFO - Started process (PID=44147) to work on /home/malte/try_rag/.venv/lib/python3.12/site-packages/airflow/example_dags/plugins/event_listener.py
[2026-04-01T22:24:44.988+0200] {processor.py:830} INFO - Processing file /home/malte/try_rag/.venv/lib/python3.12/site-packages/airflow/example_dags/plugins/event_listener.py for tasks to queue
[2026-04-01T22:24:44.991+0200] {logging_mixin.py:188} INFO - [2026-04-01T22:24:44.989+0200] {dagbag.py:545} INFO - Filling up the DagBag from /home/malte/try_rag/.venv/lib/python3.12/site-packages/airflow/example_dags/plugins/event_listener.py
[2026-04-01T22:24:45.000+0200] {processor.py:842} WARNING - No viable dags retrieved from /home/malte/try_rag/.venv/lib/python3.12/site-packages/airflow/example_dags/plugins/event_listener.py
[2026-04-01T22:24:45.034+0200] {processor.py:183} INFO - Processing /home/malte/try_rag/.venv/lib/python3.12/site-packages/airflow/example_dags/plugins/event_listener.py took 0.071 seconds
[2026-04-01T22:25:20.241+0200] {processor.py:161} INFO - Started process (PID=44220) to work on /home/malte/try_rag/.venv/lib/python3.12/site-packages/airflow/example_dags/plugins/event_listener.py
[2026-04-01T22:25:20.246+0200] {processor.py:830} INFO - Processing file /home/malte/try_rag/.venv/lib/python3.12/site-packages/airflow/example_dags/plugins/event_listener.py for tasks to queue
[2026-04-01T22:25:20.249+0200] {logging_mixin.py:188} INFO - [2026-04-01T22:25:20.247+0200] {dagbag.py:545} INFO - Filling up the DagBag from /home/malte/try_rag/.venv/lib/python3.12/site-packages/airflow/example_dags/plugins/event_listener.py
[2026-04-01T22:25:20.255+0200] {processor.py:842} WARNING - No viable dags retrieved from /home/malte/try_rag/.venv/lib/python3.12/site-packages/airflow/example_dags/plugins/event_listener.py
[2026-04-01T22:25:20.289+0200] {processor.py:183} INFO - Processing /home/malte/try_rag/.venv/lib/python3.12/site-packages/airflow/example_dags/plugins/event_listener.py took 0.066 seconds
[2026-04-01T22:29:31.904+0200] {processor.py:161} INFO - Started process (PID=45244) to work on /home/malte/try_rag/.venv/lib/python3.12/site-packages/airflow/example_dags/plugins/event_listener.py
[2026-04-01T22:29:31.911+0200] {processor.py:830} INFO - Processing file /home/malte/try_rag/.venv/lib/python3.12/site-packages/airflow/example_dags/plugins/event_listener.py for tasks to queue
[2026-04-01T22:29:31.915+0200] {logging_mixin.py:188} INFO - [2026-04-01T22:29:31.913+0200] {dagbag.py:545} INFO - Filling up the DagBag from /home/malte/try_rag/.venv/lib/python3.12/site-packages/airflow/example_dags/plugins/event_listener.py
[2026-04-01T22:29:31.925+0200] {processor.py:842} WARNING - No viable dags retrieved from /home/malte/try_rag/.venv/lib/python3.12/site-packages/airflow/example_dags/plugins/event_listener.py
[2026-04-01T22:29:31.973+0200] {processor.py:183} INFO - Processing /home/malte/try_rag/.venv/lib/python3.12/site-packages/airflow/example_dags/plugins/event_listener.py took 0.087 seconds
[2026-04-01T22:30:09.673+0200] {processor.py:161} INFO - Started process (PID=45555) to work on /home/malte/try_rag/.venv/lib/python3.12/site-packages/airflow/example_dags/plugins/event_listener.py
[2026-04-01T22:30:09.677+0200] {processor.py:830} INFO - Processing file /home/malte/try_rag/.venv/lib/python3.12/site-packages/airflow/example_dags/plugins/event_listener.py for tasks to queue
[2026-04-01T22:30:09.680+0200] {logging_mixin.py:188} INFO - [2026-04-01T22:30:09.678+0200] {dagbag.py:545} INFO - Filling up the DagBag from /home/malte/try_rag/.venv/lib/python3.12/site-packages/airflow/example_dags/plugins/event_listener.py
[2026-04-01T22:30:09.687+0200] {processor.py:842} WARNING - No viable dags retrieved from /home/malte/try_rag/.venv/lib/python3.12/site-packages/airflow/example_dags/plugins/event_listener.py
[2026-04-01T22:30:09.774+0200] {processor.py:183} INFO - Processing /home/malte/try_rag/.venv/lib/python3.12/site-packages/airflow/example_dags/plugins/event_listener.py took 0.119 seconds
[2026-04-01T22:31:24.820+0200] {processor.py:161} INFO - Started process (PID=45873) to work on /home/malte/try_rag/.venv/lib/python3.12/site-packages/airflow/example_dags/plugins/event_listener.py
[2026-04-01T22:31:24.825+0200] {processor.py:830} INFO - Processing file /home/malte/try_rag/.venv/lib/python3.12/site-packages/airflow/example_dags/plugins/event_listener.py for tasks to queue
[2026-04-01T22:31:24.827+0200] {logging_mixin.py:188} INFO - [2026-04-01T22:31:24.826+0200] {dagbag.py:545} INFO - Filling up the DagBag from /home/malte/try_rag/.venv/lib/python3.12/site-packages/airflow/example_dags/plugins/event_listener.py
[2026-04-01T22:31:24.833+0200] {processor.py:842} WARNING - No viable dags retrieved from /home/malte/try_rag/.venv/lib/python3.12/site-packages/airflow/example_dags/plugins/event_listener.py
[2026-04-01T22:31:24.867+0200] {processor.py:183} INFO - Processing /home/malte/try_rag/.venv/lib/python3.12/site-packages/airflow/example_dags/plugins/event_listener.py took 0.063 seconds
[2026-04-01T22:32:06.827+0200] {processor.py:161} INFO - Started process (PID=46017) to work on /home/malte/try_rag/.venv/lib/python3.12/site-packages/airflow/example_dags/plugins/event_listener.py
[2026-04-01T22:32:06.843+0200] {processor.py:830} INFO - Processing file /home/malte/try_rag/.venv/lib/python3.12/site-packages/airflow/example_dags/plugins/event_listener.py for tasks to queue
[2026-04-01T22:32:06.846+0200] {logging_mixin.py:188} INFO - [2026-04-01T22:32:06.845+0200] {dagbag.py:545} INFO - Filling up the DagBag from /home/malte/try_rag/.venv/lib/python3.12/site-packages/airflow/example_dags/plugins/event_listener.py
[2026-04-01T22:32:06.855+0200] {processor.py:842} WARNING - No viable dags retrieved from /home/malte/try_rag/.venv/lib/python3.12/site-packages/airflow/example_dags/plugins/event_listener.py
[2026-04-01T22:32:06.921+0200] {processor.py:183} INFO - Processing /home/malte/try_rag/.venv/lib/python3.12/site-packages/airflow/example_dags/plugins/event_listener.py took 0.112 seconds
[2026-04-01T22:33:19.517+0200] {processor.py:161} INFO - Started process (PID=46284) to work on /home/malte/try_rag/.venv/lib/python3.12/site-packages/airflow/example_dags/plugins/event_listener.py
[2026-04-01T22:33:19.520+0200] {processor.py:830} INFO - Processing file /home/malte/try_rag/.venv/lib/python3.12/site-packages/airflow/example_dags/plugins/event_listener.py for tasks to queue
[2026-04-01T22:33:19.522+0200] {logging_mixin.py:188} INFO - [2026-04-01T22:33:19.521+0200] {dagbag.py:545} INFO - Filling up the DagBag from /home/malte/try_rag/.venv/lib/python3.12/site-packages/airflow/example_dags/plugins/event_listener.py
[2026-04-01T22:33:19.529+0200] {processor.py:842} WARNING - No viable dags retrieved from /home/malte/try_rag/.venv/lib/python3.12/site-packages/airflow/example_dags/plugins/event_listener.py
[2026-04-01T22:33:19.558+0200] {processor.py:183} INFO - Processing /home/malte/try_rag/.venv/lib/python3.12/site-packages/airflow/example_dags/plugins/event_listener.py took 0.056 seconds
[2026-04-01T22:33:56.567+0200] {processor.py:161} INFO - Started process (PID=46357) to work on /home/malte/try_rag/.venv/lib/python3.12/site-packages/airflow/example_dags/plugins/event_listener.py
[2026-04-01T22:33:56.595+0200] {processor.py:830} INFO - Processing file /home/malte/try_rag/.venv/lib/python3.12/site-packages/airflow/example_dags/plugins/event_listener.py for tasks to queue
[2026-04-01T22:33:56.598+0200] {logging_mixin.py:188} INFO - [2026-04-01T22:33:56.596+0200] {dagbag.py:545} INFO - Filling up the DagBag from /home/malte/try_rag/.venv/lib/python3.12/site-packages/airflow/example_dags/plugins/event_listener.py
[2026-04-01T22:33:56.605+0200] {processor.py:842} WARNING - No viable dags retrieved from /home/malte/try_rag/.venv/lib/python3.12/site-packages/airflow/example_dags/plugins/event_listener.py
[2026-04-01T22:33:56.634+0200] {processor.py:183} INFO - Processing /home/malte/try_rag/.venv/lib/python3.12/site-packages/airflow/example_dags/plugins/event_listener.py took 0.083 seconds
[2026-04-01T22:35:05.055+0200] {processor.py:161} INFO - Started process (PID=46621) to work on /home/malte/try_rag/.venv/lib/python3.12/site-packages/airflow/example_dags/plugins/event_listener.py
[2026-04-01T22:35:05.058+0200] {processor.py:830} INFO - Processing file /home/malte/try_rag/.venv/lib/python3.12/site-packages/airflow/example_dags/plugins/event_listener.py for tasks to queue
[2026-04-01T22:35:05.061+0200] {logging_mixin.py:188} INFO - [2026-04-01T22:35:05.060+0200] {dagbag.py:545} INFO - Filling up the DagBag from /home/malte/try_rag/.venv/lib/python3.12/site-packages/airflow/example_dags/plugins/event_listener.py
[2026-04-01T22:35:05.068+0200] {processor.py:842} WARNING - No viable dags retrieved from /home/malte/try_rag/.venv/lib/python3.12/site-packages/airflow/example_dags/plugins/event_listener.py
[2026-04-01T22:35:05.101+0200] {processor.py:183} INFO - Processing /home/malte/try_rag/.venv/lib/python3.12/site-packages/airflow/example_dags/plugins/event_listener.py took 0.061 seconds
[2026-04-01T22:35:46.221+0200] {processor.py:161} INFO - Started process (PID=46757) to work on /home/malte/try_rag/.venv/lib/python3.12/site-packages/airflow/example_dags/plugins/event_listener.py
[2026-04-01T22:35:46.228+0200] {processor.py:830} INFO - Processing file /home/malte/try_rag/.venv/lib/python3.12/site-packages/airflow/example_dags/plugins/event_listener.py for tasks to queue
[2026-04-01T22:35:46.232+0200] {logging_mixin.py:188} INFO - [2026-04-01T22:35:46.230+0200] {dagbag.py:545} INFO - Filling up the DagBag from /home/malte/try_rag/.venv/lib/python3.12/site-packages/airflow/example_dags/plugins/event_listener.py
[2026-04-01T22:35:46.242+0200] {processor.py:842} WARNING - No viable dags retrieved from /home/malte/try_rag/.venv/lib/python3.12/site-packages/airflow/example_dags/plugins/event_listener.py
[2026-04-01T22:35:46.283+0200] {processor.py:183} INFO - Processing /home/malte/try_rag/.venv/lib/python3.12/site-packages/airflow/example_dags/plugins/event_listener.py took 0.083 seconds
[2026-04-01T22:36:27.916+0200] {processor.py:161} INFO - Started process (PID=46896) to work on /home/malte/try_rag/.venv/lib/python3.12/site-packages/airflow/example_dags/plugins/event_listener.py
[2026-04-01T22:36:27.922+0200] {processor.py:830} INFO - Processing file /home/malte/try_rag/.venv/lib/python3.12/site-packages/airflow/example_dags/plugins/event_listener.py for tasks to queue
[2026-04-01T22:36:27.924+0200] {logging_mixin.py:188} INFO - [2026-04-01T22:36:27.923+0200] {dagbag.py:545} INFO - Filling up the DagBag from /home/malte/try_rag/.venv/lib/python3.12/site-packages/airflow/example_dags/plugins/event_listener.py
[2026-04-01T22:36:27.934+0200] {processor.py:842} WARNING - No viable dags retrieved from /home/malte/try_rag/.venv/lib/python3.12/site-packages/airflow/example_dags/plugins/event_listener.py
[2026-04-01T22:36:27.981+0200] {processor.py:183} INFO - Processing /home/malte/try_rag/.venv/lib/python3.12/site-packages/airflow/example_dags/plugins/event_listener.py took 0.092 seconds
