[2026-04-01T22:13:41.610+0200] {processor.py:161} INFO - Started process (PID=42755) to work on /home/malte/try_rag/.venv/lib/python3.12/site-packages/airflow/example_dags/plugins/listener_plugin.py
[2026-04-01T22:13:41.613+0200] {processor.py:830} INFO - Processing file /home/malte/try_rag/.venv/lib/python3.12/site-packages/airflow/example_dags/plugins/listener_plugin.py for tasks to queue
[2026-04-01T22:13:41.615+0200] {logging_mixin.py:188} INFO - [2026-04-01T22:13:41.614+0200] {dagbag.py:545} INFO - Filling up the DagBag from /home/malte/try_rag/.venv/lib/python3.12/site-packages/airflow/example_dags/plugins/listener_plugin.py
[2026-04-01T22:13:41.627+0200] {processor.py:842} WARNING - No viable dags retrieved from /home/malte/try_rag/.venv/lib/python3.12/site-packages/airflow/example_dags/plugins/listener_plugin.py
[2026-04-01T22:13:41.664+0200] {processor.py:183} INFO - Processing /home/malte/try_rag/.venv/lib/python3.12/site-packages/airflow/example_dags/plugins/listener_plugin.py took 0.069 seconds
[2026-04-01T22:15:04.678+0200] {processor.py:161} INFO - Started process (PID=42952) to work on /home/malte/try_rag/.venv/lib/python3.12/site-packages/airflow/example_dags/plugins/listener_plugin.py
[2026-04-01T22:15:04.681+0200] {processor.py:830} INFO - Processing file /home/malte/try_rag/.venv/lib/python3.12/site-packages/airflow/example_dags/plugins/listener_plugin.py for tasks to queue
[2026-04-01T22:15:04.684+0200] {logging_mixin.py:188} INFO - [2026-04-01T22:15:04.683+0200] {dagbag.py:545} INFO - Filling up the DagBag from /home/malte/try_rag/.venv/lib/python3.12/site-packages/airflow/example_dags/plugins/listener_plugin.py
[2026-04-01T22:15:04.692+0200] {processor.py:842} WARNING - No viable dags retrieved from /home/malte/try_rag/.venv/lib/python3.12/site-packages/airflow/example_dags/plugins/listener_plugin.py
[2026-04-01T22:15:04.728+0200] {processor.py:183} INFO - Processing /home/malte/try_rag/.venv/lib/python3.12/site-packages/airflow/example_dags/plugins/listener_plugin.py took 0.067 seconds
[2026-04-01T22:15:46.344+0200] {processor.py:161} INFO - Started process (PID=43027) to work on /home/malte/try_rag/.venv/lib/python3.12/site-packages/airflow/example_dags/plugins/listener_plugin.py
[2026-04-01T22:15:46.349+0200] {processor.py:830} INFO - Processing file /home/malte/try_rag/.venv/lib/python3.12/site-packages/airflow/example_dags/plugins/listener_plugin.py for tasks to queue
[2026-04-01T22:15:46.352+0200] {logging_mixin.py:188} INFO - [2026-04-01T22:15:46.351+0200] {dagbag.py:545} INFO - Filling up the DagBag from /home/malte/try_rag/.venv/lib/python3.12/site-packages/airflow/example_dags/plugins/listener_plugin.py
[2026-04-01T22:15:46.363+0200] {processor.py:842} WARNING - No viable dags retrieved from /home/malte/try_rag/.venv/lib/python3.12/site-packages/airflow/example_dags/plugins/listener_plugin.py
[2026-04-01T22:15:46.402+0200] {processor.py:183} INFO - Processing /home/malte/try_rag/.venv/lib/python3.12/site-packages/airflow/example_dags/plugins/listener_plugin.py took 0.086 seconds
[2026-04-01T22:16:24.428+0200] {processor.py:161} INFO - Started process (PID=43109) to work on /home/malte/try_rag/.venv/lib/python3.12/site-packages/airflow/example_dags/plugins/listener_plugin.py
[2026-04-01T22:16:24.444+0200] {processor.py:830} INFO - Processing file /home/malte/try_rag/.venv/lib/python3.12/site-packages/airflow/example_dags/plugins/listener_plugin.py for tasks to queue
[2026-04-01T22:16:24.446+0200] {logging_mixin.py:188} INFO - [2026-04-01T22:16:24.445+0200] {dagbag.py:545} INFO - Filling up the DagBag from /home/malte/try_rag/.venv/lib/python3.12/site-packages/airflow/example_dags/plugins/listener_plugin.py
[2026-04-01T22:16:24.455+0200] {processor.py:842} WARNING - No viable dags retrieved from /home/malte/try_rag/.venv/lib/python3.12/site-packages/airflow/example_dags/plugins/listener_plugin.py
[2026-04-01T22:16:24.487+0200] {processor.py:183} INFO - Processing /home/malte/try_rag/.venv/lib/python3.12/site-packages/airflow/example_dags/plugins/listener_plugin.py took 0.076 seconds
[2026-04-01T22:17:02.145+0200] {processor.py:161} INFO - Started process (PID=43185) to work on /home/malte/try_rag/.venv/lib/python3.12/site-packages/airflow/example_dags/plugins/listener_plugin.py
[2026-04-01T22:17:02.148+0200] {processor.py:830} INFO - Processing file /home/malte/try_rag/.venv/lib/python3.12/site-packages/airflow/example_dags/plugins/listener_plugin.py for tasks to queue
[2026-04-01T22:17:02.151+0200] {logging_mixin.py:188} INFO - [2026-04-01T22:17:02.150+0200] {dagbag.py:545} INFO - Filling up the DagBag from /home/malte/try_rag/.venv/lib/python3.12/site-packages/airflow/example_dags/plugins/listener_plugin.py
[2026-04-01T22:17:02.159+0200] {processor.py:842} WARNING - No viable dags retrieved from /home/malte/try_rag/.venv/lib/python3.12/site-packages/airflow/example_dags/plugins/listener_plugin.py
[2026-04-01T22:17:02.187+0200] {processor.py:183} INFO - Processing /home/malte/try_rag/.venv/lib/python3.12/site-packages/airflow/example_dags/plugins/listener_plugin.py took 0.058 seconds
[2026-04-01T22:17:38.835+0200] {processor.py:161} INFO - Started process (PID=43257) to work on /home/malte/try_rag/.venv/lib/python3.12/site-packages/airflow/example_dags/plugins/listener_plugin.py
[2026-04-01T22:17:38.839+0200] {processor.py:830} INFO - Processing file /home/malte/try_rag/.venv/lib/python3.12/site-packages/airflow/example_dags/plugins/listener_plugin.py for tasks to queue
[2026-04-01T22:17:38.841+0200] {logging_mixin.py:188} INFO - [2026-04-01T22:17:38.840+0200] {dagbag.py:545} INFO - Filling up the DagBag from /home/malte/try_rag/.venv/lib/python3.12/site-packages/airflow/example_dags/plugins/listener_plugin.py
[2026-04-01T22:17:38.848+0200] {processor.py:842} WARNING - No viable dags retrieved from /home/malte/try_rag/.venv/lib/python3.12/site-packages/airflow/example_dags/plugins/listener_plugin.py
[2026-04-01T22:17:38.877+0200] {processor.py:183} INFO - Processing /home/malte/try_rag/.venv/lib/python3.12/site-packages/airflow/example_dags/plugins/listener_plugin.py took 0.059 seconds
[2026-04-01T22:18:16.114+0200] {processor.py:161} INFO - Started process (PID=43335) to work on /home/malte/try_rag/.venv/lib/python3.12/site-packages/airflow/example_dags/plugins/listener_plugin.py
[2026-04-01T22:18:16.119+0200] {processor.py:830} INFO - Processing file /home/malte/try_rag/.venv/lib/python3.12/site-packages/airflow/example_dags/plugins/listener_plugin.py for tasks to queue
[2026-04-01T22:18:16.122+0200] {logging_mixin.py:188} INFO - [2026-04-01T22:18:16.120+0200] {dagbag.py:545} INFO - Filling up the DagBag from /home/malte/try_rag/.venv/lib/python3.12/site-packages/airflow/example_dags/plugins/listener_plugin.py
[2026-04-01T22:18:16.131+0200] {processor.py:842} WARNING - No viable dags retrieved from /home/malte/try_rag/.venv/lib/python3.12/site-packages/airflow/example_dags/plugins/listener_plugin.py
[2026-04-01T22:18:16.169+0200] {processor.py:183} INFO - Processing /home/malte/try_rag/.venv/lib/python3.12/site-packages/airflow/example_dags/plugins/listener_plugin.py took 0.076 seconds
[2026-04-01T22:18:56.989+0200] {processor.py:161} INFO - Started process (PID=43435) to work on /home/malte/try_rag/.venv/lib/python3.12/site-packages/airflow/example_dags/plugins/listener_plugin.py
[2026-04-01T22:18:56.993+0200] {processor.py:830} INFO - Processing file /home/malte/try_rag/.venv/lib/python3.12/site-packages/airflow/example_dags/plugins/listener_plugin.py for tasks to queue
[2026-04-01T22:18:56.996+0200] {logging_mixin.py:188} INFO - [2026-04-01T22:18:56.995+0200] {dagbag.py:545} INFO - Filling up the DagBag from /home/malte/try_rag/.venv/lib/python3.12/site-packages/airflow/example_dags/plugins/listener_plugin.py
[2026-04-01T22:18:57.005+0200] {processor.py:842} WARNING - No viable dags retrieved from /home/malte/try_rag/.venv/lib/python3.12/site-packages/airflow/example_dags/plugins/listener_plugin.py
[2026-04-01T22:18:57.040+0200] {processor.py:183} INFO - Processing /home/malte/try_rag/.venv/lib/python3.12/site-packages/airflow/example_dags/plugins/listener_plugin.py took 0.070 seconds
[2026-04-01T22:19:45.458+0200] {processor.py:161} INFO - Started process (PID=43520) to work on /home/malte/try_rag/.venv/lib/python3.12/site-packages/airflow/example_dags/plugins/listener_plugin.py
[2026-04-01T22:19:45.474+0200] {processor.py:830} INFO - Processing file /home/malte/try_rag/.venv/lib/python3.12/site-packages/airflow/example_dags/plugins/listener_plugin.py for tasks to queue
[2026-04-01T22:19:45.479+0200] {logging_mixin.py:188} INFO - [2026-04-01T22:19:45.477+0200] {dagbag.py:545} INFO - Filling up the DagBag from /home/malte/try_rag/.venv/lib/python3.12/site-packages/airflow/example_dags/plugins/listener_plugin.py
[2026-04-01T22:19:45.489+0200] {processor.py:842} WARNING - No viable dags retrieved from /home/malte/try_rag/.venv/lib/python3.12/site-packages/airflow/example_dags/plugins/listener_plugin.py
[2026-04-01T22:19:45.537+0200] {processor.py:183} INFO - Processing /home/malte/try_rag/.venv/lib/python3.12/site-packages/airflow/example_dags/plugins/listener_plugin.py took 0.100 seconds
[2026-04-01T22:20:28.180+0200] {processor.py:161} INFO - Started process (PID=43607) to work on /home/malte/try_rag/.venv/lib/python3.12/site-packages/airflow/example_dags/plugins/listener_plugin.py
[2026-04-01T22:20:28.184+0200] {processor.py:830} INFO - Processing file /home/malte/try_rag/.venv/lib/python3.12/site-packages/airflow/example_dags/plugins/listener_plugin.py for tasks to queue
[2026-04-01T22:20:28.187+0200] {logging_mixin.py:188} INFO - [2026-04-01T22:20:28.186+0200] {dagbag.py:545} INFO - Filling up the DagBag from /home/malte/try_rag/.venv/lib/python3.12/site-packages/airflow/example_dags/plugins/listener_plugin.py
[2026-04-01T22:20:28.196+0200] {processor.py:842} WARNING - No viable dags retrieved from /home/malte/try_rag/.venv/lib/python3.12/site-packages/airflow/example_dags/plugins/listener_plugin.py
[2026-04-01T22:20:28.234+0200] {processor.py:183} INFO - Processing /home/malte/try_rag/.venv/lib/python3.12/site-packages/airflow/example_dags/plugins/listener_plugin.py took 0.084 seconds
[2026-04-01T22:21:05.442+0200] {processor.py:161} INFO - Started process (PID=43680) to work on /home/malte/try_rag/.venv/lib/python3.12/site-packages/airflow/example_dags/plugins/listener_plugin.py
[2026-04-01T22:21:05.446+0200] {processor.py:830} INFO - Processing file /home/malte/try_rag/.venv/lib/python3.12/site-packages/airflow/example_dags/plugins/listener_plugin.py for tasks to queue
[2026-04-01T22:21:05.450+0200] {logging_mixin.py:188} INFO - [2026-04-01T22:21:05.448+0200] {dagbag.py:545} INFO - Filling up the DagBag from /home/malte/try_rag/.venv/lib/python3.12/site-packages/airflow/example_dags/plugins/listener_plugin.py
[2026-04-01T22:21:05.459+0200] {processor.py:842} WARNING - No viable dags retrieved from /home/malte/try_rag/.venv/lib/python3.12/site-packages/airflow/example_dags/plugins/listener_plugin.py
[2026-04-01T22:21:05.495+0200] {processor.py:183} INFO - Processing /home/malte/try_rag/.venv/lib/python3.12/site-packages/airflow/example_dags/plugins/listener_plugin.py took 0.073 seconds
[2026-04-01T22:21:41.669+0200] {processor.py:161} INFO - Started process (PID=43752) to work on /home/malte/try_rag/.venv/lib/python3.12/site-packages/airflow/example_dags/plugins/listener_plugin.py
[2026-04-01T22:21:41.673+0200] {processor.py:830} INFO - Processing file /home/malte/try_rag/.venv/lib/python3.12/site-packages/airflow/example_dags/plugins/listener_plugin.py for tasks to queue
[2026-04-01T22:21:41.677+0200] {logging_mixin.py:188} INFO - [2026-04-01T22:21:41.675+0200] {dagbag.py:545} INFO - Filling up the DagBag from /home/malte/try_rag/.venv/lib/python3.12/site-packages/airflow/example_dags/plugins/listener_plugin.py
[2026-04-01T22:21:41.697+0200] {processor.py:842} WARNING - No viable dags retrieved from /home/malte/try_rag/.venv/lib/python3.12/site-packages/airflow/example_dags/plugins/listener_plugin.py
[2026-04-01T22:21:41.766+0200] {processor.py:183} INFO - Processing /home/malte/try_rag/.venv/lib/python3.12/site-packages/airflow/example_dags/plugins/listener_plugin.py took 0.127 seconds
[2026-04-01T22:22:18.538+0200] {processor.py:161} INFO - Started process (PID=43829) to work on /home/malte/try_rag/.venv/lib/python3.12/site-packages/airflow/example_dags/plugins/listener_plugin.py
[2026-04-01T22:22:18.554+0200] {processor.py:830} INFO - Processing file /home/malte/try_rag/.venv/lib/python3.12/site-packages/airflow/example_dags/plugins/listener_plugin.py for tasks to queue
[2026-04-01T22:22:18.557+0200] {logging_mixin.py:188} INFO - [2026-04-01T22:22:18.556+0200] {dagbag.py:545} INFO - Filling up the DagBag from /home/malte/try_rag/.venv/lib/python3.12/site-packages/airflow/example_dags/plugins/listener_plugin.py
[2026-04-01T22:22:18.581+0200] {processor.py:842} WARNING - No viable dags retrieved from /home/malte/try_rag/.venv/lib/python3.12/site-packages/airflow/example_dags/plugins/listener_plugin.py
[2026-04-01T22:22:18.628+0200] {processor.py:183} INFO - Processing /home/malte/try_rag/.venv/lib/python3.12/site-packages/airflow/example_dags/plugins/listener_plugin.py took 0.118 seconds
[2026-04-01T22:22:54.815+0200] {processor.py:161} INFO - Started process (PID=43899) to work on /home/malte/try_rag/.venv/lib/python3.12/site-packages/airflow/example_dags/plugins/listener_plugin.py
[2026-04-01T22:22:54.830+0200] {processor.py:830} INFO - Processing file /home/malte/try_rag/.venv/lib/python3.12/site-packages/airflow/example_dags/plugins/listener_plugin.py for tasks to queue
[2026-04-01T22:22:54.833+0200] {logging_mixin.py:188} INFO - [2026-04-01T22:22:54.832+0200] {dagbag.py:545} INFO - Filling up the DagBag from /home/malte/try_rag/.venv/lib/python3.12/site-packages/airflow/example_dags/plugins/listener_plugin.py
[2026-04-01T22:22:54.845+0200] {processor.py:842} WARNING - No viable dags retrieved from /home/malte/try_rag/.venv/lib/python3.12/site-packages/airflow/example_dags/plugins/listener_plugin.py
[2026-04-01T22:22:54.885+0200] {processor.py:183} INFO - Processing /home/malte/try_rag/.venv/lib/python3.12/site-packages/airflow/example_dags/plugins/listener_plugin.py took 0.091 seconds
[2026-04-01T22:23:31.771+0200] {processor.py:161} INFO - Started process (PID=43972) to work on /home/malte/try_rag/.venv/lib/python3.12/site-packages/airflow/example_dags/plugins/listener_plugin.py
[2026-04-01T22:23:31.785+0200] {processor.py:830} INFO - Processing file /home/malte/try_rag/.venv/lib/python3.12/site-packages/airflow/example_dags/plugins/listener_plugin.py for tasks to queue
[2026-04-01T22:23:31.788+0200] {logging_mixin.py:188} INFO - [2026-04-01T22:23:31.786+0200] {dagbag.py:545} INFO - Filling up the DagBag from /home/malte/try_rag/.venv/lib/python3.12/site-packages/airflow/example_dags/plugins/listener_plugin.py
[2026-04-01T22:23:31.796+0200] {processor.py:842} WARNING - No viable dags retrieved from /home/malte/try_rag/.venv/lib/python3.12/site-packages/airflow/example_dags/plugins/listener_plugin.py
[2026-04-01T22:23:31.831+0200] {processor.py:183} INFO - Processing /home/malte/try_rag/.venv/lib/python3.12/site-packages/airflow/example_dags/plugins/listener_plugin.py took 0.078 seconds
[2026-04-01T22:24:08.650+0200] {processor.py:161} INFO - Started process (PID=44074) to work on /home/malte/try_rag/.venv/lib/python3.12/site-packages/airflow/example_dags/plugins/listener_plugin.py
[2026-04-01T22:24:08.664+0200] {processor.py:830} INFO - Processing file /home/malte/try_rag/.venv/lib/python3.12/site-packages/airflow/example_dags/plugins/listener_plugin.py for tasks to queue
[2026-04-01T22:24:08.667+0200] {logging_mixin.py:188} INFO - [2026-04-01T22:24:08.665+0200] {dagbag.py:545} INFO - Filling up the DagBag from /home/malte/try_rag/.venv/lib/python3.12/site-packages/airflow/example_dags/plugins/listener_plugin.py
[2026-04-01T22:24:08.676+0200] {processor.py:842} WARNING - No viable dags retrieved from /home/malte/try_rag/.venv/lib/python3.12/site-packages/airflow/example_dags/plugins/listener_plugin.py
[2026-04-01T22:24:08.706+0200] {processor.py:183} INFO - Processing /home/malte/try_rag/.venv/lib/python3.12/site-packages/airflow/example_dags/plugins/listener_plugin.py took 0.075 seconds
[2026-04-01T22:24:43.782+0200] {processor.py:161} INFO - Started process (PID=44146) to work on /home/malte/try_rag/.venv/lib/python3.12/site-packages/airflow/example_dags/plugins/listener_plugin.py
[2026-04-01T22:24:43.786+0200] {processor.py:830} INFO - Processing file /home/malte/try_rag/.venv/lib/python3.12/site-packages/airflow/example_dags/plugins/listener_plugin.py for tasks to queue
[2026-04-01T22:24:43.789+0200] {logging_mixin.py:188} INFO - [2026-04-01T22:24:43.788+0200] {dagbag.py:545} INFO - Filling up the DagBag from /home/malte/try_rag/.venv/lib/python3.12/site-packages/airflow/example_dags/plugins/listener_plugin.py
[2026-04-01T22:24:43.801+0200] {processor.py:842} WARNING - No viable dags retrieved from /home/malte/try_rag/.venv/lib/python3.12/site-packages/airflow/example_dags/plugins/listener_plugin.py
[2026-04-01T22:24:43.835+0200] {processor.py:183} INFO - Processing /home/malte/try_rag/.venv/lib/python3.12/site-packages/airflow/example_dags/plugins/listener_plugin.py took 0.074 seconds
[2026-04-01T22:25:19.659+0200] {processor.py:161} INFO - Started process (PID=44219) to work on /home/malte/try_rag/.venv/lib/python3.12/site-packages/airflow/example_dags/plugins/listener_plugin.py
[2026-04-01T22:25:19.663+0200] {processor.py:830} INFO - Processing file /home/malte/try_rag/.venv/lib/python3.12/site-packages/airflow/example_dags/plugins/listener_plugin.py for tasks to queue
[2026-04-01T22:25:19.666+0200] {logging_mixin.py:188} INFO - [2026-04-01T22:25:19.665+0200] {dagbag.py:545} INFO - Filling up the DagBag from /home/malte/try_rag/.venv/lib/python3.12/site-packages/airflow/example_dags/plugins/listener_plugin.py
[2026-04-01T22:25:19.674+0200] {processor.py:842} WARNING - No viable dags retrieved from /home/malte/try_rag/.venv/lib/python3.12/site-packages/airflow/example_dags/plugins/listener_plugin.py
[2026-04-01T22:25:19.708+0200] {processor.py:183} INFO - Processing /home/malte/try_rag/.venv/lib/python3.12/site-packages/airflow/example_dags/plugins/listener_plugin.py took 0.068 seconds
[2026-04-01T22:29:30.697+0200] {processor.py:161} INFO - Started process (PID=45243) to work on /home/malte/try_rag/.venv/lib/python3.12/site-packages/airflow/example_dags/plugins/listener_plugin.py
[2026-04-01T22:29:30.700+0200] {processor.py:830} INFO - Processing file /home/malte/try_rag/.venv/lib/python3.12/site-packages/airflow/example_dags/plugins/listener_plugin.py for tasks to queue
[2026-04-01T22:29:30.702+0200] {logging_mixin.py:188} INFO - [2026-04-01T22:29:30.701+0200] {dagbag.py:545} INFO - Filling up the DagBag from /home/malte/try_rag/.venv/lib/python3.12/site-packages/airflow/example_dags/plugins/listener_plugin.py
[2026-04-01T22:29:30.709+0200] {processor.py:842} WARNING - No viable dags retrieved from /home/malte/try_rag/.venv/lib/python3.12/site-packages/airflow/example_dags/plugins/listener_plugin.py
[2026-04-01T22:29:30.736+0200] {processor.py:183} INFO - Processing /home/malte/try_rag/.venv/lib/python3.12/site-packages/airflow/example_dags/plugins/listener_plugin.py took 0.054 seconds
[2026-04-01T22:30:08.390+0200] {processor.py:161} INFO - Started process (PID=45512) to work on /home/malte/try_rag/.venv/lib/python3.12/site-packages/airflow/example_dags/plugins/listener_plugin.py
[2026-04-01T22:30:08.393+0200] {processor.py:830} INFO - Processing file /home/malte/try_rag/.venv/lib/python3.12/site-packages/airflow/example_dags/plugins/listener_plugin.py for tasks to queue
[2026-04-01T22:30:08.397+0200] {logging_mixin.py:188} INFO - [2026-04-01T22:30:08.396+0200] {dagbag.py:545} INFO - Filling up the DagBag from /home/malte/try_rag/.venv/lib/python3.12/site-packages/airflow/example_dags/plugins/listener_plugin.py
[2026-04-01T22:30:08.441+0200] {processor.py:842} WARNING - No viable dags retrieved from /home/malte/try_rag/.venv/lib/python3.12/site-packages/airflow/example_dags/plugins/listener_plugin.py
[2026-04-01T22:30:08.470+0200] {processor.py:183} INFO - Processing /home/malte/try_rag/.venv/lib/python3.12/site-packages/airflow/example_dags/plugins/listener_plugin.py took 0.105 seconds
[2026-04-01T22:31:23.615+0200] {processor.py:161} INFO - Started process (PID=45872) to work on /home/malte/try_rag/.venv/lib/python3.12/site-packages/airflow/example_dags/plugins/listener_plugin.py
[2026-04-01T22:31:23.620+0200] {processor.py:830} INFO - Processing file /home/malte/try_rag/.venv/lib/python3.12/site-packages/airflow/example_dags/plugins/listener_plugin.py for tasks to queue
[2026-04-01T22:31:23.623+0200] {logging_mixin.py:188} INFO - [2026-04-01T22:31:23.621+0200] {dagbag.py:545} INFO - Filling up the DagBag from /home/malte/try_rag/.venv/lib/python3.12/site-packages/airflow/example_dags/plugins/listener_plugin.py
[2026-04-01T22:31:23.635+0200] {processor.py:842} WARNING - No viable dags retrieved from /home/malte/try_rag/.venv/lib/python3.12/site-packages/airflow/example_dags/plugins/listener_plugin.py
[2026-04-01T22:31:23.673+0200] {processor.py:183} INFO - Processing /home/malte/try_rag/.venv/lib/python3.12/site-packages/airflow/example_dags/plugins/listener_plugin.py took 0.076 seconds
[2026-04-01T22:32:05.380+0200] {processor.py:161} INFO - Started process (PID=46016) to work on /home/malte/try_rag/.venv/lib/python3.12/site-packages/airflow/example_dags/plugins/listener_plugin.py
[2026-04-01T22:32:05.442+0200] {processor.py:830} INFO - Processing file /home/malte/try_rag/.venv/lib/python3.12/site-packages/airflow/example_dags/plugins/listener_plugin.py for tasks to queue
[2026-04-01T22:32:05.466+0200] {logging_mixin.py:188} INFO - [2026-04-01T22:32:05.454+0200] {dagbag.py:545} INFO - Filling up the DagBag from /home/malte/try_rag/.venv/lib/python3.12/site-packages/airflow/example_dags/plugins/listener_plugin.py
[2026-04-01T22:32:05.554+0200] {processor.py:842} WARNING - No viable dags retrieved from /home/malte/try_rag/.venv/lib/python3.12/site-packages/airflow/example_dags/plugins/listener_plugin.py
[2026-04-01T22:32:05.624+0200] {processor.py:183} INFO - Processing /home/malte/try_rag/.venv/lib/python3.12/site-packages/airflow/example_dags/plugins/listener_plugin.py took 0.346 seconds
[2026-04-01T22:32:40.673+0200] {processor.py:161} INFO - Started process (PID=46092) to work on /home/malte/try_rag/.venv/lib/python3.12/site-packages/airflow/example_dags/plugins/listener_plugin.py
[2026-04-01T22:32:40.676+0200] {processor.py:830} INFO - Processing file /home/malte/try_rag/.venv/lib/python3.12/site-packages/airflow/example_dags/plugins/listener_plugin.py for tasks to queue
[2026-04-01T22:32:40.678+0200] {logging_mixin.py:188} INFO - [2026-04-01T22:32:40.677+0200] {dagbag.py:545} INFO - Filling up the DagBag from /home/malte/try_rag/.venv/lib/python3.12/site-packages/airflow/example_dags/plugins/listener_plugin.py
[2026-04-01T22:32:40.687+0200] {processor.py:842} WARNING - No viable dags retrieved from /home/malte/try_rag/.venv/lib/python3.12/site-packages/airflow/example_dags/plugins/listener_plugin.py
[2026-04-01T22:32:40.728+0200] {processor.py:183} INFO - Processing /home/malte/try_rag/.venv/lib/python3.12/site-packages/airflow/example_dags/plugins/listener_plugin.py took 0.076 seconds
[2026-04-01T22:33:18.310+0200] {processor.py:161} INFO - Started process (PID=46283) to work on /home/malte/try_rag/.venv/lib/python3.12/site-packages/airflow/example_dags/plugins/listener_plugin.py
[2026-04-01T22:33:18.314+0200] {processor.py:830} INFO - Processing file /home/malte/try_rag/.venv/lib/python3.12/site-packages/airflow/example_dags/plugins/listener_plugin.py for tasks to queue
[2026-04-01T22:33:18.317+0200] {logging_mixin.py:188} INFO - [2026-04-01T22:33:18.315+0200] {dagbag.py:545} INFO - Filling up the DagBag from /home/malte/try_rag/.venv/lib/python3.12/site-packages/airflow/example_dags/plugins/listener_plugin.py
[2026-04-01T22:33:18.324+0200] {processor.py:842} WARNING - No viable dags retrieved from /home/malte/try_rag/.venv/lib/python3.12/site-packages/airflow/example_dags/plugins/listener_plugin.py
[2026-04-01T22:33:18.357+0200] {processor.py:183} INFO - Processing /home/malte/try_rag/.venv/lib/python3.12/site-packages/airflow/example_dags/plugins/listener_plugin.py took 0.063 seconds
[2026-04-01T22:33:55.280+0200] {processor.py:161} INFO - Started process (PID=46356) to work on /home/malte/try_rag/.venv/lib/python3.12/site-packages/airflow/example_dags/plugins/listener_plugin.py
[2026-04-01T22:33:55.284+0200] {processor.py:830} INFO - Processing file /home/malte/try_rag/.venv/lib/python3.12/site-packages/airflow/example_dags/plugins/listener_plugin.py for tasks to queue
[2026-04-01T22:33:55.286+0200] {logging_mixin.py:188} INFO - [2026-04-01T22:33:55.285+0200] {dagbag.py:545} INFO - Filling up the DagBag from /home/malte/try_rag/.venv/lib/python3.12/site-packages/airflow/example_dags/plugins/listener_plugin.py
[2026-04-01T22:33:55.295+0200] {processor.py:842} WARNING - No viable dags retrieved from /home/malte/try_rag/.venv/lib/python3.12/site-packages/airflow/example_dags/plugins/listener_plugin.py
[2026-04-01T22:33:55.379+0200] {processor.py:183} INFO - Processing /home/malte/try_rag/.venv/lib/python3.12/site-packages/airflow/example_dags/plugins/listener_plugin.py took 0.118 seconds
[2026-04-01T22:34:30.040+0200] {processor.py:161} INFO - Started process (PID=46485) to work on /home/malte/try_rag/.venv/lib/python3.12/site-packages/airflow/example_dags/plugins/listener_plugin.py
[2026-04-01T22:34:30.044+0200] {processor.py:830} INFO - Processing file /home/malte/try_rag/.venv/lib/python3.12/site-packages/airflow/example_dags/plugins/listener_plugin.py for tasks to queue
[2026-04-01T22:34:30.046+0200] {logging_mixin.py:188} INFO - [2026-04-01T22:34:30.045+0200] {dagbag.py:545} INFO - Filling up the DagBag from /home/malte/try_rag/.venv/lib/python3.12/site-packages/airflow/example_dags/plugins/listener_plugin.py
[2026-04-01T22:34:30.053+0200] {processor.py:842} WARNING - No viable dags retrieved from /home/malte/try_rag/.venv/lib/python3.12/site-packages/airflow/example_dags/plugins/listener_plugin.py
[2026-04-01T22:34:30.080+0200] {processor.py:183} INFO - Processing /home/malte/try_rag/.venv/lib/python3.12/site-packages/airflow/example_dags/plugins/listener_plugin.py took 0.056 seconds
[2026-04-01T22:35:03.877+0200] {processor.py:161} INFO - Started process (PID=46620) to work on /home/malte/try_rag/.venv/lib/python3.12/site-packages/airflow/example_dags/plugins/listener_plugin.py
[2026-04-01T22:35:03.880+0200] {processor.py:830} INFO - Processing file /home/malte/try_rag/.venv/lib/python3.12/site-packages/airflow/example_dags/plugins/listener_plugin.py for tasks to queue
[2026-04-01T22:35:03.883+0200] {logging_mixin.py:188} INFO - [2026-04-01T22:35:03.882+0200] {dagbag.py:545} INFO - Filling up the DagBag from /home/malte/try_rag/.venv/lib/python3.12/site-packages/airflow/example_dags/plugins/listener_plugin.py
[2026-04-01T22:35:03.891+0200] {processor.py:842} WARNING - No viable dags retrieved from /home/malte/try_rag/.venv/lib/python3.12/site-packages/airflow/example_dags/plugins/listener_plugin.py
[2026-04-01T22:35:03.921+0200] {processor.py:183} INFO - Processing /home/malte/try_rag/.venv/lib/python3.12/site-packages/airflow/example_dags/plugins/listener_plugin.py took 0.060 seconds
[2026-04-01T22:35:45.513+0200] {processor.py:161} INFO - Started process (PID=46756) to work on /home/malte/try_rag/.venv/lib/python3.12/site-packages/airflow/example_dags/plugins/listener_plugin.py
[2026-04-01T22:35:45.520+0200] {processor.py:830} INFO - Processing file /home/malte/try_rag/.venv/lib/python3.12/site-packages/airflow/example_dags/plugins/listener_plugin.py for tasks to queue
[2026-04-01T22:35:45.523+0200] {logging_mixin.py:188} INFO - [2026-04-01T22:35:45.522+0200] {dagbag.py:545} INFO - Filling up the DagBag from /home/malte/try_rag/.venv/lib/python3.12/site-packages/airflow/example_dags/plugins/listener_plugin.py
[2026-04-01T22:35:45.538+0200] {processor.py:842} WARNING - No viable dags retrieved from /home/malte/try_rag/.venv/lib/python3.12/site-packages/airflow/example_dags/plugins/listener_plugin.py
[2026-04-01T22:35:45.581+0200] {processor.py:183} INFO - Processing /home/malte/try_rag/.venv/lib/python3.12/site-packages/airflow/example_dags/plugins/listener_plugin.py took 0.087 seconds
[2026-04-01T22:36:26.624+0200] {processor.py:161} INFO - Started process (PID=46895) to work on /home/malte/try_rag/.venv/lib/python3.12/site-packages/airflow/example_dags/plugins/listener_plugin.py
[2026-04-01T22:36:26.639+0200] {processor.py:830} INFO - Processing file /home/malte/try_rag/.venv/lib/python3.12/site-packages/airflow/example_dags/plugins/listener_plugin.py for tasks to queue
[2026-04-01T22:36:26.642+0200] {logging_mixin.py:188} INFO - [2026-04-01T22:36:26.641+0200] {dagbag.py:545} INFO - Filling up the DagBag from /home/malte/try_rag/.venv/lib/python3.12/site-packages/airflow/example_dags/plugins/listener_plugin.py
[2026-04-01T22:36:26.653+0200] {processor.py:842} WARNING - No viable dags retrieved from /home/malte/try_rag/.venv/lib/python3.12/site-packages/airflow/example_dags/plugins/listener_plugin.py
[2026-04-01T22:36:26.687+0200] {processor.py:183} INFO - Processing /home/malte/try_rag/.venv/lib/python3.12/site-packages/airflow/example_dags/plugins/listener_plugin.py took 0.095 seconds
