[2026-04-01T22:13:38.265+0200] {processor.py:161} INFO - Started process (PID=42712) to work on /home/malte/try_rag/.venv/lib/python3.12/site-packages/airflow/example_dags/plugins/workday.py
[2026-04-01T22:13:38.268+0200] {processor.py:830} INFO - Processing file /home/malte/try_rag/.venv/lib/python3.12/site-packages/airflow/example_dags/plugins/workday.py for tasks to queue
[2026-04-01T22:13:38.270+0200] {logging_mixin.py:188} INFO - [2026-04-01T22:13:38.269+0200] {dagbag.py:545} INFO - Filling up the DagBag from /home/malte/try_rag/.venv/lib/python3.12/site-packages/airflow/example_dags/plugins/workday.py
[2026-04-01T22:13:40.531+0200] {processor.py:842} WARNING - No viable dags retrieved from /home/malte/try_rag/.venv/lib/python3.12/site-packages/airflow/example_dags/plugins/workday.py
[2026-04-01T22:13:40.556+0200] {processor.py:183} INFO - Processing /home/malte/try_rag/.venv/lib/python3.12/site-packages/airflow/example_dags/plugins/workday.py took 2.306 seconds
[2026-04-01T22:15:02.060+0200] {processor.py:161} INFO - Started process (PID=42932) to work on /home/malte/try_rag/.venv/lib/python3.12/site-packages/airflow/example_dags/plugins/workday.py
[2026-04-01T22:15:02.075+0200] {processor.py:830} INFO - Processing file /home/malte/try_rag/.venv/lib/python3.12/site-packages/airflow/example_dags/plugins/workday.py for tasks to queue
[2026-04-01T22:15:02.077+0200] {logging_mixin.py:188} INFO - [2026-04-01T22:15:02.076+0200] {dagbag.py:545} INFO - Filling up the DagBag from /home/malte/try_rag/.venv/lib/python3.12/site-packages/airflow/example_dags/plugins/workday.py
[2026-04-01T22:15:03.434+0200] {processor.py:842} WARNING - No viable dags retrieved from /home/malte/try_rag/.venv/lib/python3.12/site-packages/airflow/example_dags/plugins/workday.py
[2026-04-01T22:15:03.457+0200] {processor.py:183} INFO - Processing /home/malte/try_rag/.venv/lib/python3.12/site-packages/airflow/example_dags/plugins/workday.py took 1.416 seconds
[2026-04-01T22:15:43.698+0200] {processor.py:161} INFO - Started process (PID=43015) to work on /home/malte/try_rag/.venv/lib/python3.12/site-packages/airflow/example_dags/plugins/workday.py
[2026-04-01T22:15:43.701+0200] {processor.py:830} INFO - Processing file /home/malte/try_rag/.venv/lib/python3.12/site-packages/airflow/example_dags/plugins/workday.py for tasks to queue
[2026-04-01T22:15:43.704+0200] {logging_mixin.py:188} INFO - [2026-04-01T22:15:43.702+0200] {dagbag.py:545} INFO - Filling up the DagBag from /home/malte/try_rag/.venv/lib/python3.12/site-packages/airflow/example_dags/plugins/workday.py
[2026-04-01T22:15:45.112+0200] {processor.py:842} WARNING - No viable dags retrieved from /home/malte/try_rag/.venv/lib/python3.12/site-packages/airflow/example_dags/plugins/workday.py
[2026-04-01T22:15:45.137+0200] {processor.py:183} INFO - Processing /home/malte/try_rag/.venv/lib/python3.12/site-packages/airflow/example_dags/plugins/workday.py took 1.455 seconds
[2026-04-01T22:16:21.627+0200] {processor.py:161} INFO - Started process (PID=43091) to work on /home/malte/try_rag/.venv/lib/python3.12/site-packages/airflow/example_dags/plugins/workday.py
[2026-04-01T22:16:21.631+0200] {processor.py:830} INFO - Processing file /home/malte/try_rag/.venv/lib/python3.12/site-packages/airflow/example_dags/plugins/workday.py for tasks to queue
[2026-04-01T22:16:21.633+0200] {logging_mixin.py:188} INFO - [2026-04-01T22:16:21.632+0200] {dagbag.py:545} INFO - Filling up the DagBag from /home/malte/try_rag/.venv/lib/python3.12/site-packages/airflow/example_dags/plugins/workday.py
[2026-04-01T22:16:23.659+0200] {processor.py:842} WARNING - No viable dags retrieved from /home/malte/try_rag/.venv/lib/python3.12/site-packages/airflow/example_dags/plugins/workday.py
[2026-04-01T22:16:23.694+0200] {processor.py:183} INFO - Processing /home/malte/try_rag/.venv/lib/python3.12/site-packages/airflow/example_dags/plugins/workday.py took 2.083 seconds
[2026-04-01T22:16:59.567+0200] {processor.py:161} INFO - Started process (PID=43164) to work on /home/malte/try_rag/.venv/lib/python3.12/site-packages/airflow/example_dags/plugins/workday.py
[2026-04-01T22:16:59.571+0200] {processor.py:830} INFO - Processing file /home/malte/try_rag/.venv/lib/python3.12/site-packages/airflow/example_dags/plugins/workday.py for tasks to queue
[2026-04-01T22:16:59.574+0200] {logging_mixin.py:188} INFO - [2026-04-01T22:16:59.573+0200] {dagbag.py:545} INFO - Filling up the DagBag from /home/malte/try_rag/.venv/lib/python3.12/site-packages/airflow/example_dags/plugins/workday.py
[2026-04-01T22:17:01.042+0200] {processor.py:842} WARNING - No viable dags retrieved from /home/malte/try_rag/.venv/lib/python3.12/site-packages/airflow/example_dags/plugins/workday.py
[2026-04-01T22:17:01.064+0200] {processor.py:183} INFO - Processing /home/malte/try_rag/.venv/lib/python3.12/site-packages/airflow/example_dags/plugins/workday.py took 1.522 seconds
[2026-04-01T22:17:37.006+0200] {processor.py:161} INFO - Started process (PID=43245) to work on /home/malte/try_rag/.venv/lib/python3.12/site-packages/airflow/example_dags/plugins/workday.py
[2026-04-01T22:17:37.021+0200] {processor.py:830} INFO - Processing file /home/malte/try_rag/.venv/lib/python3.12/site-packages/airflow/example_dags/plugins/workday.py for tasks to queue
[2026-04-01T22:17:37.024+0200] {logging_mixin.py:188} INFO - [2026-04-01T22:17:37.022+0200] {dagbag.py:545} INFO - Filling up the DagBag from /home/malte/try_rag/.venv/lib/python3.12/site-packages/airflow/example_dags/plugins/workday.py
[2026-04-01T22:17:38.532+0200] {processor.py:842} WARNING - No viable dags retrieved from /home/malte/try_rag/.venv/lib/python3.12/site-packages/airflow/example_dags/plugins/workday.py
[2026-04-01T22:17:38.558+0200] {processor.py:183} INFO - Processing /home/malte/try_rag/.venv/lib/python3.12/site-packages/airflow/example_dags/plugins/workday.py took 1.570 seconds
[2026-04-01T22:18:13.602+0200] {processor.py:161} INFO - Started process (PID=43323) to work on /home/malte/try_rag/.venv/lib/python3.12/site-packages/airflow/example_dags/plugins/workday.py
[2026-04-01T22:18:13.617+0200] {processor.py:830} INFO - Processing file /home/malte/try_rag/.venv/lib/python3.12/site-packages/airflow/example_dags/plugins/workday.py for tasks to queue
[2026-04-01T22:18:13.620+0200] {logging_mixin.py:188} INFO - [2026-04-01T22:18:13.619+0200] {dagbag.py:545} INFO - Filling up the DagBag from /home/malte/try_rag/.venv/lib/python3.12/site-packages/airflow/example_dags/plugins/workday.py
[2026-04-01T22:18:14.879+0200] {processor.py:842} WARNING - No viable dags retrieved from /home/malte/try_rag/.venv/lib/python3.12/site-packages/airflow/example_dags/plugins/workday.py
[2026-04-01T22:18:14.900+0200] {processor.py:183} INFO - Processing /home/malte/try_rag/.venv/lib/python3.12/site-packages/airflow/example_dags/plugins/workday.py took 1.315 seconds
[2026-04-01T22:18:54.276+0200] {processor.py:161} INFO - Started process (PID=43420) to work on /home/malte/try_rag/.venv/lib/python3.12/site-packages/airflow/example_dags/plugins/workday.py
[2026-04-01T22:18:54.293+0200] {processor.py:830} INFO - Processing file /home/malte/try_rag/.venv/lib/python3.12/site-packages/airflow/example_dags/plugins/workday.py for tasks to queue
[2026-04-01T22:18:54.297+0200] {logging_mixin.py:188} INFO - [2026-04-01T22:18:54.295+0200] {dagbag.py:545} INFO - Filling up the DagBag from /home/malte/try_rag/.venv/lib/python3.12/site-packages/airflow/example_dags/plugins/workday.py
[2026-04-01T22:18:55.740+0200] {processor.py:842} WARNING - No viable dags retrieved from /home/malte/try_rag/.venv/lib/python3.12/site-packages/airflow/example_dags/plugins/workday.py
[2026-04-01T22:18:55.760+0200] {processor.py:183} INFO - Processing /home/malte/try_rag/.venv/lib/python3.12/site-packages/airflow/example_dags/plugins/workday.py took 1.505 seconds
[2026-04-01T22:19:43.941+0200] {processor.py:161} INFO - Started process (PID=43508) to work on /home/malte/try_rag/.venv/lib/python3.12/site-packages/airflow/example_dags/plugins/workday.py
[2026-04-01T22:19:43.946+0200] {processor.py:830} INFO - Processing file /home/malte/try_rag/.venv/lib/python3.12/site-packages/airflow/example_dags/plugins/workday.py for tasks to queue
[2026-04-01T22:19:43.949+0200] {logging_mixin.py:188} INFO - [2026-04-01T22:19:43.948+0200] {dagbag.py:545} INFO - Filling up the DagBag from /home/malte/try_rag/.venv/lib/python3.12/site-packages/airflow/example_dags/plugins/workday.py
[2026-04-01T22:19:44.977+0200] {processor.py:842} WARNING - No viable dags retrieved from /home/malte/try_rag/.venv/lib/python3.12/site-packages/airflow/example_dags/plugins/workday.py
[2026-04-01T22:19:45.026+0200] {processor.py:183} INFO - Processing /home/malte/try_rag/.venv/lib/python3.12/site-packages/airflow/example_dags/plugins/workday.py took 1.104 seconds
[2026-04-01T22:20:25.931+0200] {processor.py:161} INFO - Started process (PID=43595) to work on /home/malte/try_rag/.venv/lib/python3.12/site-packages/airflow/example_dags/plugins/workday.py
[2026-04-01T22:20:25.935+0200] {processor.py:830} INFO - Processing file /home/malte/try_rag/.venv/lib/python3.12/site-packages/airflow/example_dags/plugins/workday.py for tasks to queue
[2026-04-01T22:20:25.939+0200] {logging_mixin.py:188} INFO - [2026-04-01T22:20:25.937+0200] {dagbag.py:545} INFO - Filling up the DagBag from /home/malte/try_rag/.venv/lib/python3.12/site-packages/airflow/example_dags/plugins/workday.py
[2026-04-01T22:20:26.942+0200] {processor.py:842} WARNING - No viable dags retrieved from /home/malte/try_rag/.venv/lib/python3.12/site-packages/airflow/example_dags/plugins/workday.py
[2026-04-01T22:20:26.987+0200] {processor.py:183} INFO - Processing /home/malte/try_rag/.venv/lib/python3.12/site-packages/airflow/example_dags/plugins/workday.py took 1.076 seconds
[2026-04-01T22:21:03.248+0200] {processor.py:161} INFO - Started process (PID=43668) to work on /home/malte/try_rag/.venv/lib/python3.12/site-packages/airflow/example_dags/plugins/workday.py
[2026-04-01T22:21:03.264+0200] {processor.py:830} INFO - Processing file /home/malte/try_rag/.venv/lib/python3.12/site-packages/airflow/example_dags/plugins/workday.py for tasks to queue
[2026-04-01T22:21:03.268+0200] {logging_mixin.py:188} INFO - [2026-04-01T22:21:03.266+0200] {dagbag.py:545} INFO - Filling up the DagBag from /home/malte/try_rag/.venv/lib/python3.12/site-packages/airflow/example_dags/plugins/workday.py
[2026-04-01T22:21:04.192+0200] {processor.py:842} WARNING - No viable dags retrieved from /home/malte/try_rag/.venv/lib/python3.12/site-packages/airflow/example_dags/plugins/workday.py
[2026-04-01T22:21:04.233+0200] {processor.py:183} INFO - Processing /home/malte/try_rag/.venv/lib/python3.12/site-packages/airflow/example_dags/plugins/workday.py took 1.006 seconds
[2026-04-01T22:21:39.451+0200] {processor.py:161} INFO - Started process (PID=43740) to work on /home/malte/try_rag/.venv/lib/python3.12/site-packages/airflow/example_dags/plugins/workday.py
[2026-04-01T22:21:39.465+0200] {processor.py:830} INFO - Processing file /home/malte/try_rag/.venv/lib/python3.12/site-packages/airflow/example_dags/plugins/workday.py for tasks to queue
[2026-04-01T22:21:39.468+0200] {logging_mixin.py:188} INFO - [2026-04-01T22:21:39.466+0200] {dagbag.py:545} INFO - Filling up the DagBag from /home/malte/try_rag/.venv/lib/python3.12/site-packages/airflow/example_dags/plugins/workday.py
[2026-04-01T22:21:40.438+0200] {processor.py:842} WARNING - No viable dags retrieved from /home/malte/try_rag/.venv/lib/python3.12/site-packages/airflow/example_dags/plugins/workday.py
[2026-04-01T22:21:40.478+0200] {processor.py:183} INFO - Processing /home/malte/try_rag/.venv/lib/python3.12/site-packages/airflow/example_dags/plugins/workday.py took 1.045 seconds
[2026-04-01T22:22:16.262+0200] {processor.py:161} INFO - Started process (PID=43817) to work on /home/malte/try_rag/.venv/lib/python3.12/site-packages/airflow/example_dags/plugins/workday.py
[2026-04-01T22:22:16.277+0200] {processor.py:830} INFO - Processing file /home/malte/try_rag/.venv/lib/python3.12/site-packages/airflow/example_dags/plugins/workday.py for tasks to queue
[2026-04-01T22:22:16.280+0200] {logging_mixin.py:188} INFO - [2026-04-01T22:22:16.279+0200] {dagbag.py:545} INFO - Filling up the DagBag from /home/malte/try_rag/.venv/lib/python3.12/site-packages/airflow/example_dags/plugins/workday.py
[2026-04-01T22:22:17.278+0200] {processor.py:842} WARNING - No viable dags retrieved from /home/malte/try_rag/.venv/lib/python3.12/site-packages/airflow/example_dags/plugins/workday.py
[2026-04-01T22:22:17.322+0200] {processor.py:183} INFO - Processing /home/malte/try_rag/.venv/lib/python3.12/site-packages/airflow/example_dags/plugins/workday.py took 1.079 seconds
[2026-04-01T22:22:52.750+0200] {processor.py:161} INFO - Started process (PID=43887) to work on /home/malte/try_rag/.venv/lib/python3.12/site-packages/airflow/example_dags/plugins/workday.py
[2026-04-01T22:22:52.754+0200] {processor.py:830} INFO - Processing file /home/malte/try_rag/.venv/lib/python3.12/site-packages/airflow/example_dags/plugins/workday.py for tasks to queue
[2026-04-01T22:22:52.758+0200] {logging_mixin.py:188} INFO - [2026-04-01T22:22:52.756+0200] {dagbag.py:545} INFO - Filling up the DagBag from /home/malte/try_rag/.venv/lib/python3.12/site-packages/airflow/example_dags/plugins/workday.py
[2026-04-01T22:22:53.846+0200] {processor.py:842} WARNING - No viable dags retrieved from /home/malte/try_rag/.venv/lib/python3.12/site-packages/airflow/example_dags/plugins/workday.py
[2026-04-01T22:22:53.892+0200] {processor.py:183} INFO - Processing /home/malte/try_rag/.venv/lib/python3.12/site-packages/airflow/example_dags/plugins/workday.py took 1.162 seconds
[2026-04-01T22:23:30.270+0200] {processor.py:161} INFO - Started process (PID=43960) to work on /home/malte/try_rag/.venv/lib/python3.12/site-packages/airflow/example_dags/plugins/workday.py
[2026-04-01T22:23:30.285+0200] {processor.py:830} INFO - Processing file /home/malte/try_rag/.venv/lib/python3.12/site-packages/airflow/example_dags/plugins/workday.py for tasks to queue
[2026-04-01T22:23:30.287+0200] {logging_mixin.py:188} INFO - [2026-04-01T22:23:30.286+0200] {dagbag.py:545} INFO - Filling up the DagBag from /home/malte/try_rag/.venv/lib/python3.12/site-packages/airflow/example_dags/plugins/workday.py
[2026-04-01T22:23:31.273+0200] {processor.py:842} WARNING - No viable dags retrieved from /home/malte/try_rag/.venv/lib/python3.12/site-packages/airflow/example_dags/plugins/workday.py
[2026-04-01T22:23:31.318+0200] {processor.py:183} INFO - Processing /home/malte/try_rag/.venv/lib/python3.12/site-packages/airflow/example_dags/plugins/workday.py took 1.066 seconds
[2026-04-01T22:24:06.452+0200] {processor.py:161} INFO - Started process (PID=44060) to work on /home/malte/try_rag/.venv/lib/python3.12/site-packages/airflow/example_dags/plugins/workday.py
[2026-04-01T22:24:06.467+0200] {processor.py:830} INFO - Processing file /home/malte/try_rag/.venv/lib/python3.12/site-packages/airflow/example_dags/plugins/workday.py for tasks to queue
[2026-04-01T22:24:06.471+0200] {logging_mixin.py:188} INFO - [2026-04-01T22:24:06.469+0200] {dagbag.py:545} INFO - Filling up the DagBag from /home/malte/try_rag/.venv/lib/python3.12/site-packages/airflow/example_dags/plugins/workday.py
[2026-04-01T22:24:07.408+0200] {processor.py:842} WARNING - No viable dags retrieved from /home/malte/try_rag/.venv/lib/python3.12/site-packages/airflow/example_dags/plugins/workday.py
[2026-04-01T22:24:07.448+0200] {processor.py:183} INFO - Processing /home/malte/try_rag/.venv/lib/python3.12/site-packages/airflow/example_dags/plugins/workday.py took 1.016 seconds
[2026-04-01T22:24:41.419+0200] {processor.py:161} INFO - Started process (PID=44134) to work on /home/malte/try_rag/.venv/lib/python3.12/site-packages/airflow/example_dags/plugins/workday.py
[2026-04-01T22:24:41.425+0200] {processor.py:830} INFO - Processing file /home/malte/try_rag/.venv/lib/python3.12/site-packages/airflow/example_dags/plugins/workday.py for tasks to queue
[2026-04-01T22:24:41.428+0200] {logging_mixin.py:188} INFO - [2026-04-01T22:24:41.426+0200] {dagbag.py:545} INFO - Filling up the DagBag from /home/malte/try_rag/.venv/lib/python3.12/site-packages/airflow/example_dags/plugins/workday.py
[2026-04-01T22:24:42.543+0200] {processor.py:842} WARNING - No viable dags retrieved from /home/malte/try_rag/.venv/lib/python3.12/site-packages/airflow/example_dags/plugins/workday.py
[2026-04-01T22:24:42.586+0200] {processor.py:183} INFO - Processing /home/malte/try_rag/.venv/lib/python3.12/site-packages/airflow/example_dags/plugins/workday.py took 1.187 seconds
[2026-04-01T22:25:17.409+0200] {processor.py:161} INFO - Started process (PID=44207) to work on /home/malte/try_rag/.venv/lib/python3.12/site-packages/airflow/example_dags/plugins/workday.py
[2026-04-01T22:25:17.422+0200] {processor.py:830} INFO - Processing file /home/malte/try_rag/.venv/lib/python3.12/site-packages/airflow/example_dags/plugins/workday.py for tasks to queue
[2026-04-01T22:25:17.426+0200] {logging_mixin.py:188} INFO - [2026-04-01T22:25:17.424+0200] {dagbag.py:545} INFO - Filling up the DagBag from /home/malte/try_rag/.venv/lib/python3.12/site-packages/airflow/example_dags/plugins/workday.py
[2026-04-01T22:25:18.438+0200] {processor.py:842} WARNING - No viable dags retrieved from /home/malte/try_rag/.venv/lib/python3.12/site-packages/airflow/example_dags/plugins/workday.py
[2026-04-01T22:25:18.488+0200] {processor.py:183} INFO - Processing /home/malte/try_rag/.venv/lib/python3.12/site-packages/airflow/example_dags/plugins/workday.py took 1.102 seconds
[2026-04-01T22:29:27.339+0200] {processor.py:161} INFO - Started process (PID=45198) to work on /home/malte/try_rag/.venv/lib/python3.12/site-packages/airflow/example_dags/plugins/workday.py
[2026-04-01T22:29:27.348+0200] {processor.py:830} INFO - Processing file /home/malte/try_rag/.venv/lib/python3.12/site-packages/airflow/example_dags/plugins/workday.py for tasks to queue
[2026-04-01T22:29:27.352+0200] {logging_mixin.py:188} INFO - [2026-04-01T22:29:27.350+0200] {dagbag.py:545} INFO - Filling up the DagBag from /home/malte/try_rag/.venv/lib/python3.12/site-packages/airflow/example_dags/plugins/workday.py
[2026-04-01T22:29:29.490+0200] {processor.py:842} WARNING - No viable dags retrieved from /home/malte/try_rag/.venv/lib/python3.12/site-packages/airflow/example_dags/plugins/workday.py
[2026-04-01T22:29:29.510+0200] {processor.py:183} INFO - Processing /home/malte/try_rag/.venv/lib/python3.12/site-packages/airflow/example_dags/plugins/workday.py took 2.207 seconds
[2026-04-01T22:30:02.434+0200] {processor.py:161} INFO - Started process (PID=45435) to work on /home/malte/try_rag/.venv/lib/python3.12/site-packages/airflow/example_dags/plugins/workday.py
[2026-04-01T22:30:02.465+0200] {processor.py:830} INFO - Processing file /home/malte/try_rag/.venv/lib/python3.12/site-packages/airflow/example_dags/plugins/workday.py for tasks to queue
[2026-04-01T22:30:02.487+0200] {logging_mixin.py:188} INFO - [2026-04-01T22:30:02.476+0200] {dagbag.py:545} INFO - Filling up the DagBag from /home/malte/try_rag/.venv/lib/python3.12/site-packages/airflow/example_dags/plugins/workday.py
[2026-04-01T22:30:07.065+0200] {processor.py:842} WARNING - No viable dags retrieved from /home/malte/try_rag/.venv/lib/python3.12/site-packages/airflow/example_dags/plugins/workday.py
[2026-04-01T22:30:07.149+0200] {processor.py:183} INFO - Processing /home/malte/try_rag/.venv/lib/python3.12/site-packages/airflow/example_dags/plugins/workday.py took 4.855 seconds
[2026-04-01T22:31:18.833+0200] {processor.py:161} INFO - Started process (PID=45860) to work on /home/malte/try_rag/.venv/lib/python3.12/site-packages/airflow/example_dags/plugins/workday.py
[2026-04-01T22:31:18.836+0200] {processor.py:830} INFO - Processing file /home/malte/try_rag/.venv/lib/python3.12/site-packages/airflow/example_dags/plugins/workday.py for tasks to queue
[2026-04-01T22:31:18.839+0200] {logging_mixin.py:188} INFO - [2026-04-01T22:31:18.838+0200] {dagbag.py:545} INFO - Filling up the DagBag from /home/malte/try_rag/.venv/lib/python3.12/site-packages/airflow/example_dags/plugins/workday.py
[2026-04-01T22:31:22.502+0200] {processor.py:842} WARNING - No viable dags retrieved from /home/malte/try_rag/.venv/lib/python3.12/site-packages/airflow/example_dags/plugins/workday.py
[2026-04-01T22:31:22.565+0200] {processor.py:183} INFO - Processing /home/malte/try_rag/.venv/lib/python3.12/site-packages/airflow/example_dags/plugins/workday.py took 3.748 seconds
[2026-04-01T22:32:02.862+0200] {processor.py:161} INFO - Started process (PID=46004) to work on /home/malte/try_rag/.venv/lib/python3.12/site-packages/airflow/example_dags/plugins/workday.py
[2026-04-01T22:32:02.865+0200] {processor.py:830} INFO - Processing file /home/malte/try_rag/.venv/lib/python3.12/site-packages/airflow/example_dags/plugins/workday.py for tasks to queue
[2026-04-01T22:32:02.867+0200] {logging_mixin.py:188} INFO - [2026-04-01T22:32:02.866+0200] {dagbag.py:545} INFO - Filling up the DagBag from /home/malte/try_rag/.venv/lib/python3.12/site-packages/airflow/example_dags/plugins/workday.py
[2026-04-01T22:32:04.040+0200] {processor.py:842} WARNING - No viable dags retrieved from /home/malte/try_rag/.venv/lib/python3.12/site-packages/airflow/example_dags/plugins/workday.py
[2026-04-01T22:32:04.119+0200] {processor.py:183} INFO - Processing /home/malte/try_rag/.venv/lib/python3.12/site-packages/airflow/example_dags/plugins/workday.py took 1.272 seconds
[2026-04-01T22:32:38.000+0200] {processor.py:161} INFO - Started process (PID=46074) to work on /home/malte/try_rag/.venv/lib/python3.12/site-packages/airflow/example_dags/plugins/workday.py
[2026-04-01T22:32:38.014+0200] {processor.py:830} INFO - Processing file /home/malte/try_rag/.venv/lib/python3.12/site-packages/airflow/example_dags/plugins/workday.py for tasks to queue
[2026-04-01T22:32:38.017+0200] {logging_mixin.py:188} INFO - [2026-04-01T22:32:38.016+0200] {dagbag.py:545} INFO - Filling up the DagBag from /home/malte/try_rag/.venv/lib/python3.12/site-packages/airflow/example_dags/plugins/workday.py
[2026-04-01T22:32:39.364+0200] {processor.py:842} WARNING - No viable dags retrieved from /home/malte/try_rag/.venv/lib/python3.12/site-packages/airflow/example_dags/plugins/workday.py
[2026-04-01T22:32:39.385+0200] {processor.py:183} INFO - Processing /home/malte/try_rag/.venv/lib/python3.12/site-packages/airflow/example_dags/plugins/workday.py took 1.403 seconds
[2026-04-01T22:33:13.415+0200] {processor.py:161} INFO - Started process (PID=46265) to work on /home/malte/try_rag/.venv/lib/python3.12/site-packages/airflow/example_dags/plugins/workday.py
[2026-04-01T22:33:13.419+0200] {processor.py:830} INFO - Processing file /home/malte/try_rag/.venv/lib/python3.12/site-packages/airflow/example_dags/plugins/workday.py for tasks to queue
[2026-04-01T22:33:13.421+0200] {logging_mixin.py:188} INFO - [2026-04-01T22:33:13.420+0200] {dagbag.py:545} INFO - Filling up the DagBag from /home/malte/try_rag/.venv/lib/python3.12/site-packages/airflow/example_dags/plugins/workday.py
[2026-04-01T22:33:17.254+0200] {processor.py:842} WARNING - No viable dags retrieved from /home/malte/try_rag/.venv/lib/python3.12/site-packages/airflow/example_dags/plugins/workday.py
[2026-04-01T22:33:17.577+0200] {processor.py:183} INFO - Processing /home/malte/try_rag/.venv/lib/python3.12/site-packages/airflow/example_dags/plugins/workday.py took 4.180 seconds
[2026-04-01T22:33:52.902+0200] {processor.py:161} INFO - Started process (PID=46338) to work on /home/malte/try_rag/.venv/lib/python3.12/site-packages/airflow/example_dags/plugins/workday.py
[2026-04-01T22:33:52.905+0200] {processor.py:830} INFO - Processing file /home/malte/try_rag/.venv/lib/python3.12/site-packages/airflow/example_dags/plugins/workday.py for tasks to queue
[2026-04-01T22:33:52.907+0200] {logging_mixin.py:188} INFO - [2026-04-01T22:33:52.906+0200] {dagbag.py:545} INFO - Filling up the DagBag from /home/malte/try_rag/.venv/lib/python3.12/site-packages/airflow/example_dags/plugins/workday.py
[2026-04-01T22:33:54.276+0200] {processor.py:842} WARNING - No viable dags retrieved from /home/malte/try_rag/.venv/lib/python3.12/site-packages/airflow/example_dags/plugins/workday.py
[2026-04-01T22:33:54.322+0200] {processor.py:183} INFO - Processing /home/malte/try_rag/.venv/lib/python3.12/site-packages/airflow/example_dags/plugins/workday.py took 1.436 seconds
[2026-04-01T22:34:27.648+0200] {processor.py:161} INFO - Started process (PID=46473) to work on /home/malte/try_rag/.venv/lib/python3.12/site-packages/airflow/example_dags/plugins/workday.py
[2026-04-01T22:34:27.653+0200] {processor.py:830} INFO - Processing file /home/malte/try_rag/.venv/lib/python3.12/site-packages/airflow/example_dags/plugins/workday.py for tasks to queue
[2026-04-01T22:34:27.657+0200] {logging_mixin.py:188} INFO - [2026-04-01T22:34:27.656+0200] {dagbag.py:545} INFO - Filling up the DagBag from /home/malte/try_rag/.venv/lib/python3.12/site-packages/airflow/example_dags/plugins/workday.py
[2026-04-01T22:34:28.965+0200] {processor.py:842} WARNING - No viable dags retrieved from /home/malte/try_rag/.venv/lib/python3.12/site-packages/airflow/example_dags/plugins/workday.py
[2026-04-01T22:34:28.988+0200] {processor.py:183} INFO - Processing /home/malte/try_rag/.venv/lib/python3.12/site-packages/airflow/example_dags/plugins/workday.py took 1.357 seconds
[2026-04-01T22:35:01.483+0200] {processor.py:161} INFO - Started process (PID=46543) to work on /home/malte/try_rag/.venv/lib/python3.12/site-packages/airflow/example_dags/plugins/workday.py
[2026-04-01T22:35:01.487+0200] {processor.py:830} INFO - Processing file /home/malte/try_rag/.venv/lib/python3.12/site-packages/airflow/example_dags/plugins/workday.py for tasks to queue
[2026-04-01T22:35:01.490+0200] {logging_mixin.py:188} INFO - [2026-04-01T22:35:01.488+0200] {dagbag.py:545} INFO - Filling up the DagBag from /home/malte/try_rag/.venv/lib/python3.12/site-packages/airflow/example_dags/plugins/workday.py
[2026-04-01T22:35:02.639+0200] {processor.py:842} WARNING - No viable dags retrieved from /home/malte/try_rag/.venv/lib/python3.12/site-packages/airflow/example_dags/plugins/workday.py
[2026-04-01T22:35:02.662+0200] {processor.py:183} INFO - Processing /home/malte/try_rag/.venv/lib/python3.12/site-packages/airflow/example_dags/plugins/workday.py took 1.197 seconds
[2026-04-01T22:35:43.080+0200] {processor.py:161} INFO - Started process (PID=46738) to work on /home/malte/try_rag/.venv/lib/python3.12/site-packages/airflow/example_dags/plugins/workday.py
[2026-04-01T22:35:43.084+0200] {processor.py:830} INFO - Processing file /home/malte/try_rag/.venv/lib/python3.12/site-packages/airflow/example_dags/plugins/workday.py for tasks to queue
[2026-04-01T22:35:43.086+0200] {logging_mixin.py:188} INFO - [2026-04-01T22:35:43.085+0200] {dagbag.py:545} INFO - Filling up the DagBag from /home/malte/try_rag/.venv/lib/python3.12/site-packages/airflow/example_dags/plugins/workday.py
[2026-04-01T22:35:44.316+0200] {processor.py:842} WARNING - No viable dags retrieved from /home/malte/try_rag/.venv/lib/python3.12/site-packages/airflow/example_dags/plugins/workday.py
[2026-04-01T22:35:44.336+0200] {processor.py:183} INFO - Processing /home/malte/try_rag/.venv/lib/python3.12/site-packages/airflow/example_dags/plugins/workday.py took 1.275 seconds
[2026-04-01T22:36:24.740+0200] {processor.py:161} INFO - Started process (PID=46883) to work on /home/malte/try_rag/.venv/lib/python3.12/site-packages/airflow/example_dags/plugins/workday.py
[2026-04-01T22:36:24.743+0200] {processor.py:830} INFO - Processing file /home/malte/try_rag/.venv/lib/python3.12/site-packages/airflow/example_dags/plugins/workday.py for tasks to queue
[2026-04-01T22:36:24.747+0200] {logging_mixin.py:188} INFO - [2026-04-01T22:36:24.745+0200] {dagbag.py:545} INFO - Filling up the DagBag from /home/malte/try_rag/.venv/lib/python3.12/site-packages/airflow/example_dags/plugins/workday.py
[2026-04-01T22:36:25.688+0200] {processor.py:842} WARNING - No viable dags retrieved from /home/malte/try_rag/.venv/lib/python3.12/site-packages/airflow/example_dags/plugins/workday.py
[2026-04-01T22:36:25.731+0200] {processor.py:183} INFO - Processing /home/malte/try_rag/.venv/lib/python3.12/site-packages/airflow/example_dags/plugins/workday.py took 1.011 seconds
