[2026-04-01T22:14:30.408+0200] {processor.py:161} INFO - Started process (PID=42882) to work on /home/malte/try_rag/.venv/lib/python3.12/site-packages/airflow/example_dags/example_kubernetes_executor.py
[2026-04-01T22:14:30.411+0200] {processor.py:830} INFO - Processing file /home/malte/try_rag/.venv/lib/python3.12/site-packages/airflow/example_dags/example_kubernetes_executor.py for tasks to queue
[2026-04-01T22:14:30.414+0200] {logging_mixin.py:188} INFO - [2026-04-01T22:14:30.412+0200] {dagbag.py:545} INFO - Filling up the DagBag from /home/malte/try_rag/.venv/lib/python3.12/site-packages/airflow/example_dags/example_kubernetes_executor.py
[2026-04-01T22:14:30.429+0200] {logging_mixin.py:188} INFO - [2026-04-01T22:14:30.428+0200] {example_kubernetes_executor.py:39} WARNING - The example_kubernetes_executor example DAG requires the kubernetes provider. Please install it with: pip install apache-airflow[cncf.kubernetes]
[2026-04-01T22:14:30.429+0200] {processor.py:842} WARNING - No viable dags retrieved from /home/malte/try_rag/.venv/lib/python3.12/site-packages/airflow/example_dags/example_kubernetes_executor.py
[2026-04-01T22:14:30.461+0200] {processor.py:183} INFO - Processing /home/malte/try_rag/.venv/lib/python3.12/site-packages/airflow/example_dags/example_kubernetes_executor.py took 0.072 seconds
[2026-04-01T22:15:41.234+0200] {processor.py:161} INFO - Started process (PID=43013) to work on /home/malte/try_rag/.venv/lib/python3.12/site-packages/airflow/example_dags/example_kubernetes_executor.py
[2026-04-01T22:15:41.238+0200] {processor.py:830} INFO - Processing file /home/malte/try_rag/.venv/lib/python3.12/site-packages/airflow/example_dags/example_kubernetes_executor.py for tasks to queue
[2026-04-01T22:15:41.241+0200] {logging_mixin.py:188} INFO - [2026-04-01T22:15:41.239+0200] {dagbag.py:545} INFO - Filling up the DagBag from /home/malte/try_rag/.venv/lib/python3.12/site-packages/airflow/example_dags/example_kubernetes_executor.py
[2026-04-01T22:15:41.249+0200] {logging_mixin.py:188} INFO - [2026-04-01T22:15:41.249+0200] {example_kubernetes_executor.py:39} WARNING - The example_kubernetes_executor example DAG requires the kubernetes provider. Please install it with: pip install apache-airflow[cncf.kubernetes]
[2026-04-01T22:15:41.250+0200] {processor.py:842} WARNING - No viable dags retrieved from /home/malte/try_rag/.venv/lib/python3.12/site-packages/airflow/example_dags/example_kubernetes_executor.py
[2026-04-01T22:15:41.283+0200] {processor.py:183} INFO - Processing /home/malte/try_rag/.venv/lib/python3.12/site-packages/airflow/example_dags/example_kubernetes_executor.py took 0.073 seconds
[2026-04-01T22:16:57.159+0200] {processor.py:161} INFO - Started process (PID=43162) to work on /home/malte/try_rag/.venv/lib/python3.12/site-packages/airflow/example_dags/example_kubernetes_executor.py
[2026-04-01T22:16:57.163+0200] {processor.py:830} INFO - Processing file /home/malte/try_rag/.venv/lib/python3.12/site-packages/airflow/example_dags/example_kubernetes_executor.py for tasks to queue
[2026-04-01T22:16:57.165+0200] {logging_mixin.py:188} INFO - [2026-04-01T22:16:57.164+0200] {dagbag.py:545} INFO - Filling up the DagBag from /home/malte/try_rag/.venv/lib/python3.12/site-packages/airflow/example_dags/example_kubernetes_executor.py
[2026-04-01T22:16:57.173+0200] {logging_mixin.py:188} INFO - [2026-04-01T22:16:57.172+0200] {example_kubernetes_executor.py:39} WARNING - The example_kubernetes_executor example DAG requires the kubernetes provider. Please install it with: pip install apache-airflow[cncf.kubernetes]
[2026-04-01T22:16:57.173+0200] {processor.py:842} WARNING - No viable dags retrieved from /home/malte/try_rag/.venv/lib/python3.12/site-packages/airflow/example_dags/example_kubernetes_executor.py
[2026-04-01T22:16:57.210+0200] {processor.py:183} INFO - Processing /home/malte/try_rag/.venv/lib/python3.12/site-packages/airflow/example_dags/example_kubernetes_executor.py took 0.067 seconds
[2026-04-01T22:18:11.526+0200] {processor.py:161} INFO - Started process (PID=43313) to work on /home/malte/try_rag/.venv/lib/python3.12/site-packages/airflow/example_dags/example_kubernetes_executor.py
[2026-04-01T22:18:11.531+0200] {processor.py:830} INFO - Processing file /home/malte/try_rag/.venv/lib/python3.12/site-packages/airflow/example_dags/example_kubernetes_executor.py for tasks to queue
[2026-04-01T22:18:11.536+0200] {logging_mixin.py:188} INFO - [2026-04-01T22:18:11.533+0200] {dagbag.py:545} INFO - Filling up the DagBag from /home/malte/try_rag/.venv/lib/python3.12/site-packages/airflow/example_dags/example_kubernetes_executor.py
[2026-04-01T22:18:11.545+0200] {logging_mixin.py:188} INFO - [2026-04-01T22:18:11.545+0200] {example_kubernetes_executor.py:39} WARNING - The example_kubernetes_executor example DAG requires the kubernetes provider. Please install it with: pip install apache-airflow[cncf.kubernetes]
[2026-04-01T22:18:11.546+0200] {processor.py:842} WARNING - No viable dags retrieved from /home/malte/try_rag/.venv/lib/python3.12/site-packages/airflow/example_dags/example_kubernetes_executor.py
[2026-04-01T22:18:11.580+0200] {processor.py:183} INFO - Processing /home/malte/try_rag/.venv/lib/python3.12/site-packages/airflow/example_dags/example_kubernetes_executor.py took 0.073 seconds
[2026-04-01T22:19:41.466+0200] {processor.py:161} INFO - Started process (PID=43506) to work on /home/malte/try_rag/.venv/lib/python3.12/site-packages/airflow/example_dags/example_kubernetes_executor.py
[2026-04-01T22:19:41.482+0200] {processor.py:830} INFO - Processing file /home/malte/try_rag/.venv/lib/python3.12/site-packages/airflow/example_dags/example_kubernetes_executor.py for tasks to queue
[2026-04-01T22:19:41.485+0200] {logging_mixin.py:188} INFO - [2026-04-01T22:19:41.483+0200] {dagbag.py:545} INFO - Filling up the DagBag from /home/malte/try_rag/.venv/lib/python3.12/site-packages/airflow/example_dags/example_kubernetes_executor.py
[2026-04-01T22:19:41.498+0200] {logging_mixin.py:188} INFO - [2026-04-01T22:19:41.497+0200] {example_kubernetes_executor.py:39} WARNING - The example_kubernetes_executor example DAG requires the kubernetes provider. Please install it with: pip install apache-airflow[cncf.kubernetes]
[2026-04-01T22:19:41.499+0200] {processor.py:842} WARNING - No viable dags retrieved from /home/malte/try_rag/.venv/lib/python3.12/site-packages/airflow/example_dags/example_kubernetes_executor.py
[2026-04-01T22:19:41.546+0200] {processor.py:183} INFO - Processing /home/malte/try_rag/.venv/lib/python3.12/site-packages/airflow/example_dags/example_kubernetes_executor.py took 0.101 seconds
[2026-04-01T22:21:00.842+0200] {processor.py:161} INFO - Started process (PID=43664) to work on /home/malte/try_rag/.venv/lib/python3.12/site-packages/airflow/example_dags/example_kubernetes_executor.py
[2026-04-01T22:21:00.856+0200] {processor.py:830} INFO - Processing file /home/malte/try_rag/.venv/lib/python3.12/site-packages/airflow/example_dags/example_kubernetes_executor.py for tasks to queue
[2026-04-01T22:21:00.858+0200] {logging_mixin.py:188} INFO - [2026-04-01T22:21:00.857+0200] {dagbag.py:545} INFO - Filling up the DagBag from /home/malte/try_rag/.venv/lib/python3.12/site-packages/airflow/example_dags/example_kubernetes_executor.py
[2026-04-01T22:21:00.867+0200] {logging_mixin.py:188} INFO - [2026-04-01T22:21:00.866+0200] {example_kubernetes_executor.py:39} WARNING - The example_kubernetes_executor example DAG requires the kubernetes provider. Please install it with: pip install apache-airflow[cncf.kubernetes]
[2026-04-01T22:21:00.867+0200] {processor.py:842} WARNING - No viable dags retrieved from /home/malte/try_rag/.venv/lib/python3.12/site-packages/airflow/example_dags/example_kubernetes_executor.py
[2026-04-01T22:21:00.899+0200] {processor.py:183} INFO - Processing /home/malte/try_rag/.venv/lib/python3.12/site-packages/airflow/example_dags/example_kubernetes_executor.py took 0.075 seconds
[2026-04-01T22:22:14.481+0200] {processor.py:161} INFO - Started process (PID=43815) to work on /home/malte/try_rag/.venv/lib/python3.12/site-packages/airflow/example_dags/example_kubernetes_executor.py
[2026-04-01T22:22:14.496+0200] {processor.py:830} INFO - Processing file /home/malte/try_rag/.venv/lib/python3.12/site-packages/airflow/example_dags/example_kubernetes_executor.py for tasks to queue
[2026-04-01T22:22:14.498+0200] {logging_mixin.py:188} INFO - [2026-04-01T22:22:14.497+0200] {dagbag.py:545} INFO - Filling up the DagBag from /home/malte/try_rag/.venv/lib/python3.12/site-packages/airflow/example_dags/example_kubernetes_executor.py
[2026-04-01T22:22:14.506+0200] {logging_mixin.py:188} INFO - [2026-04-01T22:22:14.506+0200] {example_kubernetes_executor.py:39} WARNING - The example_kubernetes_executor example DAG requires the kubernetes provider. Please install it with: pip install apache-airflow[cncf.kubernetes]
[2026-04-01T22:22:14.507+0200] {processor.py:842} WARNING - No viable dags retrieved from /home/malte/try_rag/.venv/lib/python3.12/site-packages/airflow/example_dags/example_kubernetes_executor.py
[2026-04-01T22:22:14.540+0200] {processor.py:183} INFO - Processing /home/malte/try_rag/.venv/lib/python3.12/site-packages/airflow/example_dags/example_kubernetes_executor.py took 0.077 seconds
[2026-04-01T22:23:27.795+0200] {processor.py:161} INFO - Started process (PID=43958) to work on /home/malte/try_rag/.venv/lib/python3.12/site-packages/airflow/example_dags/example_kubernetes_executor.py
[2026-04-01T22:23:27.809+0200] {processor.py:830} INFO - Processing file /home/malte/try_rag/.venv/lib/python3.12/site-packages/airflow/example_dags/example_kubernetes_executor.py for tasks to queue
[2026-04-01T22:23:27.813+0200] {logging_mixin.py:188} INFO - [2026-04-01T22:23:27.811+0200] {dagbag.py:545} INFO - Filling up the DagBag from /home/malte/try_rag/.venv/lib/python3.12/site-packages/airflow/example_dags/example_kubernetes_executor.py
[2026-04-01T22:23:27.825+0200] {logging_mixin.py:188} INFO - [2026-04-01T22:23:27.824+0200] {example_kubernetes_executor.py:39} WARNING - The example_kubernetes_executor example DAG requires the kubernetes provider. Please install it with: pip install apache-airflow[cncf.kubernetes]
[2026-04-01T22:23:27.826+0200] {processor.py:842} WARNING - No viable dags retrieved from /home/malte/try_rag/.venv/lib/python3.12/site-packages/airflow/example_dags/example_kubernetes_executor.py
[2026-04-01T22:23:27.870+0200] {processor.py:183} INFO - Processing /home/malte/try_rag/.venv/lib/python3.12/site-packages/airflow/example_dags/example_kubernetes_executor.py took 0.102 seconds
[2026-04-01T22:24:39.267+0200] {processor.py:161} INFO - Started process (PID=44132) to work on /home/malte/try_rag/.venv/lib/python3.12/site-packages/airflow/example_dags/example_kubernetes_executor.py
[2026-04-01T22:24:39.282+0200] {processor.py:830} INFO - Processing file /home/malte/try_rag/.venv/lib/python3.12/site-packages/airflow/example_dags/example_kubernetes_executor.py for tasks to queue
[2026-04-01T22:24:39.284+0200] {logging_mixin.py:188} INFO - [2026-04-01T22:24:39.283+0200] {dagbag.py:545} INFO - Filling up the DagBag from /home/malte/try_rag/.venv/lib/python3.12/site-packages/airflow/example_dags/example_kubernetes_executor.py
[2026-04-01T22:24:39.293+0200] {logging_mixin.py:188} INFO - [2026-04-01T22:24:39.293+0200] {example_kubernetes_executor.py:39} WARNING - The example_kubernetes_executor example DAG requires the kubernetes provider. Please install it with: pip install apache-airflow[cncf.kubernetes]
[2026-04-01T22:24:39.294+0200] {processor.py:842} WARNING - No viable dags retrieved from /home/malte/try_rag/.venv/lib/python3.12/site-packages/airflow/example_dags/example_kubernetes_executor.py
[2026-04-01T22:24:39.329+0200] {processor.py:183} INFO - Processing /home/malte/try_rag/.venv/lib/python3.12/site-packages/airflow/example_dags/example_kubernetes_executor.py took 0.080 seconds
[2026-04-01T22:30:49.311+0200] {processor.py:161} INFO - Started process (PID=45752) to work on /home/malte/try_rag/.venv/lib/python3.12/site-packages/airflow/example_dags/example_kubernetes_executor.py
[2026-04-01T22:30:49.315+0200] {processor.py:830} INFO - Processing file /home/malte/try_rag/.venv/lib/python3.12/site-packages/airflow/example_dags/example_kubernetes_executor.py for tasks to queue
[2026-04-01T22:30:49.318+0200] {logging_mixin.py:188} INFO - [2026-04-01T22:30:49.317+0200] {dagbag.py:545} INFO - Filling up the DagBag from /home/malte/try_rag/.venv/lib/python3.12/site-packages/airflow/example_dags/example_kubernetes_executor.py
[2026-04-01T22:30:49.327+0200] {logging_mixin.py:188} INFO - [2026-04-01T22:30:49.326+0200] {example_kubernetes_executor.py:39} WARNING - The example_kubernetes_executor example DAG requires the kubernetes provider. Please install it with: pip install apache-airflow[cncf.kubernetes]
[2026-04-01T22:30:49.328+0200] {processor.py:842} WARNING - No viable dags retrieved from /home/malte/try_rag/.venv/lib/python3.12/site-packages/airflow/example_dags/example_kubernetes_executor.py
[2026-04-01T22:30:49.364+0200] {processor.py:183} INFO - Processing /home/malte/try_rag/.venv/lib/python3.12/site-packages/airflow/example_dags/example_kubernetes_executor.py took 0.071 seconds
[2026-04-01T22:32:15.030+0200] {processor.py:161} INFO - Started process (PID=46033) to work on /home/malte/try_rag/.venv/lib/python3.12/site-packages/airflow/example_dags/example_kubernetes_executor.py
[2026-04-01T22:32:15.034+0200] {processor.py:830} INFO - Processing file /home/malte/try_rag/.venv/lib/python3.12/site-packages/airflow/example_dags/example_kubernetes_executor.py for tasks to queue
[2026-04-01T22:32:15.038+0200] {logging_mixin.py:188} INFO - [2026-04-01T22:32:15.036+0200] {dagbag.py:545} INFO - Filling up the DagBag from /home/malte/try_rag/.venv/lib/python3.12/site-packages/airflow/example_dags/example_kubernetes_executor.py
[2026-04-01T22:32:15.048+0200] {logging_mixin.py:188} INFO - [2026-04-01T22:32:15.047+0200] {example_kubernetes_executor.py:39} WARNING - The example_kubernetes_executor example DAG requires the kubernetes provider. Please install it with: pip install apache-airflow[cncf.kubernetes]
[2026-04-01T22:32:15.049+0200] {processor.py:842} WARNING - No viable dags retrieved from /home/malte/try_rag/.venv/lib/python3.12/site-packages/airflow/example_dags/example_kubernetes_executor.py
[2026-04-01T22:32:15.086+0200] {processor.py:183} INFO - Processing /home/malte/try_rag/.venv/lib/python3.12/site-packages/airflow/example_dags/example_kubernetes_executor.py took 0.074 seconds
[2026-04-01T22:33:28.376+0200] {processor.py:161} INFO - Started process (PID=46299) to work on /home/malte/try_rag/.venv/lib/python3.12/site-packages/airflow/example_dags/example_kubernetes_executor.py
[2026-04-01T22:33:28.379+0200] {processor.py:830} INFO - Processing file /home/malte/try_rag/.venv/lib/python3.12/site-packages/airflow/example_dags/example_kubernetes_executor.py for tasks to queue
[2026-04-01T22:33:28.383+0200] {logging_mixin.py:188} INFO - [2026-04-01T22:33:28.381+0200] {dagbag.py:545} INFO - Filling up the DagBag from /home/malte/try_rag/.venv/lib/python3.12/site-packages/airflow/example_dags/example_kubernetes_executor.py
[2026-04-01T22:33:28.402+0200] {logging_mixin.py:188} INFO - [2026-04-01T22:33:28.402+0200] {example_kubernetes_executor.py:39} WARNING - The example_kubernetes_executor example DAG requires the kubernetes provider. Please install it with: pip install apache-airflow[cncf.kubernetes]
[2026-04-01T22:33:28.403+0200] {processor.py:842} WARNING - No viable dags retrieved from /home/malte/try_rag/.venv/lib/python3.12/site-packages/airflow/example_dags/example_kubernetes_executor.py
[2026-04-01T22:33:28.433+0200] {processor.py:183} INFO - Processing /home/malte/try_rag/.venv/lib/python3.12/site-packages/airflow/example_dags/example_kubernetes_executor.py took 0.074 seconds
[2026-04-01T22:34:35.766+0200] {processor.py:161} INFO - Started process (PID=46496) to work on /home/malte/try_rag/.venv/lib/python3.12/site-packages/airflow/example_dags/example_kubernetes_executor.py
[2026-04-01T22:34:35.769+0200] {processor.py:830} INFO - Processing file /home/malte/try_rag/.venv/lib/python3.12/site-packages/airflow/example_dags/example_kubernetes_executor.py for tasks to queue
[2026-04-01T22:34:35.772+0200] {logging_mixin.py:188} INFO - [2026-04-01T22:34:35.771+0200] {dagbag.py:545} INFO - Filling up the DagBag from /home/malte/try_rag/.venv/lib/python3.12/site-packages/airflow/example_dags/example_kubernetes_executor.py
[2026-04-01T22:34:35.780+0200] {logging_mixin.py:188} INFO - [2026-04-01T22:34:35.780+0200] {example_kubernetes_executor.py:39} WARNING - The example_kubernetes_executor example DAG requires the kubernetes provider. Please install it with: pip install apache-airflow[cncf.kubernetes]
[2026-04-01T22:34:35.781+0200] {processor.py:842} WARNING - No viable dags retrieved from /home/malte/try_rag/.venv/lib/python3.12/site-packages/airflow/example_dags/example_kubernetes_executor.py
[2026-04-01T22:34:35.811+0200] {processor.py:183} INFO - Processing /home/malte/try_rag/.venv/lib/python3.12/site-packages/airflow/example_dags/example_kubernetes_executor.py took 0.061 seconds
[2026-04-01T22:35:59.794+0200] {processor.py:161} INFO - Started process (PID=46776) to work on /home/malte/try_rag/.venv/lib/python3.12/site-packages/airflow/example_dags/example_kubernetes_executor.py
[2026-04-01T22:35:59.798+0200] {processor.py:830} INFO - Processing file /home/malte/try_rag/.venv/lib/python3.12/site-packages/airflow/example_dags/example_kubernetes_executor.py for tasks to queue
[2026-04-01T22:35:59.801+0200] {logging_mixin.py:188} INFO - [2026-04-01T22:35:59.799+0200] {dagbag.py:545} INFO - Filling up the DagBag from /home/malte/try_rag/.venv/lib/python3.12/site-packages/airflow/example_dags/example_kubernetes_executor.py
[2026-04-01T22:35:59.809+0200] {logging_mixin.py:188} INFO - [2026-04-01T22:35:59.809+0200] {example_kubernetes_executor.py:39} WARNING - The example_kubernetes_executor example DAG requires the kubernetes provider. Please install it with: pip install apache-airflow[cncf.kubernetes]
[2026-04-01T22:35:59.810+0200] {processor.py:842} WARNING - No viable dags retrieved from /home/malte/try_rag/.venv/lib/python3.12/site-packages/airflow/example_dags/example_kubernetes_executor.py
[2026-04-01T22:35:59.844+0200] {processor.py:183} INFO - Processing /home/malte/try_rag/.venv/lib/python3.12/site-packages/airflow/example_dags/example_kubernetes_executor.py took 0.069 seconds
