[2026-04-01T22:14:54.068+0200] {processor.py:161} INFO - Started process (PID=42918) to work on /home/malte/try_rag/.venv/lib/python3.12/site-packages/airflow/example_dags/example_branch_day_of_week_operator.py
[2026-04-01T22:14:54.070+0200] {processor.py:830} INFO - Processing file /home/malte/try_rag/.venv/lib/python3.12/site-packages/airflow/example_dags/example_branch_day_of_week_operator.py for tasks to queue
[2026-04-01T22:14:54.072+0200] {logging_mixin.py:188} INFO - [2026-04-01T22:14:54.071+0200] {dagbag.py:545} INFO - Filling up the DagBag from /home/malte/try_rag/.venv/lib/python3.12/site-packages/airflow/example_dags/example_branch_day_of_week_operator.py
[2026-04-01T22:14:54.096+0200] {processor.py:840} INFO - DAG(s) 'example_weekday_branch_operator' retrieved from /home/malte/try_rag/.venv/lib/python3.12/site-packages/airflow/example_dags/example_branch_day_of_week_operator.py
[2026-04-01T22:14:54.356+0200] {logging_mixin.py:188} INFO - [2026-04-01T22:14:54.355+0200] {override.py:1930} INFO - Created Permission View: can edit on DAG:example_weekday_branch_operator
[2026-04-01T22:14:54.381+0200] {logging_mixin.py:188} INFO - [2026-04-01T22:14:54.381+0200] {override.py:1930} INFO - Created Permission View: can read on DAG:example_weekday_branch_operator
[2026-04-01T22:14:54.401+0200] {logging_mixin.py:188} INFO - [2026-04-01T22:14:54.400+0200] {override.py:1930} INFO - Created Permission View: can delete on DAG:example_weekday_branch_operator
[2026-04-01T22:14:54.402+0200] {logging_mixin.py:188} INFO - [2026-04-01T22:14:54.401+0200] {dag.py:3096} INFO - Sync 1 DAGs
[2026-04-01T22:14:54.425+0200] {logging_mixin.py:188} INFO - [2026-04-01T22:14:54.424+0200] {dag.py:3118} INFO - Creating ORM DAG for example_weekday_branch_operator
[2026-04-01T22:14:54.449+0200] {logging_mixin.py:188} INFO - [2026-04-01T22:14:54.449+0200] {dag.py:3954} INFO - Setting next_dagrun for example_weekday_branch_operator to 2026-03-31 00:00:00+00:00, run_after=2026-04-01 00:00:00+00:00
[2026-04-01T22:14:54.499+0200] {processor.py:183} INFO - Processing /home/malte/try_rag/.venv/lib/python3.12/site-packages/airflow/example_dags/example_branch_day_of_week_operator.py took 0.447 seconds
[2026-04-01T22:16:14.540+0200] {processor.py:161} INFO - Started process (PID=43078) to work on /home/malte/try_rag/.venv/lib/python3.12/site-packages/airflow/example_dags/example_branch_day_of_week_operator.py
[2026-04-01T22:16:14.544+0200] {processor.py:830} INFO - Processing file /home/malte/try_rag/.venv/lib/python3.12/site-packages/airflow/example_dags/example_branch_day_of_week_operator.py for tasks to queue
[2026-04-01T22:16:14.548+0200] {logging_mixin.py:188} INFO - [2026-04-01T22:16:14.546+0200] {dagbag.py:545} INFO - Filling up the DagBag from /home/malte/try_rag/.venv/lib/python3.12/site-packages/airflow/example_dags/example_branch_day_of_week_operator.py
[2026-04-01T22:16:14.571+0200] {processor.py:840} INFO - DAG(s) 'example_weekday_branch_operator' retrieved from /home/malte/try_rag/.venv/lib/python3.12/site-packages/airflow/example_dags/example_branch_day_of_week_operator.py
[2026-04-01T22:16:14.634+0200] {logging_mixin.py:188} INFO - [2026-04-01T22:16:14.633+0200] {dag.py:3096} INFO - Sync 1 DAGs
[2026-04-01T22:16:14.698+0200] {logging_mixin.py:188} INFO - [2026-04-01T22:16:14.698+0200] {dag.py:3954} INFO - Setting next_dagrun for example_weekday_branch_operator to 2026-03-31 00:00:00+00:00, run_after=2026-04-01 00:00:00+00:00
[2026-04-01T22:16:14.753+0200] {processor.py:183} INFO - Processing /home/malte/try_rag/.venv/lib/python3.12/site-packages/airflow/example_dags/example_branch_day_of_week_operator.py took 0.230 seconds
[2026-04-01T22:17:31.135+0200] {processor.py:161} INFO - Started process (PID=43233) to work on /home/malte/try_rag/.venv/lib/python3.12/site-packages/airflow/example_dags/example_branch_day_of_week_operator.py
[2026-04-01T22:17:31.139+0200] {processor.py:830} INFO - Processing file /home/malte/try_rag/.venv/lib/python3.12/site-packages/airflow/example_dags/example_branch_day_of_week_operator.py for tasks to queue
[2026-04-01T22:17:31.141+0200] {logging_mixin.py:188} INFO - [2026-04-01T22:17:31.140+0200] {dagbag.py:545} INFO - Filling up the DagBag from /home/malte/try_rag/.venv/lib/python3.12/site-packages/airflow/example_dags/example_branch_day_of_week_operator.py
[2026-04-01T22:17:31.161+0200] {processor.py:840} INFO - DAG(s) 'example_weekday_branch_operator' retrieved from /home/malte/try_rag/.venv/lib/python3.12/site-packages/airflow/example_dags/example_branch_day_of_week_operator.py
[2026-04-01T22:17:31.221+0200] {logging_mixin.py:188} INFO - [2026-04-01T22:17:31.220+0200] {dag.py:3096} INFO - Sync 1 DAGs
[2026-04-01T22:17:31.276+0200] {logging_mixin.py:188} INFO - [2026-04-01T22:17:31.275+0200] {dag.py:3954} INFO - Setting next_dagrun for example_weekday_branch_operator to 2026-03-31 00:00:00+00:00, run_after=2026-04-01 00:00:00+00:00
[2026-04-01T22:17:31.335+0200] {processor.py:183} INFO - Processing /home/malte/try_rag/.venv/lib/python3.12/site-packages/airflow/example_dags/example_branch_day_of_week_operator.py took 0.215 seconds
[2026-04-01T22:18:47.215+0200] {processor.py:161} INFO - Started process (PID=43409) to work on /home/malte/try_rag/.venv/lib/python3.12/site-packages/airflow/example_dags/example_branch_day_of_week_operator.py
[2026-04-01T22:18:47.219+0200] {processor.py:830} INFO - Processing file /home/malte/try_rag/.venv/lib/python3.12/site-packages/airflow/example_dags/example_branch_day_of_week_operator.py for tasks to queue
[2026-04-01T22:18:47.221+0200] {logging_mixin.py:188} INFO - [2026-04-01T22:18:47.220+0200] {dagbag.py:545} INFO - Filling up the DagBag from /home/malte/try_rag/.venv/lib/python3.12/site-packages/airflow/example_dags/example_branch_day_of_week_operator.py
[2026-04-01T22:18:47.244+0200] {processor.py:840} INFO - DAG(s) 'example_weekday_branch_operator' retrieved from /home/malte/try_rag/.venv/lib/python3.12/site-packages/airflow/example_dags/example_branch_day_of_week_operator.py
[2026-04-01T22:18:47.296+0200] {logging_mixin.py:188} INFO - [2026-04-01T22:18:47.295+0200] {dag.py:3096} INFO - Sync 1 DAGs
[2026-04-01T22:18:47.688+0200] {logging_mixin.py:188} INFO - [2026-04-01T22:18:47.687+0200] {dag.py:3954} INFO - Setting next_dagrun for example_weekday_branch_operator to 2026-03-31 00:00:00+00:00, run_after=2026-04-01 00:00:00+00:00
[2026-04-01T22:18:47.750+0200] {processor.py:183} INFO - Processing /home/malte/try_rag/.venv/lib/python3.12/site-packages/airflow/example_dags/example_branch_day_of_week_operator.py took 0.553 seconds
[2026-04-01T22:20:19.421+0200] {processor.py:161} INFO - Started process (PID=43584) to work on /home/malte/try_rag/.venv/lib/python3.12/site-packages/airflow/example_dags/example_branch_day_of_week_operator.py
[2026-04-01T22:20:19.437+0200] {processor.py:830} INFO - Processing file /home/malte/try_rag/.venv/lib/python3.12/site-packages/airflow/example_dags/example_branch_day_of_week_operator.py for tasks to queue
[2026-04-01T22:20:19.441+0200] {logging_mixin.py:188} INFO - [2026-04-01T22:20:19.439+0200] {dagbag.py:545} INFO - Filling up the DagBag from /home/malte/try_rag/.venv/lib/python3.12/site-packages/airflow/example_dags/example_branch_day_of_week_operator.py
[2026-04-01T22:20:19.479+0200] {processor.py:840} INFO - DAG(s) 'example_weekday_branch_operator' retrieved from /home/malte/try_rag/.venv/lib/python3.12/site-packages/airflow/example_dags/example_branch_day_of_week_operator.py
[2026-04-01T22:20:19.545+0200] {logging_mixin.py:188} INFO - [2026-04-01T22:20:19.544+0200] {dag.py:3096} INFO - Sync 1 DAGs
[2026-04-01T22:20:19.613+0200] {logging_mixin.py:188} INFO - [2026-04-01T22:20:19.613+0200] {dag.py:3954} INFO - Setting next_dagrun for example_weekday_branch_operator to 2026-03-31 00:00:00+00:00, run_after=2026-04-01 00:00:00+00:00
[2026-04-01T22:20:19.691+0200] {processor.py:183} INFO - Processing /home/malte/try_rag/.venv/lib/python3.12/site-packages/airflow/example_dags/example_branch_day_of_week_operator.py took 0.297 seconds
[2026-04-01T22:21:33.179+0200] {processor.py:161} INFO - Started process (PID=43726) to work on /home/malte/try_rag/.venv/lib/python3.12/site-packages/airflow/example_dags/example_branch_day_of_week_operator.py
[2026-04-01T22:21:33.193+0200] {processor.py:830} INFO - Processing file /home/malte/try_rag/.venv/lib/python3.12/site-packages/airflow/example_dags/example_branch_day_of_week_operator.py for tasks to queue
[2026-04-01T22:21:33.196+0200] {logging_mixin.py:188} INFO - [2026-04-01T22:21:33.195+0200] {dagbag.py:545} INFO - Filling up the DagBag from /home/malte/try_rag/.venv/lib/python3.12/site-packages/airflow/example_dags/example_branch_day_of_week_operator.py
[2026-04-01T22:21:33.222+0200] {processor.py:840} INFO - DAG(s) 'example_weekday_branch_operator' retrieved from /home/malte/try_rag/.venv/lib/python3.12/site-packages/airflow/example_dags/example_branch_day_of_week_operator.py
[2026-04-01T22:21:33.279+0200] {logging_mixin.py:188} INFO - [2026-04-01T22:21:33.279+0200] {dag.py:3096} INFO - Sync 1 DAGs
[2026-04-01T22:21:33.348+0200] {logging_mixin.py:188} INFO - [2026-04-01T22:21:33.347+0200] {dag.py:3954} INFO - Setting next_dagrun for example_weekday_branch_operator to 2026-03-31 00:00:00+00:00, run_after=2026-04-01 00:00:00+00:00
[2026-04-01T22:21:33.421+0200] {processor.py:183} INFO - Processing /home/malte/try_rag/.venv/lib/python3.12/site-packages/airflow/example_dags/example_branch_day_of_week_operator.py took 0.263 seconds
[2026-04-01T22:22:46.884+0200] {processor.py:161} INFO - Started process (PID=43876) to work on /home/malte/try_rag/.venv/lib/python3.12/site-packages/airflow/example_dags/example_branch_day_of_week_operator.py
[2026-04-01T22:22:46.899+0200] {processor.py:830} INFO - Processing file /home/malte/try_rag/.venv/lib/python3.12/site-packages/airflow/example_dags/example_branch_day_of_week_operator.py for tasks to queue
[2026-04-01T22:22:46.902+0200] {logging_mixin.py:188} INFO - [2026-04-01T22:22:46.901+0200] {dagbag.py:545} INFO - Filling up the DagBag from /home/malte/try_rag/.venv/lib/python3.12/site-packages/airflow/example_dags/example_branch_day_of_week_operator.py
[2026-04-01T22:22:46.928+0200] {processor.py:840} INFO - DAG(s) 'example_weekday_branch_operator' retrieved from /home/malte/try_rag/.venv/lib/python3.12/site-packages/airflow/example_dags/example_branch_day_of_week_operator.py
[2026-04-01T22:22:46.994+0200] {logging_mixin.py:188} INFO - [2026-04-01T22:22:46.994+0200] {dag.py:3096} INFO - Sync 1 DAGs
[2026-04-01T22:22:47.064+0200] {logging_mixin.py:188} INFO - [2026-04-01T22:22:47.063+0200] {dag.py:3954} INFO - Setting next_dagrun for example_weekday_branch_operator to 2026-03-31 00:00:00+00:00, run_after=2026-04-01 00:00:00+00:00
[2026-04-01T22:22:47.180+0200] {processor.py:183} INFO - Processing /home/malte/try_rag/.venv/lib/python3.12/site-packages/airflow/example_dags/example_branch_day_of_week_operator.py took 0.316 seconds
[2026-04-01T22:24:00.156+0200] {processor.py:161} INFO - Started process (PID=44047) to work on /home/malte/try_rag/.venv/lib/python3.12/site-packages/airflow/example_dags/example_branch_day_of_week_operator.py
[2026-04-01T22:24:00.170+0200] {processor.py:830} INFO - Processing file /home/malte/try_rag/.venv/lib/python3.12/site-packages/airflow/example_dags/example_branch_day_of_week_operator.py for tasks to queue
[2026-04-01T22:24:00.173+0200] {logging_mixin.py:188} INFO - [2026-04-01T22:24:00.172+0200] {dagbag.py:545} INFO - Filling up the DagBag from /home/malte/try_rag/.venv/lib/python3.12/site-packages/airflow/example_dags/example_branch_day_of_week_operator.py
[2026-04-01T22:24:00.197+0200] {processor.py:840} INFO - DAG(s) 'example_weekday_branch_operator' retrieved from /home/malte/try_rag/.venv/lib/python3.12/site-packages/airflow/example_dags/example_branch_day_of_week_operator.py
[2026-04-01T22:24:00.252+0200] {logging_mixin.py:188} INFO - [2026-04-01T22:24:00.251+0200] {dag.py:3096} INFO - Sync 1 DAGs
[2026-04-01T22:24:00.306+0200] {logging_mixin.py:188} INFO - [2026-04-01T22:24:00.306+0200] {dag.py:3954} INFO - Setting next_dagrun for example_weekday_branch_operator to 2026-03-31 00:00:00+00:00, run_after=2026-04-01 00:00:00+00:00
[2026-04-01T22:24:00.389+0200] {processor.py:183} INFO - Processing /home/malte/try_rag/.venv/lib/python3.12/site-packages/airflow/example_dags/example_branch_day_of_week_operator.py took 0.251 seconds
[2026-04-01T22:25:11.240+0200] {processor.py:161} INFO - Started process (PID=44196) to work on /home/malte/try_rag/.venv/lib/python3.12/site-packages/airflow/example_dags/example_branch_day_of_week_operator.py
[2026-04-01T22:25:11.282+0200] {processor.py:830} INFO - Processing file /home/malte/try_rag/.venv/lib/python3.12/site-packages/airflow/example_dags/example_branch_day_of_week_operator.py for tasks to queue
[2026-04-01T22:25:11.285+0200] {logging_mixin.py:188} INFO - [2026-04-01T22:25:11.283+0200] {dagbag.py:545} INFO - Filling up the DagBag from /home/malte/try_rag/.venv/lib/python3.12/site-packages/airflow/example_dags/example_branch_day_of_week_operator.py
[2026-04-01T22:25:11.309+0200] {processor.py:840} INFO - DAG(s) 'example_weekday_branch_operator' retrieved from /home/malte/try_rag/.venv/lib/python3.12/site-packages/airflow/example_dags/example_branch_day_of_week_operator.py
[2026-04-01T22:25:11.363+0200] {logging_mixin.py:188} INFO - [2026-04-01T22:25:11.362+0200] {dag.py:3096} INFO - Sync 1 DAGs
[2026-04-01T22:25:11.423+0200] {logging_mixin.py:188} INFO - [2026-04-01T22:25:11.423+0200] {dag.py:3954} INFO - Setting next_dagrun for example_weekday_branch_operator to 2026-03-31 00:00:00+00:00, run_after=2026-04-01 00:00:00+00:00
[2026-04-01T22:25:11.485+0200] {processor.py:183} INFO - Processing /home/malte/try_rag/.venv/lib/python3.12/site-packages/airflow/example_dags/example_branch_day_of_week_operator.py took 0.264 seconds
[2026-04-01T22:31:12.650+0200] {processor.py:161} INFO - Started process (PID=45849) to work on /home/malte/try_rag/.venv/lib/python3.12/site-packages/airflow/example_dags/example_branch_day_of_week_operator.py
[2026-04-01T22:31:12.654+0200] {processor.py:830} INFO - Processing file /home/malte/try_rag/.venv/lib/python3.12/site-packages/airflow/example_dags/example_branch_day_of_week_operator.py for tasks to queue
[2026-04-01T22:31:12.660+0200] {logging_mixin.py:188} INFO - [2026-04-01T22:31:12.657+0200] {dagbag.py:545} INFO - Filling up the DagBag from /home/malte/try_rag/.venv/lib/python3.12/site-packages/airflow/example_dags/example_branch_day_of_week_operator.py
[2026-04-01T22:31:12.698+0200] {processor.py:840} INFO - DAG(s) 'example_weekday_branch_operator' retrieved from /home/malte/try_rag/.venv/lib/python3.12/site-packages/airflow/example_dags/example_branch_day_of_week_operator.py
[2026-04-01T22:31:13.235+0200] {logging_mixin.py:188} INFO - [2026-04-01T22:31:13.235+0200] {dag.py:3096} INFO - Sync 1 DAGs
[2026-04-01T22:31:13.281+0200] {logging_mixin.py:188} INFO - [2026-04-01T22:31:13.281+0200] {dag.py:3954} INFO - Setting next_dagrun for example_weekday_branch_operator to 2026-03-31 00:00:00+00:00, run_after=2026-04-01 00:00:00+00:00
[2026-04-01T22:31:13.348+0200] {processor.py:183} INFO - Processing /home/malte/try_rag/.venv/lib/python3.12/site-packages/airflow/example_dags/example_branch_day_of_week_operator.py took 0.725 seconds
[2026-04-01T22:32:32.588+0200] {processor.py:161} INFO - Started process (PID=46068) to work on /home/malte/try_rag/.venv/lib/python3.12/site-packages/airflow/example_dags/example_branch_day_of_week_operator.py
[2026-04-01T22:32:32.591+0200] {processor.py:830} INFO - Processing file /home/malte/try_rag/.venv/lib/python3.12/site-packages/airflow/example_dags/example_branch_day_of_week_operator.py for tasks to queue
[2026-04-01T22:32:32.594+0200] {logging_mixin.py:188} INFO - [2026-04-01T22:32:32.593+0200] {dagbag.py:545} INFO - Filling up the DagBag from /home/malte/try_rag/.venv/lib/python3.12/site-packages/airflow/example_dags/example_branch_day_of_week_operator.py
[2026-04-01T22:32:32.616+0200] {processor.py:840} INFO - DAG(s) 'example_weekday_branch_operator' retrieved from /home/malte/try_rag/.venv/lib/python3.12/site-packages/airflow/example_dags/example_branch_day_of_week_operator.py
[2026-04-01T22:32:32.667+0200] {logging_mixin.py:188} INFO - [2026-04-01T22:32:32.666+0200] {dag.py:3096} INFO - Sync 1 DAGs
[2026-04-01T22:32:32.716+0200] {logging_mixin.py:188} INFO - [2026-04-01T22:32:32.715+0200] {dag.py:3954} INFO - Setting next_dagrun for example_weekday_branch_operator to 2026-03-31 00:00:00+00:00, run_after=2026-04-01 00:00:00+00:00
[2026-04-01T22:32:32.774+0200] {processor.py:183} INFO - Processing /home/malte/try_rag/.venv/lib/python3.12/site-packages/airflow/example_dags/example_branch_day_of_week_operator.py took 0.204 seconds
[2026-04-01T22:33:47.269+0200] {processor.py:161} INFO - Started process (PID=46333) to work on /home/malte/try_rag/.venv/lib/python3.12/site-packages/airflow/example_dags/example_branch_day_of_week_operator.py
[2026-04-01T22:33:47.273+0200] {processor.py:830} INFO - Processing file /home/malte/try_rag/.venv/lib/python3.12/site-packages/airflow/example_dags/example_branch_day_of_week_operator.py for tasks to queue
[2026-04-01T22:33:47.276+0200] {logging_mixin.py:188} INFO - [2026-04-01T22:33:47.274+0200] {dagbag.py:545} INFO - Filling up the DagBag from /home/malte/try_rag/.venv/lib/python3.12/site-packages/airflow/example_dags/example_branch_day_of_week_operator.py
[2026-04-01T22:33:47.308+0200] {processor.py:840} INFO - DAG(s) 'example_weekday_branch_operator' retrieved from /home/malte/try_rag/.venv/lib/python3.12/site-packages/airflow/example_dags/example_branch_day_of_week_operator.py
[2026-04-01T22:33:47.361+0200] {logging_mixin.py:188} INFO - [2026-04-01T22:33:47.360+0200] {dag.py:3096} INFO - Sync 1 DAGs
[2026-04-01T22:33:47.416+0200] {logging_mixin.py:188} INFO - [2026-04-01T22:33:47.415+0200] {dag.py:3954} INFO - Setting next_dagrun for example_weekday_branch_operator to 2026-03-31 00:00:00+00:00, run_after=2026-04-01 00:00:00+00:00
[2026-04-01T22:33:47.475+0200] {processor.py:183} INFO - Processing /home/malte/try_rag/.venv/lib/python3.12/site-packages/airflow/example_dags/example_branch_day_of_week_operator.py took 0.223 seconds
[2026-04-01T22:34:54.792+0200] {processor.py:161} INFO - Started process (PID=46532) to work on /home/malte/try_rag/.venv/lib/python3.12/site-packages/airflow/example_dags/example_branch_day_of_week_operator.py
[2026-04-01T22:34:54.795+0200] {processor.py:830} INFO - Processing file /home/malte/try_rag/.venv/lib/python3.12/site-packages/airflow/example_dags/example_branch_day_of_week_operator.py for tasks to queue
[2026-04-01T22:34:54.798+0200] {logging_mixin.py:188} INFO - [2026-04-01T22:34:54.796+0200] {dagbag.py:545} INFO - Filling up the DagBag from /home/malte/try_rag/.venv/lib/python3.12/site-packages/airflow/example_dags/example_branch_day_of_week_operator.py
[2026-04-01T22:34:54.820+0200] {processor.py:840} INFO - DAG(s) 'example_weekday_branch_operator' retrieved from /home/malte/try_rag/.venv/lib/python3.12/site-packages/airflow/example_dags/example_branch_day_of_week_operator.py
[2026-04-01T22:34:54.866+0200] {logging_mixin.py:188} INFO - [2026-04-01T22:34:54.865+0200] {dag.py:3096} INFO - Sync 1 DAGs
[2026-04-01T22:34:54.917+0200] {logging_mixin.py:188} INFO - [2026-04-01T22:34:54.915+0200] {dag.py:3954} INFO - Setting next_dagrun for example_weekday_branch_operator to 2026-03-31 00:00:00+00:00, run_after=2026-04-01 00:00:00+00:00
[2026-04-01T22:34:55.241+0200] {processor.py:183} INFO - Processing /home/malte/try_rag/.venv/lib/python3.12/site-packages/airflow/example_dags/example_branch_day_of_week_operator.py took 0.464 seconds
[2026-04-01T22:36:17.992+0200] {processor.py:161} INFO - Started process (PID=46872) to work on /home/malte/try_rag/.venv/lib/python3.12/site-packages/airflow/example_dags/example_branch_day_of_week_operator.py
[2026-04-01T22:36:17.997+0200] {processor.py:830} INFO - Processing file /home/malte/try_rag/.venv/lib/python3.12/site-packages/airflow/example_dags/example_branch_day_of_week_operator.py for tasks to queue
[2026-04-01T22:36:18.002+0200] {logging_mixin.py:188} INFO - [2026-04-01T22:36:17.999+0200] {dagbag.py:545} INFO - Filling up the DagBag from /home/malte/try_rag/.venv/lib/python3.12/site-packages/airflow/example_dags/example_branch_day_of_week_operator.py
[2026-04-01T22:36:18.036+0200] {processor.py:840} INFO - DAG(s) 'example_weekday_branch_operator' retrieved from /home/malte/try_rag/.venv/lib/python3.12/site-packages/airflow/example_dags/example_branch_day_of_week_operator.py
[2026-04-01T22:36:18.114+0200] {logging_mixin.py:188} INFO - [2026-04-01T22:36:18.114+0200] {dag.py:3096} INFO - Sync 1 DAGs
[2026-04-01T22:36:18.220+0200] {logging_mixin.py:188} INFO - [2026-04-01T22:36:18.219+0200] {dag.py:3954} INFO - Setting next_dagrun for example_weekday_branch_operator to 2026-03-31 00:00:00+00:00, run_after=2026-04-01 00:00:00+00:00
[2026-04-01T22:36:18.307+0200] {processor.py:183} INFO - Processing /home/malte/try_rag/.venv/lib/python3.12/site-packages/airflow/example_dags/example_branch_day_of_week_operator.py took 0.342 seconds
