[2026-04-01T22:14:13.876+0200] {processor.py:161} INFO - Started process (PID=42859) to work on /home/malte/try_rag/.venv/lib/python3.12/site-packages/airflow/example_dags/example_short_circuit_decorator.py
[2026-04-01T22:14:13.879+0200] {processor.py:830} INFO - Processing file /home/malte/try_rag/.venv/lib/python3.12/site-packages/airflow/example_dags/example_short_circuit_decorator.py for tasks to queue
[2026-04-01T22:14:13.882+0200] {logging_mixin.py:188} INFO - [2026-04-01T22:14:13.880+0200] {dagbag.py:545} INFO - Filling up the DagBag from /home/malte/try_rag/.venv/lib/python3.12/site-packages/airflow/example_dags/example_short_circuit_decorator.py
[2026-04-01T22:14:13.916+0200] {processor.py:840} INFO - DAG(s) 'example_short_circuit_decorator' retrieved from /home/malte/try_rag/.venv/lib/python3.12/site-packages/airflow/example_dags/example_short_circuit_decorator.py
[2026-04-01T22:14:14.205+0200] {logging_mixin.py:188} INFO - [2026-04-01T22:14:14.204+0200] {override.py:1930} INFO - Created Permission View: can edit on DAG:example_short_circuit_decorator
[2026-04-01T22:14:14.234+0200] {logging_mixin.py:188} INFO - [2026-04-01T22:14:14.234+0200] {override.py:1930} INFO - Created Permission View: can read on DAG:example_short_circuit_decorator
[2026-04-01T22:14:14.255+0200] {logging_mixin.py:188} INFO - [2026-04-01T22:14:14.254+0200] {override.py:1930} INFO - Created Permission View: can delete on DAG:example_short_circuit_decorator
[2026-04-01T22:14:14.257+0200] {logging_mixin.py:188} INFO - [2026-04-01T22:14:14.256+0200] {dag.py:3096} INFO - Sync 1 DAGs
[2026-04-01T22:14:14.285+0200] {logging_mixin.py:188} INFO - [2026-04-01T22:14:14.284+0200] {dag.py:3118} INFO - Creating ORM DAG for example_short_circuit_decorator
[2026-04-01T22:14:14.314+0200] {logging_mixin.py:188} INFO - [2026-04-01T22:14:14.313+0200] {dag.py:3954} INFO - Setting next_dagrun for example_short_circuit_decorator to 2026-03-31 00:00:00+00:00, run_after=2026-04-01 00:00:00+00:00
[2026-04-01T22:14:14.370+0200] {processor.py:183} INFO - Processing /home/malte/try_rag/.venv/lib/python3.12/site-packages/airflow/example_dags/example_short_circuit_decorator.py took 0.511 seconds
[2026-04-01T22:15:27.735+0200] {processor.py:161} INFO - Started process (PID=42989) to work on /home/malte/try_rag/.venv/lib/python3.12/site-packages/airflow/example_dags/example_short_circuit_decorator.py
[2026-04-01T22:15:27.750+0200] {processor.py:830} INFO - Processing file /home/malte/try_rag/.venv/lib/python3.12/site-packages/airflow/example_dags/example_short_circuit_decorator.py for tasks to queue
[2026-04-01T22:15:27.753+0200] {logging_mixin.py:188} INFO - [2026-04-01T22:15:27.752+0200] {dagbag.py:545} INFO - Filling up the DagBag from /home/malte/try_rag/.venv/lib/python3.12/site-packages/airflow/example_dags/example_short_circuit_decorator.py
[2026-04-01T22:15:27.783+0200] {processor.py:840} INFO - DAG(s) 'example_short_circuit_decorator' retrieved from /home/malte/try_rag/.venv/lib/python3.12/site-packages/airflow/example_dags/example_short_circuit_decorator.py
[2026-04-01T22:15:27.839+0200] {logging_mixin.py:188} INFO - [2026-04-01T22:15:27.839+0200] {dag.py:3096} INFO - Sync 1 DAGs
[2026-04-01T22:15:27.897+0200] {logging_mixin.py:188} INFO - [2026-04-01T22:15:27.896+0200] {dag.py:3954} INFO - Setting next_dagrun for example_short_circuit_decorator to 2026-03-31 00:00:00+00:00, run_after=2026-04-01 00:00:00+00:00
[2026-04-01T22:15:27.969+0200] {processor.py:183} INFO - Processing /home/malte/try_rag/.venv/lib/python3.12/site-packages/airflow/example_dags/example_short_circuit_decorator.py took 0.252 seconds
[2026-04-01T22:16:43.170+0200] {processor.py:161} INFO - Started process (PID=43139) to work on /home/malte/try_rag/.venv/lib/python3.12/site-packages/airflow/example_dags/example_short_circuit_decorator.py
[2026-04-01T22:16:43.176+0200] {processor.py:830} INFO - Processing file /home/malte/try_rag/.venv/lib/python3.12/site-packages/airflow/example_dags/example_short_circuit_decorator.py for tasks to queue
[2026-04-01T22:16:43.179+0200] {logging_mixin.py:188} INFO - [2026-04-01T22:16:43.178+0200] {dagbag.py:545} INFO - Filling up the DagBag from /home/malte/try_rag/.venv/lib/python3.12/site-packages/airflow/example_dags/example_short_circuit_decorator.py
[2026-04-01T22:16:43.213+0200] {processor.py:840} INFO - DAG(s) 'example_short_circuit_decorator' retrieved from /home/malte/try_rag/.venv/lib/python3.12/site-packages/airflow/example_dags/example_short_circuit_decorator.py
[2026-04-01T22:16:43.273+0200] {logging_mixin.py:188} INFO - [2026-04-01T22:16:43.273+0200] {dag.py:3096} INFO - Sync 1 DAGs
[2026-04-01T22:16:43.325+0200] {logging_mixin.py:188} INFO - [2026-04-01T22:16:43.325+0200] {dag.py:3954} INFO - Setting next_dagrun for example_short_circuit_decorator to 2026-03-31 00:00:00+00:00, run_after=2026-04-01 00:00:00+00:00
[2026-04-01T22:16:43.383+0200] {processor.py:183} INFO - Processing /home/malte/try_rag/.venv/lib/python3.12/site-packages/airflow/example_dags/example_short_circuit_decorator.py took 0.235 seconds
[2026-04-01T22:17:58.101+0200] {processor.py:161} INFO - Started process (PID=43286) to work on /home/malte/try_rag/.venv/lib/python3.12/site-packages/airflow/example_dags/example_short_circuit_decorator.py
[2026-04-01T22:17:58.116+0200] {processor.py:830} INFO - Processing file /home/malte/try_rag/.venv/lib/python3.12/site-packages/airflow/example_dags/example_short_circuit_decorator.py for tasks to queue
[2026-04-01T22:17:58.118+0200] {logging_mixin.py:188} INFO - [2026-04-01T22:17:58.117+0200] {dagbag.py:545} INFO - Filling up the DagBag from /home/malte/try_rag/.venv/lib/python3.12/site-packages/airflow/example_dags/example_short_circuit_decorator.py
[2026-04-01T22:17:58.147+0200] {processor.py:840} INFO - DAG(s) 'example_short_circuit_decorator' retrieved from /home/malte/try_rag/.venv/lib/python3.12/site-packages/airflow/example_dags/example_short_circuit_decorator.py
[2026-04-01T22:17:58.206+0200] {logging_mixin.py:188} INFO - [2026-04-01T22:17:58.205+0200] {dag.py:3096} INFO - Sync 1 DAGs
[2026-04-01T22:17:58.293+0200] {logging_mixin.py:188} INFO - [2026-04-01T22:17:58.293+0200] {dag.py:3954} INFO - Setting next_dagrun for example_short_circuit_decorator to 2026-03-31 00:00:00+00:00, run_after=2026-04-01 00:00:00+00:00
[2026-04-01T22:17:58.392+0200] {processor.py:183} INFO - Processing /home/malte/try_rag/.venv/lib/python3.12/site-packages/airflow/example_dags/example_short_circuit_decorator.py took 0.312 seconds
[2026-04-01T22:19:24.836+0200] {processor.py:161} INFO - Started process (PID=43476) to work on /home/malte/try_rag/.venv/lib/python3.12/site-packages/airflow/example_dags/example_short_circuit_decorator.py
[2026-04-01T22:19:24.841+0200] {processor.py:830} INFO - Processing file /home/malte/try_rag/.venv/lib/python3.12/site-packages/airflow/example_dags/example_short_circuit_decorator.py for tasks to queue
[2026-04-01T22:19:24.846+0200] {logging_mixin.py:188} INFO - [2026-04-01T22:19:24.843+0200] {dagbag.py:545} INFO - Filling up the DagBag from /home/malte/try_rag/.venv/lib/python3.12/site-packages/airflow/example_dags/example_short_circuit_decorator.py
[2026-04-01T22:19:24.897+0200] {processor.py:840} INFO - DAG(s) 'example_short_circuit_decorator' retrieved from /home/malte/try_rag/.venv/lib/python3.12/site-packages/airflow/example_dags/example_short_circuit_decorator.py
[2026-04-01T22:19:25.494+0200] {logging_mixin.py:188} INFO - [2026-04-01T22:19:25.493+0200] {dag.py:3096} INFO - Sync 1 DAGs
[2026-04-01T22:19:25.550+0200] {logging_mixin.py:188} INFO - [2026-04-01T22:19:25.550+0200] {dag.py:3954} INFO - Setting next_dagrun for example_short_circuit_decorator to 2026-03-31 00:00:00+00:00, run_after=2026-04-01 00:00:00+00:00
[2026-04-01T22:19:25.607+0200] {processor.py:183} INFO - Processing /home/malte/try_rag/.venv/lib/python3.12/site-packages/airflow/example_dags/example_short_circuit_decorator.py took 0.799 seconds
[2026-04-01T22:20:46.416+0200] {processor.py:161} INFO - Started process (PID=43641) to work on /home/malte/try_rag/.venv/lib/python3.12/site-packages/airflow/example_dags/example_short_circuit_decorator.py
[2026-04-01T22:20:46.430+0200] {processor.py:830} INFO - Processing file /home/malte/try_rag/.venv/lib/python3.12/site-packages/airflow/example_dags/example_short_circuit_decorator.py for tasks to queue
[2026-04-01T22:20:46.433+0200] {logging_mixin.py:188} INFO - [2026-04-01T22:20:46.432+0200] {dagbag.py:545} INFO - Filling up the DagBag from /home/malte/try_rag/.venv/lib/python3.12/site-packages/airflow/example_dags/example_short_circuit_decorator.py
[2026-04-01T22:20:46.463+0200] {processor.py:840} INFO - DAG(s) 'example_short_circuit_decorator' retrieved from /home/malte/try_rag/.venv/lib/python3.12/site-packages/airflow/example_dags/example_short_circuit_decorator.py
[2026-04-01T22:20:46.520+0200] {logging_mixin.py:188} INFO - [2026-04-01T22:20:46.519+0200] {dag.py:3096} INFO - Sync 1 DAGs
[2026-04-01T22:20:46.576+0200] {logging_mixin.py:188} INFO - [2026-04-01T22:20:46.576+0200] {dag.py:3954} INFO - Setting next_dagrun for example_short_circuit_decorator to 2026-03-31 00:00:00+00:00, run_after=2026-04-01 00:00:00+00:00
[2026-04-01T22:20:46.660+0200] {processor.py:183} INFO - Processing /home/malte/try_rag/.venv/lib/python3.12/site-packages/airflow/example_dags/example_short_circuit_decorator.py took 0.263 seconds
[2026-04-01T22:22:00.046+0200] {processor.py:161} INFO - Started process (PID=43786) to work on /home/malte/try_rag/.venv/lib/python3.12/site-packages/airflow/example_dags/example_short_circuit_decorator.py
[2026-04-01T22:22:00.049+0200] {processor.py:830} INFO - Processing file /home/malte/try_rag/.venv/lib/python3.12/site-packages/airflow/example_dags/example_short_circuit_decorator.py for tasks to queue
[2026-04-01T22:22:00.051+0200] {logging_mixin.py:188} INFO - [2026-04-01T22:22:00.050+0200] {dagbag.py:545} INFO - Filling up the DagBag from /home/malte/try_rag/.venv/lib/python3.12/site-packages/airflow/example_dags/example_short_circuit_decorator.py
[2026-04-01T22:22:00.089+0200] {processor.py:840} INFO - DAG(s) 'example_short_circuit_decorator' retrieved from /home/malte/try_rag/.venv/lib/python3.12/site-packages/airflow/example_dags/example_short_circuit_decorator.py
[2026-04-01T22:22:00.160+0200] {logging_mixin.py:188} INFO - [2026-04-01T22:22:00.159+0200] {dag.py:3096} INFO - Sync 1 DAGs
[2026-04-01T22:22:00.223+0200] {logging_mixin.py:188} INFO - [2026-04-01T22:22:00.222+0200] {dag.py:3954} INFO - Setting next_dagrun for example_short_circuit_decorator to 2026-03-31 00:00:00+00:00, run_after=2026-04-01 00:00:00+00:00
[2026-04-01T22:22:00.288+0200] {processor.py:183} INFO - Processing /home/malte/try_rag/.venv/lib/python3.12/site-packages/airflow/example_dags/example_short_circuit_decorator.py took 0.260 seconds
[2026-04-01T22:23:13.596+0200] {processor.py:161} INFO - Started process (PID=43933) to work on /home/malte/try_rag/.venv/lib/python3.12/site-packages/airflow/example_dags/example_short_circuit_decorator.py
[2026-04-01T22:23:13.610+0200] {processor.py:830} INFO - Processing file /home/malte/try_rag/.venv/lib/python3.12/site-packages/airflow/example_dags/example_short_circuit_decorator.py for tasks to queue
[2026-04-01T22:23:13.613+0200] {logging_mixin.py:188} INFO - [2026-04-01T22:23:13.612+0200] {dagbag.py:545} INFO - Filling up the DagBag from /home/malte/try_rag/.venv/lib/python3.12/site-packages/airflow/example_dags/example_short_circuit_decorator.py
[2026-04-01T22:23:13.643+0200] {processor.py:840} INFO - DAG(s) 'example_short_circuit_decorator' retrieved from /home/malte/try_rag/.venv/lib/python3.12/site-packages/airflow/example_dags/example_short_circuit_decorator.py
[2026-04-01T22:23:13.696+0200] {logging_mixin.py:188} INFO - [2026-04-01T22:23:13.696+0200] {dag.py:3096} INFO - Sync 1 DAGs
[2026-04-01T22:23:13.751+0200] {logging_mixin.py:188} INFO - [2026-04-01T22:23:13.750+0200] {dag.py:3954} INFO - Setting next_dagrun for example_short_circuit_decorator to 2026-03-31 00:00:00+00:00, run_after=2026-04-01 00:00:00+00:00
[2026-04-01T22:23:13.839+0200] {processor.py:183} INFO - Processing /home/malte/try_rag/.venv/lib/python3.12/site-packages/airflow/example_dags/example_short_circuit_decorator.py took 0.264 seconds
[2026-04-01T22:24:25.829+0200] {processor.py:161} INFO - Started process (PID=44108) to work on /home/malte/try_rag/.venv/lib/python3.12/site-packages/airflow/example_dags/example_short_circuit_decorator.py
[2026-04-01T22:24:25.835+0200] {processor.py:830} INFO - Processing file /home/malte/try_rag/.venv/lib/python3.12/site-packages/airflow/example_dags/example_short_circuit_decorator.py for tasks to queue
[2026-04-01T22:24:25.839+0200] {logging_mixin.py:188} INFO - [2026-04-01T22:24:25.838+0200] {dagbag.py:545} INFO - Filling up the DagBag from /home/malte/try_rag/.venv/lib/python3.12/site-packages/airflow/example_dags/example_short_circuit_decorator.py
[2026-04-01T22:24:25.872+0200] {processor.py:840} INFO - DAG(s) 'example_short_circuit_decorator' retrieved from /home/malte/try_rag/.venv/lib/python3.12/site-packages/airflow/example_dags/example_short_circuit_decorator.py
[2026-04-01T22:24:25.926+0200] {logging_mixin.py:188} INFO - [2026-04-01T22:24:25.925+0200] {dag.py:3096} INFO - Sync 1 DAGs
[2026-04-01T22:24:26.003+0200] {logging_mixin.py:188} INFO - [2026-04-01T22:24:26.002+0200] {dag.py:3954} INFO - Setting next_dagrun for example_short_circuit_decorator to 2026-03-31 00:00:00+00:00, run_after=2026-04-01 00:00:00+00:00
[2026-04-01T22:24:26.080+0200] {processor.py:183} INFO - Processing /home/malte/try_rag/.venv/lib/python3.12/site-packages/airflow/example_dags/example_short_circuit_decorator.py took 0.271 seconds
[2026-04-01T22:25:37.270+0200] {processor.py:161} INFO - Started process (PID=44310) to work on /home/malte/try_rag/.venv/lib/python3.12/site-packages/airflow/example_dags/example_short_circuit_decorator.py
[2026-04-01T22:25:37.274+0200] {processor.py:830} INFO - Processing file /home/malte/try_rag/.venv/lib/python3.12/site-packages/airflow/example_dags/example_short_circuit_decorator.py for tasks to queue
[2026-04-01T22:25:37.276+0200] {logging_mixin.py:188} INFO - [2026-04-01T22:25:37.275+0200] {dagbag.py:545} INFO - Filling up the DagBag from /home/malte/try_rag/.venv/lib/python3.12/site-packages/airflow/example_dags/example_short_circuit_decorator.py
[2026-04-01T22:25:37.302+0200] {processor.py:840} INFO - DAG(s) 'example_short_circuit_decorator' retrieved from /home/malte/try_rag/.venv/lib/python3.12/site-packages/airflow/example_dags/example_short_circuit_decorator.py
[2026-04-01T22:25:37.358+0200] {logging_mixin.py:188} INFO - [2026-04-01T22:25:37.358+0200] {dag.py:3096} INFO - Sync 1 DAGs
[2026-04-01T22:25:37.418+0200] {logging_mixin.py:188} INFO - [2026-04-01T22:25:37.417+0200] {dag.py:3954} INFO - Setting next_dagrun for example_short_circuit_decorator to 2026-03-31 00:00:00+00:00, run_after=2026-04-01 00:00:00+00:00
[2026-04-01T22:25:37.477+0200] {processor.py:183} INFO - Processing /home/malte/try_rag/.venv/lib/python3.12/site-packages/airflow/example_dags/example_short_circuit_decorator.py took 0.225 seconds
[2026-04-01T22:30:33.653+0200] {processor.py:161} INFO - Started process (PID=45725) to work on /home/malte/try_rag/.venv/lib/python3.12/site-packages/airflow/example_dags/example_short_circuit_decorator.py
[2026-04-01T22:30:33.658+0200] {processor.py:830} INFO - Processing file /home/malte/try_rag/.venv/lib/python3.12/site-packages/airflow/example_dags/example_short_circuit_decorator.py for tasks to queue
[2026-04-01T22:30:33.667+0200] {logging_mixin.py:188} INFO - [2026-04-01T22:30:33.659+0200] {dagbag.py:545} INFO - Filling up the DagBag from /home/malte/try_rag/.venv/lib/python3.12/site-packages/airflow/example_dags/example_short_circuit_decorator.py
[2026-04-01T22:30:33.702+0200] {processor.py:840} INFO - DAG(s) 'example_short_circuit_decorator' retrieved from /home/malte/try_rag/.venv/lib/python3.12/site-packages/airflow/example_dags/example_short_circuit_decorator.py
[2026-04-01T22:30:34.018+0200] {logging_mixin.py:188} INFO - [2026-04-01T22:30:34.017+0200] {dag.py:3096} INFO - Sync 1 DAGs
[2026-04-01T22:30:34.061+0200] {logging_mixin.py:188} INFO - [2026-04-01T22:30:34.061+0200] {dag.py:3954} INFO - Setting next_dagrun for example_short_circuit_decorator to 2026-03-31 00:00:00+00:00, run_after=2026-04-01 00:00:00+00:00
[2026-04-01T22:30:34.232+0200] {processor.py:183} INFO - Processing /home/malte/try_rag/.venv/lib/python3.12/site-packages/airflow/example_dags/example_short_circuit_decorator.py took 0.607 seconds
[2026-04-01T22:31:48.368+0200] {processor.py:161} INFO - Started process (PID=45919) to work on /home/malte/try_rag/.venv/lib/python3.12/site-packages/airflow/example_dags/example_short_circuit_decorator.py
[2026-04-01T22:31:48.372+0200] {processor.py:830} INFO - Processing file /home/malte/try_rag/.venv/lib/python3.12/site-packages/airflow/example_dags/example_short_circuit_decorator.py for tasks to queue
[2026-04-01T22:31:48.374+0200] {logging_mixin.py:188} INFO - [2026-04-01T22:31:48.373+0200] {dagbag.py:545} INFO - Filling up the DagBag from /home/malte/try_rag/.venv/lib/python3.12/site-packages/airflow/example_dags/example_short_circuit_decorator.py
[2026-04-01T22:31:48.399+0200] {processor.py:840} INFO - DAG(s) 'example_short_circuit_decorator' retrieved from /home/malte/try_rag/.venv/lib/python3.12/site-packages/airflow/example_dags/example_short_circuit_decorator.py
[2026-04-01T22:31:48.444+0200] {logging_mixin.py:188} INFO - [2026-04-01T22:31:48.443+0200] {dag.py:3096} INFO - Sync 1 DAGs
[2026-04-01T22:31:48.489+0200] {logging_mixin.py:188} INFO - [2026-04-01T22:31:48.488+0200] {dag.py:3954} INFO - Setting next_dagrun for example_short_circuit_decorator to 2026-03-31 00:00:00+00:00, run_after=2026-04-01 00:00:00+00:00
[2026-04-01T22:31:48.544+0200] {processor.py:183} INFO - Processing /home/malte/try_rag/.venv/lib/python3.12/site-packages/airflow/example_dags/example_short_circuit_decorator.py took 0.191 seconds
[2026-04-01T22:32:58.930+0200] {processor.py:161} INFO - Started process (PID=46144) to work on /home/malte/try_rag/.venv/lib/python3.12/site-packages/airflow/example_dags/example_short_circuit_decorator.py
[2026-04-01T22:32:58.933+0200] {processor.py:830} INFO - Processing file /home/malte/try_rag/.venv/lib/python3.12/site-packages/airflow/example_dags/example_short_circuit_decorator.py for tasks to queue
[2026-04-01T22:32:58.936+0200] {logging_mixin.py:188} INFO - [2026-04-01T22:32:58.935+0200] {dagbag.py:545} INFO - Filling up the DagBag from /home/malte/try_rag/.venv/lib/python3.12/site-packages/airflow/example_dags/example_short_circuit_decorator.py
[2026-04-01T22:32:58.971+0200] {processor.py:840} INFO - DAG(s) 'example_short_circuit_decorator' retrieved from /home/malte/try_rag/.venv/lib/python3.12/site-packages/airflow/example_dags/example_short_circuit_decorator.py
[2026-04-01T22:32:59.020+0200] {logging_mixin.py:188} INFO - [2026-04-01T22:32:59.019+0200] {dag.py:3096} INFO - Sync 1 DAGs
[2026-04-01T22:32:59.081+0200] {logging_mixin.py:188} INFO - [2026-04-01T22:32:59.080+0200] {dag.py:3954} INFO - Setting next_dagrun for example_short_circuit_decorator to 2026-03-31 00:00:00+00:00, run_after=2026-04-01 00:00:00+00:00
[2026-04-01T22:32:59.148+0200] {processor.py:183} INFO - Processing /home/malte/try_rag/.venv/lib/python3.12/site-packages/airflow/example_dags/example_short_circuit_decorator.py took 0.233 seconds
[2026-04-01T22:34:12.882+0200] {processor.py:161} INFO - Started process (PID=46450) to work on /home/malte/try_rag/.venv/lib/python3.12/site-packages/airflow/example_dags/example_short_circuit_decorator.py
[2026-04-01T22:34:12.885+0200] {processor.py:830} INFO - Processing file /home/malte/try_rag/.venv/lib/python3.12/site-packages/airflow/example_dags/example_short_circuit_decorator.py for tasks to queue
[2026-04-01T22:34:12.887+0200] {logging_mixin.py:188} INFO - [2026-04-01T22:34:12.886+0200] {dagbag.py:545} INFO - Filling up the DagBag from /home/malte/try_rag/.venv/lib/python3.12/site-packages/airflow/example_dags/example_short_circuit_decorator.py
[2026-04-01T22:34:12.911+0200] {processor.py:840} INFO - DAG(s) 'example_short_circuit_decorator' retrieved from /home/malte/try_rag/.venv/lib/python3.12/site-packages/airflow/example_dags/example_short_circuit_decorator.py
[2026-04-01T22:34:12.956+0200] {logging_mixin.py:188} INFO - [2026-04-01T22:34:12.955+0200] {dag.py:3096} INFO - Sync 1 DAGs
[2026-04-01T22:34:12.998+0200] {logging_mixin.py:188} INFO - [2026-04-01T22:34:12.998+0200] {dag.py:3954} INFO - Setting next_dagrun for example_short_circuit_decorator to 2026-03-31 00:00:00+00:00, run_after=2026-04-01 00:00:00+00:00
[2026-04-01T22:34:13.051+0200] {processor.py:183} INFO - Processing /home/malte/try_rag/.venv/lib/python3.12/site-packages/airflow/example_dags/example_short_circuit_decorator.py took 0.189 seconds
[2026-04-01T22:35:26.062+0200] {processor.py:161} INFO - Started process (PID=46714) to work on /home/malte/try_rag/.venv/lib/python3.12/site-packages/airflow/example_dags/example_short_circuit_decorator.py
[2026-04-01T22:35:26.076+0200] {processor.py:830} INFO - Processing file /home/malte/try_rag/.venv/lib/python3.12/site-packages/airflow/example_dags/example_short_circuit_decorator.py for tasks to queue
[2026-04-01T22:35:26.079+0200] {logging_mixin.py:188} INFO - [2026-04-01T22:35:26.077+0200] {dagbag.py:545} INFO - Filling up the DagBag from /home/malte/try_rag/.venv/lib/python3.12/site-packages/airflow/example_dags/example_short_circuit_decorator.py
[2026-04-01T22:35:26.112+0200] {processor.py:840} INFO - DAG(s) 'example_short_circuit_decorator' retrieved from /home/malte/try_rag/.venv/lib/python3.12/site-packages/airflow/example_dags/example_short_circuit_decorator.py
[2026-04-01T22:35:26.166+0200] {logging_mixin.py:188} INFO - [2026-04-01T22:35:26.165+0200] {dag.py:3096} INFO - Sync 1 DAGs
[2026-04-01T22:35:26.583+0200] {logging_mixin.py:188} INFO - [2026-04-01T22:35:26.583+0200] {dag.py:3954} INFO - Setting next_dagrun for example_short_circuit_decorator to 2026-03-31 00:00:00+00:00, run_after=2026-04-01 00:00:00+00:00
[2026-04-01T22:35:26.626+0200] {processor.py:183} INFO - Processing /home/malte/try_rag/.venv/lib/python3.12/site-packages/airflow/example_dags/example_short_circuit_decorator.py took 0.582 seconds
