[2026-04-01T22:14:49.487+0200] {processor.py:161} INFO - Started process (PID=42909) to work on /home/malte/try_rag/.venv/lib/python3.12/site-packages/airflow/example_dags/example_branch_operator.py
[2026-04-01T22:14:49.491+0200] {processor.py:830} INFO - Processing file /home/malte/try_rag/.venv/lib/python3.12/site-packages/airflow/example_dags/example_branch_operator.py for tasks to queue
[2026-04-01T22:14:49.494+0200] {logging_mixin.py:188} INFO - [2026-04-01T22:14:49.492+0200] {dagbag.py:545} INFO - Filling up the DagBag from /home/malte/try_rag/.venv/lib/python3.12/site-packages/airflow/example_dags/example_branch_operator.py
[2026-04-01T22:14:49.546+0200] {processor.py:840} INFO - DAG(s) 'example_branch_operator' retrieved from /home/malte/try_rag/.venv/lib/python3.12/site-packages/airflow/example_dags/example_branch_operator.py
[2026-04-01T22:14:49.860+0200] {logging_mixin.py:188} INFO - [2026-04-01T22:14:49.859+0200] {override.py:1930} INFO - Created Permission View: can edit on DAG:example_branch_operator
[2026-04-01T22:14:49.896+0200] {logging_mixin.py:188} INFO - [2026-04-01T22:14:49.895+0200] {override.py:1930} INFO - Created Permission View: can read on DAG:example_branch_operator
[2026-04-01T22:14:49.927+0200] {logging_mixin.py:188} INFO - [2026-04-01T22:14:49.926+0200] {override.py:1930} INFO - Created Permission View: can delete on DAG:example_branch_operator
[2026-04-01T22:14:49.929+0200] {logging_mixin.py:188} INFO - [2026-04-01T22:14:49.928+0200] {dag.py:3096} INFO - Sync 1 DAGs
[2026-04-01T22:14:49.955+0200] {logging_mixin.py:188} INFO - [2026-04-01T22:14:49.955+0200] {dag.py:3118} INFO - Creating ORM DAG for example_branch_operator
[2026-04-01T22:14:49.982+0200] {logging_mixin.py:188} INFO - [2026-04-01T22:14:49.981+0200] {dag.py:3954} INFO - Setting next_dagrun for example_branch_operator to 2026-03-31 00:00:00+00:00, run_after=2026-04-01 00:00:00+00:00
[2026-04-01T22:14:50.061+0200] {processor.py:183} INFO - Processing /home/malte/try_rag/.venv/lib/python3.12/site-packages/airflow/example_dags/example_branch_operator.py took 0.595 seconds
[2026-04-01T22:16:10.661+0200] {processor.py:161} INFO - Started process (PID=43073) to work on /home/malte/try_rag/.venv/lib/python3.12/site-packages/airflow/example_dags/example_branch_operator.py
[2026-04-01T22:16:10.666+0200] {processor.py:830} INFO - Processing file /home/malte/try_rag/.venv/lib/python3.12/site-packages/airflow/example_dags/example_branch_operator.py for tasks to queue
[2026-04-01T22:16:10.670+0200] {logging_mixin.py:188} INFO - [2026-04-01T22:16:10.669+0200] {dagbag.py:545} INFO - Filling up the DagBag from /home/malte/try_rag/.venv/lib/python3.12/site-packages/airflow/example_dags/example_branch_operator.py
[2026-04-01T22:16:10.734+0200] {processor.py:840} INFO - DAG(s) 'example_branch_operator' retrieved from /home/malte/try_rag/.venv/lib/python3.12/site-packages/airflow/example_dags/example_branch_operator.py
[2026-04-01T22:16:10.828+0200] {logging_mixin.py:188} INFO - [2026-04-01T22:16:10.827+0200] {dag.py:3096} INFO - Sync 1 DAGs
[2026-04-01T22:16:10.906+0200] {logging_mixin.py:188} INFO - [2026-04-01T22:16:10.905+0200] {dag.py:3954} INFO - Setting next_dagrun for example_branch_operator to 2026-03-31 00:00:00+00:00, run_after=2026-04-01 00:00:00+00:00
[2026-04-01T22:16:10.979+0200] {processor.py:183} INFO - Processing /home/malte/try_rag/.venv/lib/python3.12/site-packages/airflow/example_dags/example_branch_operator.py took 0.358 seconds
[2026-04-01T22:17:27.761+0200] {processor.py:161} INFO - Started process (PID=43224) to work on /home/malte/try_rag/.venv/lib/python3.12/site-packages/airflow/example_dags/example_branch_operator.py
[2026-04-01T22:17:27.764+0200] {processor.py:830} INFO - Processing file /home/malte/try_rag/.venv/lib/python3.12/site-packages/airflow/example_dags/example_branch_operator.py for tasks to queue
[2026-04-01T22:17:27.768+0200] {logging_mixin.py:188} INFO - [2026-04-01T22:17:27.766+0200] {dagbag.py:545} INFO - Filling up the DagBag from /home/malte/try_rag/.venv/lib/python3.12/site-packages/airflow/example_dags/example_branch_operator.py
[2026-04-01T22:17:27.817+0200] {processor.py:840} INFO - DAG(s) 'example_branch_operator' retrieved from /home/malte/try_rag/.venv/lib/python3.12/site-packages/airflow/example_dags/example_branch_operator.py
[2026-04-01T22:17:27.894+0200] {logging_mixin.py:188} INFO - [2026-04-01T22:17:27.893+0200] {dag.py:3096} INFO - Sync 1 DAGs
[2026-04-01T22:17:27.955+0200] {logging_mixin.py:188} INFO - [2026-04-01T22:17:27.954+0200] {dag.py:3954} INFO - Setting next_dagrun for example_branch_operator to 2026-03-31 00:00:00+00:00, run_after=2026-04-01 00:00:00+00:00
[2026-04-01T22:17:28.018+0200] {processor.py:183} INFO - Processing /home/malte/try_rag/.venv/lib/python3.12/site-packages/airflow/example_dags/example_branch_operator.py took 0.276 seconds
[2026-04-01T22:18:42.170+0200] {processor.py:161} INFO - Started process (PID=43401) to work on /home/malte/try_rag/.venv/lib/python3.12/site-packages/airflow/example_dags/example_branch_operator.py
[2026-04-01T22:18:42.176+0200] {processor.py:830} INFO - Processing file /home/malte/try_rag/.venv/lib/python3.12/site-packages/airflow/example_dags/example_branch_operator.py for tasks to queue
[2026-04-01T22:18:42.183+0200] {logging_mixin.py:188} INFO - [2026-04-01T22:18:42.180+0200] {dagbag.py:545} INFO - Filling up the DagBag from /home/malte/try_rag/.venv/lib/python3.12/site-packages/airflow/example_dags/example_branch_operator.py
[2026-04-01T22:18:42.282+0200] {processor.py:840} INFO - DAG(s) 'example_branch_operator' retrieved from /home/malte/try_rag/.venv/lib/python3.12/site-packages/airflow/example_dags/example_branch_operator.py
[2026-04-01T22:18:42.917+0200] {logging_mixin.py:188} INFO - [2026-04-01T22:18:42.916+0200] {dag.py:3096} INFO - Sync 1 DAGs
[2026-04-01T22:18:42.974+0200] {logging_mixin.py:188} INFO - [2026-04-01T22:18:42.973+0200] {dag.py:3954} INFO - Setting next_dagrun for example_branch_operator to 2026-03-31 00:00:00+00:00, run_after=2026-04-01 00:00:00+00:00
[2026-04-01T22:18:43.040+0200] {processor.py:183} INFO - Processing /home/malte/try_rag/.venv/lib/python3.12/site-packages/airflow/example_dags/example_branch_operator.py took 0.903 seconds
[2026-04-01T22:20:15.437+0200] {processor.py:161} INFO - Started process (PID=43575) to work on /home/malte/try_rag/.venv/lib/python3.12/site-packages/airflow/example_dags/example_branch_operator.py
[2026-04-01T22:20:15.451+0200] {processor.py:830} INFO - Processing file /home/malte/try_rag/.venv/lib/python3.12/site-packages/airflow/example_dags/example_branch_operator.py for tasks to queue
[2026-04-01T22:20:15.454+0200] {logging_mixin.py:188} INFO - [2026-04-01T22:20:15.453+0200] {dagbag.py:545} INFO - Filling up the DagBag from /home/malte/try_rag/.venv/lib/python3.12/site-packages/airflow/example_dags/example_branch_operator.py
[2026-04-01T22:20:15.508+0200] {processor.py:840} INFO - DAG(s) 'example_branch_operator' retrieved from /home/malte/try_rag/.venv/lib/python3.12/site-packages/airflow/example_dags/example_branch_operator.py
[2026-04-01T22:20:15.591+0200] {logging_mixin.py:188} INFO - [2026-04-01T22:20:15.590+0200] {dag.py:3096} INFO - Sync 1 DAGs
[2026-04-01T22:20:15.693+0200] {logging_mixin.py:188} INFO - [2026-04-01T22:20:15.693+0200] {dag.py:3954} INFO - Setting next_dagrun for example_branch_operator to 2026-03-31 00:00:00+00:00, run_after=2026-04-01 00:00:00+00:00
[2026-04-01T22:20:15.761+0200] {processor.py:183} INFO - Processing /home/malte/try_rag/.venv/lib/python3.12/site-packages/airflow/example_dags/example_branch_operator.py took 0.343 seconds
[2026-04-01T22:21:29.044+0200] {processor.py:161} INFO - Started process (PID=43717) to work on /home/malte/try_rag/.venv/lib/python3.12/site-packages/airflow/example_dags/example_branch_operator.py
[2026-04-01T22:21:29.061+0200] {processor.py:830} INFO - Processing file /home/malte/try_rag/.venv/lib/python3.12/site-packages/airflow/example_dags/example_branch_operator.py for tasks to queue
[2026-04-01T22:21:29.065+0200] {logging_mixin.py:188} INFO - [2026-04-01T22:21:29.063+0200] {dagbag.py:545} INFO - Filling up the DagBag from /home/malte/try_rag/.venv/lib/python3.12/site-packages/airflow/example_dags/example_branch_operator.py
[2026-04-01T22:21:29.119+0200] {processor.py:840} INFO - DAG(s) 'example_branch_operator' retrieved from /home/malte/try_rag/.venv/lib/python3.12/site-packages/airflow/example_dags/example_branch_operator.py
[2026-04-01T22:21:29.201+0200] {logging_mixin.py:188} INFO - [2026-04-01T22:21:29.200+0200] {dag.py:3096} INFO - Sync 1 DAGs
[2026-04-01T22:21:29.270+0200] {logging_mixin.py:188} INFO - [2026-04-01T22:21:29.269+0200] {dag.py:3954} INFO - Setting next_dagrun for example_branch_operator to 2026-03-31 00:00:00+00:00, run_after=2026-04-01 00:00:00+00:00
[2026-04-01T22:21:29.384+0200] {processor.py:183} INFO - Processing /home/malte/try_rag/.venv/lib/python3.12/site-packages/airflow/example_dags/example_branch_operator.py took 0.358 seconds
[2026-04-01T22:22:42.450+0200] {processor.py:161} INFO - Started process (PID=43873) to work on /home/malte/try_rag/.venv/lib/python3.12/site-packages/airflow/example_dags/example_branch_operator.py
[2026-04-01T22:22:42.454+0200] {processor.py:830} INFO - Processing file /home/malte/try_rag/.venv/lib/python3.12/site-packages/airflow/example_dags/example_branch_operator.py for tasks to queue
[2026-04-01T22:22:42.456+0200] {logging_mixin.py:188} INFO - [2026-04-01T22:22:42.455+0200] {dagbag.py:545} INFO - Filling up the DagBag from /home/malte/try_rag/.venv/lib/python3.12/site-packages/airflow/example_dags/example_branch_operator.py
[2026-04-01T22:22:42.501+0200] {processor.py:840} INFO - DAG(s) 'example_branch_operator' retrieved from /home/malte/try_rag/.venv/lib/python3.12/site-packages/airflow/example_dags/example_branch_operator.py
[2026-04-01T22:22:42.560+0200] {logging_mixin.py:188} INFO - [2026-04-01T22:22:42.559+0200] {dag.py:3096} INFO - Sync 1 DAGs
[2026-04-01T22:22:42.608+0200] {logging_mixin.py:188} INFO - [2026-04-01T22:22:42.607+0200] {dag.py:3954} INFO - Setting next_dagrun for example_branch_operator to 2026-03-31 00:00:00+00:00, run_after=2026-04-01 00:00:00+00:00
[2026-04-01T22:22:42.661+0200] {processor.py:183} INFO - Processing /home/malte/try_rag/.venv/lib/python3.12/site-packages/airflow/example_dags/example_branch_operator.py took 0.227 seconds
[2026-04-01T22:23:56.044+0200] {processor.py:161} INFO - Started process (PID=44044) to work on /home/malte/try_rag/.venv/lib/python3.12/site-packages/airflow/example_dags/example_branch_operator.py
[2026-04-01T22:23:56.060+0200] {processor.py:830} INFO - Processing file /home/malte/try_rag/.venv/lib/python3.12/site-packages/airflow/example_dags/example_branch_operator.py for tasks to queue
[2026-04-01T22:23:56.063+0200] {logging_mixin.py:188} INFO - [2026-04-01T22:23:56.062+0200] {dagbag.py:545} INFO - Filling up the DagBag from /home/malte/try_rag/.venv/lib/python3.12/site-packages/airflow/example_dags/example_branch_operator.py
[2026-04-01T22:23:56.113+0200] {processor.py:840} INFO - DAG(s) 'example_branch_operator' retrieved from /home/malte/try_rag/.venv/lib/python3.12/site-packages/airflow/example_dags/example_branch_operator.py
[2026-04-01T22:23:56.179+0200] {logging_mixin.py:188} INFO - [2026-04-01T22:23:56.179+0200] {dag.py:3096} INFO - Sync 1 DAGs
[2026-04-01T22:23:56.233+0200] {logging_mixin.py:188} INFO - [2026-04-01T22:23:56.232+0200] {dag.py:3954} INFO - Setting next_dagrun for example_branch_operator to 2026-03-31 00:00:00+00:00, run_after=2026-04-01 00:00:00+00:00
[2026-04-01T22:23:56.296+0200] {processor.py:183} INFO - Processing /home/malte/try_rag/.venv/lib/python3.12/site-packages/airflow/example_dags/example_branch_operator.py took 0.276 seconds
[2026-04-01T22:25:08.485+0200] {processor.py:161} INFO - Started process (PID=44193) to work on /home/malte/try_rag/.venv/lib/python3.12/site-packages/airflow/example_dags/example_branch_operator.py
[2026-04-01T22:25:08.500+0200] {processor.py:830} INFO - Processing file /home/malte/try_rag/.venv/lib/python3.12/site-packages/airflow/example_dags/example_branch_operator.py for tasks to queue
[2026-04-01T22:25:08.503+0200] {logging_mixin.py:188} INFO - [2026-04-01T22:25:08.501+0200] {dagbag.py:545} INFO - Filling up the DagBag from /home/malte/try_rag/.venv/lib/python3.12/site-packages/airflow/example_dags/example_branch_operator.py
[2026-04-01T22:25:08.559+0200] {processor.py:840} INFO - DAG(s) 'example_branch_operator' retrieved from /home/malte/try_rag/.venv/lib/python3.12/site-packages/airflow/example_dags/example_branch_operator.py
[2026-04-01T22:25:08.629+0200] {logging_mixin.py:188} INFO - [2026-04-01T22:25:08.628+0200] {dag.py:3096} INFO - Sync 1 DAGs
[2026-04-01T22:25:08.717+0200] {logging_mixin.py:188} INFO - [2026-04-01T22:25:08.717+0200] {dag.py:3954} INFO - Setting next_dagrun for example_branch_operator to 2026-03-31 00:00:00+00:00, run_after=2026-04-01 00:00:00+00:00
[2026-04-01T22:25:08.787+0200] {processor.py:183} INFO - Processing /home/malte/try_rag/.venv/lib/python3.12/site-packages/airflow/example_dags/example_branch_operator.py took 0.321 seconds
[2026-04-01T22:31:08.648+0200] {processor.py:161} INFO - Started process (PID=45840) to work on /home/malte/try_rag/.venv/lib/python3.12/site-packages/airflow/example_dags/example_branch_operator.py
[2026-04-01T22:31:08.652+0200] {processor.py:830} INFO - Processing file /home/malte/try_rag/.venv/lib/python3.12/site-packages/airflow/example_dags/example_branch_operator.py for tasks to queue
[2026-04-01T22:31:08.655+0200] {logging_mixin.py:188} INFO - [2026-04-01T22:31:08.653+0200] {dagbag.py:545} INFO - Filling up the DagBag from /home/malte/try_rag/.venv/lib/python3.12/site-packages/airflow/example_dags/example_branch_operator.py
[2026-04-01T22:31:08.706+0200] {processor.py:840} INFO - DAG(s) 'example_branch_operator' retrieved from /home/malte/try_rag/.venv/lib/python3.12/site-packages/airflow/example_dags/example_branch_operator.py
[2026-04-01T22:31:08.997+0200] {logging_mixin.py:188} INFO - [2026-04-01T22:31:08.996+0200] {dag.py:3096} INFO - Sync 1 DAGs
[2026-04-01T22:31:09.059+0200] {logging_mixin.py:188} INFO - [2026-04-01T22:31:09.059+0200] {dag.py:3954} INFO - Setting next_dagrun for example_branch_operator to 2026-03-31 00:00:00+00:00, run_after=2026-04-01 00:00:00+00:00
[2026-04-01T22:31:09.120+0200] {processor.py:183} INFO - Processing /home/malte/try_rag/.venv/lib/python3.12/site-packages/airflow/example_dags/example_branch_operator.py took 0.491 seconds
[2026-04-01T22:32:28.601+0200] {processor.py:161} INFO - Started process (PID=46059) to work on /home/malte/try_rag/.venv/lib/python3.12/site-packages/airflow/example_dags/example_branch_operator.py
[2026-04-01T22:32:28.605+0200] {processor.py:830} INFO - Processing file /home/malte/try_rag/.venv/lib/python3.12/site-packages/airflow/example_dags/example_branch_operator.py for tasks to queue
[2026-04-01T22:32:28.608+0200] {logging_mixin.py:188} INFO - [2026-04-01T22:32:28.607+0200] {dagbag.py:545} INFO - Filling up the DagBag from /home/malte/try_rag/.venv/lib/python3.12/site-packages/airflow/example_dags/example_branch_operator.py
[2026-04-01T22:32:28.670+0200] {processor.py:840} INFO - DAG(s) 'example_branch_operator' retrieved from /home/malte/try_rag/.venv/lib/python3.12/site-packages/airflow/example_dags/example_branch_operator.py
[2026-04-01T22:32:28.787+0200] {logging_mixin.py:188} INFO - [2026-04-01T22:32:28.786+0200] {dag.py:3096} INFO - Sync 1 DAGs
[2026-04-01T22:32:28.857+0200] {logging_mixin.py:188} INFO - [2026-04-01T22:32:28.856+0200] {dag.py:3954} INFO - Setting next_dagrun for example_branch_operator to 2026-03-31 00:00:00+00:00, run_after=2026-04-01 00:00:00+00:00
[2026-04-01T22:32:28.951+0200] {processor.py:183} INFO - Processing /home/malte/try_rag/.venv/lib/python3.12/site-packages/airflow/example_dags/example_branch_operator.py took 0.369 seconds
[2026-04-01T22:33:43.761+0200] {processor.py:161} INFO - Started process (PID=46324) to work on /home/malte/try_rag/.venv/lib/python3.12/site-packages/airflow/example_dags/example_branch_operator.py
[2026-04-01T22:33:43.765+0200] {processor.py:830} INFO - Processing file /home/malte/try_rag/.venv/lib/python3.12/site-packages/airflow/example_dags/example_branch_operator.py for tasks to queue
[2026-04-01T22:33:43.768+0200] {logging_mixin.py:188} INFO - [2026-04-01T22:33:43.766+0200] {dagbag.py:545} INFO - Filling up the DagBag from /home/malte/try_rag/.venv/lib/python3.12/site-packages/airflow/example_dags/example_branch_operator.py
[2026-04-01T22:33:43.816+0200] {processor.py:840} INFO - DAG(s) 'example_branch_operator' retrieved from /home/malte/try_rag/.venv/lib/python3.12/site-packages/airflow/example_dags/example_branch_operator.py
[2026-04-01T22:33:43.891+0200] {logging_mixin.py:188} INFO - [2026-04-01T22:33:43.891+0200] {dag.py:3096} INFO - Sync 1 DAGs
[2026-04-01T22:33:43.943+0200] {logging_mixin.py:188} INFO - [2026-04-01T22:33:43.943+0200] {dag.py:3954} INFO - Setting next_dagrun for example_branch_operator to 2026-03-31 00:00:00+00:00, run_after=2026-04-01 00:00:00+00:00
[2026-04-01T22:33:44.008+0200] {processor.py:183} INFO - Processing /home/malte/try_rag/.venv/lib/python3.12/site-packages/airflow/example_dags/example_branch_operator.py took 0.271 seconds
[2026-04-01T22:34:50.342+0200] {processor.py:161} INFO - Started process (PID=46521) to work on /home/malte/try_rag/.venv/lib/python3.12/site-packages/airflow/example_dags/example_branch_operator.py
[2026-04-01T22:34:50.346+0200] {processor.py:830} INFO - Processing file /home/malte/try_rag/.venv/lib/python3.12/site-packages/airflow/example_dags/example_branch_operator.py for tasks to queue
[2026-04-01T22:34:50.348+0200] {logging_mixin.py:188} INFO - [2026-04-01T22:34:50.347+0200] {dagbag.py:545} INFO - Filling up the DagBag from /home/malte/try_rag/.venv/lib/python3.12/site-packages/airflow/example_dags/example_branch_operator.py
[2026-04-01T22:34:50.396+0200] {processor.py:840} INFO - DAG(s) 'example_branch_operator' retrieved from /home/malte/try_rag/.venv/lib/python3.12/site-packages/airflow/example_dags/example_branch_operator.py
[2026-04-01T22:34:50.474+0200] {logging_mixin.py:188} INFO - [2026-04-01T22:34:50.473+0200] {dag.py:3096} INFO - Sync 1 DAGs
[2026-04-01T22:34:50.849+0200] {logging_mixin.py:188} INFO - [2026-04-01T22:34:50.849+0200] {dag.py:3954} INFO - Setting next_dagrun for example_branch_operator to 2026-03-31 00:00:00+00:00, run_after=2026-04-01 00:00:00+00:00
[2026-04-01T22:34:50.920+0200] {processor.py:183} INFO - Processing /home/malte/try_rag/.venv/lib/python3.12/site-packages/airflow/example_dags/example_branch_operator.py took 0.594 seconds
[2026-04-01T22:36:14.146+0200] {processor.py:161} INFO - Started process (PID=46863) to work on /home/malte/try_rag/.venv/lib/python3.12/site-packages/airflow/example_dags/example_branch_operator.py
[2026-04-01T22:36:14.150+0200] {processor.py:830} INFO - Processing file /home/malte/try_rag/.venv/lib/python3.12/site-packages/airflow/example_dags/example_branch_operator.py for tasks to queue
[2026-04-01T22:36:14.152+0200] {logging_mixin.py:188} INFO - [2026-04-01T22:36:14.151+0200] {dagbag.py:545} INFO - Filling up the DagBag from /home/malte/try_rag/.venv/lib/python3.12/site-packages/airflow/example_dags/example_branch_operator.py
[2026-04-01T22:36:14.203+0200] {processor.py:840} INFO - DAG(s) 'example_branch_operator' retrieved from /home/malte/try_rag/.venv/lib/python3.12/site-packages/airflow/example_dags/example_branch_operator.py
[2026-04-01T22:36:14.270+0200] {logging_mixin.py:188} INFO - [2026-04-01T22:36:14.269+0200] {dag.py:3096} INFO - Sync 1 DAGs
[2026-04-01T22:36:14.337+0200] {logging_mixin.py:188} INFO - [2026-04-01T22:36:14.337+0200] {dag.py:3954} INFO - Setting next_dagrun for example_branch_operator to 2026-03-31 00:00:00+00:00, run_after=2026-04-01 00:00:00+00:00
[2026-04-01T22:36:14.406+0200] {processor.py:183} INFO - Processing /home/malte/try_rag/.venv/lib/python3.12/site-packages/airflow/example_dags/example_branch_operator.py took 0.278 seconds
