[2026-04-01T22:14:12.174+0200] {processor.py:161} INFO - Started process (PID=42850) to work on /home/malte/try_rag/.venv/lib/python3.12/site-packages/airflow/example_dags/example_short_circuit_operator.py
[2026-04-01T22:14:12.178+0200] {processor.py:830} INFO - Processing file /home/malte/try_rag/.venv/lib/python3.12/site-packages/airflow/example_dags/example_short_circuit_operator.py for tasks to queue
[2026-04-01T22:14:12.180+0200] {logging_mixin.py:188} INFO - [2026-04-01T22:14:12.179+0200] {dagbag.py:545} INFO - Filling up the DagBag from /home/malte/try_rag/.venv/lib/python3.12/site-packages/airflow/example_dags/example_short_circuit_operator.py
[2026-04-01T22:14:12.215+0200] {processor.py:840} INFO - DAG(s) 'example_short_circuit_operator' retrieved from /home/malte/try_rag/.venv/lib/python3.12/site-packages/airflow/example_dags/example_short_circuit_operator.py
[2026-04-01T22:14:12.533+0200] {logging_mixin.py:188} INFO - [2026-04-01T22:14:12.532+0200] {override.py:1930} INFO - Created Permission View: can edit on DAG:example_short_circuit_operator
[2026-04-01T22:14:12.563+0200] {logging_mixin.py:188} INFO - [2026-04-01T22:14:12.562+0200] {override.py:1930} INFO - Created Permission View: can read on DAG:example_short_circuit_operator
[2026-04-01T22:14:12.586+0200] {logging_mixin.py:188} INFO - [2026-04-01T22:14:12.585+0200] {override.py:1930} INFO - Created Permission View: can delete on DAG:example_short_circuit_operator
[2026-04-01T22:14:12.587+0200] {logging_mixin.py:188} INFO - [2026-04-01T22:14:12.586+0200] {dag.py:3096} INFO - Sync 1 DAGs
[2026-04-01T22:14:12.625+0200] {logging_mixin.py:188} INFO - [2026-04-01T22:14:12.624+0200] {dag.py:3118} INFO - Creating ORM DAG for example_short_circuit_operator
[2026-04-01T22:14:12.648+0200] {logging_mixin.py:188} INFO - [2026-04-01T22:14:12.648+0200] {dag.py:3954} INFO - Setting next_dagrun for example_short_circuit_operator to 2026-03-31 00:00:00+00:00, run_after=2026-04-01 00:00:00+00:00
[2026-04-01T22:14:12.702+0200] {processor.py:183} INFO - Processing /home/malte/try_rag/.venv/lib/python3.12/site-packages/airflow/example_dags/example_short_circuit_operator.py took 0.550 seconds
[2026-04-01T22:15:26.355+0200] {processor.py:161} INFO - Started process (PID=42988) to work on /home/malte/try_rag/.venv/lib/python3.12/site-packages/airflow/example_dags/example_short_circuit_operator.py
[2026-04-01T22:15:26.370+0200] {processor.py:830} INFO - Processing file /home/malte/try_rag/.venv/lib/python3.12/site-packages/airflow/example_dags/example_short_circuit_operator.py for tasks to queue
[2026-04-01T22:15:26.372+0200] {logging_mixin.py:188} INFO - [2026-04-01T22:15:26.371+0200] {dagbag.py:545} INFO - Filling up the DagBag from /home/malte/try_rag/.venv/lib/python3.12/site-packages/airflow/example_dags/example_short_circuit_operator.py
[2026-04-01T22:15:26.393+0200] {processor.py:840} INFO - DAG(s) 'example_short_circuit_operator' retrieved from /home/malte/try_rag/.venv/lib/python3.12/site-packages/airflow/example_dags/example_short_circuit_operator.py
[2026-04-01T22:15:26.443+0200] {logging_mixin.py:188} INFO - [2026-04-01T22:15:26.443+0200] {dag.py:3096} INFO - Sync 1 DAGs
[2026-04-01T22:15:26.498+0200] {logging_mixin.py:188} INFO - [2026-04-01T22:15:26.497+0200] {dag.py:3954} INFO - Setting next_dagrun for example_short_circuit_operator to 2026-03-31 00:00:00+00:00, run_after=2026-04-01 00:00:00+00:00
[2026-04-01T22:15:26.564+0200] {processor.py:183} INFO - Processing /home/malte/try_rag/.venv/lib/python3.12/site-packages/airflow/example_dags/example_short_circuit_operator.py took 0.224 seconds
[2026-04-01T22:16:41.373+0200] {processor.py:161} INFO - Started process (PID=43137) to work on /home/malte/try_rag/.venv/lib/python3.12/site-packages/airflow/example_dags/example_short_circuit_operator.py
[2026-04-01T22:16:41.378+0200] {processor.py:830} INFO - Processing file /home/malte/try_rag/.venv/lib/python3.12/site-packages/airflow/example_dags/example_short_circuit_operator.py for tasks to queue
[2026-04-01T22:16:41.380+0200] {logging_mixin.py:188} INFO - [2026-04-01T22:16:41.379+0200] {dagbag.py:545} INFO - Filling up the DagBag from /home/malte/try_rag/.venv/lib/python3.12/site-packages/airflow/example_dags/example_short_circuit_operator.py
[2026-04-01T22:16:41.406+0200] {processor.py:840} INFO - DAG(s) 'example_short_circuit_operator' retrieved from /home/malte/try_rag/.venv/lib/python3.12/site-packages/airflow/example_dags/example_short_circuit_operator.py
[2026-04-01T22:16:41.464+0200] {logging_mixin.py:188} INFO - [2026-04-01T22:16:41.463+0200] {dag.py:3096} INFO - Sync 1 DAGs
[2026-04-01T22:16:41.518+0200] {logging_mixin.py:188} INFO - [2026-04-01T22:16:41.518+0200] {dag.py:3954} INFO - Setting next_dagrun for example_short_circuit_operator to 2026-03-31 00:00:00+00:00, run_after=2026-04-01 00:00:00+00:00
[2026-04-01T22:16:41.589+0200] {processor.py:183} INFO - Processing /home/malte/try_rag/.venv/lib/python3.12/site-packages/airflow/example_dags/example_short_circuit_operator.py took 0.233 seconds
[2026-04-01T22:17:56.686+0200] {processor.py:161} INFO - Started process (PID=43285) to work on /home/malte/try_rag/.venv/lib/python3.12/site-packages/airflow/example_dags/example_short_circuit_operator.py
[2026-04-01T22:17:56.691+0200] {processor.py:830} INFO - Processing file /home/malte/try_rag/.venv/lib/python3.12/site-packages/airflow/example_dags/example_short_circuit_operator.py for tasks to queue
[2026-04-01T22:17:56.695+0200] {logging_mixin.py:188} INFO - [2026-04-01T22:17:56.693+0200] {dagbag.py:545} INFO - Filling up the DagBag from /home/malte/try_rag/.venv/lib/python3.12/site-packages/airflow/example_dags/example_short_circuit_operator.py
[2026-04-01T22:17:56.728+0200] {processor.py:840} INFO - DAG(s) 'example_short_circuit_operator' retrieved from /home/malte/try_rag/.venv/lib/python3.12/site-packages/airflow/example_dags/example_short_circuit_operator.py
[2026-04-01T22:17:56.793+0200] {logging_mixin.py:188} INFO - [2026-04-01T22:17:56.793+0200] {dag.py:3096} INFO - Sync 1 DAGs
[2026-04-01T22:17:56.864+0200] {logging_mixin.py:188} INFO - [2026-04-01T22:17:56.863+0200] {dag.py:3954} INFO - Setting next_dagrun for example_short_circuit_operator to 2026-03-31 00:00:00+00:00, run_after=2026-04-01 00:00:00+00:00
[2026-04-01T22:17:56.943+0200] {processor.py:183} INFO - Processing /home/malte/try_rag/.venv/lib/python3.12/site-packages/airflow/example_dags/example_short_circuit_operator.py took 0.275 seconds
[2026-04-01T22:19:22.961+0200] {processor.py:161} INFO - Started process (PID=43475) to work on /home/malte/try_rag/.venv/lib/python3.12/site-packages/airflow/example_dags/example_short_circuit_operator.py
[2026-04-01T22:19:22.977+0200] {processor.py:830} INFO - Processing file /home/malte/try_rag/.venv/lib/python3.12/site-packages/airflow/example_dags/example_short_circuit_operator.py for tasks to queue
[2026-04-01T22:19:22.979+0200] {logging_mixin.py:188} INFO - [2026-04-01T22:19:22.978+0200] {dagbag.py:545} INFO - Filling up the DagBag from /home/malte/try_rag/.venv/lib/python3.12/site-packages/airflow/example_dags/example_short_circuit_operator.py
[2026-04-01T22:19:23.003+0200] {processor.py:840} INFO - DAG(s) 'example_short_circuit_operator' retrieved from /home/malte/try_rag/.venv/lib/python3.12/site-packages/airflow/example_dags/example_short_circuit_operator.py
[2026-04-01T22:19:23.445+0200] {logging_mixin.py:188} INFO - [2026-04-01T22:19:23.444+0200] {dag.py:3096} INFO - Sync 1 DAGs
[2026-04-01T22:19:23.488+0200] {logging_mixin.py:188} INFO - [2026-04-01T22:19:23.488+0200] {dag.py:3954} INFO - Setting next_dagrun for example_short_circuit_operator to 2026-03-31 00:00:00+00:00, run_after=2026-04-01 00:00:00+00:00
[2026-04-01T22:19:23.573+0200] {processor.py:183} INFO - Processing /home/malte/try_rag/.venv/lib/python3.12/site-packages/airflow/example_dags/example_short_circuit_operator.py took 0.631 seconds
[2026-04-01T22:20:44.985+0200] {processor.py:161} INFO - Started process (PID=43634) to work on /home/malte/try_rag/.venv/lib/python3.12/site-packages/airflow/example_dags/example_short_circuit_operator.py
[2026-04-01T22:20:44.988+0200] {processor.py:830} INFO - Processing file /home/malte/try_rag/.venv/lib/python3.12/site-packages/airflow/example_dags/example_short_circuit_operator.py for tasks to queue
[2026-04-01T22:20:44.991+0200] {logging_mixin.py:188} INFO - [2026-04-01T22:20:44.989+0200] {dagbag.py:545} INFO - Filling up the DagBag from /home/malte/try_rag/.venv/lib/python3.12/site-packages/airflow/example_dags/example_short_circuit_operator.py
[2026-04-01T22:20:45.017+0200] {processor.py:840} INFO - DAG(s) 'example_short_circuit_operator' retrieved from /home/malte/try_rag/.venv/lib/python3.12/site-packages/airflow/example_dags/example_short_circuit_operator.py
[2026-04-01T22:20:45.079+0200] {logging_mixin.py:188} INFO - [2026-04-01T22:20:45.078+0200] {dag.py:3096} INFO - Sync 1 DAGs
[2026-04-01T22:20:45.150+0200] {logging_mixin.py:188} INFO - [2026-04-01T22:20:45.149+0200] {dag.py:3954} INFO - Setting next_dagrun for example_short_circuit_operator to 2026-03-31 00:00:00+00:00, run_after=2026-04-01 00:00:00+00:00
[2026-04-01T22:20:45.218+0200] {processor.py:183} INFO - Processing /home/malte/try_rag/.venv/lib/python3.12/site-packages/airflow/example_dags/example_short_circuit_operator.py took 0.255 seconds
[2026-04-01T22:21:58.931+0200] {processor.py:161} INFO - Started process (PID=43785) to work on /home/malte/try_rag/.venv/lib/python3.12/site-packages/airflow/example_dags/example_short_circuit_operator.py
[2026-04-01T22:21:58.946+0200] {processor.py:830} INFO - Processing file /home/malte/try_rag/.venv/lib/python3.12/site-packages/airflow/example_dags/example_short_circuit_operator.py for tasks to queue
[2026-04-01T22:21:58.950+0200] {logging_mixin.py:188} INFO - [2026-04-01T22:21:58.948+0200] {dagbag.py:545} INFO - Filling up the DagBag from /home/malte/try_rag/.venv/lib/python3.12/site-packages/airflow/example_dags/example_short_circuit_operator.py
[2026-04-01T22:21:58.978+0200] {processor.py:840} INFO - DAG(s) 'example_short_circuit_operator' retrieved from /home/malte/try_rag/.venv/lib/python3.12/site-packages/airflow/example_dags/example_short_circuit_operator.py
[2026-04-01T22:21:59.038+0200] {logging_mixin.py:188} INFO - [2026-04-01T22:21:59.037+0200] {dag.py:3096} INFO - Sync 1 DAGs
[2026-04-01T22:21:59.105+0200] {logging_mixin.py:188} INFO - [2026-04-01T22:21:59.105+0200] {dag.py:3954} INFO - Setting next_dagrun for example_short_circuit_operator to 2026-03-31 00:00:00+00:00, run_after=2026-04-01 00:00:00+00:00
[2026-04-01T22:21:59.200+0200] {processor.py:183} INFO - Processing /home/malte/try_rag/.venv/lib/python3.12/site-packages/airflow/example_dags/example_short_circuit_operator.py took 0.292 seconds
[2026-04-01T22:23:12.196+0200] {processor.py:161} INFO - Started process (PID=43932) to work on /home/malte/try_rag/.venv/lib/python3.12/site-packages/airflow/example_dags/example_short_circuit_operator.py
[2026-04-01T22:23:12.199+0200] {processor.py:830} INFO - Processing file /home/malte/try_rag/.venv/lib/python3.12/site-packages/airflow/example_dags/example_short_circuit_operator.py for tasks to queue
[2026-04-01T22:23:12.201+0200] {logging_mixin.py:188} INFO - [2026-04-01T22:23:12.200+0200] {dagbag.py:545} INFO - Filling up the DagBag from /home/malte/try_rag/.venv/lib/python3.12/site-packages/airflow/example_dags/example_short_circuit_operator.py
[2026-04-01T22:23:12.231+0200] {processor.py:840} INFO - DAG(s) 'example_short_circuit_operator' retrieved from /home/malte/try_rag/.venv/lib/python3.12/site-packages/airflow/example_dags/example_short_circuit_operator.py
[2026-04-01T22:23:12.292+0200] {logging_mixin.py:188} INFO - [2026-04-01T22:23:12.292+0200] {dag.py:3096} INFO - Sync 1 DAGs
[2026-04-01T22:23:12.361+0200] {logging_mixin.py:188} INFO - [2026-04-01T22:23:12.360+0200] {dag.py:3954} INFO - Setting next_dagrun for example_short_circuit_operator to 2026-03-31 00:00:00+00:00, run_after=2026-04-01 00:00:00+00:00
[2026-04-01T22:23:12.443+0200] {processor.py:183} INFO - Processing /home/malte/try_rag/.venv/lib/python3.12/site-packages/airflow/example_dags/example_short_circuit_operator.py took 0.267 seconds
[2026-04-01T22:24:25.264+0200] {processor.py:161} INFO - Started process (PID=44107) to work on /home/malte/try_rag/.venv/lib/python3.12/site-packages/airflow/example_dags/example_short_circuit_operator.py
[2026-04-01T22:24:25.280+0200] {processor.py:830} INFO - Processing file /home/malte/try_rag/.venv/lib/python3.12/site-packages/airflow/example_dags/example_short_circuit_operator.py for tasks to queue
[2026-04-01T22:24:25.282+0200] {logging_mixin.py:188} INFO - [2026-04-01T22:24:25.281+0200] {dagbag.py:545} INFO - Filling up the DagBag from /home/malte/try_rag/.venv/lib/python3.12/site-packages/airflow/example_dags/example_short_circuit_operator.py
[2026-04-01T22:24:25.310+0200] {processor.py:840} INFO - DAG(s) 'example_short_circuit_operator' retrieved from /home/malte/try_rag/.venv/lib/python3.12/site-packages/airflow/example_dags/example_short_circuit_operator.py
[2026-04-01T22:24:25.366+0200] {logging_mixin.py:188} INFO - [2026-04-01T22:24:25.365+0200] {dag.py:3096} INFO - Sync 1 DAGs
[2026-04-01T22:24:25.428+0200] {logging_mixin.py:188} INFO - [2026-04-01T22:24:25.427+0200] {dag.py:3954} INFO - Setting next_dagrun for example_short_circuit_operator to 2026-03-31 00:00:00+00:00, run_after=2026-04-01 00:00:00+00:00
[2026-04-01T22:24:25.503+0200] {processor.py:183} INFO - Processing /home/malte/try_rag/.venv/lib/python3.12/site-packages/airflow/example_dags/example_short_circuit_operator.py took 0.258 seconds
[2026-04-01T22:25:35.853+0200] {processor.py:161} INFO - Started process (PID=44296) to work on /home/malte/try_rag/.venv/lib/python3.12/site-packages/airflow/example_dags/example_short_circuit_operator.py
[2026-04-01T22:25:35.857+0200] {processor.py:830} INFO - Processing file /home/malte/try_rag/.venv/lib/python3.12/site-packages/airflow/example_dags/example_short_circuit_operator.py for tasks to queue
[2026-04-01T22:25:35.860+0200] {logging_mixin.py:188} INFO - [2026-04-01T22:25:35.858+0200] {dagbag.py:545} INFO - Filling up the DagBag from /home/malte/try_rag/.venv/lib/python3.12/site-packages/airflow/example_dags/example_short_circuit_operator.py
[2026-04-01T22:25:35.884+0200] {processor.py:840} INFO - DAG(s) 'example_short_circuit_operator' retrieved from /home/malte/try_rag/.venv/lib/python3.12/site-packages/airflow/example_dags/example_short_circuit_operator.py
[2026-04-01T22:25:35.935+0200] {logging_mixin.py:188} INFO - [2026-04-01T22:25:35.935+0200] {dag.py:3096} INFO - Sync 1 DAGs
[2026-04-01T22:25:35.995+0200] {logging_mixin.py:188} INFO - [2026-04-01T22:25:35.994+0200] {dag.py:3954} INFO - Setting next_dagrun for example_short_circuit_operator to 2026-03-31 00:00:00+00:00, run_after=2026-04-01 00:00:00+00:00
[2026-04-01T22:25:36.073+0200] {processor.py:183} INFO - Processing /home/malte/try_rag/.venv/lib/python3.12/site-packages/airflow/example_dags/example_short_circuit_operator.py took 0.240 seconds
[2026-04-01T22:30:32.042+0200] {processor.py:161} INFO - Started process (PID=45721) to work on /home/malte/try_rag/.venv/lib/python3.12/site-packages/airflow/example_dags/example_short_circuit_operator.py
[2026-04-01T22:30:32.045+0200] {processor.py:830} INFO - Processing file /home/malte/try_rag/.venv/lib/python3.12/site-packages/airflow/example_dags/example_short_circuit_operator.py for tasks to queue
[2026-04-01T22:30:32.048+0200] {logging_mixin.py:188} INFO - [2026-04-01T22:30:32.046+0200] {dagbag.py:545} INFO - Filling up the DagBag from /home/malte/try_rag/.venv/lib/python3.12/site-packages/airflow/example_dags/example_short_circuit_operator.py
[2026-04-01T22:30:32.075+0200] {processor.py:840} INFO - DAG(s) 'example_short_circuit_operator' retrieved from /home/malte/try_rag/.venv/lib/python3.12/site-packages/airflow/example_dags/example_short_circuit_operator.py
[2026-04-01T22:30:32.390+0200] {logging_mixin.py:188} INFO - [2026-04-01T22:30:32.389+0200] {dag.py:3096} INFO - Sync 1 DAGs
[2026-04-01T22:30:32.438+0200] {logging_mixin.py:188} INFO - [2026-04-01T22:30:32.437+0200] {dag.py:3954} INFO - Setting next_dagrun for example_short_circuit_operator to 2026-03-31 00:00:00+00:00, run_after=2026-04-01 00:00:00+00:00
[2026-04-01T22:30:32.494+0200] {processor.py:183} INFO - Processing /home/malte/try_rag/.venv/lib/python3.12/site-packages/airflow/example_dags/example_short_circuit_operator.py took 0.467 seconds
[2026-04-01T22:31:47.130+0200] {processor.py:161} INFO - Started process (PID=45912) to work on /home/malte/try_rag/.venv/lib/python3.12/site-packages/airflow/example_dags/example_short_circuit_operator.py
[2026-04-01T22:31:47.134+0200] {processor.py:830} INFO - Processing file /home/malte/try_rag/.venv/lib/python3.12/site-packages/airflow/example_dags/example_short_circuit_operator.py for tasks to queue
[2026-04-01T22:31:47.137+0200] {logging_mixin.py:188} INFO - [2026-04-01T22:31:47.136+0200] {dagbag.py:545} INFO - Filling up the DagBag from /home/malte/try_rag/.venv/lib/python3.12/site-packages/airflow/example_dags/example_short_circuit_operator.py
[2026-04-01T22:31:47.161+0200] {processor.py:840} INFO - DAG(s) 'example_short_circuit_operator' retrieved from /home/malte/try_rag/.venv/lib/python3.12/site-packages/airflow/example_dags/example_short_circuit_operator.py
[2026-04-01T22:31:47.225+0200] {logging_mixin.py:188} INFO - [2026-04-01T22:31:47.224+0200] {dag.py:3096} INFO - Sync 1 DAGs
[2026-04-01T22:31:47.275+0200] {logging_mixin.py:188} INFO - [2026-04-01T22:31:47.274+0200] {dag.py:3954} INFO - Setting next_dagrun for example_short_circuit_operator to 2026-03-31 00:00:00+00:00, run_after=2026-04-01 00:00:00+00:00
[2026-04-01T22:31:47.334+0200] {processor.py:183} INFO - Processing /home/malte/try_rag/.venv/lib/python3.12/site-packages/airflow/example_dags/example_short_circuit_operator.py took 0.222 seconds
[2026-04-01T22:32:57.464+0200] {processor.py:161} INFO - Started process (PID=46117) to work on /home/malte/try_rag/.venv/lib/python3.12/site-packages/airflow/example_dags/example_short_circuit_operator.py
[2026-04-01T22:32:57.470+0200] {processor.py:830} INFO - Processing file /home/malte/try_rag/.venv/lib/python3.12/site-packages/airflow/example_dags/example_short_circuit_operator.py for tasks to queue
[2026-04-01T22:32:57.473+0200] {logging_mixin.py:188} INFO - [2026-04-01T22:32:57.472+0200] {dagbag.py:545} INFO - Filling up the DagBag from /home/malte/try_rag/.venv/lib/python3.12/site-packages/airflow/example_dags/example_short_circuit_operator.py
[2026-04-01T22:32:57.515+0200] {processor.py:840} INFO - DAG(s) 'example_short_circuit_operator' retrieved from /home/malte/try_rag/.venv/lib/python3.12/site-packages/airflow/example_dags/example_short_circuit_operator.py
[2026-04-01T22:32:57.592+0200] {logging_mixin.py:188} INFO - [2026-04-01T22:32:57.592+0200] {dag.py:3096} INFO - Sync 1 DAGs
[2026-04-01T22:32:57.657+0200] {logging_mixin.py:188} INFO - [2026-04-01T22:32:57.657+0200] {dag.py:3954} INFO - Setting next_dagrun for example_short_circuit_operator to 2026-03-31 00:00:00+00:00, run_after=2026-04-01 00:00:00+00:00
[2026-04-01T22:32:57.732+0200] {processor.py:183} INFO - Processing /home/malte/try_rag/.venv/lib/python3.12/site-packages/airflow/example_dags/example_short_circuit_operator.py took 0.296 seconds
[2026-04-01T22:34:11.353+0200] {processor.py:161} INFO - Started process (PID=46447) to work on /home/malte/try_rag/.venv/lib/python3.12/site-packages/airflow/example_dags/example_short_circuit_operator.py
[2026-04-01T22:34:11.356+0200] {processor.py:830} INFO - Processing file /home/malte/try_rag/.venv/lib/python3.12/site-packages/airflow/example_dags/example_short_circuit_operator.py for tasks to queue
[2026-04-01T22:34:11.359+0200] {logging_mixin.py:188} INFO - [2026-04-01T22:34:11.358+0200] {dagbag.py:545} INFO - Filling up the DagBag from /home/malte/try_rag/.venv/lib/python3.12/site-packages/airflow/example_dags/example_short_circuit_operator.py
[2026-04-01T22:34:11.382+0200] {processor.py:840} INFO - DAG(s) 'example_short_circuit_operator' retrieved from /home/malte/try_rag/.venv/lib/python3.12/site-packages/airflow/example_dags/example_short_circuit_operator.py
[2026-04-01T22:34:11.429+0200] {logging_mixin.py:188} INFO - [2026-04-01T22:34:11.429+0200] {dag.py:3096} INFO - Sync 1 DAGs
[2026-04-01T22:34:11.478+0200] {logging_mixin.py:188} INFO - [2026-04-01T22:34:11.478+0200] {dag.py:3954} INFO - Setting next_dagrun for example_short_circuit_operator to 2026-03-31 00:00:00+00:00, run_after=2026-04-01 00:00:00+00:00
[2026-04-01T22:34:11.652+0200] {processor.py:183} INFO - Processing /home/malte/try_rag/.venv/lib/python3.12/site-packages/airflow/example_dags/example_short_circuit_operator.py took 0.319 seconds
[2026-04-01T22:35:24.381+0200] {processor.py:161} INFO - Started process (PID=46713) to work on /home/malte/try_rag/.venv/lib/python3.12/site-packages/airflow/example_dags/example_short_circuit_operator.py
[2026-04-01T22:35:24.385+0200] {processor.py:830} INFO - Processing file /home/malte/try_rag/.venv/lib/python3.12/site-packages/airflow/example_dags/example_short_circuit_operator.py for tasks to queue
[2026-04-01T22:35:24.389+0200] {logging_mixin.py:188} INFO - [2026-04-01T22:35:24.387+0200] {dagbag.py:545} INFO - Filling up the DagBag from /home/malte/try_rag/.venv/lib/python3.12/site-packages/airflow/example_dags/example_short_circuit_operator.py
[2026-04-01T22:35:24.415+0200] {processor.py:840} INFO - DAG(s) 'example_short_circuit_operator' retrieved from /home/malte/try_rag/.venv/lib/python3.12/site-packages/airflow/example_dags/example_short_circuit_operator.py
[2026-04-01T22:35:24.472+0200] {logging_mixin.py:188} INFO - [2026-04-01T22:35:24.471+0200] {dag.py:3096} INFO - Sync 1 DAGs
[2026-04-01T22:35:24.836+0200] {logging_mixin.py:188} INFO - [2026-04-01T22:35:24.835+0200] {dag.py:3954} INFO - Setting next_dagrun for example_short_circuit_operator to 2026-03-31 00:00:00+00:00, run_after=2026-04-01 00:00:00+00:00
[2026-04-01T22:35:24.891+0200] {processor.py:183} INFO - Processing /home/malte/try_rag/.venv/lib/python3.12/site-packages/airflow/example_dags/example_short_circuit_operator.py took 0.526 seconds
