[2026-04-01T22:14:59.711+0200] {processor.py:161} INFO - Started process (PID=42927) to work on /home/malte/try_rag/.venv/lib/python3.12/site-packages/airflow/example_dags/example_bash_decorator.py
[2026-04-01T22:14:59.714+0200] {processor.py:830} INFO - Processing file /home/malte/try_rag/.venv/lib/python3.12/site-packages/airflow/example_dags/example_bash_decorator.py for tasks to queue
[2026-04-01T22:14:59.716+0200] {logging_mixin.py:188} INFO - [2026-04-01T22:14:59.715+0200] {dagbag.py:545} INFO - Filling up the DagBag from /home/malte/try_rag/.venv/lib/python3.12/site-packages/airflow/example_dags/example_bash_decorator.py
[2026-04-01T22:14:59.761+0200] {processor.py:840} INFO - DAG(s) 'example_bash_decorator' retrieved from /home/malte/try_rag/.venv/lib/python3.12/site-packages/airflow/example_dags/example_bash_decorator.py
[2026-04-01T22:15:00.059+0200] {logging_mixin.py:188} INFO - [2026-04-01T22:15:00.057+0200] {override.py:1930} INFO - Created Permission View: can edit on DAG:example_bash_decorator
[2026-04-01T22:15:00.092+0200] {logging_mixin.py:188} INFO - [2026-04-01T22:15:00.090+0200] {override.py:1930} INFO - Created Permission View: can read on DAG:example_bash_decorator
[2026-04-01T22:15:00.114+0200] {logging_mixin.py:188} INFO - [2026-04-01T22:15:00.113+0200] {override.py:1930} INFO - Created Permission View: can delete on DAG:example_bash_decorator
[2026-04-01T22:15:00.115+0200] {logging_mixin.py:188} INFO - [2026-04-01T22:15:00.115+0200] {dag.py:3096} INFO - Sync 1 DAGs
[2026-04-01T22:15:00.142+0200] {logging_mixin.py:188} INFO - [2026-04-01T22:15:00.141+0200] {dag.py:3118} INFO - Creating ORM DAG for example_bash_decorator
[2026-04-01T22:15:00.143+0200] {logging_mixin.py:188} INFO - [2026-04-01T22:15:00.143+0200] {dag.py:3954} INFO - Setting next_dagrun for example_bash_decorator to None, run_after=None
[2026-04-01T22:15:00.196+0200] {processor.py:183} INFO - Processing /home/malte/try_rag/.venv/lib/python3.12/site-packages/airflow/example_dags/example_bash_decorator.py took 0.503 seconds
[2026-04-01T22:16:18.535+0200] {processor.py:161} INFO - Started process (PID=43089) to work on /home/malte/try_rag/.venv/lib/python3.12/site-packages/airflow/example_dags/example_bash_decorator.py
[2026-04-01T22:16:18.548+0200] {processor.py:830} INFO - Processing file /home/malte/try_rag/.venv/lib/python3.12/site-packages/airflow/example_dags/example_bash_decorator.py for tasks to queue
[2026-04-01T22:16:18.550+0200] {logging_mixin.py:188} INFO - [2026-04-01T22:16:18.549+0200] {dagbag.py:545} INFO - Filling up the DagBag from /home/malte/try_rag/.venv/lib/python3.12/site-packages/airflow/example_dags/example_bash_decorator.py
[2026-04-01T22:16:18.592+0200] {processor.py:840} INFO - DAG(s) 'example_bash_decorator' retrieved from /home/malte/try_rag/.venv/lib/python3.12/site-packages/airflow/example_dags/example_bash_decorator.py
[2026-04-01T22:16:18.641+0200] {logging_mixin.py:188} INFO - [2026-04-01T22:16:18.640+0200] {dag.py:3096} INFO - Sync 1 DAGs
[2026-04-01T22:16:18.668+0200] {logging_mixin.py:188} INFO - [2026-04-01T22:16:18.668+0200] {dag.py:3954} INFO - Setting next_dagrun for example_bash_decorator to None, run_after=None
[2026-04-01T22:16:18.976+0200] {processor.py:183} INFO - Processing /home/malte/try_rag/.venv/lib/python3.12/site-packages/airflow/example_dags/example_bash_decorator.py took 0.457 seconds
[2026-04-01T22:17:35.251+0200] {processor.py:161} INFO - Started process (PID=43237) to work on /home/malte/try_rag/.venv/lib/python3.12/site-packages/airflow/example_dags/example_bash_decorator.py
[2026-04-01T22:17:35.255+0200] {processor.py:830} INFO - Processing file /home/malte/try_rag/.venv/lib/python3.12/site-packages/airflow/example_dags/example_bash_decorator.py for tasks to queue
[2026-04-01T22:17:35.258+0200] {logging_mixin.py:188} INFO - [2026-04-01T22:17:35.256+0200] {dagbag.py:545} INFO - Filling up the DagBag from /home/malte/try_rag/.venv/lib/python3.12/site-packages/airflow/example_dags/example_bash_decorator.py
[2026-04-01T22:17:35.294+0200] {processor.py:840} INFO - DAG(s) 'example_bash_decorator' retrieved from /home/malte/try_rag/.venv/lib/python3.12/site-packages/airflow/example_dags/example_bash_decorator.py
[2026-04-01T22:17:35.364+0200] {logging_mixin.py:188} INFO - [2026-04-01T22:17:35.364+0200] {dag.py:3096} INFO - Sync 1 DAGs
[2026-04-01T22:17:35.410+0200] {logging_mixin.py:188} INFO - [2026-04-01T22:17:35.410+0200] {dag.py:3954} INFO - Setting next_dagrun for example_bash_decorator to None, run_after=None
[2026-04-01T22:17:35.479+0200] {processor.py:183} INFO - Processing /home/malte/try_rag/.venv/lib/python3.12/site-packages/airflow/example_dags/example_bash_decorator.py took 0.243 seconds
[2026-04-01T22:18:51.180+0200] {processor.py:161} INFO - Started process (PID=43418) to work on /home/malte/try_rag/.venv/lib/python3.12/site-packages/airflow/example_dags/example_bash_decorator.py
[2026-04-01T22:18:51.184+0200] {processor.py:830} INFO - Processing file /home/malte/try_rag/.venv/lib/python3.12/site-packages/airflow/example_dags/example_bash_decorator.py for tasks to queue
[2026-04-01T22:18:51.188+0200] {logging_mixin.py:188} INFO - [2026-04-01T22:18:51.186+0200] {dagbag.py:545} INFO - Filling up the DagBag from /home/malte/try_rag/.venv/lib/python3.12/site-packages/airflow/example_dags/example_bash_decorator.py
[2026-04-01T22:18:51.233+0200] {processor.py:840} INFO - DAG(s) 'example_bash_decorator' retrieved from /home/malte/try_rag/.venv/lib/python3.12/site-packages/airflow/example_dags/example_bash_decorator.py
[2026-04-01T22:18:51.296+0200] {logging_mixin.py:188} INFO - [2026-04-01T22:18:51.295+0200] {dag.py:3096} INFO - Sync 1 DAGs
[2026-04-01T22:18:51.665+0200] {logging_mixin.py:188} INFO - [2026-04-01T22:18:51.664+0200] {dag.py:3954} INFO - Setting next_dagrun for example_bash_decorator to None, run_after=None
[2026-04-01T22:18:51.749+0200] {processor.py:183} INFO - Processing /home/malte/try_rag/.venv/lib/python3.12/site-packages/airflow/example_dags/example_bash_decorator.py took 0.604 seconds
[2026-04-01T22:20:23.412+0200] {processor.py:161} INFO - Started process (PID=43587) to work on /home/malte/try_rag/.venv/lib/python3.12/site-packages/airflow/example_dags/example_bash_decorator.py
[2026-04-01T22:20:23.427+0200] {processor.py:830} INFO - Processing file /home/malte/try_rag/.venv/lib/python3.12/site-packages/airflow/example_dags/example_bash_decorator.py for tasks to queue
[2026-04-01T22:20:23.429+0200] {logging_mixin.py:188} INFO - [2026-04-01T22:20:23.428+0200] {dagbag.py:545} INFO - Filling up the DagBag from /home/malte/try_rag/.venv/lib/python3.12/site-packages/airflow/example_dags/example_bash_decorator.py
[2026-04-01T22:20:23.472+0200] {processor.py:840} INFO - DAG(s) 'example_bash_decorator' retrieved from /home/malte/try_rag/.venv/lib/python3.12/site-packages/airflow/example_dags/example_bash_decorator.py
[2026-04-01T22:20:23.537+0200] {logging_mixin.py:188} INFO - [2026-04-01T22:20:23.535+0200] {dag.py:3096} INFO - Sync 1 DAGs
[2026-04-01T22:20:23.592+0200] {logging_mixin.py:188} INFO - [2026-04-01T22:20:23.591+0200] {dag.py:3954} INFO - Setting next_dagrun for example_bash_decorator to None, run_after=None
[2026-04-01T22:20:23.681+0200] {processor.py:183} INFO - Processing /home/malte/try_rag/.venv/lib/python3.12/site-packages/airflow/example_dags/example_bash_decorator.py took 0.289 seconds
[2026-04-01T22:21:37.626+0200] {processor.py:161} INFO - Started process (PID=43738) to work on /home/malte/try_rag/.venv/lib/python3.12/site-packages/airflow/example_dags/example_bash_decorator.py
[2026-04-01T22:21:37.641+0200] {processor.py:830} INFO - Processing file /home/malte/try_rag/.venv/lib/python3.12/site-packages/airflow/example_dags/example_bash_decorator.py for tasks to queue
[2026-04-01T22:21:37.644+0200] {logging_mixin.py:188} INFO - [2026-04-01T22:21:37.642+0200] {dagbag.py:545} INFO - Filling up the DagBag from /home/malte/try_rag/.venv/lib/python3.12/site-packages/airflow/example_dags/example_bash_decorator.py
[2026-04-01T22:21:37.687+0200] {processor.py:840} INFO - DAG(s) 'example_bash_decorator' retrieved from /home/malte/try_rag/.venv/lib/python3.12/site-packages/airflow/example_dags/example_bash_decorator.py
[2026-04-01T22:21:37.749+0200] {logging_mixin.py:188} INFO - [2026-04-01T22:21:37.748+0200] {dag.py:3096} INFO - Sync 1 DAGs
[2026-04-01T22:21:37.796+0200] {logging_mixin.py:188} INFO - [2026-04-01T22:21:37.795+0200] {dag.py:3954} INFO - Setting next_dagrun for example_bash_decorator to None, run_after=None
[2026-04-01T22:21:37.896+0200] {processor.py:183} INFO - Processing /home/malte/try_rag/.venv/lib/python3.12/site-packages/airflow/example_dags/example_bash_decorator.py took 0.298 seconds
[2026-04-01T22:22:50.802+0200] {processor.py:161} INFO - Started process (PID=43885) to work on /home/malte/try_rag/.venv/lib/python3.12/site-packages/airflow/example_dags/example_bash_decorator.py
[2026-04-01T22:22:50.819+0200] {processor.py:830} INFO - Processing file /home/malte/try_rag/.venv/lib/python3.12/site-packages/airflow/example_dags/example_bash_decorator.py for tasks to queue
[2026-04-01T22:22:50.821+0200] {logging_mixin.py:188} INFO - [2026-04-01T22:22:50.820+0200] {dagbag.py:545} INFO - Filling up the DagBag from /home/malte/try_rag/.venv/lib/python3.12/site-packages/airflow/example_dags/example_bash_decorator.py
[2026-04-01T22:22:50.863+0200] {processor.py:840} INFO - DAG(s) 'example_bash_decorator' retrieved from /home/malte/try_rag/.venv/lib/python3.12/site-packages/airflow/example_dags/example_bash_decorator.py
[2026-04-01T22:22:50.916+0200] {logging_mixin.py:188} INFO - [2026-04-01T22:22:50.915+0200] {dag.py:3096} INFO - Sync 1 DAGs
[2026-04-01T22:22:50.948+0200] {logging_mixin.py:188} INFO - [2026-04-01T22:22:50.948+0200] {dag.py:3954} INFO - Setting next_dagrun for example_bash_decorator to None, run_after=None
[2026-04-01T22:22:51.019+0200] {processor.py:183} INFO - Processing /home/malte/try_rag/.venv/lib/python3.12/site-packages/airflow/example_dags/example_bash_decorator.py took 0.237 seconds
[2026-04-01T22:24:04.158+0200] {processor.py:161} INFO - Started process (PID=44058) to work on /home/malte/try_rag/.venv/lib/python3.12/site-packages/airflow/example_dags/example_bash_decorator.py
[2026-04-01T22:24:04.172+0200] {processor.py:830} INFO - Processing file /home/malte/try_rag/.venv/lib/python3.12/site-packages/airflow/example_dags/example_bash_decorator.py for tasks to queue
[2026-04-01T22:24:04.178+0200] {logging_mixin.py:188} INFO - [2026-04-01T22:24:04.174+0200] {dagbag.py:545} INFO - Filling up the DagBag from /home/malte/try_rag/.venv/lib/python3.12/site-packages/airflow/example_dags/example_bash_decorator.py
[2026-04-01T22:24:04.224+0200] {processor.py:840} INFO - DAG(s) 'example_bash_decorator' retrieved from /home/malte/try_rag/.venv/lib/python3.12/site-packages/airflow/example_dags/example_bash_decorator.py
[2026-04-01T22:24:04.280+0200] {logging_mixin.py:188} INFO - [2026-04-01T22:24:04.279+0200] {dag.py:3096} INFO - Sync 1 DAGs
[2026-04-01T22:24:04.314+0200] {logging_mixin.py:188} INFO - [2026-04-01T22:24:04.313+0200] {dag.py:3954} INFO - Setting next_dagrun for example_bash_decorator to None, run_after=None
[2026-04-01T22:24:04.400+0200] {processor.py:183} INFO - Processing /home/malte/try_rag/.venv/lib/python3.12/site-packages/airflow/example_dags/example_bash_decorator.py took 0.264 seconds
[2026-04-01T22:25:14.786+0200] {processor.py:161} INFO - Started process (PID=44199) to work on /home/malte/try_rag/.venv/lib/python3.12/site-packages/airflow/example_dags/example_bash_decorator.py
[2026-04-01T22:25:14.800+0200] {processor.py:830} INFO - Processing file /home/malte/try_rag/.venv/lib/python3.12/site-packages/airflow/example_dags/example_bash_decorator.py for tasks to queue
[2026-04-01T22:25:14.803+0200] {logging_mixin.py:188} INFO - [2026-04-01T22:25:14.802+0200] {dagbag.py:545} INFO - Filling up the DagBag from /home/malte/try_rag/.venv/lib/python3.12/site-packages/airflow/example_dags/example_bash_decorator.py
[2026-04-01T22:25:14.852+0200] {processor.py:840} INFO - DAG(s) 'example_bash_decorator' retrieved from /home/malte/try_rag/.venv/lib/python3.12/site-packages/airflow/example_dags/example_bash_decorator.py
[2026-04-01T22:25:14.906+0200] {logging_mixin.py:188} INFO - [2026-04-01T22:25:14.906+0200] {dag.py:3096} INFO - Sync 1 DAGs
[2026-04-01T22:25:14.940+0200] {logging_mixin.py:188} INFO - [2026-04-01T22:25:14.939+0200] {dag.py:3954} INFO - Setting next_dagrun for example_bash_decorator to None, run_after=None
[2026-04-01T22:25:15.005+0200] {processor.py:183} INFO - Processing /home/malte/try_rag/.venv/lib/python3.12/site-packages/airflow/example_dags/example_bash_decorator.py took 0.239 seconds
[2026-04-01T22:31:16.762+0200] {processor.py:161} INFO - Started process (PID=45852) to work on /home/malte/try_rag/.venv/lib/python3.12/site-packages/airflow/example_dags/example_bash_decorator.py
[2026-04-01T22:31:16.766+0200] {processor.py:830} INFO - Processing file /home/malte/try_rag/.venv/lib/python3.12/site-packages/airflow/example_dags/example_bash_decorator.py for tasks to queue
[2026-04-01T22:31:16.769+0200] {logging_mixin.py:188} INFO - [2026-04-01T22:31:16.768+0200] {dagbag.py:545} INFO - Filling up the DagBag from /home/malte/try_rag/.venv/lib/python3.12/site-packages/airflow/example_dags/example_bash_decorator.py
[2026-04-01T22:31:16.810+0200] {processor.py:840} INFO - DAG(s) 'example_bash_decorator' retrieved from /home/malte/try_rag/.venv/lib/python3.12/site-packages/airflow/example_dags/example_bash_decorator.py
[2026-04-01T22:31:17.086+0200] {logging_mixin.py:188} INFO - [2026-04-01T22:31:17.085+0200] {dag.py:3096} INFO - Sync 1 DAGs
[2026-04-01T22:31:17.112+0200] {logging_mixin.py:188} INFO - [2026-04-01T22:31:17.111+0200] {dag.py:3954} INFO - Setting next_dagrun for example_bash_decorator to None, run_after=None
[2026-04-01T22:31:17.194+0200] {processor.py:183} INFO - Processing /home/malte/try_rag/.venv/lib/python3.12/site-packages/airflow/example_dags/example_bash_decorator.py took 0.456 seconds
[2026-04-01T22:32:36.183+0200] {processor.py:161} INFO - Started process (PID=46072) to work on /home/malte/try_rag/.venv/lib/python3.12/site-packages/airflow/example_dags/example_bash_decorator.py
[2026-04-01T22:32:36.187+0200] {processor.py:830} INFO - Processing file /home/malte/try_rag/.venv/lib/python3.12/site-packages/airflow/example_dags/example_bash_decorator.py for tasks to queue
[2026-04-01T22:32:36.189+0200] {logging_mixin.py:188} INFO - [2026-04-01T22:32:36.188+0200] {dagbag.py:545} INFO - Filling up the DagBag from /home/malte/try_rag/.venv/lib/python3.12/site-packages/airflow/example_dags/example_bash_decorator.py
[2026-04-01T22:32:36.226+0200] {processor.py:840} INFO - DAG(s) 'example_bash_decorator' retrieved from /home/malte/try_rag/.venv/lib/python3.12/site-packages/airflow/example_dags/example_bash_decorator.py
[2026-04-01T22:32:36.281+0200] {logging_mixin.py:188} INFO - [2026-04-01T22:32:36.280+0200] {dag.py:3096} INFO - Sync 1 DAGs
[2026-04-01T22:32:36.313+0200] {logging_mixin.py:188} INFO - [2026-04-01T22:32:36.312+0200] {dag.py:3954} INFO - Setting next_dagrun for example_bash_decorator to None, run_after=None
[2026-04-01T22:32:36.383+0200] {processor.py:183} INFO - Processing /home/malte/try_rag/.venv/lib/python3.12/site-packages/airflow/example_dags/example_bash_decorator.py took 0.218 seconds
[2026-04-01T22:33:51.277+0200] {processor.py:161} INFO - Started process (PID=46336) to work on /home/malte/try_rag/.venv/lib/python3.12/site-packages/airflow/example_dags/example_bash_decorator.py
[2026-04-01T22:33:51.281+0200] {processor.py:830} INFO - Processing file /home/malte/try_rag/.venv/lib/python3.12/site-packages/airflow/example_dags/example_bash_decorator.py for tasks to queue
[2026-04-01T22:33:51.284+0200] {logging_mixin.py:188} INFO - [2026-04-01T22:33:51.283+0200] {dagbag.py:545} INFO - Filling up the DagBag from /home/malte/try_rag/.venv/lib/python3.12/site-packages/airflow/example_dags/example_bash_decorator.py
[2026-04-01T22:33:51.328+0200] {processor.py:840} INFO - DAG(s) 'example_bash_decorator' retrieved from /home/malte/try_rag/.venv/lib/python3.12/site-packages/airflow/example_dags/example_bash_decorator.py
[2026-04-01T22:33:51.384+0200] {logging_mixin.py:188} INFO - [2026-04-01T22:33:51.383+0200] {dag.py:3096} INFO - Sync 1 DAGs
[2026-04-01T22:33:51.420+0200] {logging_mixin.py:188} INFO - [2026-04-01T22:33:51.420+0200] {dag.py:3954} INFO - Setting next_dagrun for example_bash_decorator to None, run_after=None
[2026-04-01T22:33:51.478+0200] {processor.py:183} INFO - Processing /home/malte/try_rag/.venv/lib/python3.12/site-packages/airflow/example_dags/example_bash_decorator.py took 0.221 seconds
[2026-04-01T22:34:59.745+0200] {processor.py:161} INFO - Started process (PID=46535) to work on /home/malte/try_rag/.venv/lib/python3.12/site-packages/airflow/example_dags/example_bash_decorator.py
[2026-04-01T22:34:59.748+0200] {processor.py:830} INFO - Processing file /home/malte/try_rag/.venv/lib/python3.12/site-packages/airflow/example_dags/example_bash_decorator.py for tasks to queue
[2026-04-01T22:34:59.751+0200] {logging_mixin.py:188} INFO - [2026-04-01T22:34:59.750+0200] {dagbag.py:545} INFO - Filling up the DagBag from /home/malte/try_rag/.venv/lib/python3.12/site-packages/airflow/example_dags/example_bash_decorator.py
[2026-04-01T22:34:59.789+0200] {processor.py:840} INFO - DAG(s) 'example_bash_decorator' retrieved from /home/malte/try_rag/.venv/lib/python3.12/site-packages/airflow/example_dags/example_bash_decorator.py
[2026-04-01T22:34:59.845+0200] {logging_mixin.py:188} INFO - [2026-04-01T22:34:59.845+0200] {dag.py:3096} INFO - Sync 1 DAGs
[2026-04-01T22:35:00.266+0200] {logging_mixin.py:188} INFO - [2026-04-01T22:35:00.266+0200] {dag.py:3954} INFO - Setting next_dagrun for example_bash_decorator to None, run_after=None
[2026-04-01T22:35:00.332+0200] {processor.py:183} INFO - Processing /home/malte/try_rag/.venv/lib/python3.12/site-packages/airflow/example_dags/example_bash_decorator.py took 0.604 seconds
[2026-04-01T22:36:22.604+0200] {processor.py:161} INFO - Started process (PID=46881) to work on /home/malte/try_rag/.venv/lib/python3.12/site-packages/airflow/example_dags/example_bash_decorator.py
[2026-04-01T22:36:22.618+0200] {processor.py:830} INFO - Processing file /home/malte/try_rag/.venv/lib/python3.12/site-packages/airflow/example_dags/example_bash_decorator.py for tasks to queue
[2026-04-01T22:36:22.621+0200] {logging_mixin.py:188} INFO - [2026-04-01T22:36:22.620+0200] {dagbag.py:545} INFO - Filling up the DagBag from /home/malte/try_rag/.venv/lib/python3.12/site-packages/airflow/example_dags/example_bash_decorator.py
[2026-04-01T22:36:22.665+0200] {processor.py:840} INFO - DAG(s) 'example_bash_decorator' retrieved from /home/malte/try_rag/.venv/lib/python3.12/site-packages/airflow/example_dags/example_bash_decorator.py
[2026-04-01T22:36:22.735+0200] {logging_mixin.py:188} INFO - [2026-04-01T22:36:22.734+0200] {dag.py:3096} INFO - Sync 1 DAGs
[2026-04-01T22:36:22.785+0200] {logging_mixin.py:188} INFO - [2026-04-01T22:36:22.784+0200] {dag.py:3954} INFO - Setting next_dagrun for example_bash_decorator to None, run_after=None
[2026-04-01T22:36:22.862+0200] {processor.py:183} INFO - Processing /home/malte/try_rag/.venv/lib/python3.12/site-packages/airflow/example_dags/example_bash_decorator.py took 0.276 seconds
