[2026-04-01T22:14:35.608+0200] {processor.py:161} INFO - Started process (PID=42893) to work on /home/malte/try_rag/.venv/lib/python3.12/site-packages/airflow/example_dags/example_external_task_marker_dag.py
[2026-04-01T22:14:35.611+0200] {processor.py:830} INFO - Processing file /home/malte/try_rag/.venv/lib/python3.12/site-packages/airflow/example_dags/example_external_task_marker_dag.py for tasks to queue
[2026-04-01T22:14:35.613+0200] {logging_mixin.py:188} INFO - [2026-04-01T22:14:35.612+0200] {dagbag.py:545} INFO - Filling up the DagBag from /home/malte/try_rag/.venv/lib/python3.12/site-packages/airflow/example_dags/example_external_task_marker_dag.py
[2026-04-01T22:14:35.633+0200] {processor.py:840} INFO - DAG(s) 'example_external_task_marker_parent', 'example_external_task_marker_child' retrieved from /home/malte/try_rag/.venv/lib/python3.12/site-packages/airflow/example_dags/example_external_task_marker_dag.py
[2026-04-01T22:14:35.896+0200] {logging_mixin.py:188} INFO - [2026-04-01T22:14:35.895+0200] {override.py:1930} INFO - Created Permission View: can edit on DAG:example_external_task_marker_parent
[2026-04-01T22:14:35.928+0200] {logging_mixin.py:188} INFO - [2026-04-01T22:14:35.928+0200] {override.py:1930} INFO - Created Permission View: can read on DAG:example_external_task_marker_parent
[2026-04-01T22:14:35.948+0200] {logging_mixin.py:188} INFO - [2026-04-01T22:14:35.947+0200] {override.py:1930} INFO - Created Permission View: can delete on DAG:example_external_task_marker_parent
[2026-04-01T22:14:35.993+0200] {logging_mixin.py:188} INFO - [2026-04-01T22:14:35.992+0200] {override.py:1930} INFO - Created Permission View: can edit on DAG:example_external_task_marker_child
[2026-04-01T22:14:36.014+0200] {logging_mixin.py:188} INFO - [2026-04-01T22:14:36.013+0200] {override.py:1930} INFO - Created Permission View: can read on DAG:example_external_task_marker_child
[2026-04-01T22:14:36.032+0200] {logging_mixin.py:188} INFO - [2026-04-01T22:14:36.032+0200] {override.py:1930} INFO - Created Permission View: can delete on DAG:example_external_task_marker_child
[2026-04-01T22:14:36.033+0200] {logging_mixin.py:188} INFO - [2026-04-01T22:14:36.033+0200] {dag.py:3096} INFO - Sync 2 DAGs
[2026-04-01T22:14:36.058+0200] {logging_mixin.py:188} INFO - [2026-04-01T22:14:36.058+0200] {dag.py:3118} INFO - Creating ORM DAG for example_external_task_marker_child
[2026-04-01T22:14:36.059+0200] {logging_mixin.py:188} INFO - [2026-04-01T22:14:36.059+0200] {dag.py:3118} INFO - Creating ORM DAG for example_external_task_marker_parent
[2026-04-01T22:14:36.060+0200] {logging_mixin.py:188} INFO - [2026-04-01T22:14:36.060+0200] {dag.py:3954} INFO - Setting next_dagrun for example_external_task_marker_child to None, run_after=None
[2026-04-01T22:14:36.062+0200] {logging_mixin.py:188} INFO - [2026-04-01T22:14:36.061+0200] {dag.py:3954} INFO - Setting next_dagrun for example_external_task_marker_parent to None, run_after=None
[2026-04-01T22:14:36.109+0200] {processor.py:183} INFO - Processing /home/malte/try_rag/.venv/lib/python3.12/site-packages/airflow/example_dags/example_external_task_marker_dag.py took 0.517 seconds
[2026-04-01T22:15:59.336+0200] {processor.py:161} INFO - Started process (PID=43049) to work on /home/malte/try_rag/.venv/lib/python3.12/site-packages/airflow/example_dags/example_external_task_marker_dag.py
[2026-04-01T22:15:59.339+0200] {processor.py:830} INFO - Processing file /home/malte/try_rag/.venv/lib/python3.12/site-packages/airflow/example_dags/example_external_task_marker_dag.py for tasks to queue
[2026-04-01T22:15:59.342+0200] {logging_mixin.py:188} INFO - [2026-04-01T22:15:59.341+0200] {dagbag.py:545} INFO - Filling up the DagBag from /home/malte/try_rag/.venv/lib/python3.12/site-packages/airflow/example_dags/example_external_task_marker_dag.py
[2026-04-01T22:15:59.366+0200] {processor.py:840} INFO - DAG(s) 'example_external_task_marker_parent', 'example_external_task_marker_child' retrieved from /home/malte/try_rag/.venv/lib/python3.12/site-packages/airflow/example_dags/example_external_task_marker_dag.py
[2026-04-01T22:15:59.463+0200] {logging_mixin.py:188} INFO - [2026-04-01T22:15:59.462+0200] {dag.py:3096} INFO - Sync 2 DAGs
[2026-04-01T22:15:59.519+0200] {logging_mixin.py:188} INFO - [2026-04-01T22:15:59.518+0200] {dag.py:3954} INFO - Setting next_dagrun for example_external_task_marker_child to None, run_after=None
[2026-04-01T22:15:59.532+0200] {logging_mixin.py:188} INFO - [2026-04-01T22:15:59.531+0200] {dag.py:3954} INFO - Setting next_dagrun for example_external_task_marker_parent to None, run_after=None
[2026-04-01T22:15:59.586+0200] {processor.py:183} INFO - Processing /home/malte/try_rag/.venv/lib/python3.12/site-packages/airflow/example_dags/example_external_task_marker_dag.py took 0.269 seconds
[2026-04-01T22:17:16.373+0200] {processor.py:161} INFO - Started process (PID=43210) to work on /home/malte/try_rag/.venv/lib/python3.12/site-packages/airflow/example_dags/example_external_task_marker_dag.py
[2026-04-01T22:17:16.378+0200] {processor.py:830} INFO - Processing file /home/malte/try_rag/.venv/lib/python3.12/site-packages/airflow/example_dags/example_external_task_marker_dag.py for tasks to queue
[2026-04-01T22:17:16.382+0200] {logging_mixin.py:188} INFO - [2026-04-01T22:17:16.380+0200] {dagbag.py:545} INFO - Filling up the DagBag from /home/malte/try_rag/.venv/lib/python3.12/site-packages/airflow/example_dags/example_external_task_marker_dag.py
[2026-04-01T22:17:16.411+0200] {processor.py:840} INFO - DAG(s) 'example_external_task_marker_parent', 'example_external_task_marker_child' retrieved from /home/malte/try_rag/.venv/lib/python3.12/site-packages/airflow/example_dags/example_external_task_marker_dag.py
[2026-04-01T22:17:16.515+0200] {logging_mixin.py:188} INFO - [2026-04-01T22:17:16.512+0200] {dag.py:3096} INFO - Sync 2 DAGs
[2026-04-01T22:17:16.585+0200] {logging_mixin.py:188} INFO - [2026-04-01T22:17:16.584+0200] {dag.py:3954} INFO - Setting next_dagrun for example_external_task_marker_child to None, run_after=None
[2026-04-01T22:17:16.598+0200] {logging_mixin.py:188} INFO - [2026-04-01T22:17:16.597+0200] {dag.py:3954} INFO - Setting next_dagrun for example_external_task_marker_parent to None, run_after=None
[2026-04-01T22:17:16.682+0200] {processor.py:183} INFO - Processing /home/malte/try_rag/.venv/lib/python3.12/site-packages/airflow/example_dags/example_external_task_marker_dag.py took 0.335 seconds
[2026-04-01T22:18:28.906+0200] {processor.py:161} INFO - Started process (PID=43358) to work on /home/malte/try_rag/.venv/lib/python3.12/site-packages/airflow/example_dags/example_external_task_marker_dag.py
[2026-04-01T22:18:28.920+0200] {processor.py:830} INFO - Processing file /home/malte/try_rag/.venv/lib/python3.12/site-packages/airflow/example_dags/example_external_task_marker_dag.py for tasks to queue
[2026-04-01T22:18:28.923+0200] {logging_mixin.py:188} INFO - [2026-04-01T22:18:28.921+0200] {dagbag.py:545} INFO - Filling up the DagBag from /home/malte/try_rag/.venv/lib/python3.12/site-packages/airflow/example_dags/example_external_task_marker_dag.py
[2026-04-01T22:18:28.941+0200] {processor.py:840} INFO - DAG(s) 'example_external_task_marker_parent', 'example_external_task_marker_child' retrieved from /home/malte/try_rag/.venv/lib/python3.12/site-packages/airflow/example_dags/example_external_task_marker_dag.py
[2026-04-01T22:18:28.999+0200] {logging_mixin.py:188} INFO - [2026-04-01T22:18:28.998+0200] {dag.py:3096} INFO - Sync 2 DAGs
[2026-04-01T22:18:29.038+0200] {logging_mixin.py:188} INFO - [2026-04-01T22:18:29.037+0200] {dag.py:3954} INFO - Setting next_dagrun for example_external_task_marker_child to None, run_after=None
[2026-04-01T22:18:29.047+0200] {logging_mixin.py:188} INFO - [2026-04-01T22:18:29.046+0200] {dag.py:3954} INFO - Setting next_dagrun for example_external_task_marker_parent to None, run_after=None
[2026-04-01T22:18:29.126+0200] {processor.py:183} INFO - Processing /home/malte/try_rag/.venv/lib/python3.12/site-packages/airflow/example_dags/example_external_task_marker_dag.py took 0.237 seconds
[2026-04-01T22:20:03.994+0200] {processor.py:161} INFO - Started process (PID=43557) to work on /home/malte/try_rag/.venv/lib/python3.12/site-packages/airflow/example_dags/example_external_task_marker_dag.py
[2026-04-01T22:20:03.998+0200] {processor.py:830} INFO - Processing file /home/malte/try_rag/.venv/lib/python3.12/site-packages/airflow/example_dags/example_external_task_marker_dag.py for tasks to queue
[2026-04-01T22:20:04.000+0200] {logging_mixin.py:188} INFO - [2026-04-01T22:20:03.999+0200] {dagbag.py:545} INFO - Filling up the DagBag from /home/malte/try_rag/.venv/lib/python3.12/site-packages/airflow/example_dags/example_external_task_marker_dag.py
[2026-04-01T22:20:04.020+0200] {processor.py:840} INFO - DAG(s) 'example_external_task_marker_child', 'example_external_task_marker_parent' retrieved from /home/malte/try_rag/.venv/lib/python3.12/site-packages/airflow/example_dags/example_external_task_marker_dag.py
[2026-04-01T22:20:04.086+0200] {logging_mixin.py:188} INFO - [2026-04-01T22:20:04.085+0200] {dag.py:3096} INFO - Sync 2 DAGs
[2026-04-01T22:20:04.127+0200] {logging_mixin.py:188} INFO - [2026-04-01T22:20:04.127+0200] {dag.py:3954} INFO - Setting next_dagrun for example_external_task_marker_child to None, run_after=None
[2026-04-01T22:20:04.137+0200] {logging_mixin.py:188} INFO - [2026-04-01T22:20:04.136+0200] {dag.py:3954} INFO - Setting next_dagrun for example_external_task_marker_parent to None, run_after=None
[2026-04-01T22:20:04.198+0200] {processor.py:183} INFO - Processing /home/malte/try_rag/.venv/lib/python3.12/site-packages/airflow/example_dags/example_external_task_marker_dag.py took 0.219 seconds
[2026-04-01T22:21:18.630+0200] {processor.py:161} INFO - Started process (PID=43703) to work on /home/malte/try_rag/.venv/lib/python3.12/site-packages/airflow/example_dags/example_external_task_marker_dag.py
[2026-04-01T22:21:18.635+0200] {processor.py:830} INFO - Processing file /home/malte/try_rag/.venv/lib/python3.12/site-packages/airflow/example_dags/example_external_task_marker_dag.py for tasks to queue
[2026-04-01T22:21:18.638+0200] {logging_mixin.py:188} INFO - [2026-04-01T22:21:18.637+0200] {dagbag.py:545} INFO - Filling up the DagBag from /home/malte/try_rag/.venv/lib/python3.12/site-packages/airflow/example_dags/example_external_task_marker_dag.py
[2026-04-01T22:21:18.667+0200] {processor.py:840} INFO - DAG(s) 'example_external_task_marker_parent', 'example_external_task_marker_child' retrieved from /home/malte/try_rag/.venv/lib/python3.12/site-packages/airflow/example_dags/example_external_task_marker_dag.py
[2026-04-01T22:21:18.744+0200] {logging_mixin.py:188} INFO - [2026-04-01T22:21:18.743+0200] {dag.py:3096} INFO - Sync 2 DAGs
[2026-04-01T22:21:18.800+0200] {logging_mixin.py:188} INFO - [2026-04-01T22:21:18.800+0200] {dag.py:3954} INFO - Setting next_dagrun for example_external_task_marker_child to None, run_after=None
[2026-04-01T22:21:18.811+0200] {logging_mixin.py:188} INFO - [2026-04-01T22:21:18.810+0200] {dag.py:3954} INFO - Setting next_dagrun for example_external_task_marker_parent to None, run_after=None
[2026-04-01T22:21:18.897+0200] {processor.py:183} INFO - Processing /home/malte/try_rag/.venv/lib/python3.12/site-packages/airflow/example_dags/example_external_task_marker_dag.py took 0.283 seconds
[2026-04-01T22:22:31.958+0200] {processor.py:161} INFO - Started process (PID=43852) to work on /home/malte/try_rag/.venv/lib/python3.12/site-packages/airflow/example_dags/example_external_task_marker_dag.py
[2026-04-01T22:22:31.963+0200] {processor.py:830} INFO - Processing file /home/malte/try_rag/.venv/lib/python3.12/site-packages/airflow/example_dags/example_external_task_marker_dag.py for tasks to queue
[2026-04-01T22:22:31.965+0200] {logging_mixin.py:188} INFO - [2026-04-01T22:22:31.964+0200] {dagbag.py:545} INFO - Filling up the DagBag from /home/malte/try_rag/.venv/lib/python3.12/site-packages/airflow/example_dags/example_external_task_marker_dag.py
[2026-04-01T22:22:31.992+0200] {processor.py:840} INFO - DAG(s) 'example_external_task_marker_parent', 'example_external_task_marker_child' retrieved from /home/malte/try_rag/.venv/lib/python3.12/site-packages/airflow/example_dags/example_external_task_marker_dag.py
[2026-04-01T22:22:32.054+0200] {logging_mixin.py:188} INFO - [2026-04-01T22:22:32.053+0200] {dag.py:3096} INFO - Sync 2 DAGs
[2026-04-01T22:22:32.113+0200] {logging_mixin.py:188} INFO - [2026-04-01T22:22:32.112+0200] {dag.py:3954} INFO - Setting next_dagrun for example_external_task_marker_child to None, run_after=None
[2026-04-01T22:22:32.142+0200] {logging_mixin.py:188} INFO - [2026-04-01T22:22:32.142+0200] {dag.py:3954} INFO - Setting next_dagrun for example_external_task_marker_parent to None, run_after=None
[2026-04-01T22:22:32.229+0200] {processor.py:183} INFO - Processing /home/malte/try_rag/.venv/lib/python3.12/site-packages/airflow/example_dags/example_external_task_marker_dag.py took 0.291 seconds
[2026-04-01T22:23:45.645+0200] {processor.py:161} INFO - Started process (PID=44024) to work on /home/malte/try_rag/.venv/lib/python3.12/site-packages/airflow/example_dags/example_external_task_marker_dag.py
[2026-04-01T22:23:45.661+0200] {processor.py:830} INFO - Processing file /home/malte/try_rag/.venv/lib/python3.12/site-packages/airflow/example_dags/example_external_task_marker_dag.py for tasks to queue
[2026-04-01T22:23:45.664+0200] {logging_mixin.py:188} INFO - [2026-04-01T22:23:45.662+0200] {dagbag.py:545} INFO - Filling up the DagBag from /home/malte/try_rag/.venv/lib/python3.12/site-packages/airflow/example_dags/example_external_task_marker_dag.py
[2026-04-01T22:23:45.683+0200] {processor.py:840} INFO - DAG(s) 'example_external_task_marker_parent', 'example_external_task_marker_child' retrieved from /home/malte/try_rag/.venv/lib/python3.12/site-packages/airflow/example_dags/example_external_task_marker_dag.py
[2026-04-01T22:23:45.740+0200] {logging_mixin.py:188} INFO - [2026-04-01T22:23:45.740+0200] {dag.py:3096} INFO - Sync 2 DAGs
[2026-04-01T22:23:45.778+0200] {logging_mixin.py:188} INFO - [2026-04-01T22:23:45.777+0200] {dag.py:3954} INFO - Setting next_dagrun for example_external_task_marker_child to None, run_after=None
[2026-04-01T22:23:45.788+0200] {logging_mixin.py:188} INFO - [2026-04-01T22:23:45.787+0200] {dag.py:3954} INFO - Setting next_dagrun for example_external_task_marker_parent to None, run_after=None
[2026-04-01T22:23:45.861+0200] {processor.py:183} INFO - Processing /home/malte/try_rag/.venv/lib/python3.12/site-packages/airflow/example_dags/example_external_task_marker_dag.py took 0.235 seconds
[2026-04-01T22:24:57.017+0200] {processor.py:161} INFO - Started process (PID=44168) to work on /home/malte/try_rag/.venv/lib/python3.12/site-packages/airflow/example_dags/example_external_task_marker_dag.py
[2026-04-01T22:24:57.021+0200] {processor.py:830} INFO - Processing file /home/malte/try_rag/.venv/lib/python3.12/site-packages/airflow/example_dags/example_external_task_marker_dag.py for tasks to queue
[2026-04-01T22:24:57.023+0200] {logging_mixin.py:188} INFO - [2026-04-01T22:24:57.022+0200] {dagbag.py:545} INFO - Filling up the DagBag from /home/malte/try_rag/.venv/lib/python3.12/site-packages/airflow/example_dags/example_external_task_marker_dag.py
[2026-04-01T22:24:57.042+0200] {processor.py:840} INFO - DAG(s) 'example_external_task_marker_child', 'example_external_task_marker_parent' retrieved from /home/malte/try_rag/.venv/lib/python3.12/site-packages/airflow/example_dags/example_external_task_marker_dag.py
[2026-04-01T22:24:57.105+0200] {logging_mixin.py:188} INFO - [2026-04-01T22:24:57.104+0200] {dag.py:3096} INFO - Sync 2 DAGs
[2026-04-01T22:24:57.146+0200] {logging_mixin.py:188} INFO - [2026-04-01T22:24:57.145+0200] {dag.py:3954} INFO - Setting next_dagrun for example_external_task_marker_child to None, run_after=None
[2026-04-01T22:24:57.155+0200] {logging_mixin.py:188} INFO - [2026-04-01T22:24:57.155+0200] {dag.py:3954} INFO - Setting next_dagrun for example_external_task_marker_parent to None, run_after=None
[2026-04-01T22:24:57.219+0200] {processor.py:183} INFO - Processing /home/malte/try_rag/.venv/lib/python3.12/site-packages/airflow/example_dags/example_external_task_marker_dag.py took 0.221 seconds
[2026-04-01T22:30:54.983+0200] {processor.py:161} INFO - Started process (PID=45756) to work on /home/malte/try_rag/.venv/lib/python3.12/site-packages/airflow/example_dags/example_external_task_marker_dag.py
[2026-04-01T22:30:54.987+0200] {processor.py:830} INFO - Processing file /home/malte/try_rag/.venv/lib/python3.12/site-packages/airflow/example_dags/example_external_task_marker_dag.py for tasks to queue
[2026-04-01T22:30:54.991+0200] {logging_mixin.py:188} INFO - [2026-04-01T22:30:54.989+0200] {dagbag.py:545} INFO - Filling up the DagBag from /home/malte/try_rag/.venv/lib/python3.12/site-packages/airflow/example_dags/example_external_task_marker_dag.py
[2026-04-01T22:30:55.022+0200] {processor.py:840} INFO - DAG(s) 'example_external_task_marker_parent', 'example_external_task_marker_child' retrieved from /home/malte/try_rag/.venv/lib/python3.12/site-packages/airflow/example_dags/example_external_task_marker_dag.py
[2026-04-01T22:30:55.396+0200] {logging_mixin.py:188} INFO - [2026-04-01T22:30:55.396+0200] {dag.py:3096} INFO - Sync 2 DAGs
[2026-04-01T22:30:55.430+0200] {logging_mixin.py:188} INFO - [2026-04-01T22:30:55.429+0200] {dag.py:3954} INFO - Setting next_dagrun for example_external_task_marker_child to None, run_after=None
[2026-04-01T22:30:55.439+0200] {logging_mixin.py:188} INFO - [2026-04-01T22:30:55.438+0200] {dag.py:3954} INFO - Setting next_dagrun for example_external_task_marker_parent to None, run_after=None
[2026-04-01T22:30:55.503+0200] {processor.py:183} INFO - Processing /home/malte/try_rag/.venv/lib/python3.12/site-packages/airflow/example_dags/example_external_task_marker_dag.py took 0.543 seconds
[2026-04-01T22:32:18.875+0200] {processor.py:161} INFO - Started process (PID=46043) to work on /home/malte/try_rag/.venv/lib/python3.12/site-packages/airflow/example_dags/example_external_task_marker_dag.py
[2026-04-01T22:32:18.879+0200] {processor.py:830} INFO - Processing file /home/malte/try_rag/.venv/lib/python3.12/site-packages/airflow/example_dags/example_external_task_marker_dag.py for tasks to queue
[2026-04-01T22:32:18.882+0200] {logging_mixin.py:188} INFO - [2026-04-01T22:32:18.881+0200] {dagbag.py:545} INFO - Filling up the DagBag from /home/malte/try_rag/.venv/lib/python3.12/site-packages/airflow/example_dags/example_external_task_marker_dag.py
[2026-04-01T22:32:18.902+0200] {processor.py:840} INFO - DAG(s) 'example_external_task_marker_parent', 'example_external_task_marker_child' retrieved from /home/malte/try_rag/.venv/lib/python3.12/site-packages/airflow/example_dags/example_external_task_marker_dag.py
[2026-04-01T22:32:18.960+0200] {logging_mixin.py:188} INFO - [2026-04-01T22:32:18.959+0200] {dag.py:3096} INFO - Sync 2 DAGs
[2026-04-01T22:32:18.996+0200] {logging_mixin.py:188} INFO - [2026-04-01T22:32:18.996+0200] {dag.py:3954} INFO - Setting next_dagrun for example_external_task_marker_child to None, run_after=None
[2026-04-01T22:32:19.013+0200] {logging_mixin.py:188} INFO - [2026-04-01T22:32:19.012+0200] {dag.py:3954} INFO - Setting next_dagrun for example_external_task_marker_parent to None, run_after=None
[2026-04-01T22:32:19.082+0200] {processor.py:183} INFO - Processing /home/malte/try_rag/.venv/lib/python3.12/site-packages/airflow/example_dags/example_external_task_marker_dag.py took 0.225 seconds
[2026-04-01T22:33:33.572+0200] {processor.py:161} INFO - Started process (PID=46309) to work on /home/malte/try_rag/.venv/lib/python3.12/site-packages/airflow/example_dags/example_external_task_marker_dag.py
[2026-04-01T22:33:33.576+0200] {processor.py:830} INFO - Processing file /home/malte/try_rag/.venv/lib/python3.12/site-packages/airflow/example_dags/example_external_task_marker_dag.py for tasks to queue
[2026-04-01T22:33:33.578+0200] {logging_mixin.py:188} INFO - [2026-04-01T22:33:33.577+0200] {dagbag.py:545} INFO - Filling up the DagBag from /home/malte/try_rag/.venv/lib/python3.12/site-packages/airflow/example_dags/example_external_task_marker_dag.py
[2026-04-01T22:33:33.596+0200] {processor.py:840} INFO - DAG(s) 'example_external_task_marker_child', 'example_external_task_marker_parent' retrieved from /home/malte/try_rag/.venv/lib/python3.12/site-packages/airflow/example_dags/example_external_task_marker_dag.py
[2026-04-01T22:33:33.654+0200] {logging_mixin.py:188} INFO - [2026-04-01T22:33:33.653+0200] {dag.py:3096} INFO - Sync 2 DAGs
[2026-04-01T22:33:33.690+0200] {logging_mixin.py:188} INFO - [2026-04-01T22:33:33.690+0200] {dag.py:3954} INFO - Setting next_dagrun for example_external_task_marker_child to None, run_after=None
[2026-04-01T22:33:33.700+0200] {logging_mixin.py:188} INFO - [2026-04-01T22:33:33.700+0200] {dag.py:3954} INFO - Setting next_dagrun for example_external_task_marker_parent to None, run_after=None
[2026-04-01T22:33:33.755+0200] {processor.py:183} INFO - Processing /home/malte/try_rag/.venv/lib/python3.12/site-packages/airflow/example_dags/example_external_task_marker_dag.py took 0.199 seconds
[2026-04-01T22:34:39.773+0200] {processor.py:161} INFO - Started process (PID=46507) to work on /home/malte/try_rag/.venv/lib/python3.12/site-packages/airflow/example_dags/example_external_task_marker_dag.py
[2026-04-01T22:34:39.777+0200] {processor.py:830} INFO - Processing file /home/malte/try_rag/.venv/lib/python3.12/site-packages/airflow/example_dags/example_external_task_marker_dag.py for tasks to queue
[2026-04-01T22:34:39.779+0200] {logging_mixin.py:188} INFO - [2026-04-01T22:34:39.778+0200] {dagbag.py:545} INFO - Filling up the DagBag from /home/malte/try_rag/.venv/lib/python3.12/site-packages/airflow/example_dags/example_external_task_marker_dag.py
[2026-04-01T22:34:39.800+0200] {processor.py:840} INFO - DAG(s) 'example_external_task_marker_parent', 'example_external_task_marker_child' retrieved from /home/malte/try_rag/.venv/lib/python3.12/site-packages/airflow/example_dags/example_external_task_marker_dag.py
[2026-04-01T22:34:39.858+0200] {logging_mixin.py:188} INFO - [2026-04-01T22:34:39.857+0200] {dag.py:3096} INFO - Sync 2 DAGs
[2026-04-01T22:34:39.892+0200] {logging_mixin.py:188} INFO - [2026-04-01T22:34:39.892+0200] {dag.py:3954} INFO - Setting next_dagrun for example_external_task_marker_child to None, run_after=None
[2026-04-01T22:34:39.903+0200] {logging_mixin.py:188} INFO - [2026-04-01T22:34:39.902+0200] {dag.py:3954} INFO - Setting next_dagrun for example_external_task_marker_parent to None, run_after=None
[2026-04-01T22:34:39.965+0200] {processor.py:183} INFO - Processing /home/malte/try_rag/.venv/lib/python3.12/site-packages/airflow/example_dags/example_external_task_marker_dag.py took 0.211 seconds
[2026-04-01T22:36:04.082+0200] {processor.py:161} INFO - Started process (PID=46845) to work on /home/malte/try_rag/.venv/lib/python3.12/site-packages/airflow/example_dags/example_external_task_marker_dag.py
[2026-04-01T22:36:04.098+0200] {processor.py:830} INFO - Processing file /home/malte/try_rag/.venv/lib/python3.12/site-packages/airflow/example_dags/example_external_task_marker_dag.py for tasks to queue
[2026-04-01T22:36:04.103+0200] {logging_mixin.py:188} INFO - [2026-04-01T22:36:04.101+0200] {dagbag.py:545} INFO - Filling up the DagBag from /home/malte/try_rag/.venv/lib/python3.12/site-packages/airflow/example_dags/example_external_task_marker_dag.py
[2026-04-01T22:36:04.130+0200] {processor.py:840} INFO - DAG(s) 'example_external_task_marker_parent', 'example_external_task_marker_child' retrieved from /home/malte/try_rag/.venv/lib/python3.12/site-packages/airflow/example_dags/example_external_task_marker_dag.py
[2026-04-01T22:36:04.193+0200] {logging_mixin.py:188} INFO - [2026-04-01T22:36:04.193+0200] {dag.py:3096} INFO - Sync 2 DAGs
[2026-04-01T22:36:04.225+0200] {logging_mixin.py:188} INFO - [2026-04-01T22:36:04.225+0200] {dag.py:3954} INFO - Setting next_dagrun for example_external_task_marker_child to None, run_after=None
[2026-04-01T22:36:04.234+0200] {logging_mixin.py:188} INFO - [2026-04-01T22:36:04.234+0200] {dag.py:3954} INFO - Setting next_dagrun for example_external_task_marker_parent to None, run_after=None
[2026-04-01T22:36:04.290+0200] {processor.py:183} INFO - Processing /home/malte/try_rag/.venv/lib/python3.12/site-packages/airflow/example_dags/example_external_task_marker_dag.py took 0.233 seconds
