[2026-04-01T22:14:38.276+0200] {processor.py:161} INFO - Started process (PID=42895) to work on /home/malte/try_rag/.venv/lib/python3.12/site-packages/airflow/example_dags/example_dynamic_task_mapping.py
[2026-04-01T22:14:38.280+0200] {processor.py:830} INFO - Processing file /home/malte/try_rag/.venv/lib/python3.12/site-packages/airflow/example_dags/example_dynamic_task_mapping.py for tasks to queue
[2026-04-01T22:14:38.282+0200] {logging_mixin.py:188} INFO - [2026-04-01T22:14:38.281+0200] {dagbag.py:545} INFO - Filling up the DagBag from /home/malte/try_rag/.venv/lib/python3.12/site-packages/airflow/example_dags/example_dynamic_task_mapping.py
[2026-04-01T22:14:38.321+0200] {processor.py:840} INFO - DAG(s) 'example_dynamic_task_mapping' retrieved from /home/malte/try_rag/.venv/lib/python3.12/site-packages/airflow/example_dags/example_dynamic_task_mapping.py
[2026-04-01T22:14:38.695+0200] {logging_mixin.py:188} INFO - [2026-04-01T22:14:38.693+0200] {override.py:1930} INFO - Created Permission View: can edit on DAG:example_dynamic_task_mapping
[2026-04-01T22:14:38.723+0200] {logging_mixin.py:188} INFO - [2026-04-01T22:14:38.722+0200] {override.py:1930} INFO - Created Permission View: can read on DAG:example_dynamic_task_mapping
[2026-04-01T22:14:38.754+0200] {logging_mixin.py:188} INFO - [2026-04-01T22:14:38.753+0200] {override.py:1930} INFO - Created Permission View: can delete on DAG:example_dynamic_task_mapping
[2026-04-01T22:14:38.755+0200] {logging_mixin.py:188} INFO - [2026-04-01T22:14:38.755+0200] {dag.py:3096} INFO - Sync 1 DAGs
[2026-04-01T22:14:38.788+0200] {logging_mixin.py:188} INFO - [2026-04-01T22:14:38.788+0200] {dag.py:3118} INFO - Creating ORM DAG for example_dynamic_task_mapping
[2026-04-01T22:14:38.814+0200] {logging_mixin.py:188} INFO - [2026-04-01T22:14:38.813+0200] {dag.py:3954} INFO - Setting next_dagrun for example_dynamic_task_mapping to 2022-03-04 00:00:00+00:00, run_after=2022-03-05 00:00:00+00:00
[2026-04-01T22:14:38.865+0200] {processor.py:183} INFO - Processing /home/malte/try_rag/.venv/lib/python3.12/site-packages/airflow/example_dags/example_dynamic_task_mapping.py took 0.612 seconds
[2026-04-01T22:16:02.136+0200] {processor.py:161} INFO - Started process (PID=43056) to work on /home/malte/try_rag/.venv/lib/python3.12/site-packages/airflow/example_dags/example_dynamic_task_mapping.py
[2026-04-01T22:16:02.140+0200] {processor.py:830} INFO - Processing file /home/malte/try_rag/.venv/lib/python3.12/site-packages/airflow/example_dags/example_dynamic_task_mapping.py for tasks to queue
[2026-04-01T22:16:02.143+0200] {logging_mixin.py:188} INFO - [2026-04-01T22:16:02.141+0200] {dagbag.py:545} INFO - Filling up the DagBag from /home/malte/try_rag/.venv/lib/python3.12/site-packages/airflow/example_dags/example_dynamic_task_mapping.py
[2026-04-01T22:16:02.184+0200] {processor.py:840} INFO - DAG(s) 'example_dynamic_task_mapping' retrieved from /home/malte/try_rag/.venv/lib/python3.12/site-packages/airflow/example_dags/example_dynamic_task_mapping.py
[2026-04-01T22:16:02.233+0200] {logging_mixin.py:188} INFO - [2026-04-01T22:16:02.233+0200] {dag.py:3096} INFO - Sync 1 DAGs
[2026-04-01T22:16:02.284+0200] {logging_mixin.py:188} INFO - [2026-04-01T22:16:02.283+0200] {dag.py:3954} INFO - Setting next_dagrun for example_dynamic_task_mapping to 2022-03-04 00:00:00+00:00, run_after=2022-03-05 00:00:00+00:00
[2026-04-01T22:16:02.336+0200] {processor.py:183} INFO - Processing /home/malte/try_rag/.venv/lib/python3.12/site-packages/airflow/example_dags/example_dynamic_task_mapping.py took 0.231 seconds
[2026-04-01T22:17:19.368+0200] {processor.py:161} INFO - Started process (PID=43212) to work on /home/malte/try_rag/.venv/lib/python3.12/site-packages/airflow/example_dags/example_dynamic_task_mapping.py
[2026-04-01T22:17:19.377+0200] {processor.py:830} INFO - Processing file /home/malte/try_rag/.venv/lib/python3.12/site-packages/airflow/example_dags/example_dynamic_task_mapping.py for tasks to queue
[2026-04-01T22:17:19.381+0200] {logging_mixin.py:188} INFO - [2026-04-01T22:17:19.379+0200] {dagbag.py:545} INFO - Filling up the DagBag from /home/malte/try_rag/.venv/lib/python3.12/site-packages/airflow/example_dags/example_dynamic_task_mapping.py
[2026-04-01T22:17:19.410+0200] {processor.py:840} INFO - DAG(s) 'example_dynamic_task_mapping' retrieved from /home/malte/try_rag/.venv/lib/python3.12/site-packages/airflow/example_dags/example_dynamic_task_mapping.py
[2026-04-01T22:17:19.465+0200] {logging_mixin.py:188} INFO - [2026-04-01T22:17:19.464+0200] {dag.py:3096} INFO - Sync 1 DAGs
[2026-04-01T22:17:19.518+0200] {logging_mixin.py:188} INFO - [2026-04-01T22:17:19.517+0200] {dag.py:3954} INFO - Setting next_dagrun for example_dynamic_task_mapping to 2022-03-04 00:00:00+00:00, run_after=2022-03-05 00:00:00+00:00
[2026-04-01T22:17:19.796+0200] {processor.py:183} INFO - Processing /home/malte/try_rag/.venv/lib/python3.12/site-packages/airflow/example_dags/example_dynamic_task_mapping.py took 0.456 seconds
[2026-04-01T22:18:31.492+0200] {processor.py:161} INFO - Started process (PID=43360) to work on /home/malte/try_rag/.venv/lib/python3.12/site-packages/airflow/example_dags/example_dynamic_task_mapping.py
[2026-04-01T22:18:31.495+0200] {processor.py:830} INFO - Processing file /home/malte/try_rag/.venv/lib/python3.12/site-packages/airflow/example_dags/example_dynamic_task_mapping.py for tasks to queue
[2026-04-01T22:18:31.498+0200] {logging_mixin.py:188} INFO - [2026-04-01T22:18:31.497+0200] {dagbag.py:545} INFO - Filling up the DagBag from /home/malte/try_rag/.venv/lib/python3.12/site-packages/airflow/example_dags/example_dynamic_task_mapping.py
[2026-04-01T22:18:31.524+0200] {processor.py:840} INFO - DAG(s) 'example_dynamic_task_mapping' retrieved from /home/malte/try_rag/.venv/lib/python3.12/site-packages/airflow/example_dags/example_dynamic_task_mapping.py
[2026-04-01T22:18:31.568+0200] {logging_mixin.py:188} INFO - [2026-04-01T22:18:31.568+0200] {dag.py:3096} INFO - Sync 1 DAGs
[2026-04-01T22:18:31.638+0200] {logging_mixin.py:188} INFO - [2026-04-01T22:18:31.637+0200] {dag.py:3954} INFO - Setting next_dagrun for example_dynamic_task_mapping to 2022-03-04 00:00:00+00:00, run_after=2022-03-05 00:00:00+00:00
[2026-04-01T22:18:31.735+0200] {processor.py:183} INFO - Processing /home/malte/try_rag/.venv/lib/python3.12/site-packages/airflow/example_dags/example_dynamic_task_mapping.py took 0.262 seconds
[2026-04-01T22:20:06.767+0200] {processor.py:161} INFO - Started process (PID=43559) to work on /home/malte/try_rag/.venv/lib/python3.12/site-packages/airflow/example_dags/example_dynamic_task_mapping.py
[2026-04-01T22:20:06.770+0200] {processor.py:830} INFO - Processing file /home/malte/try_rag/.venv/lib/python3.12/site-packages/airflow/example_dags/example_dynamic_task_mapping.py for tasks to queue
[2026-04-01T22:20:06.773+0200] {logging_mixin.py:188} INFO - [2026-04-01T22:20:06.772+0200] {dagbag.py:545} INFO - Filling up the DagBag from /home/malte/try_rag/.venv/lib/python3.12/site-packages/airflow/example_dags/example_dynamic_task_mapping.py
[2026-04-01T22:20:06.797+0200] {processor.py:840} INFO - DAG(s) 'example_dynamic_task_mapping' retrieved from /home/malte/try_rag/.venv/lib/python3.12/site-packages/airflow/example_dags/example_dynamic_task_mapping.py
[2026-04-01T22:20:06.867+0200] {logging_mixin.py:188} INFO - [2026-04-01T22:20:06.866+0200] {dag.py:3096} INFO - Sync 1 DAGs
[2026-04-01T22:20:06.950+0200] {logging_mixin.py:188} INFO - [2026-04-01T22:20:06.949+0200] {dag.py:3954} INFO - Setting next_dagrun for example_dynamic_task_mapping to 2022-03-04 00:00:00+00:00, run_after=2022-03-05 00:00:00+00:00
[2026-04-01T22:20:07.033+0200] {processor.py:183} INFO - Processing /home/malte/try_rag/.venv/lib/python3.12/site-packages/airflow/example_dags/example_dynamic_task_mapping.py took 0.284 seconds
[2026-04-01T22:21:20.823+0200] {processor.py:161} INFO - Started process (PID=43705) to work on /home/malte/try_rag/.venv/lib/python3.12/site-packages/airflow/example_dags/example_dynamic_task_mapping.py
[2026-04-01T22:21:20.827+0200] {processor.py:830} INFO - Processing file /home/malte/try_rag/.venv/lib/python3.12/site-packages/airflow/example_dags/example_dynamic_task_mapping.py for tasks to queue
[2026-04-01T22:21:20.830+0200] {logging_mixin.py:188} INFO - [2026-04-01T22:21:20.828+0200] {dagbag.py:545} INFO - Filling up the DagBag from /home/malte/try_rag/.venv/lib/python3.12/site-packages/airflow/example_dags/example_dynamic_task_mapping.py
[2026-04-01T22:21:20.858+0200] {processor.py:840} INFO - DAG(s) 'example_dynamic_task_mapping' retrieved from /home/malte/try_rag/.venv/lib/python3.12/site-packages/airflow/example_dags/example_dynamic_task_mapping.py
[2026-04-01T22:21:20.910+0200] {logging_mixin.py:188} INFO - [2026-04-01T22:21:20.910+0200] {dag.py:3096} INFO - Sync 1 DAGs
[2026-04-01T22:21:20.973+0200] {logging_mixin.py:188} INFO - [2026-04-01T22:21:20.973+0200] {dag.py:3954} INFO - Setting next_dagrun for example_dynamic_task_mapping to 2022-03-04 00:00:00+00:00, run_after=2022-03-05 00:00:00+00:00
[2026-04-01T22:21:21.048+0200] {processor.py:183} INFO - Processing /home/malte/try_rag/.venv/lib/python3.12/site-packages/airflow/example_dags/example_dynamic_task_mapping.py took 0.243 seconds
[2026-04-01T22:22:34.805+0200] {processor.py:161} INFO - Started process (PID=43854) to work on /home/malte/try_rag/.venv/lib/python3.12/site-packages/airflow/example_dags/example_dynamic_task_mapping.py
[2026-04-01T22:22:34.811+0200] {processor.py:830} INFO - Processing file /home/malte/try_rag/.venv/lib/python3.12/site-packages/airflow/example_dags/example_dynamic_task_mapping.py for tasks to queue
[2026-04-01T22:22:34.814+0200] {logging_mixin.py:188} INFO - [2026-04-01T22:22:34.813+0200] {dagbag.py:545} INFO - Filling up the DagBag from /home/malte/try_rag/.venv/lib/python3.12/site-packages/airflow/example_dags/example_dynamic_task_mapping.py
[2026-04-01T22:22:34.850+0200] {processor.py:840} INFO - DAG(s) 'example_dynamic_task_mapping' retrieved from /home/malte/try_rag/.venv/lib/python3.12/site-packages/airflow/example_dags/example_dynamic_task_mapping.py
[2026-04-01T22:22:34.907+0200] {logging_mixin.py:188} INFO - [2026-04-01T22:22:34.906+0200] {dag.py:3096} INFO - Sync 1 DAGs
[2026-04-01T22:22:35.007+0200] {logging_mixin.py:188} INFO - [2026-04-01T22:22:35.007+0200] {dag.py:3954} INFO - Setting next_dagrun for example_dynamic_task_mapping to 2022-03-04 00:00:00+00:00, run_after=2022-03-05 00:00:00+00:00
[2026-04-01T22:22:35.089+0200] {processor.py:183} INFO - Processing /home/malte/try_rag/.venv/lib/python3.12/site-packages/airflow/example_dags/example_dynamic_task_mapping.py took 0.311 seconds
[2026-04-01T22:23:47.618+0200] {processor.py:161} INFO - Started process (PID=44026) to work on /home/malte/try_rag/.venv/lib/python3.12/site-packages/airflow/example_dags/example_dynamic_task_mapping.py
[2026-04-01T22:23:47.635+0200] {processor.py:830} INFO - Processing file /home/malte/try_rag/.venv/lib/python3.12/site-packages/airflow/example_dags/example_dynamic_task_mapping.py for tasks to queue
[2026-04-01T22:23:47.638+0200] {logging_mixin.py:188} INFO - [2026-04-01T22:23:47.637+0200] {dagbag.py:545} INFO - Filling up the DagBag from /home/malte/try_rag/.venv/lib/python3.12/site-packages/airflow/example_dags/example_dynamic_task_mapping.py
[2026-04-01T22:23:47.680+0200] {processor.py:840} INFO - DAG(s) 'example_dynamic_task_mapping' retrieved from /home/malte/try_rag/.venv/lib/python3.12/site-packages/airflow/example_dags/example_dynamic_task_mapping.py
[2026-04-01T22:23:47.770+0200] {logging_mixin.py:188} INFO - [2026-04-01T22:23:47.769+0200] {dag.py:3096} INFO - Sync 1 DAGs
[2026-04-01T22:23:47.882+0200] {logging_mixin.py:188} INFO - [2026-04-01T22:23:47.881+0200] {dag.py:3954} INFO - Setting next_dagrun for example_dynamic_task_mapping to 2022-03-04 00:00:00+00:00, run_after=2022-03-05 00:00:00+00:00
[2026-04-01T22:23:47.972+0200] {processor.py:183} INFO - Processing /home/malte/try_rag/.venv/lib/python3.12/site-packages/airflow/example_dags/example_dynamic_task_mapping.py took 0.389 seconds
[2026-04-01T22:24:59.360+0200] {processor.py:161} INFO - Started process (PID=44170) to work on /home/malte/try_rag/.venv/lib/python3.12/site-packages/airflow/example_dags/example_dynamic_task_mapping.py
[2026-04-01T22:24:59.364+0200] {processor.py:830} INFO - Processing file /home/malte/try_rag/.venv/lib/python3.12/site-packages/airflow/example_dags/example_dynamic_task_mapping.py for tasks to queue
[2026-04-01T22:24:59.367+0200] {logging_mixin.py:188} INFO - [2026-04-01T22:24:59.366+0200] {dagbag.py:545} INFO - Filling up the DagBag from /home/malte/try_rag/.venv/lib/python3.12/site-packages/airflow/example_dags/example_dynamic_task_mapping.py
[2026-04-01T22:24:59.394+0200] {processor.py:840} INFO - DAG(s) 'example_dynamic_task_mapping' retrieved from /home/malte/try_rag/.venv/lib/python3.12/site-packages/airflow/example_dags/example_dynamic_task_mapping.py
[2026-04-01T22:24:59.452+0200] {logging_mixin.py:188} INFO - [2026-04-01T22:24:59.451+0200] {dag.py:3096} INFO - Sync 1 DAGs
[2026-04-01T22:24:59.524+0200] {logging_mixin.py:188} INFO - [2026-04-01T22:24:59.524+0200] {dag.py:3954} INFO - Setting next_dagrun for example_dynamic_task_mapping to 2022-03-04 00:00:00+00:00, run_after=2022-03-05 00:00:00+00:00
[2026-04-01T22:24:59.639+0200] {processor.py:183} INFO - Processing /home/malte/try_rag/.venv/lib/python3.12/site-packages/airflow/example_dags/example_dynamic_task_mapping.py took 0.302 seconds
[2026-04-01T22:30:57.758+0200] {processor.py:161} INFO - Started process (PID=45766) to work on /home/malte/try_rag/.venv/lib/python3.12/site-packages/airflow/example_dags/example_dynamic_task_mapping.py
[2026-04-01T22:30:57.762+0200] {processor.py:830} INFO - Processing file /home/malte/try_rag/.venv/lib/python3.12/site-packages/airflow/example_dags/example_dynamic_task_mapping.py for tasks to queue
[2026-04-01T22:30:57.764+0200] {logging_mixin.py:188} INFO - [2026-04-01T22:30:57.763+0200] {dagbag.py:545} INFO - Filling up the DagBag from /home/malte/try_rag/.venv/lib/python3.12/site-packages/airflow/example_dags/example_dynamic_task_mapping.py
[2026-04-01T22:30:57.790+0200] {processor.py:840} INFO - DAG(s) 'example_dynamic_task_mapping' retrieved from /home/malte/try_rag/.venv/lib/python3.12/site-packages/airflow/example_dags/example_dynamic_task_mapping.py
[2026-04-01T22:30:58.055+0200] {logging_mixin.py:188} INFO - [2026-04-01T22:30:58.055+0200] {dag.py:3096} INFO - Sync 1 DAGs
[2026-04-01T22:30:58.099+0200] {logging_mixin.py:188} INFO - [2026-04-01T22:30:58.099+0200] {dag.py:3954} INFO - Setting next_dagrun for example_dynamic_task_mapping to 2022-03-04 00:00:00+00:00, run_after=2022-03-05 00:00:00+00:00
[2026-04-01T22:30:58.153+0200] {processor.py:183} INFO - Processing /home/malte/try_rag/.venv/lib/python3.12/site-packages/airflow/example_dags/example_dynamic_task_mapping.py took 0.413 seconds
[2026-04-01T22:32:20.675+0200] {processor.py:161} INFO - Started process (PID=46045) to work on /home/malte/try_rag/.venv/lib/python3.12/site-packages/airflow/example_dags/example_dynamic_task_mapping.py
[2026-04-01T22:32:20.679+0200] {processor.py:830} INFO - Processing file /home/malte/try_rag/.venv/lib/python3.12/site-packages/airflow/example_dags/example_dynamic_task_mapping.py for tasks to queue
[2026-04-01T22:32:20.681+0200] {logging_mixin.py:188} INFO - [2026-04-01T22:32:20.680+0200] {dagbag.py:545} INFO - Filling up the DagBag from /home/malte/try_rag/.venv/lib/python3.12/site-packages/airflow/example_dags/example_dynamic_task_mapping.py
[2026-04-01T22:32:20.705+0200] {processor.py:840} INFO - DAG(s) 'example_dynamic_task_mapping' retrieved from /home/malte/try_rag/.venv/lib/python3.12/site-packages/airflow/example_dags/example_dynamic_task_mapping.py
[2026-04-01T22:32:20.747+0200] {logging_mixin.py:188} INFO - [2026-04-01T22:32:20.747+0200] {dag.py:3096} INFO - Sync 1 DAGs
[2026-04-01T22:32:20.807+0200] {logging_mixin.py:188} INFO - [2026-04-01T22:32:20.807+0200] {dag.py:3954} INFO - Setting next_dagrun for example_dynamic_task_mapping to 2022-03-04 00:00:00+00:00, run_after=2022-03-05 00:00:00+00:00
[2026-04-01T22:32:20.872+0200] {processor.py:183} INFO - Processing /home/malte/try_rag/.venv/lib/python3.12/site-packages/airflow/example_dags/example_dynamic_task_mapping.py took 0.212 seconds
[2026-04-01T22:33:36.359+0200] {processor.py:161} INFO - Started process (PID=46312) to work on /home/malte/try_rag/.venv/lib/python3.12/site-packages/airflow/example_dags/example_dynamic_task_mapping.py
[2026-04-01T22:33:36.364+0200] {processor.py:830} INFO - Processing file /home/malte/try_rag/.venv/lib/python3.12/site-packages/airflow/example_dags/example_dynamic_task_mapping.py for tasks to queue
[2026-04-01T22:33:36.367+0200] {logging_mixin.py:188} INFO - [2026-04-01T22:33:36.365+0200] {dagbag.py:545} INFO - Filling up the DagBag from /home/malte/try_rag/.venv/lib/python3.12/site-packages/airflow/example_dags/example_dynamic_task_mapping.py
[2026-04-01T22:33:36.392+0200] {processor.py:840} INFO - DAG(s) 'example_dynamic_task_mapping' retrieved from /home/malte/try_rag/.venv/lib/python3.12/site-packages/airflow/example_dags/example_dynamic_task_mapping.py
[2026-04-01T22:33:36.436+0200] {logging_mixin.py:188} INFO - [2026-04-01T22:33:36.435+0200] {dag.py:3096} INFO - Sync 1 DAGs
[2026-04-01T22:33:36.488+0200] {logging_mixin.py:188} INFO - [2026-04-01T22:33:36.487+0200] {dag.py:3954} INFO - Setting next_dagrun for example_dynamic_task_mapping to 2022-03-04 00:00:00+00:00, run_after=2022-03-05 00:00:00+00:00
[2026-04-01T22:33:36.553+0200] {processor.py:183} INFO - Processing /home/malte/try_rag/.venv/lib/python3.12/site-packages/airflow/example_dags/example_dynamic_task_mapping.py took 0.213 seconds
[2026-04-01T22:34:41.605+0200] {processor.py:161} INFO - Started process (PID=46509) to work on /home/malte/try_rag/.venv/lib/python3.12/site-packages/airflow/example_dags/example_dynamic_task_mapping.py
[2026-04-01T22:34:41.608+0200] {processor.py:830} INFO - Processing file /home/malte/try_rag/.venv/lib/python3.12/site-packages/airflow/example_dags/example_dynamic_task_mapping.py for tasks to queue
[2026-04-01T22:34:41.611+0200] {logging_mixin.py:188} INFO - [2026-04-01T22:34:41.610+0200] {dagbag.py:545} INFO - Filling up the DagBag from /home/malte/try_rag/.venv/lib/python3.12/site-packages/airflow/example_dags/example_dynamic_task_mapping.py
[2026-04-01T22:34:41.634+0200] {processor.py:840} INFO - DAG(s) 'example_dynamic_task_mapping' retrieved from /home/malte/try_rag/.venv/lib/python3.12/site-packages/airflow/example_dags/example_dynamic_task_mapping.py
[2026-04-01T22:34:41.680+0200] {logging_mixin.py:188} INFO - [2026-04-01T22:34:41.679+0200] {dag.py:3096} INFO - Sync 1 DAGs
[2026-04-01T22:34:41.730+0200] {logging_mixin.py:188} INFO - [2026-04-01T22:34:41.723+0200] {dag.py:3954} INFO - Setting next_dagrun for example_dynamic_task_mapping to 2022-03-04 00:00:00+00:00, run_after=2022-03-05 00:00:00+00:00
[2026-04-01T22:34:41.777+0200] {processor.py:183} INFO - Processing /home/malte/try_rag/.venv/lib/python3.12/site-packages/airflow/example_dags/example_dynamic_task_mapping.py took 0.189 seconds
[2026-04-01T22:36:06.061+0200] {processor.py:161} INFO - Started process (PID=46847) to work on /home/malte/try_rag/.venv/lib/python3.12/site-packages/airflow/example_dags/example_dynamic_task_mapping.py
[2026-04-01T22:36:06.076+0200] {processor.py:830} INFO - Processing file /home/malte/try_rag/.venv/lib/python3.12/site-packages/airflow/example_dags/example_dynamic_task_mapping.py for tasks to queue
[2026-04-01T22:36:06.079+0200] {logging_mixin.py:188} INFO - [2026-04-01T22:36:06.078+0200] {dagbag.py:545} INFO - Filling up the DagBag from /home/malte/try_rag/.venv/lib/python3.12/site-packages/airflow/example_dags/example_dynamic_task_mapping.py
[2026-04-01T22:36:06.105+0200] {processor.py:840} INFO - DAG(s) 'example_dynamic_task_mapping' retrieved from /home/malte/try_rag/.venv/lib/python3.12/site-packages/airflow/example_dags/example_dynamic_task_mapping.py
[2026-04-01T22:36:06.162+0200] {logging_mixin.py:188} INFO - [2026-04-01T22:36:06.161+0200] {dag.py:3096} INFO - Sync 1 DAGs
[2026-04-01T22:36:06.219+0200] {logging_mixin.py:188} INFO - [2026-04-01T22:36:06.219+0200] {dag.py:3954} INFO - Setting next_dagrun for example_dynamic_task_mapping to 2022-03-04 00:00:00+00:00, run_after=2022-03-05 00:00:00+00:00
[2026-04-01T22:36:06.293+0200] {processor.py:183} INFO - Processing /home/malte/try_rag/.venv/lib/python3.12/site-packages/airflow/example_dags/example_dynamic_task_mapping.py took 0.251 seconds
