[2026-04-01T22:14:33.268+0200] {processor.py:161} INFO - Started process (PID=42884) to work on /home/malte/try_rag/.venv/lib/python3.12/site-packages/airflow/example_dags/example_latest_only_with_trigger.py
[2026-04-01T22:14:33.271+0200] {processor.py:830} INFO - Processing file /home/malte/try_rag/.venv/lib/python3.12/site-packages/airflow/example_dags/example_latest_only_with_trigger.py for tasks to queue
[2026-04-01T22:14:33.273+0200] {logging_mixin.py:188} INFO - [2026-04-01T22:14:33.272+0200] {dagbag.py:545} INFO - Filling up the DagBag from /home/malte/try_rag/.venv/lib/python3.12/site-packages/airflow/example_dags/example_latest_only_with_trigger.py
[2026-04-01T22:14:33.295+0200] {processor.py:840} INFO - DAG(s) 'latest_only_with_trigger' retrieved from /home/malte/try_rag/.venv/lib/python3.12/site-packages/airflow/example_dags/example_latest_only_with_trigger.py
[2026-04-01T22:14:33.609+0200] {logging_mixin.py:188} INFO - [2026-04-01T22:14:33.608+0200] {override.py:1930} INFO - Created Permission View: can edit on DAG:latest_only_with_trigger
[2026-04-01T22:14:33.635+0200] {logging_mixin.py:188} INFO - [2026-04-01T22:14:33.634+0200] {override.py:1930} INFO - Created Permission View: can read on DAG:latest_only_with_trigger
[2026-04-01T22:14:33.656+0200] {logging_mixin.py:188} INFO - [2026-04-01T22:14:33.655+0200] {override.py:1930} INFO - Created Permission View: can delete on DAG:latest_only_with_trigger
[2026-04-01T22:14:33.656+0200] {logging_mixin.py:188} INFO - [2026-04-01T22:14:33.656+0200] {dag.py:3096} INFO - Sync 1 DAGs
[2026-04-01T22:14:33.682+0200] {logging_mixin.py:188} INFO - [2026-04-01T22:14:33.681+0200] {dag.py:3118} INFO - Creating ORM DAG for latest_only_with_trigger
[2026-04-01T22:14:33.704+0200] {logging_mixin.py:188} INFO - [2026-04-01T22:14:33.703+0200] {dag.py:3954} INFO - Setting next_dagrun for latest_only_with_trigger to 2026-04-01 16:00:00+00:00, run_after=2026-04-01 20:00:00+00:00
[2026-04-01T22:14:33.755+0200] {processor.py:183} INFO - Processing /home/malte/try_rag/.venv/lib/python3.12/site-packages/airflow/example_dags/example_latest_only_with_trigger.py took 0.505 seconds
[2026-04-01T22:15:56.735+0200] {processor.py:161} INFO - Started process (PID=43047) to work on /home/malte/try_rag/.venv/lib/python3.12/site-packages/airflow/example_dags/example_latest_only_with_trigger.py
[2026-04-01T22:15:56.739+0200] {processor.py:830} INFO - Processing file /home/malte/try_rag/.venv/lib/python3.12/site-packages/airflow/example_dags/example_latest_only_with_trigger.py for tasks to queue
[2026-04-01T22:15:56.742+0200] {logging_mixin.py:188} INFO - [2026-04-01T22:15:56.740+0200] {dagbag.py:545} INFO - Filling up the DagBag from /home/malte/try_rag/.venv/lib/python3.12/site-packages/airflow/example_dags/example_latest_only_with_trigger.py
[2026-04-01T22:15:56.766+0200] {processor.py:840} INFO - DAG(s) 'latest_only_with_trigger' retrieved from /home/malte/try_rag/.venv/lib/python3.12/site-packages/airflow/example_dags/example_latest_only_with_trigger.py
[2026-04-01T22:15:56.830+0200] {logging_mixin.py:188} INFO - [2026-04-01T22:15:56.830+0200] {dag.py:3096} INFO - Sync 1 DAGs
[2026-04-01T22:15:56.889+0200] {logging_mixin.py:188} INFO - [2026-04-01T22:15:56.888+0200] {dag.py:3954} INFO - Setting next_dagrun for latest_only_with_trigger to 2026-04-01 16:00:00+00:00, run_after=2026-04-01 20:00:00+00:00
[2026-04-01T22:15:56.965+0200] {processor.py:183} INFO - Processing /home/malte/try_rag/.venv/lib/python3.12/site-packages/airflow/example_dags/example_latest_only_with_trigger.py took 0.256 seconds
[2026-04-01T22:17:13.788+0200] {processor.py:161} INFO - Started process (PID=43202) to work on /home/malte/try_rag/.venv/lib/python3.12/site-packages/airflow/example_dags/example_latest_only_with_trigger.py
[2026-04-01T22:17:13.793+0200] {processor.py:830} INFO - Processing file /home/malte/try_rag/.venv/lib/python3.12/site-packages/airflow/example_dags/example_latest_only_with_trigger.py for tasks to queue
[2026-04-01T22:17:13.796+0200] {logging_mixin.py:188} INFO - [2026-04-01T22:17:13.794+0200] {dagbag.py:545} INFO - Filling up the DagBag from /home/malte/try_rag/.venv/lib/python3.12/site-packages/airflow/example_dags/example_latest_only_with_trigger.py
[2026-04-01T22:17:13.817+0200] {processor.py:840} INFO - DAG(s) 'latest_only_with_trigger' retrieved from /home/malte/try_rag/.venv/lib/python3.12/site-packages/airflow/example_dags/example_latest_only_with_trigger.py
[2026-04-01T22:17:13.882+0200] {logging_mixin.py:188} INFO - [2026-04-01T22:17:13.881+0200] {dag.py:3096} INFO - Sync 1 DAGs
[2026-04-01T22:17:13.944+0200] {logging_mixin.py:188} INFO - [2026-04-01T22:17:13.943+0200] {dag.py:3954} INFO - Setting next_dagrun for latest_only_with_trigger to 2026-04-01 16:00:00+00:00, run_after=2026-04-01 20:00:00+00:00
[2026-04-01T22:17:14.011+0200] {processor.py:183} INFO - Processing /home/malte/try_rag/.venv/lib/python3.12/site-packages/airflow/example_dags/example_latest_only_with_trigger.py took 0.244 seconds
[2026-04-01T22:18:26.259+0200] {processor.py:161} INFO - Started process (PID=43350) to work on /home/malte/try_rag/.venv/lib/python3.12/site-packages/airflow/example_dags/example_latest_only_with_trigger.py
[2026-04-01T22:18:26.265+0200] {processor.py:830} INFO - Processing file /home/malte/try_rag/.venv/lib/python3.12/site-packages/airflow/example_dags/example_latest_only_with_trigger.py for tasks to queue
[2026-04-01T22:18:26.268+0200] {logging_mixin.py:188} INFO - [2026-04-01T22:18:26.266+0200] {dagbag.py:545} INFO - Filling up the DagBag from /home/malte/try_rag/.venv/lib/python3.12/site-packages/airflow/example_dags/example_latest_only_with_trigger.py
[2026-04-01T22:18:26.293+0200] {processor.py:840} INFO - DAG(s) 'latest_only_with_trigger' retrieved from /home/malte/try_rag/.venv/lib/python3.12/site-packages/airflow/example_dags/example_latest_only_with_trigger.py
[2026-04-01T22:18:26.355+0200] {logging_mixin.py:188} INFO - [2026-04-01T22:18:26.354+0200] {dag.py:3096} INFO - Sync 1 DAGs
[2026-04-01T22:18:26.416+0200] {logging_mixin.py:188} INFO - [2026-04-01T22:18:26.416+0200] {dag.py:3954} INFO - Setting next_dagrun for latest_only_with_trigger to 2026-04-01 16:00:00+00:00, run_after=2026-04-01 20:00:00+00:00
[2026-04-01T22:18:26.497+0200] {processor.py:183} INFO - Processing /home/malte/try_rag/.venv/lib/python3.12/site-packages/airflow/example_dags/example_latest_only_with_trigger.py took 0.259 seconds
[2026-04-01T22:20:01.687+0200] {processor.py:161} INFO - Started process (PID=43547) to work on /home/malte/try_rag/.venv/lib/python3.12/site-packages/airflow/example_dags/example_latest_only_with_trigger.py
[2026-04-01T22:20:01.690+0200] {processor.py:830} INFO - Processing file /home/malte/try_rag/.venv/lib/python3.12/site-packages/airflow/example_dags/example_latest_only_with_trigger.py for tasks to queue
[2026-04-01T22:20:01.693+0200] {logging_mixin.py:188} INFO - [2026-04-01T22:20:01.692+0200] {dagbag.py:545} INFO - Filling up the DagBag from /home/malte/try_rag/.venv/lib/python3.12/site-packages/airflow/example_dags/example_latest_only_with_trigger.py
[2026-04-01T22:20:01.710+0200] {processor.py:840} INFO - DAG(s) 'latest_only_with_trigger' retrieved from /home/malte/try_rag/.venv/lib/python3.12/site-packages/airflow/example_dags/example_latest_only_with_trigger.py
[2026-04-01T22:20:01.766+0200] {logging_mixin.py:188} INFO - [2026-04-01T22:20:01.766+0200] {dag.py:3096} INFO - Sync 1 DAGs
[2026-04-01T22:20:01.826+0200] {logging_mixin.py:188} INFO - [2026-04-01T22:20:01.826+0200] {dag.py:3954} INFO - Setting next_dagrun for latest_only_with_trigger to 2026-04-01 16:00:00+00:00, run_after=2026-04-01 20:00:00+00:00
[2026-04-01T22:20:01.896+0200] {processor.py:183} INFO - Processing /home/malte/try_rag/.venv/lib/python3.12/site-packages/airflow/example_dags/example_latest_only_with_trigger.py took 0.226 seconds
[2026-04-01T22:21:16.554+0200] {processor.py:161} INFO - Started process (PID=43701) to work on /home/malte/try_rag/.venv/lib/python3.12/site-packages/airflow/example_dags/example_latest_only_with_trigger.py
[2026-04-01T22:21:16.567+0200] {processor.py:830} INFO - Processing file /home/malte/try_rag/.venv/lib/python3.12/site-packages/airflow/example_dags/example_latest_only_with_trigger.py for tasks to queue
[2026-04-01T22:21:16.569+0200] {logging_mixin.py:188} INFO - [2026-04-01T22:21:16.568+0200] {dagbag.py:545} INFO - Filling up the DagBag from /home/malte/try_rag/.venv/lib/python3.12/site-packages/airflow/example_dags/example_latest_only_with_trigger.py
[2026-04-01T22:21:16.596+0200] {processor.py:840} INFO - DAG(s) 'latest_only_with_trigger' retrieved from /home/malte/try_rag/.venv/lib/python3.12/site-packages/airflow/example_dags/example_latest_only_with_trigger.py
[2026-04-01T22:21:16.671+0200] {logging_mixin.py:188} INFO - [2026-04-01T22:21:16.670+0200] {dag.py:3096} INFO - Sync 1 DAGs
[2026-04-01T22:21:16.717+0200] {logging_mixin.py:188} INFO - [2026-04-01T22:21:16.717+0200] {dag.py:3954} INFO - Setting next_dagrun for latest_only_with_trigger to 2026-04-01 16:00:00+00:00, run_after=2026-04-01 20:00:00+00:00
[2026-04-01T22:21:16.782+0200] {processor.py:183} INFO - Processing /home/malte/try_rag/.venv/lib/python3.12/site-packages/airflow/example_dags/example_latest_only_with_trigger.py took 0.244 seconds
[2026-04-01T22:22:29.362+0200] {processor.py:161} INFO - Started process (PID=43850) to work on /home/malte/try_rag/.venv/lib/python3.12/site-packages/airflow/example_dags/example_latest_only_with_trigger.py
[2026-04-01T22:22:29.367+0200] {processor.py:830} INFO - Processing file /home/malte/try_rag/.venv/lib/python3.12/site-packages/airflow/example_dags/example_latest_only_with_trigger.py for tasks to queue
[2026-04-01T22:22:29.370+0200] {logging_mixin.py:188} INFO - [2026-04-01T22:22:29.368+0200] {dagbag.py:545} INFO - Filling up the DagBag from /home/malte/try_rag/.venv/lib/python3.12/site-packages/airflow/example_dags/example_latest_only_with_trigger.py
[2026-04-01T22:22:29.390+0200] {processor.py:840} INFO - DAG(s) 'latest_only_with_trigger' retrieved from /home/malte/try_rag/.venv/lib/python3.12/site-packages/airflow/example_dags/example_latest_only_with_trigger.py
[2026-04-01T22:22:29.446+0200] {logging_mixin.py:188} INFO - [2026-04-01T22:22:29.445+0200] {dag.py:3096} INFO - Sync 1 DAGs
[2026-04-01T22:22:29.514+0200] {logging_mixin.py:188} INFO - [2026-04-01T22:22:29.513+0200] {dag.py:3954} INFO - Setting next_dagrun for latest_only_with_trigger to 2026-04-01 16:00:00+00:00, run_after=2026-04-01 20:00:00+00:00
[2026-04-01T22:22:29.597+0200] {processor.py:183} INFO - Processing /home/malte/try_rag/.venv/lib/python3.12/site-packages/airflow/example_dags/example_latest_only_with_trigger.py took 0.255 seconds
[2026-04-01T22:23:43.609+0200] {processor.py:161} INFO - Started process (PID=44022) to work on /home/malte/try_rag/.venv/lib/python3.12/site-packages/airflow/example_dags/example_latest_only_with_trigger.py
[2026-04-01T22:23:43.614+0200] {processor.py:830} INFO - Processing file /home/malte/try_rag/.venv/lib/python3.12/site-packages/airflow/example_dags/example_latest_only_with_trigger.py for tasks to queue
[2026-04-01T22:23:43.617+0200] {logging_mixin.py:188} INFO - [2026-04-01T22:23:43.615+0200] {dagbag.py:545} INFO - Filling up the DagBag from /home/malte/try_rag/.venv/lib/python3.12/site-packages/airflow/example_dags/example_latest_only_with_trigger.py
[2026-04-01T22:23:43.640+0200] {processor.py:840} INFO - DAG(s) 'latest_only_with_trigger' retrieved from /home/malte/try_rag/.venv/lib/python3.12/site-packages/airflow/example_dags/example_latest_only_with_trigger.py
[2026-04-01T22:23:43.696+0200] {logging_mixin.py:188} INFO - [2026-04-01T22:23:43.695+0200] {dag.py:3096} INFO - Sync 1 DAGs
[2026-04-01T22:23:43.742+0200] {logging_mixin.py:188} INFO - [2026-04-01T22:23:43.741+0200] {dag.py:3954} INFO - Setting next_dagrun for latest_only_with_trigger to 2026-04-01 16:00:00+00:00, run_after=2026-04-01 20:00:00+00:00
[2026-04-01T22:23:43.808+0200] {processor.py:183} INFO - Processing /home/malte/try_rag/.venv/lib/python3.12/site-packages/airflow/example_dags/example_latest_only_with_trigger.py took 0.221 seconds
[2026-04-01T22:24:54.405+0200] {processor.py:161} INFO - Started process (PID=44166) to work on /home/malte/try_rag/.venv/lib/python3.12/site-packages/airflow/example_dags/example_latest_only_with_trigger.py
[2026-04-01T22:24:54.419+0200] {processor.py:830} INFO - Processing file /home/malte/try_rag/.venv/lib/python3.12/site-packages/airflow/example_dags/example_latest_only_with_trigger.py for tasks to queue
[2026-04-01T22:24:54.422+0200] {logging_mixin.py:188} INFO - [2026-04-01T22:24:54.421+0200] {dagbag.py:545} INFO - Filling up the DagBag from /home/malte/try_rag/.venv/lib/python3.12/site-packages/airflow/example_dags/example_latest_only_with_trigger.py
[2026-04-01T22:24:54.445+0200] {processor.py:840} INFO - DAG(s) 'latest_only_with_trigger' retrieved from /home/malte/try_rag/.venv/lib/python3.12/site-packages/airflow/example_dags/example_latest_only_with_trigger.py
[2026-04-01T22:24:54.501+0200] {logging_mixin.py:188} INFO - [2026-04-01T22:24:54.500+0200] {dag.py:3096} INFO - Sync 1 DAGs
[2026-04-01T22:24:54.558+0200] {logging_mixin.py:188} INFO - [2026-04-01T22:24:54.558+0200] {dag.py:3954} INFO - Setting next_dagrun for latest_only_with_trigger to 2026-04-01 16:00:00+00:00, run_after=2026-04-01 20:00:00+00:00
[2026-04-01T22:24:54.648+0200] {processor.py:183} INFO - Processing /home/malte/try_rag/.venv/lib/python3.12/site-packages/airflow/example_dags/example_latest_only_with_trigger.py took 0.264 seconds
[2026-04-01T22:30:51.671+0200] {processor.py:161} INFO - Started process (PID=45754) to work on /home/malte/try_rag/.venv/lib/python3.12/site-packages/airflow/example_dags/example_latest_only_with_trigger.py
[2026-04-01T22:30:51.689+0200] {processor.py:830} INFO - Processing file /home/malte/try_rag/.venv/lib/python3.12/site-packages/airflow/example_dags/example_latest_only_with_trigger.py for tasks to queue
[2026-04-01T22:30:51.692+0200] {logging_mixin.py:188} INFO - [2026-04-01T22:30:51.690+0200] {dagbag.py:545} INFO - Filling up the DagBag from /home/malte/try_rag/.venv/lib/python3.12/site-packages/airflow/example_dags/example_latest_only_with_trigger.py
[2026-04-01T22:30:51.711+0200] {processor.py:840} INFO - DAG(s) 'latest_only_with_trigger' retrieved from /home/malte/try_rag/.venv/lib/python3.12/site-packages/airflow/example_dags/example_latest_only_with_trigger.py
[2026-04-01T22:30:52.013+0200] {logging_mixin.py:188} INFO - [2026-04-01T22:30:52.012+0200] {dag.py:3096} INFO - Sync 1 DAGs
[2026-04-01T22:30:52.053+0200] {logging_mixin.py:188} INFO - [2026-04-01T22:30:52.053+0200] {dag.py:3954} INFO - Setting next_dagrun for latest_only_with_trigger to 2026-04-01 16:00:00+00:00, run_after=2026-04-01 20:00:00+00:00
[2026-04-01T22:30:52.406+0200] {processor.py:183} INFO - Processing /home/malte/try_rag/.venv/lib/python3.12/site-packages/airflow/example_dags/example_latest_only_with_trigger.py took 0.752 seconds
[2026-04-01T22:32:16.266+0200] {processor.py:161} INFO - Started process (PID=46035) to work on /home/malte/try_rag/.venv/lib/python3.12/site-packages/airflow/example_dags/example_latest_only_with_trigger.py
[2026-04-01T22:32:16.281+0200] {processor.py:830} INFO - Processing file /home/malte/try_rag/.venv/lib/python3.12/site-packages/airflow/example_dags/example_latest_only_with_trigger.py for tasks to queue
[2026-04-01T22:32:16.283+0200] {logging_mixin.py:188} INFO - [2026-04-01T22:32:16.282+0200] {dagbag.py:545} INFO - Filling up the DagBag from /home/malte/try_rag/.venv/lib/python3.12/site-packages/airflow/example_dags/example_latest_only_with_trigger.py
[2026-04-01T22:32:16.298+0200] {processor.py:840} INFO - DAG(s) 'latest_only_with_trigger' retrieved from /home/malte/try_rag/.venv/lib/python3.12/site-packages/airflow/example_dags/example_latest_only_with_trigger.py
[2026-04-01T22:32:16.341+0200] {logging_mixin.py:188} INFO - [2026-04-01T22:32:16.341+0200] {dag.py:3096} INFO - Sync 1 DAGs
[2026-04-01T22:32:16.392+0200] {logging_mixin.py:188} INFO - [2026-04-01T22:32:16.392+0200] {dag.py:3954} INFO - Setting next_dagrun for latest_only_with_trigger to 2026-04-01 16:00:00+00:00, run_after=2026-04-01 20:00:00+00:00
[2026-04-01T22:32:16.454+0200] {processor.py:183} INFO - Processing /home/malte/try_rag/.venv/lib/python3.12/site-packages/airflow/example_dags/example_latest_only_with_trigger.py took 0.203 seconds
[2026-04-01T22:33:30.970+0200] {processor.py:161} INFO - Started process (PID=46301) to work on /home/malte/try_rag/.venv/lib/python3.12/site-packages/airflow/example_dags/example_latest_only_with_trigger.py
[2026-04-01T22:33:30.973+0200] {processor.py:830} INFO - Processing file /home/malte/try_rag/.venv/lib/python3.12/site-packages/airflow/example_dags/example_latest_only_with_trigger.py for tasks to queue
[2026-04-01T22:33:30.975+0200] {logging_mixin.py:188} INFO - [2026-04-01T22:33:30.974+0200] {dagbag.py:545} INFO - Filling up the DagBag from /home/malte/try_rag/.venv/lib/python3.12/site-packages/airflow/example_dags/example_latest_only_with_trigger.py
[2026-04-01T22:33:30.992+0200] {processor.py:840} INFO - DAG(s) 'latest_only_with_trigger' retrieved from /home/malte/try_rag/.venv/lib/python3.12/site-packages/airflow/example_dags/example_latest_only_with_trigger.py
[2026-04-01T22:33:31.036+0200] {logging_mixin.py:188} INFO - [2026-04-01T22:33:31.035+0200] {dag.py:3096} INFO - Sync 1 DAGs
[2026-04-01T22:33:31.082+0200] {logging_mixin.py:188} INFO - [2026-04-01T22:33:31.081+0200] {dag.py:3954} INFO - Setting next_dagrun for latest_only_with_trigger to 2026-04-01 16:00:00+00:00, run_after=2026-04-01 20:00:00+00:00
[2026-04-01T22:33:31.133+0200] {processor.py:183} INFO - Processing /home/malte/try_rag/.venv/lib/python3.12/site-packages/airflow/example_dags/example_latest_only_with_trigger.py took 0.179 seconds
[2026-04-01T22:34:37.705+0200] {processor.py:161} INFO - Started process (PID=46499) to work on /home/malte/try_rag/.venv/lib/python3.12/site-packages/airflow/example_dags/example_latest_only_with_trigger.py
[2026-04-01T22:34:37.709+0200] {processor.py:830} INFO - Processing file /home/malte/try_rag/.venv/lib/python3.12/site-packages/airflow/example_dags/example_latest_only_with_trigger.py for tasks to queue
[2026-04-01T22:34:37.711+0200] {logging_mixin.py:188} INFO - [2026-04-01T22:34:37.710+0200] {dagbag.py:545} INFO - Filling up the DagBag from /home/malte/try_rag/.venv/lib/python3.12/site-packages/airflow/example_dags/example_latest_only_with_trigger.py
[2026-04-01T22:34:37.729+0200] {processor.py:840} INFO - DAG(s) 'latest_only_with_trigger' retrieved from /home/malte/try_rag/.venv/lib/python3.12/site-packages/airflow/example_dags/example_latest_only_with_trigger.py
[2026-04-01T22:34:37.777+0200] {logging_mixin.py:188} INFO - [2026-04-01T22:34:37.777+0200] {dag.py:3096} INFO - Sync 1 DAGs
[2026-04-01T22:34:37.826+0200] {logging_mixin.py:188} INFO - [2026-04-01T22:34:37.825+0200] {dag.py:3954} INFO - Setting next_dagrun for latest_only_with_trigger to 2026-04-01 16:00:00+00:00, run_after=2026-04-01 20:00:00+00:00
[2026-04-01T22:34:37.889+0200] {processor.py:183} INFO - Processing /home/malte/try_rag/.venv/lib/python3.12/site-packages/airflow/example_dags/example_latest_only_with_trigger.py took 0.200 seconds
[2026-04-01T22:36:02.386+0200] {processor.py:161} INFO - Started process (PID=46808) to work on /home/malte/try_rag/.venv/lib/python3.12/site-packages/airflow/example_dags/example_latest_only_with_trigger.py
[2026-04-01T22:36:02.400+0200] {processor.py:830} INFO - Processing file /home/malte/try_rag/.venv/lib/python3.12/site-packages/airflow/example_dags/example_latest_only_with_trigger.py for tasks to queue
[2026-04-01T22:36:02.403+0200] {logging_mixin.py:188} INFO - [2026-04-01T22:36:02.402+0200] {dagbag.py:545} INFO - Filling up the DagBag from /home/malte/try_rag/.venv/lib/python3.12/site-packages/airflow/example_dags/example_latest_only_with_trigger.py
[2026-04-01T22:36:02.422+0200] {processor.py:840} INFO - DAG(s) 'latest_only_with_trigger' retrieved from /home/malte/try_rag/.venv/lib/python3.12/site-packages/airflow/example_dags/example_latest_only_with_trigger.py
[2026-04-01T22:36:02.484+0200] {logging_mixin.py:188} INFO - [2026-04-01T22:36:02.483+0200] {dag.py:3096} INFO - Sync 1 DAGs
[2026-04-01T22:36:02.549+0200] {logging_mixin.py:188} INFO - [2026-04-01T22:36:02.548+0200] {dag.py:3954} INFO - Setting next_dagrun for latest_only_with_trigger to 2026-04-01 16:00:00+00:00, run_after=2026-04-01 20:00:00+00:00
[2026-04-01T22:36:02.621+0200] {processor.py:183} INFO - Processing /home/malte/try_rag/.venv/lib/python3.12/site-packages/airflow/example_dags/example_latest_only_with_trigger.py took 0.257 seconds
