[2026-04-01T22:14:55.666+0200] {processor.py:161} INFO - Started process (PID=42919) to work on /home/malte/try_rag/.venv/lib/python3.12/site-packages/airflow/example_dags/example_branch_datetime_operator.py
[2026-04-01T22:14:55.670+0200] {processor.py:830} INFO - Processing file /home/malte/try_rag/.venv/lib/python3.12/site-packages/airflow/example_dags/example_branch_datetime_operator.py for tasks to queue
[2026-04-01T22:14:55.672+0200] {logging_mixin.py:188} INFO - [2026-04-01T22:14:55.671+0200] {dagbag.py:545} INFO - Filling up the DagBag from /home/malte/try_rag/.venv/lib/python3.12/site-packages/airflow/example_dags/example_branch_datetime_operator.py
[2026-04-01T22:14:55.709+0200] {processor.py:840} INFO - DAG(s) 'example_branch_datetime_operator_2', 'example_branch_datetime_operator', 'example_branch_datetime_operator_3' retrieved from /home/malte/try_rag/.venv/lib/python3.12/site-packages/airflow/example_dags/example_branch_datetime_operator.py
[2026-04-01T22:14:56.030+0200] {logging_mixin.py:188} INFO - [2026-04-01T22:14:56.028+0200] {override.py:1930} INFO - Created Permission View: can edit on DAG:example_branch_datetime_operator_2
[2026-04-01T22:14:56.061+0200] {logging_mixin.py:188} INFO - [2026-04-01T22:14:56.060+0200] {override.py:1930} INFO - Created Permission View: can read on DAG:example_branch_datetime_operator_2
[2026-04-01T22:14:56.091+0200] {logging_mixin.py:188} INFO - [2026-04-01T22:14:56.090+0200] {override.py:1930} INFO - Created Permission View: can delete on DAG:example_branch_datetime_operator_2
[2026-04-01T22:14:56.137+0200] {logging_mixin.py:188} INFO - [2026-04-01T22:14:56.136+0200] {override.py:1930} INFO - Created Permission View: can edit on DAG:example_branch_datetime_operator
[2026-04-01T22:14:56.157+0200] {logging_mixin.py:188} INFO - [2026-04-01T22:14:56.156+0200] {override.py:1930} INFO - Created Permission View: can read on DAG:example_branch_datetime_operator
[2026-04-01T22:14:56.175+0200] {logging_mixin.py:188} INFO - [2026-04-01T22:14:56.175+0200] {override.py:1930} INFO - Created Permission View: can delete on DAG:example_branch_datetime_operator
[2026-04-01T22:14:56.219+0200] {logging_mixin.py:188} INFO - [2026-04-01T22:14:56.218+0200] {override.py:1930} INFO - Created Permission View: can edit on DAG:example_branch_datetime_operator_3
[2026-04-01T22:14:56.242+0200] {logging_mixin.py:188} INFO - [2026-04-01T22:14:56.242+0200] {override.py:1930} INFO - Created Permission View: can read on DAG:example_branch_datetime_operator_3
[2026-04-01T22:14:56.262+0200] {logging_mixin.py:188} INFO - [2026-04-01T22:14:56.262+0200] {override.py:1930} INFO - Created Permission View: can delete on DAG:example_branch_datetime_operator_3
[2026-04-01T22:14:56.263+0200] {logging_mixin.py:188} INFO - [2026-04-01T22:14:56.263+0200] {dag.py:3096} INFO - Sync 3 DAGs
[2026-04-01T22:14:56.289+0200] {logging_mixin.py:188} INFO - [2026-04-01T22:14:56.289+0200] {dag.py:3118} INFO - Creating ORM DAG for example_branch_datetime_operator_2
[2026-04-01T22:14:56.290+0200] {logging_mixin.py:188} INFO - [2026-04-01T22:14:56.290+0200] {dag.py:3118} INFO - Creating ORM DAG for example_branch_datetime_operator
[2026-04-01T22:14:56.291+0200] {logging_mixin.py:188} INFO - [2026-04-01T22:14:56.291+0200] {dag.py:3118} INFO - Creating ORM DAG for example_branch_datetime_operator_3
[2026-04-01T22:14:56.317+0200] {logging_mixin.py:188} INFO - [2026-04-01T22:14:56.316+0200] {dag.py:3954} INFO - Setting next_dagrun for example_branch_datetime_operator to 2026-03-31 00:00:00+00:00, run_after=2026-04-01 00:00:00+00:00
[2026-04-01T22:14:56.321+0200] {logging_mixin.py:188} INFO - [2026-04-01T22:14:56.321+0200] {dag.py:3954} INFO - Setting next_dagrun for example_branch_datetime_operator_2 to 2026-03-31 00:00:00+00:00, run_after=2026-04-01 00:00:00+00:00
[2026-04-01T22:14:56.325+0200] {logging_mixin.py:188} INFO - [2026-04-01T22:14:56.324+0200] {dag.py:3954} INFO - Setting next_dagrun for example_branch_datetime_operator_3 to 2026-03-31 00:00:00+00:00, run_after=2026-04-01 00:00:00+00:00
[2026-04-01T22:14:56.645+0200] {processor.py:183} INFO - Processing /home/malte/try_rag/.venv/lib/python3.12/site-packages/airflow/example_dags/example_branch_datetime_operator.py took 0.996 seconds
[2026-04-01T22:16:15.910+0200] {processor.py:161} INFO - Started process (PID=43079) to work on /home/malte/try_rag/.venv/lib/python3.12/site-packages/airflow/example_dags/example_branch_datetime_operator.py
[2026-04-01T22:16:15.914+0200] {processor.py:830} INFO - Processing file /home/malte/try_rag/.venv/lib/python3.12/site-packages/airflow/example_dags/example_branch_datetime_operator.py for tasks to queue
[2026-04-01T22:16:15.917+0200] {logging_mixin.py:188} INFO - [2026-04-01T22:16:15.915+0200] {dagbag.py:545} INFO - Filling up the DagBag from /home/malte/try_rag/.venv/lib/python3.12/site-packages/airflow/example_dags/example_branch_datetime_operator.py
[2026-04-01T22:16:15.952+0200] {processor.py:840} INFO - DAG(s) 'example_branch_datetime_operator_2', 'example_branch_datetime_operator', 'example_branch_datetime_operator_3' retrieved from /home/malte/try_rag/.venv/lib/python3.12/site-packages/airflow/example_dags/example_branch_datetime_operator.py
[2026-04-01T22:16:16.027+0200] {logging_mixin.py:188} INFO - [2026-04-01T22:16:16.026+0200] {dag.py:3096} INFO - Sync 3 DAGs
[2026-04-01T22:16:16.100+0200] {logging_mixin.py:188} INFO - [2026-04-01T22:16:16.099+0200] {dag.py:3954} INFO - Setting next_dagrun for example_branch_datetime_operator to 2026-03-31 00:00:00+00:00, run_after=2026-04-01 00:00:00+00:00
[2026-04-01T22:16:16.113+0200] {logging_mixin.py:188} INFO - [2026-04-01T22:16:16.112+0200] {dag.py:3954} INFO - Setting next_dagrun for example_branch_datetime_operator_2 to 2026-03-31 00:00:00+00:00, run_after=2026-04-01 00:00:00+00:00
[2026-04-01T22:16:16.118+0200] {logging_mixin.py:188} INFO - [2026-04-01T22:16:16.118+0200] {dag.py:3954} INFO - Setting next_dagrun for example_branch_datetime_operator_3 to 2026-03-31 00:00:00+00:00, run_after=2026-04-01 00:00:00+00:00
[2026-04-01T22:16:16.192+0200] {processor.py:183} INFO - Processing /home/malte/try_rag/.venv/lib/python3.12/site-packages/airflow/example_dags/example_branch_datetime_operator.py took 0.299 seconds
[2026-04-01T22:17:32.505+0200] {processor.py:161} INFO - Started process (PID=43234) to work on /home/malte/try_rag/.venv/lib/python3.12/site-packages/airflow/example_dags/example_branch_datetime_operator.py
[2026-04-01T22:17:32.508+0200] {processor.py:830} INFO - Processing file /home/malte/try_rag/.venv/lib/python3.12/site-packages/airflow/example_dags/example_branch_datetime_operator.py for tasks to queue
[2026-04-01T22:17:32.511+0200] {logging_mixin.py:188} INFO - [2026-04-01T22:17:32.510+0200] {dagbag.py:545} INFO - Filling up the DagBag from /home/malte/try_rag/.venv/lib/python3.12/site-packages/airflow/example_dags/example_branch_datetime_operator.py
[2026-04-01T22:17:32.541+0200] {processor.py:840} INFO - DAG(s) 'example_branch_datetime_operator_2', 'example_branch_datetime_operator', 'example_branch_datetime_operator_3' retrieved from /home/malte/try_rag/.venv/lib/python3.12/site-packages/airflow/example_dags/example_branch_datetime_operator.py
[2026-04-01T22:17:32.632+0200] {logging_mixin.py:188} INFO - [2026-04-01T22:17:32.631+0200] {dag.py:3096} INFO - Sync 3 DAGs
[2026-04-01T22:17:32.696+0200] {logging_mixin.py:188} INFO - [2026-04-01T22:17:32.695+0200] {dag.py:3954} INFO - Setting next_dagrun for example_branch_datetime_operator to 2026-03-31 00:00:00+00:00, run_after=2026-04-01 00:00:00+00:00
[2026-04-01T22:17:32.708+0200] {logging_mixin.py:188} INFO - [2026-04-01T22:17:32.707+0200] {dag.py:3954} INFO - Setting next_dagrun for example_branch_datetime_operator_2 to 2026-03-31 00:00:00+00:00, run_after=2026-04-01 00:00:00+00:00
[2026-04-01T22:17:32.713+0200] {logging_mixin.py:188} INFO - [2026-04-01T22:17:32.712+0200] {dag.py:3954} INFO - Setting next_dagrun for example_branch_datetime_operator_3 to 2026-03-31 00:00:00+00:00, run_after=2026-04-01 00:00:00+00:00
[2026-04-01T22:17:32.776+0200] {processor.py:183} INFO - Processing /home/malte/try_rag/.venv/lib/python3.12/site-packages/airflow/example_dags/example_branch_datetime_operator.py took 0.287 seconds
[2026-04-01T22:18:48.917+0200] {processor.py:161} INFO - Started process (PID=43410) to work on /home/malte/try_rag/.venv/lib/python3.12/site-packages/airflow/example_dags/example_branch_datetime_operator.py
[2026-04-01T22:18:48.933+0200] {processor.py:830} INFO - Processing file /home/malte/try_rag/.venv/lib/python3.12/site-packages/airflow/example_dags/example_branch_datetime_operator.py for tasks to queue
[2026-04-01T22:18:48.936+0200] {logging_mixin.py:188} INFO - [2026-04-01T22:18:48.934+0200] {dagbag.py:545} INFO - Filling up the DagBag from /home/malte/try_rag/.venv/lib/python3.12/site-packages/airflow/example_dags/example_branch_datetime_operator.py
[2026-04-01T22:18:48.970+0200] {processor.py:840} INFO - DAG(s) 'example_branch_datetime_operator', 'example_branch_datetime_operator_3', 'example_branch_datetime_operator_2' retrieved from /home/malte/try_rag/.venv/lib/python3.12/site-packages/airflow/example_dags/example_branch_datetime_operator.py
[2026-04-01T22:18:49.043+0200] {logging_mixin.py:188} INFO - [2026-04-01T22:18:49.042+0200] {dag.py:3096} INFO - Sync 3 DAGs
[2026-04-01T22:18:49.584+0200] {logging_mixin.py:188} INFO - [2026-04-01T22:18:49.583+0200] {dag.py:3954} INFO - Setting next_dagrun for example_branch_datetime_operator to 2026-03-31 00:00:00+00:00, run_after=2026-04-01 00:00:00+00:00
[2026-04-01T22:18:49.597+0200] {logging_mixin.py:188} INFO - [2026-04-01T22:18:49.596+0200] {dag.py:3954} INFO - Setting next_dagrun for example_branch_datetime_operator_2 to 2026-03-31 00:00:00+00:00, run_after=2026-04-01 00:00:00+00:00
[2026-04-01T22:18:49.603+0200] {logging_mixin.py:188} INFO - [2026-04-01T22:18:49.602+0200] {dag.py:3954} INFO - Setting next_dagrun for example_branch_datetime_operator_3 to 2026-03-31 00:00:00+00:00, run_after=2026-04-01 00:00:00+00:00
[2026-04-01T22:18:49.685+0200] {processor.py:183} INFO - Processing /home/malte/try_rag/.venv/lib/python3.12/site-packages/airflow/example_dags/example_branch_datetime_operator.py took 0.785 seconds
[2026-04-01T22:20:20.897+0200] {processor.py:161} INFO - Started process (PID=43585) to work on /home/malte/try_rag/.venv/lib/python3.12/site-packages/airflow/example_dags/example_branch_datetime_operator.py
[2026-04-01T22:20:20.911+0200] {processor.py:830} INFO - Processing file /home/malte/try_rag/.venv/lib/python3.12/site-packages/airflow/example_dags/example_branch_datetime_operator.py for tasks to queue
[2026-04-01T22:20:20.914+0200] {logging_mixin.py:188} INFO - [2026-04-01T22:20:20.913+0200] {dagbag.py:545} INFO - Filling up the DagBag from /home/malte/try_rag/.venv/lib/python3.12/site-packages/airflow/example_dags/example_branch_datetime_operator.py
[2026-04-01T22:20:20.950+0200] {processor.py:840} INFO - DAG(s) 'example_branch_datetime_operator_2', 'example_branch_datetime_operator', 'example_branch_datetime_operator_3' retrieved from /home/malte/try_rag/.venv/lib/python3.12/site-packages/airflow/example_dags/example_branch_datetime_operator.py
[2026-04-01T22:20:21.024+0200] {logging_mixin.py:188} INFO - [2026-04-01T22:20:21.023+0200] {dag.py:3096} INFO - Sync 3 DAGs
[2026-04-01T22:20:21.089+0200] {logging_mixin.py:188} INFO - [2026-04-01T22:20:21.089+0200] {dag.py:3954} INFO - Setting next_dagrun for example_branch_datetime_operator to 2026-03-31 00:00:00+00:00, run_after=2026-04-01 00:00:00+00:00
[2026-04-01T22:20:21.100+0200] {logging_mixin.py:188} INFO - [2026-04-01T22:20:21.100+0200] {dag.py:3954} INFO - Setting next_dagrun for example_branch_datetime_operator_2 to 2026-03-31 00:00:00+00:00, run_after=2026-04-01 00:00:00+00:00
[2026-04-01T22:20:21.105+0200] {logging_mixin.py:188} INFO - [2026-04-01T22:20:21.105+0200] {dag.py:3954} INFO - Setting next_dagrun for example_branch_datetime_operator_3 to 2026-03-31 00:00:00+00:00, run_after=2026-04-01 00:00:00+00:00
[2026-04-01T22:20:21.156+0200] {processor.py:183} INFO - Processing /home/malte/try_rag/.venv/lib/python3.12/site-packages/airflow/example_dags/example_branch_datetime_operator.py took 0.279 seconds
[2026-04-01T22:21:34.626+0200] {processor.py:161} INFO - Started process (PID=43727) to work on /home/malte/try_rag/.venv/lib/python3.12/site-packages/airflow/example_dags/example_branch_datetime_operator.py
[2026-04-01T22:21:34.641+0200] {processor.py:830} INFO - Processing file /home/malte/try_rag/.venv/lib/python3.12/site-packages/airflow/example_dags/example_branch_datetime_operator.py for tasks to queue
[2026-04-01T22:21:34.644+0200] {logging_mixin.py:188} INFO - [2026-04-01T22:21:34.642+0200] {dagbag.py:545} INFO - Filling up the DagBag from /home/malte/try_rag/.venv/lib/python3.12/site-packages/airflow/example_dags/example_branch_datetime_operator.py
[2026-04-01T22:21:34.683+0200] {processor.py:840} INFO - DAG(s) 'example_branch_datetime_operator', 'example_branch_datetime_operator_2', 'example_branch_datetime_operator_3' retrieved from /home/malte/try_rag/.venv/lib/python3.12/site-packages/airflow/example_dags/example_branch_datetime_operator.py
[2026-04-01T22:21:34.754+0200] {logging_mixin.py:188} INFO - [2026-04-01T22:21:34.753+0200] {dag.py:3096} INFO - Sync 3 DAGs
[2026-04-01T22:21:34.822+0200] {logging_mixin.py:188} INFO - [2026-04-01T22:21:34.822+0200] {dag.py:3954} INFO - Setting next_dagrun for example_branch_datetime_operator to 2026-03-31 00:00:00+00:00, run_after=2026-04-01 00:00:00+00:00
[2026-04-01T22:21:34.835+0200] {logging_mixin.py:188} INFO - [2026-04-01T22:21:34.835+0200] {dag.py:3954} INFO - Setting next_dagrun for example_branch_datetime_operator_2 to 2026-03-31 00:00:00+00:00, run_after=2026-04-01 00:00:00+00:00
[2026-04-01T22:21:34.841+0200] {logging_mixin.py:188} INFO - [2026-04-01T22:21:34.840+0200] {dag.py:3954} INFO - Setting next_dagrun for example_branch_datetime_operator_3 to 2026-03-31 00:00:00+00:00, run_after=2026-04-01 00:00:00+00:00
[2026-04-01T22:21:34.916+0200] {processor.py:183} INFO - Processing /home/malte/try_rag/.venv/lib/python3.12/site-packages/airflow/example_dags/example_branch_datetime_operator.py took 0.314 seconds
[2026-04-01T22:22:48.386+0200] {processor.py:161} INFO - Started process (PID=43877) to work on /home/malte/try_rag/.venv/lib/python3.12/site-packages/airflow/example_dags/example_branch_datetime_operator.py
[2026-04-01T22:22:48.392+0200] {processor.py:830} INFO - Processing file /home/malte/try_rag/.venv/lib/python3.12/site-packages/airflow/example_dags/example_branch_datetime_operator.py for tasks to queue
[2026-04-01T22:22:48.395+0200] {logging_mixin.py:188} INFO - [2026-04-01T22:22:48.394+0200] {dagbag.py:545} INFO - Filling up the DagBag from /home/malte/try_rag/.venv/lib/python3.12/site-packages/airflow/example_dags/example_branch_datetime_operator.py
[2026-04-01T22:22:48.433+0200] {processor.py:840} INFO - DAG(s) 'example_branch_datetime_operator_3', 'example_branch_datetime_operator', 'example_branch_datetime_operator_2' retrieved from /home/malte/try_rag/.venv/lib/python3.12/site-packages/airflow/example_dags/example_branch_datetime_operator.py
[2026-04-01T22:22:48.535+0200] {logging_mixin.py:188} INFO - [2026-04-01T22:22:48.534+0200] {dag.py:3096} INFO - Sync 3 DAGs
[2026-04-01T22:22:48.602+0200] {logging_mixin.py:188} INFO - [2026-04-01T22:22:48.602+0200] {dag.py:3954} INFO - Setting next_dagrun for example_branch_datetime_operator to 2026-03-31 00:00:00+00:00, run_after=2026-04-01 00:00:00+00:00
[2026-04-01T22:22:48.614+0200] {logging_mixin.py:188} INFO - [2026-04-01T22:22:48.613+0200] {dag.py:3954} INFO - Setting next_dagrun for example_branch_datetime_operator_2 to 2026-03-31 00:00:00+00:00, run_after=2026-04-01 00:00:00+00:00
[2026-04-01T22:22:48.619+0200] {logging_mixin.py:188} INFO - [2026-04-01T22:22:48.618+0200] {dag.py:3954} INFO - Setting next_dagrun for example_branch_datetime_operator_3 to 2026-03-31 00:00:00+00:00, run_after=2026-04-01 00:00:00+00:00
[2026-04-01T22:22:48.677+0200] {processor.py:183} INFO - Processing /home/malte/try_rag/.venv/lib/python3.12/site-packages/airflow/example_dags/example_branch_datetime_operator.py took 0.315 seconds
[2026-04-01T22:24:01.534+0200] {processor.py:161} INFO - Started process (PID=44048) to work on /home/malte/try_rag/.venv/lib/python3.12/site-packages/airflow/example_dags/example_branch_datetime_operator.py
[2026-04-01T22:24:01.548+0200] {processor.py:830} INFO - Processing file /home/malte/try_rag/.venv/lib/python3.12/site-packages/airflow/example_dags/example_branch_datetime_operator.py for tasks to queue
[2026-04-01T22:24:01.551+0200] {logging_mixin.py:188} INFO - [2026-04-01T22:24:01.550+0200] {dagbag.py:545} INFO - Filling up the DagBag from /home/malte/try_rag/.venv/lib/python3.12/site-packages/airflow/example_dags/example_branch_datetime_operator.py
[2026-04-01T22:24:01.583+0200] {processor.py:840} INFO - DAG(s) 'example_branch_datetime_operator_2', 'example_branch_datetime_operator', 'example_branch_datetime_operator_3' retrieved from /home/malte/try_rag/.venv/lib/python3.12/site-packages/airflow/example_dags/example_branch_datetime_operator.py
[2026-04-01T22:24:01.654+0200] {logging_mixin.py:188} INFO - [2026-04-01T22:24:01.653+0200] {dag.py:3096} INFO - Sync 3 DAGs
[2026-04-01T22:24:01.709+0200] {logging_mixin.py:188} INFO - [2026-04-01T22:24:01.708+0200] {dag.py:3954} INFO - Setting next_dagrun for example_branch_datetime_operator to 2026-03-31 00:00:00+00:00, run_after=2026-04-01 00:00:00+00:00
[2026-04-01T22:24:01.721+0200] {logging_mixin.py:188} INFO - [2026-04-01T22:24:01.720+0200] {dag.py:3954} INFO - Setting next_dagrun for example_branch_datetime_operator_2 to 2026-03-31 00:00:00+00:00, run_after=2026-04-01 00:00:00+00:00
[2026-04-01T22:24:01.726+0200] {logging_mixin.py:188} INFO - [2026-04-01T22:24:01.725+0200] {dag.py:3954} INFO - Setting next_dagrun for example_branch_datetime_operator_3 to 2026-03-31 00:00:00+00:00, run_after=2026-04-01 00:00:00+00:00
[2026-04-01T22:24:01.791+0200] {processor.py:183} INFO - Processing /home/malte/try_rag/.venv/lib/python3.12/site-packages/airflow/example_dags/example_branch_datetime_operator.py took 0.276 seconds
[2026-04-01T22:25:12.636+0200] {processor.py:161} INFO - Started process (PID=44197) to work on /home/malte/try_rag/.venv/lib/python3.12/site-packages/airflow/example_dags/example_branch_datetime_operator.py
[2026-04-01T22:25:12.640+0200] {processor.py:830} INFO - Processing file /home/malte/try_rag/.venv/lib/python3.12/site-packages/airflow/example_dags/example_branch_datetime_operator.py for tasks to queue
[2026-04-01T22:25:12.643+0200] {logging_mixin.py:188} INFO - [2026-04-01T22:25:12.641+0200] {dagbag.py:545} INFO - Filling up the DagBag from /home/malte/try_rag/.venv/lib/python3.12/site-packages/airflow/example_dags/example_branch_datetime_operator.py
[2026-04-01T22:25:12.679+0200] {processor.py:840} INFO - DAG(s) 'example_branch_datetime_operator_3', 'example_branch_datetime_operator', 'example_branch_datetime_operator_2' retrieved from /home/malte/try_rag/.venv/lib/python3.12/site-packages/airflow/example_dags/example_branch_datetime_operator.py
[2026-04-01T22:25:12.751+0200] {logging_mixin.py:188} INFO - [2026-04-01T22:25:12.750+0200] {dag.py:3096} INFO - Sync 3 DAGs
[2026-04-01T22:25:12.831+0200] {logging_mixin.py:188} INFO - [2026-04-01T22:25:12.830+0200] {dag.py:3954} INFO - Setting next_dagrun for example_branch_datetime_operator to 2026-03-31 00:00:00+00:00, run_after=2026-04-01 00:00:00+00:00
[2026-04-01T22:25:12.846+0200] {logging_mixin.py:188} INFO - [2026-04-01T22:25:12.845+0200] {dag.py:3954} INFO - Setting next_dagrun for example_branch_datetime_operator_2 to 2026-03-31 00:00:00+00:00, run_after=2026-04-01 00:00:00+00:00
[2026-04-01T22:25:12.852+0200] {logging_mixin.py:188} INFO - [2026-04-01T22:25:12.851+0200] {dag.py:3954} INFO - Setting next_dagrun for example_branch_datetime_operator_3 to 2026-03-31 00:00:00+00:00, run_after=2026-04-01 00:00:00+00:00
[2026-04-01T22:25:12.927+0200] {processor.py:183} INFO - Processing /home/malte/try_rag/.venv/lib/python3.12/site-packages/airflow/example_dags/example_branch_datetime_operator.py took 0.313 seconds
[2026-04-01T22:31:14.523+0200] {processor.py:161} INFO - Started process (PID=45850) to work on /home/malte/try_rag/.venv/lib/python3.12/site-packages/airflow/example_dags/example_branch_datetime_operator.py
[2026-04-01T22:31:14.526+0200] {processor.py:830} INFO - Processing file /home/malte/try_rag/.venv/lib/python3.12/site-packages/airflow/example_dags/example_branch_datetime_operator.py for tasks to queue
[2026-04-01T22:31:14.528+0200] {logging_mixin.py:188} INFO - [2026-04-01T22:31:14.527+0200] {dagbag.py:545} INFO - Filling up the DagBag from /home/malte/try_rag/.venv/lib/python3.12/site-packages/airflow/example_dags/example_branch_datetime_operator.py
[2026-04-01T22:31:14.556+0200] {processor.py:840} INFO - DAG(s) 'example_branch_datetime_operator_2', 'example_branch_datetime_operator', 'example_branch_datetime_operator_3' retrieved from /home/malte/try_rag/.venv/lib/python3.12/site-packages/airflow/example_dags/example_branch_datetime_operator.py
[2026-04-01T22:31:14.829+0200] {logging_mixin.py:188} INFO - [2026-04-01T22:31:14.829+0200] {dag.py:3096} INFO - Sync 3 DAGs
[2026-04-01T22:31:14.871+0200] {logging_mixin.py:188} INFO - [2026-04-01T22:31:14.870+0200] {dag.py:3954} INFO - Setting next_dagrun for example_branch_datetime_operator to 2026-03-31 00:00:00+00:00, run_after=2026-04-01 00:00:00+00:00
[2026-04-01T22:31:14.878+0200] {logging_mixin.py:188} INFO - [2026-04-01T22:31:14.878+0200] {dag.py:3954} INFO - Setting next_dagrun for example_branch_datetime_operator_2 to 2026-03-31 00:00:00+00:00, run_after=2026-04-01 00:00:00+00:00
[2026-04-01T22:31:14.883+0200] {logging_mixin.py:188} INFO - [2026-04-01T22:31:14.883+0200] {dag.py:3954} INFO - Setting next_dagrun for example_branch_datetime_operator_3 to 2026-03-31 00:00:00+00:00, run_after=2026-04-01 00:00:00+00:00
[2026-04-01T22:31:14.931+0200] {processor.py:183} INFO - Processing /home/malte/try_rag/.venv/lib/python3.12/site-packages/airflow/example_dags/example_branch_datetime_operator.py took 0.423 seconds
[2026-04-01T22:32:34.017+0200] {processor.py:161} INFO - Started process (PID=46069) to work on /home/malte/try_rag/.venv/lib/python3.12/site-packages/airflow/example_dags/example_branch_datetime_operator.py
[2026-04-01T22:32:34.021+0200] {processor.py:830} INFO - Processing file /home/malte/try_rag/.venv/lib/python3.12/site-packages/airflow/example_dags/example_branch_datetime_operator.py for tasks to queue
[2026-04-01T22:32:34.025+0200] {logging_mixin.py:188} INFO - [2026-04-01T22:32:34.023+0200] {dagbag.py:545} INFO - Filling up the DagBag from /home/malte/try_rag/.venv/lib/python3.12/site-packages/airflow/example_dags/example_branch_datetime_operator.py
[2026-04-01T22:32:34.061+0200] {processor.py:840} INFO - DAG(s) 'example_branch_datetime_operator_3', 'example_branch_datetime_operator_2', 'example_branch_datetime_operator' retrieved from /home/malte/try_rag/.venv/lib/python3.12/site-packages/airflow/example_dags/example_branch_datetime_operator.py
[2026-04-01T22:32:34.138+0200] {logging_mixin.py:188} INFO - [2026-04-01T22:32:34.138+0200] {dag.py:3096} INFO - Sync 3 DAGs
[2026-04-01T22:32:34.193+0200] {logging_mixin.py:188} INFO - [2026-04-01T22:32:34.192+0200] {dag.py:3954} INFO - Setting next_dagrun for example_branch_datetime_operator to 2026-03-31 00:00:00+00:00, run_after=2026-04-01 00:00:00+00:00
[2026-04-01T22:32:34.205+0200] {logging_mixin.py:188} INFO - [2026-04-01T22:32:34.204+0200] {dag.py:3954} INFO - Setting next_dagrun for example_branch_datetime_operator_2 to 2026-03-31 00:00:00+00:00, run_after=2026-04-01 00:00:00+00:00
[2026-04-01T22:32:34.210+0200] {logging_mixin.py:188} INFO - [2026-04-01T22:32:34.209+0200] {dag.py:3954} INFO - Setting next_dagrun for example_branch_datetime_operator_3 to 2026-03-31 00:00:00+00:00, run_after=2026-04-01 00:00:00+00:00
[2026-04-01T22:32:34.259+0200] {processor.py:183} INFO - Processing /home/malte/try_rag/.venv/lib/python3.12/site-packages/airflow/example_dags/example_branch_datetime_operator.py took 0.267 seconds
[2026-04-01T22:33:48.675+0200] {processor.py:161} INFO - Started process (PID=46334) to work on /home/malte/try_rag/.venv/lib/python3.12/site-packages/airflow/example_dags/example_branch_datetime_operator.py
[2026-04-01T22:33:48.679+0200] {processor.py:830} INFO - Processing file /home/malte/try_rag/.venv/lib/python3.12/site-packages/airflow/example_dags/example_branch_datetime_operator.py for tasks to queue
[2026-04-01T22:33:48.682+0200] {logging_mixin.py:188} INFO - [2026-04-01T22:33:48.681+0200] {dagbag.py:545} INFO - Filling up the DagBag from /home/malte/try_rag/.venv/lib/python3.12/site-packages/airflow/example_dags/example_branch_datetime_operator.py
[2026-04-01T22:33:48.724+0200] {processor.py:840} INFO - DAG(s) 'example_branch_datetime_operator', 'example_branch_datetime_operator_3', 'example_branch_datetime_operator_2' retrieved from /home/malte/try_rag/.venv/lib/python3.12/site-packages/airflow/example_dags/example_branch_datetime_operator.py
[2026-04-01T22:33:48.822+0200] {logging_mixin.py:188} INFO - [2026-04-01T22:33:48.822+0200] {dag.py:3096} INFO - Sync 3 DAGs
[2026-04-01T22:33:48.897+0200] {logging_mixin.py:188} INFO - [2026-04-01T22:33:48.896+0200] {dag.py:3954} INFO - Setting next_dagrun for example_branch_datetime_operator to 2026-03-31 00:00:00+00:00, run_after=2026-04-01 00:00:00+00:00
[2026-04-01T22:33:48.914+0200] {logging_mixin.py:188} INFO - [2026-04-01T22:33:48.913+0200] {dag.py:3954} INFO - Setting next_dagrun for example_branch_datetime_operator_2 to 2026-03-31 00:00:00+00:00, run_after=2026-04-01 00:00:00+00:00
[2026-04-01T22:33:48.921+0200] {logging_mixin.py:188} INFO - [2026-04-01T22:33:48.920+0200] {dag.py:3954} INFO - Setting next_dagrun for example_branch_datetime_operator_3 to 2026-03-31 00:00:00+00:00, run_after=2026-04-01 00:00:00+00:00
[2026-04-01T22:33:48.998+0200] {processor.py:183} INFO - Processing /home/malte/try_rag/.venv/lib/python3.12/site-packages/airflow/example_dags/example_branch_datetime_operator.py took 0.344 seconds
[2026-04-01T22:34:56.184+0200] {processor.py:161} INFO - Started process (PID=46533) to work on /home/malte/try_rag/.venv/lib/python3.12/site-packages/airflow/example_dags/example_branch_datetime_operator.py
[2026-04-01T22:34:56.189+0200] {processor.py:830} INFO - Processing file /home/malte/try_rag/.venv/lib/python3.12/site-packages/airflow/example_dags/example_branch_datetime_operator.py for tasks to queue
[2026-04-01T22:34:56.193+0200] {logging_mixin.py:188} INFO - [2026-04-01T22:34:56.191+0200] {dagbag.py:545} INFO - Filling up the DagBag from /home/malte/try_rag/.venv/lib/python3.12/site-packages/airflow/example_dags/example_branch_datetime_operator.py
[2026-04-01T22:34:56.236+0200] {processor.py:840} INFO - DAG(s) 'example_branch_datetime_operator_2', 'example_branch_datetime_operator_3', 'example_branch_datetime_operator' retrieved from /home/malte/try_rag/.venv/lib/python3.12/site-packages/airflow/example_dags/example_branch_datetime_operator.py
[2026-04-01T22:34:56.326+0200] {logging_mixin.py:188} INFO - [2026-04-01T22:34:56.326+0200] {dag.py:3096} INFO - Sync 3 DAGs
[2026-04-01T22:34:56.389+0200] {logging_mixin.py:188} INFO - [2026-04-01T22:34:56.389+0200] {dag.py:3954} INFO - Setting next_dagrun for example_branch_datetime_operator to 2026-03-31 00:00:00+00:00, run_after=2026-04-01 00:00:00+00:00
[2026-04-01T22:34:56.760+0200] {logging_mixin.py:188} INFO - [2026-04-01T22:34:56.759+0200] {dag.py:3954} INFO - Setting next_dagrun for example_branch_datetime_operator_2 to 2026-03-31 00:00:00+00:00, run_after=2026-04-01 00:00:00+00:00
[2026-04-01T22:34:56.764+0200] {logging_mixin.py:188} INFO - [2026-04-01T22:34:56.764+0200] {dag.py:3954} INFO - Setting next_dagrun for example_branch_datetime_operator_3 to 2026-03-31 00:00:00+00:00, run_after=2026-04-01 00:00:00+00:00
[2026-04-01T22:34:56.814+0200] {processor.py:183} INFO - Processing /home/malte/try_rag/.venv/lib/python3.12/site-packages/airflow/example_dags/example_branch_datetime_operator.py took 0.656 seconds
[2026-04-01T22:36:19.533+0200] {processor.py:161} INFO - Started process (PID=46873) to work on /home/malte/try_rag/.venv/lib/python3.12/site-packages/airflow/example_dags/example_branch_datetime_operator.py
[2026-04-01T22:36:19.538+0200] {processor.py:830} INFO - Processing file /home/malte/try_rag/.venv/lib/python3.12/site-packages/airflow/example_dags/example_branch_datetime_operator.py for tasks to queue
[2026-04-01T22:36:19.541+0200] {logging_mixin.py:188} INFO - [2026-04-01T22:36:19.540+0200] {dagbag.py:545} INFO - Filling up the DagBag from /home/malte/try_rag/.venv/lib/python3.12/site-packages/airflow/example_dags/example_branch_datetime_operator.py
[2026-04-01T22:36:19.582+0200] {processor.py:840} INFO - DAG(s) 'example_branch_datetime_operator', 'example_branch_datetime_operator_2', 'example_branch_datetime_operator_3' retrieved from /home/malte/try_rag/.venv/lib/python3.12/site-packages/airflow/example_dags/example_branch_datetime_operator.py
[2026-04-01T22:36:19.658+0200] {logging_mixin.py:188} INFO - [2026-04-01T22:36:19.657+0200] {dag.py:3096} INFO - Sync 3 DAGs
[2026-04-01T22:36:19.755+0200] {logging_mixin.py:188} INFO - [2026-04-01T22:36:19.754+0200] {dag.py:3954} INFO - Setting next_dagrun for example_branch_datetime_operator to 2026-03-31 00:00:00+00:00, run_after=2026-04-01 00:00:00+00:00
[2026-04-01T22:36:19.772+0200] {logging_mixin.py:188} INFO - [2026-04-01T22:36:19.772+0200] {dag.py:3954} INFO - Setting next_dagrun for example_branch_datetime_operator_2 to 2026-03-31 00:00:00+00:00, run_after=2026-04-01 00:00:00+00:00
[2026-04-01T22:36:19.782+0200] {logging_mixin.py:188} INFO - [2026-04-01T22:36:19.781+0200] {dag.py:3954} INFO - Setting next_dagrun for example_branch_datetime_operator_3 to 2026-03-31 00:00:00+00:00, run_after=2026-04-01 00:00:00+00:00
[2026-04-01T22:36:19.832+0200] {processor.py:183} INFO - Processing /home/malte/try_rag/.venv/lib/python3.12/site-packages/airflow/example_dags/example_branch_datetime_operator.py took 0.322 seconds
