[2026-04-01T22:14:43.708+0200] {processor.py:161} INFO - Started process (PID=42904) to work on /home/malte/try_rag/.venv/lib/python3.12/site-packages/airflow/example_dags/example_complex.py
[2026-04-01T22:14:43.710+0200] {processor.py:830} INFO - Processing file /home/malte/try_rag/.venv/lib/python3.12/site-packages/airflow/example_dags/example_complex.py for tasks to queue
[2026-04-01T22:14:43.712+0200] {logging_mixin.py:188} INFO - [2026-04-01T22:14:43.711+0200] {dagbag.py:545} INFO - Filling up the DagBag from /home/malte/try_rag/.venv/lib/python3.12/site-packages/airflow/example_dags/example_complex.py
[2026-04-01T22:14:43.742+0200] {processor.py:840} INFO - DAG(s) 'example_complex' retrieved from /home/malte/try_rag/.venv/lib/python3.12/site-packages/airflow/example_dags/example_complex.py
[2026-04-01T22:14:44.029+0200] {logging_mixin.py:188} INFO - [2026-04-01T22:14:44.027+0200] {override.py:1930} INFO - Created Permission View: can edit on DAG:example_complex
[2026-04-01T22:14:44.055+0200] {logging_mixin.py:188} INFO - [2026-04-01T22:14:44.054+0200] {override.py:1930} INFO - Created Permission View: can read on DAG:example_complex
[2026-04-01T22:14:44.080+0200] {logging_mixin.py:188} INFO - [2026-04-01T22:14:44.079+0200] {override.py:1930} INFO - Created Permission View: can delete on DAG:example_complex
[2026-04-01T22:14:44.081+0200] {logging_mixin.py:188} INFO - [2026-04-01T22:14:44.080+0200] {dag.py:3096} INFO - Sync 1 DAGs
[2026-04-01T22:14:44.102+0200] {logging_mixin.py:188} INFO - [2026-04-01T22:14:44.102+0200] {dag.py:3118} INFO - Creating ORM DAG for example_complex
[2026-04-01T22:14:44.104+0200] {logging_mixin.py:188} INFO - [2026-04-01T22:14:44.104+0200] {dag.py:3954} INFO - Setting next_dagrun for example_complex to None, run_after=None
[2026-04-01T22:14:44.152+0200] {processor.py:183} INFO - Processing /home/malte/try_rag/.venv/lib/python3.12/site-packages/airflow/example_dags/example_complex.py took 0.460 seconds
[2026-04-01T22:16:05.702+0200] {processor.py:161} INFO - Started process (PID=43062) to work on /home/malte/try_rag/.venv/lib/python3.12/site-packages/airflow/example_dags/example_complex.py
[2026-04-01T22:16:05.705+0200] {processor.py:830} INFO - Processing file /home/malte/try_rag/.venv/lib/python3.12/site-packages/airflow/example_dags/example_complex.py for tasks to queue
[2026-04-01T22:16:05.708+0200] {logging_mixin.py:188} INFO - [2026-04-01T22:16:05.707+0200] {dagbag.py:545} INFO - Filling up the DagBag from /home/malte/try_rag/.venv/lib/python3.12/site-packages/airflow/example_dags/example_complex.py
[2026-04-01T22:16:05.733+0200] {processor.py:840} INFO - DAG(s) 'example_complex' retrieved from /home/malte/try_rag/.venv/lib/python3.12/site-packages/airflow/example_dags/example_complex.py
[2026-04-01T22:16:05.813+0200] {logging_mixin.py:188} INFO - [2026-04-01T22:16:05.812+0200] {dag.py:3096} INFO - Sync 1 DAGs
[2026-04-01T22:16:05.852+0200] {logging_mixin.py:188} INFO - [2026-04-01T22:16:05.851+0200] {dag.py:3954} INFO - Setting next_dagrun for example_complex to None, run_after=None
[2026-04-01T22:16:05.924+0200] {processor.py:183} INFO - Processing /home/malte/try_rag/.venv/lib/python3.12/site-packages/airflow/example_dags/example_complex.py took 0.237 seconds
[2026-04-01T22:17:23.339+0200] {processor.py:161} INFO - Started process (PID=43221) to work on /home/malte/try_rag/.venv/lib/python3.12/site-packages/airflow/example_dags/example_complex.py
[2026-04-01T22:17:23.342+0200] {processor.py:830} INFO - Processing file /home/malte/try_rag/.venv/lib/python3.12/site-packages/airflow/example_dags/example_complex.py for tasks to queue
[2026-04-01T22:17:23.345+0200] {logging_mixin.py:188} INFO - [2026-04-01T22:17:23.344+0200] {dagbag.py:545} INFO - Filling up the DagBag from /home/malte/try_rag/.venv/lib/python3.12/site-packages/airflow/example_dags/example_complex.py
[2026-04-01T22:17:23.369+0200] {processor.py:840} INFO - DAG(s) 'example_complex' retrieved from /home/malte/try_rag/.venv/lib/python3.12/site-packages/airflow/example_dags/example_complex.py
[2026-04-01T22:17:23.440+0200] {logging_mixin.py:188} INFO - [2026-04-01T22:17:23.439+0200] {dag.py:3096} INFO - Sync 1 DAGs
[2026-04-01T22:17:23.467+0200] {logging_mixin.py:188} INFO - [2026-04-01T22:17:23.466+0200] {dag.py:3954} INFO - Setting next_dagrun for example_complex to None, run_after=None
[2026-04-01T22:17:23.521+0200] {processor.py:183} INFO - Processing /home/malte/try_rag/.venv/lib/python3.12/site-packages/airflow/example_dags/example_complex.py took 0.199 seconds
[2026-04-01T22:18:36.249+0200] {processor.py:161} INFO - Started process (PID=43370) to work on /home/malte/try_rag/.venv/lib/python3.12/site-packages/airflow/example_dags/example_complex.py
[2026-04-01T22:18:36.254+0200] {processor.py:830} INFO - Processing file /home/malte/try_rag/.venv/lib/python3.12/site-packages/airflow/example_dags/example_complex.py for tasks to queue
[2026-04-01T22:18:36.258+0200] {logging_mixin.py:188} INFO - [2026-04-01T22:18:36.256+0200] {dagbag.py:545} INFO - Filling up the DagBag from /home/malte/try_rag/.venv/lib/python3.12/site-packages/airflow/example_dags/example_complex.py
[2026-04-01T22:18:36.311+0200] {processor.py:840} INFO - DAG(s) 'example_complex' retrieved from /home/malte/try_rag/.venv/lib/python3.12/site-packages/airflow/example_dags/example_complex.py
[2026-04-01T22:18:36.407+0200] {logging_mixin.py:188} INFO - [2026-04-01T22:18:36.406+0200] {dag.py:3096} INFO - Sync 1 DAGs
[2026-04-01T22:18:36.448+0200] {logging_mixin.py:188} INFO - [2026-04-01T22:18:36.448+0200] {dag.py:3954} INFO - Setting next_dagrun for example_complex to None, run_after=None
[2026-04-01T22:18:36.896+0200] {processor.py:183} INFO - Processing /home/malte/try_rag/.venv/lib/python3.12/site-packages/airflow/example_dags/example_complex.py took 0.672 seconds
[2026-04-01T22:20:11.053+0200] {processor.py:161} INFO - Started process (PID=43570) to work on /home/malte/try_rag/.venv/lib/python3.12/site-packages/airflow/example_dags/example_complex.py
[2026-04-01T22:20:11.068+0200] {processor.py:830} INFO - Processing file /home/malte/try_rag/.venv/lib/python3.12/site-packages/airflow/example_dags/example_complex.py for tasks to queue
[2026-04-01T22:20:11.070+0200] {logging_mixin.py:188} INFO - [2026-04-01T22:20:11.069+0200] {dagbag.py:545} INFO - Filling up the DagBag from /home/malte/try_rag/.venv/lib/python3.12/site-packages/airflow/example_dags/example_complex.py
[2026-04-01T22:20:11.098+0200] {processor.py:840} INFO - DAG(s) 'example_complex' retrieved from /home/malte/try_rag/.venv/lib/python3.12/site-packages/airflow/example_dags/example_complex.py
[2026-04-01T22:20:11.168+0200] {logging_mixin.py:188} INFO - [2026-04-01T22:20:11.166+0200] {dag.py:3096} INFO - Sync 1 DAGs
[2026-04-01T22:20:11.198+0200] {logging_mixin.py:188} INFO - [2026-04-01T22:20:11.198+0200] {dag.py:3954} INFO - Setting next_dagrun for example_complex to None, run_after=None
[2026-04-01T22:20:11.253+0200] {processor.py:183} INFO - Processing /home/malte/try_rag/.venv/lib/python3.12/site-packages/airflow/example_dags/example_complex.py took 0.219 seconds
[2026-04-01T22:21:25.116+0200] {processor.py:161} INFO - Started process (PID=43714) to work on /home/malte/try_rag/.venv/lib/python3.12/site-packages/airflow/example_dags/example_complex.py
[2026-04-01T22:21:25.119+0200] {processor.py:830} INFO - Processing file /home/malte/try_rag/.venv/lib/python3.12/site-packages/airflow/example_dags/example_complex.py for tasks to queue
[2026-04-01T22:21:25.122+0200] {logging_mixin.py:188} INFO - [2026-04-01T22:21:25.121+0200] {dagbag.py:545} INFO - Filling up the DagBag from /home/malte/try_rag/.venv/lib/python3.12/site-packages/airflow/example_dags/example_complex.py
[2026-04-01T22:21:25.147+0200] {processor.py:840} INFO - DAG(s) 'example_complex' retrieved from /home/malte/try_rag/.venv/lib/python3.12/site-packages/airflow/example_dags/example_complex.py
[2026-04-01T22:21:25.215+0200] {logging_mixin.py:188} INFO - [2026-04-01T22:21:25.214+0200] {dag.py:3096} INFO - Sync 1 DAGs
[2026-04-01T22:21:25.250+0200] {logging_mixin.py:188} INFO - [2026-04-01T22:21:25.250+0200] {dag.py:3954} INFO - Setting next_dagrun for example_complex to None, run_after=None
[2026-04-01T22:21:25.309+0200] {processor.py:183} INFO - Processing /home/malte/try_rag/.venv/lib/python3.12/site-packages/airflow/example_dags/example_complex.py took 0.210 seconds
[2026-04-01T22:22:38.805+0200] {processor.py:161} INFO - Started process (PID=43864) to work on /home/malte/try_rag/.venv/lib/python3.12/site-packages/airflow/example_dags/example_complex.py
[2026-04-01T22:22:38.821+0200] {processor.py:830} INFO - Processing file /home/malte/try_rag/.venv/lib/python3.12/site-packages/airflow/example_dags/example_complex.py for tasks to queue
[2026-04-01T22:22:38.824+0200] {logging_mixin.py:188} INFO - [2026-04-01T22:22:38.822+0200] {dagbag.py:545} INFO - Filling up the DagBag from /home/malte/try_rag/.venv/lib/python3.12/site-packages/airflow/example_dags/example_complex.py
[2026-04-01T22:22:38.853+0200] {processor.py:840} INFO - DAG(s) 'example_complex' retrieved from /home/malte/try_rag/.venv/lib/python3.12/site-packages/airflow/example_dags/example_complex.py
[2026-04-01T22:22:38.928+0200] {logging_mixin.py:188} INFO - [2026-04-01T22:22:38.928+0200] {dag.py:3096} INFO - Sync 1 DAGs
[2026-04-01T22:22:38.965+0200] {logging_mixin.py:188} INFO - [2026-04-01T22:22:38.964+0200] {dag.py:3954} INFO - Setting next_dagrun for example_complex to None, run_after=None
[2026-04-01T22:22:39.034+0200] {processor.py:183} INFO - Processing /home/malte/try_rag/.venv/lib/python3.12/site-packages/airflow/example_dags/example_complex.py took 0.253 seconds
[2026-04-01T22:23:52.097+0200] {processor.py:161} INFO - Started process (PID=44035) to work on /home/malte/try_rag/.venv/lib/python3.12/site-packages/airflow/example_dags/example_complex.py
[2026-04-01T22:23:52.113+0200] {processor.py:830} INFO - Processing file /home/malte/try_rag/.venv/lib/python3.12/site-packages/airflow/example_dags/example_complex.py for tasks to queue
[2026-04-01T22:23:52.117+0200] {logging_mixin.py:188} INFO - [2026-04-01T22:23:52.115+0200] {dagbag.py:545} INFO - Filling up the DagBag from /home/malte/try_rag/.venv/lib/python3.12/site-packages/airflow/example_dags/example_complex.py
[2026-04-01T22:23:52.146+0200] {processor.py:840} INFO - DAG(s) 'example_complex' retrieved from /home/malte/try_rag/.venv/lib/python3.12/site-packages/airflow/example_dags/example_complex.py
[2026-04-01T22:23:52.228+0200] {logging_mixin.py:188} INFO - [2026-04-01T22:23:52.227+0200] {dag.py:3096} INFO - Sync 1 DAGs
[2026-04-01T22:23:52.263+0200] {logging_mixin.py:188} INFO - [2026-04-01T22:23:52.263+0200] {dag.py:3954} INFO - Setting next_dagrun for example_complex to None, run_after=None
[2026-04-01T22:23:52.341+0200] {processor.py:183} INFO - Processing /home/malte/try_rag/.venv/lib/python3.12/site-packages/airflow/example_dags/example_complex.py took 0.264 seconds
[2026-04-01T22:25:03.831+0200] {processor.py:161} INFO - Started process (PID=44184) to work on /home/malte/try_rag/.venv/lib/python3.12/site-packages/airflow/example_dags/example_complex.py
[2026-04-01T22:25:03.845+0200] {processor.py:830} INFO - Processing file /home/malte/try_rag/.venv/lib/python3.12/site-packages/airflow/example_dags/example_complex.py for tasks to queue
[2026-04-01T22:25:03.848+0200] {logging_mixin.py:188} INFO - [2026-04-01T22:25:03.846+0200] {dagbag.py:545} INFO - Filling up the DagBag from /home/malte/try_rag/.venv/lib/python3.12/site-packages/airflow/example_dags/example_complex.py
[2026-04-01T22:25:03.878+0200] {processor.py:840} INFO - DAG(s) 'example_complex' retrieved from /home/malte/try_rag/.venv/lib/python3.12/site-packages/airflow/example_dags/example_complex.py
[2026-04-01T22:25:03.951+0200] {logging_mixin.py:188} INFO - [2026-04-01T22:25:03.951+0200] {dag.py:3096} INFO - Sync 1 DAGs
[2026-04-01T22:25:03.986+0200] {logging_mixin.py:188} INFO - [2026-04-01T22:25:03.985+0200] {dag.py:3954} INFO - Setting next_dagrun for example_complex to None, run_after=None
[2026-04-01T22:25:04.074+0200] {processor.py:183} INFO - Processing /home/malte/try_rag/.venv/lib/python3.12/site-packages/airflow/example_dags/example_complex.py took 0.269 seconds
[2026-04-01T22:31:03.354+0200] {processor.py:161} INFO - Started process (PID=45834) to work on /home/malte/try_rag/.venv/lib/python3.12/site-packages/airflow/example_dags/example_complex.py
[2026-04-01T22:31:03.364+0200] {processor.py:830} INFO - Processing file /home/malte/try_rag/.venv/lib/python3.12/site-packages/airflow/example_dags/example_complex.py for tasks to queue
[2026-04-01T22:31:03.367+0200] {logging_mixin.py:188} INFO - [2026-04-01T22:31:03.366+0200] {dagbag.py:545} INFO - Filling up the DagBag from /home/malte/try_rag/.venv/lib/python3.12/site-packages/airflow/example_dags/example_complex.py
[2026-04-01T22:31:03.402+0200] {processor.py:840} INFO - DAG(s) 'example_complex' retrieved from /home/malte/try_rag/.venv/lib/python3.12/site-packages/airflow/example_dags/example_complex.py
[2026-04-01T22:31:03.704+0200] {logging_mixin.py:188} INFO - [2026-04-01T22:31:03.703+0200] {dag.py:3096} INFO - Sync 1 DAGs
[2026-04-01T22:31:03.732+0200] {logging_mixin.py:188} INFO - [2026-04-01T22:31:03.731+0200] {dag.py:3954} INFO - Setting next_dagrun for example_complex to None, run_after=None
[2026-04-01T22:31:04.107+0200] {processor.py:183} INFO - Processing /home/malte/try_rag/.venv/lib/python3.12/site-packages/airflow/example_dags/example_complex.py took 0.769 seconds
[2026-04-01T22:32:24.454+0200] {processor.py:161} INFO - Started process (PID=46050) to work on /home/malte/try_rag/.venv/lib/python3.12/site-packages/airflow/example_dags/example_complex.py
[2026-04-01T22:32:24.458+0200] {processor.py:830} INFO - Processing file /home/malte/try_rag/.venv/lib/python3.12/site-packages/airflow/example_dags/example_complex.py for tasks to queue
[2026-04-01T22:32:24.461+0200] {logging_mixin.py:188} INFO - [2026-04-01T22:32:24.460+0200] {dagbag.py:545} INFO - Filling up the DagBag from /home/malte/try_rag/.venv/lib/python3.12/site-packages/airflow/example_dags/example_complex.py
[2026-04-01T22:32:24.490+0200] {processor.py:840} INFO - DAG(s) 'example_complex' retrieved from /home/malte/try_rag/.venv/lib/python3.12/site-packages/airflow/example_dags/example_complex.py
[2026-04-01T22:32:24.572+0200] {logging_mixin.py:188} INFO - [2026-04-01T22:32:24.572+0200] {dag.py:3096} INFO - Sync 1 DAGs
[2026-04-01T22:32:24.608+0200] {logging_mixin.py:188} INFO - [2026-04-01T22:32:24.607+0200] {dag.py:3954} INFO - Setting next_dagrun for example_complex to None, run_after=None
[2026-04-01T22:32:24.683+0200] {processor.py:183} INFO - Processing /home/malte/try_rag/.venv/lib/python3.12/site-packages/airflow/example_dags/example_complex.py took 0.250 seconds
[2026-04-01T22:33:38.989+0200] {processor.py:161} INFO - Started process (PID=46318) to work on /home/malte/try_rag/.venv/lib/python3.12/site-packages/airflow/example_dags/example_complex.py
[2026-04-01T22:33:38.993+0200] {processor.py:830} INFO - Processing file /home/malte/try_rag/.venv/lib/python3.12/site-packages/airflow/example_dags/example_complex.py for tasks to queue
[2026-04-01T22:33:38.996+0200] {logging_mixin.py:188} INFO - [2026-04-01T22:33:38.995+0200] {dagbag.py:545} INFO - Filling up the DagBag from /home/malte/try_rag/.venv/lib/python3.12/site-packages/airflow/example_dags/example_complex.py
[2026-04-01T22:33:39.032+0200] {processor.py:840} INFO - DAG(s) 'example_complex' retrieved from /home/malte/try_rag/.venv/lib/python3.12/site-packages/airflow/example_dags/example_complex.py
[2026-04-01T22:33:39.109+0200] {logging_mixin.py:188} INFO - [2026-04-01T22:33:39.108+0200] {dag.py:3096} INFO - Sync 1 DAGs
[2026-04-01T22:33:39.152+0200] {logging_mixin.py:188} INFO - [2026-04-01T22:33:39.151+0200] {dag.py:3954} INFO - Setting next_dagrun for example_complex to None, run_after=None
[2026-04-01T22:33:39.216+0200] {processor.py:183} INFO - Processing /home/malte/try_rag/.venv/lib/python3.12/site-packages/airflow/example_dags/example_complex.py took 0.247 seconds
[2026-04-01T22:34:46.347+0200] {processor.py:161} INFO - Started process (PID=46518) to work on /home/malte/try_rag/.venv/lib/python3.12/site-packages/airflow/example_dags/example_complex.py
[2026-04-01T22:34:46.350+0200] {processor.py:830} INFO - Processing file /home/malte/try_rag/.venv/lib/python3.12/site-packages/airflow/example_dags/example_complex.py for tasks to queue
[2026-04-01T22:34:46.353+0200] {logging_mixin.py:188} INFO - [2026-04-01T22:34:46.352+0200] {dagbag.py:545} INFO - Filling up the DagBag from /home/malte/try_rag/.venv/lib/python3.12/site-packages/airflow/example_dags/example_complex.py
[2026-04-01T22:34:46.379+0200] {processor.py:840} INFO - DAG(s) 'example_complex' retrieved from /home/malte/try_rag/.venv/lib/python3.12/site-packages/airflow/example_dags/example_complex.py
[2026-04-01T22:34:46.457+0200] {logging_mixin.py:188} INFO - [2026-04-01T22:34:46.457+0200] {dag.py:3096} INFO - Sync 1 DAGs
[2026-04-01T22:34:46.488+0200] {logging_mixin.py:188} INFO - [2026-04-01T22:34:46.488+0200] {dag.py:3954} INFO - Setting next_dagrun for example_complex to None, run_after=None
[2026-04-01T22:34:46.557+0200] {processor.py:183} INFO - Processing /home/malte/try_rag/.venv/lib/python3.12/site-packages/airflow/example_dags/example_complex.py took 0.227 seconds
[2026-04-01T22:36:10.453+0200] {processor.py:161} INFO - Started process (PID=46858) to work on /home/malte/try_rag/.venv/lib/python3.12/site-packages/airflow/example_dags/example_complex.py
[2026-04-01T22:36:10.457+0200] {processor.py:830} INFO - Processing file /home/malte/try_rag/.venv/lib/python3.12/site-packages/airflow/example_dags/example_complex.py for tasks to queue
[2026-04-01T22:36:10.460+0200] {logging_mixin.py:188} INFO - [2026-04-01T22:36:10.459+0200] {dagbag.py:545} INFO - Filling up the DagBag from /home/malte/try_rag/.venv/lib/python3.12/site-packages/airflow/example_dags/example_complex.py
[2026-04-01T22:36:10.493+0200] {processor.py:840} INFO - DAG(s) 'example_complex' retrieved from /home/malte/try_rag/.venv/lib/python3.12/site-packages/airflow/example_dags/example_complex.py
[2026-04-01T22:36:10.579+0200] {logging_mixin.py:188} INFO - [2026-04-01T22:36:10.578+0200] {dag.py:3096} INFO - Sync 1 DAGs
[2026-04-01T22:36:10.618+0200] {logging_mixin.py:188} INFO - [2026-04-01T22:36:10.618+0200] {dag.py:3954} INFO - Setting next_dagrun for example_complex to None, run_after=None
[2026-04-01T22:36:10.716+0200] {processor.py:183} INFO - Processing /home/malte/try_rag/.venv/lib/python3.12/site-packages/airflow/example_dags/example_complex.py took 0.281 seconds
