[2026-04-01T22:14:39.439+0200] {processor.py:161} INFO - Started process (PID=42896) to work on /home/malte/try_rag/.venv/lib/python3.12/site-packages/airflow/example_dags/example_datasets.py
[2026-04-01T22:14:39.442+0200] {processor.py:830} INFO - Processing file /home/malte/try_rag/.venv/lib/python3.12/site-packages/airflow/example_dags/example_datasets.py for tasks to queue
[2026-04-01T22:14:39.445+0200] {logging_mixin.py:188} INFO - [2026-04-01T22:14:39.444+0200] {dagbag.py:545} INFO - Filling up the DagBag from /home/malte/try_rag/.venv/lib/python3.12/site-packages/airflow/example_dags/example_datasets.py
[2026-04-01T22:14:39.515+0200] {processor.py:840} INFO - DAG(s) 'dataset_produces_2', 'dataset_consumes_1_never_scheduled', 'dataset_produces_1', 'conditional_dataset_and_time_based_timetable', 'dataset_consumes_1_and_2', 'consume_1_and_2_with_dataset_expressions', 'dataset_consumes_1', 'consume_1_or_2_with_dataset_expressions', 'consume_1_or_both_2_and_3_with_dataset_expressions', 'dataset_consumes_unknown_never_scheduled' retrieved from /home/malte/try_rag/.venv/lib/python3.12/site-packages/airflow/example_dags/example_datasets.py
[2026-04-01T22:14:39.779+0200] {logging_mixin.py:188} INFO - [2026-04-01T22:14:39.777+0200] {override.py:1930} INFO - Created Permission View: can edit on DAG:dataset_produces_2
[2026-04-01T22:14:39.807+0200] {logging_mixin.py:188} INFO - [2026-04-01T22:14:39.806+0200] {override.py:1930} INFO - Created Permission View: can read on DAG:dataset_produces_2
[2026-04-01T22:14:39.829+0200] {logging_mixin.py:188} INFO - [2026-04-01T22:14:39.828+0200] {override.py:1930} INFO - Created Permission View: can delete on DAG:dataset_produces_2
[2026-04-01T22:14:39.880+0200] {logging_mixin.py:188} INFO - [2026-04-01T22:14:39.879+0200] {override.py:1930} INFO - Created Permission View: can edit on DAG:dataset_consumes_1_never_scheduled
[2026-04-01T22:14:39.900+0200] {logging_mixin.py:188} INFO - [2026-04-01T22:14:39.899+0200] {override.py:1930} INFO - Created Permission View: can read on DAG:dataset_consumes_1_never_scheduled
[2026-04-01T22:14:39.922+0200] {logging_mixin.py:188} INFO - [2026-04-01T22:14:39.921+0200] {override.py:1930} INFO - Created Permission View: can delete on DAG:dataset_consumes_1_never_scheduled
[2026-04-01T22:14:39.963+0200] {logging_mixin.py:188} INFO - [2026-04-01T22:14:39.962+0200] {override.py:1930} INFO - Created Permission View: can edit on DAG:dataset_produces_1
[2026-04-01T22:14:39.981+0200] {logging_mixin.py:188} INFO - [2026-04-01T22:14:39.980+0200] {override.py:1930} INFO - Created Permission View: can read on DAG:dataset_produces_1
[2026-04-01T22:14:39.999+0200] {logging_mixin.py:188} INFO - [2026-04-01T22:14:39.998+0200] {override.py:1930} INFO - Created Permission View: can delete on DAG:dataset_produces_1
[2026-04-01T22:14:40.041+0200] {logging_mixin.py:188} INFO - [2026-04-01T22:14:40.040+0200] {override.py:1930} INFO - Created Permission View: can edit on DAG:conditional_dataset_and_time_based_timetable
[2026-04-01T22:14:40.059+0200] {logging_mixin.py:188} INFO - [2026-04-01T22:14:40.058+0200] {override.py:1930} INFO - Created Permission View: can read on DAG:conditional_dataset_and_time_based_timetable
[2026-04-01T22:14:40.077+0200] {logging_mixin.py:188} INFO - [2026-04-01T22:14:40.076+0200] {override.py:1930} INFO - Created Permission View: can delete on DAG:conditional_dataset_and_time_based_timetable
[2026-04-01T22:14:40.114+0200] {logging_mixin.py:188} INFO - [2026-04-01T22:14:40.114+0200] {override.py:1930} INFO - Created Permission View: can edit on DAG:dataset_consumes_1_and_2
[2026-04-01T22:14:40.133+0200] {logging_mixin.py:188} INFO - [2026-04-01T22:14:40.132+0200] {override.py:1930} INFO - Created Permission View: can read on DAG:dataset_consumes_1_and_2
[2026-04-01T22:14:40.151+0200] {logging_mixin.py:188} INFO - [2026-04-01T22:14:40.150+0200] {override.py:1930} INFO - Created Permission View: can delete on DAG:dataset_consumes_1_and_2
[2026-04-01T22:14:40.189+0200] {logging_mixin.py:188} INFO - [2026-04-01T22:14:40.189+0200] {override.py:1930} INFO - Created Permission View: can edit on DAG:consume_1_and_2_with_dataset_expressions
[2026-04-01T22:14:40.206+0200] {logging_mixin.py:188} INFO - [2026-04-01T22:14:40.206+0200] {override.py:1930} INFO - Created Permission View: can read on DAG:consume_1_and_2_with_dataset_expressions
[2026-04-01T22:14:40.224+0200] {logging_mixin.py:188} INFO - [2026-04-01T22:14:40.223+0200] {override.py:1930} INFO - Created Permission View: can delete on DAG:consume_1_and_2_with_dataset_expressions
[2026-04-01T22:14:40.264+0200] {logging_mixin.py:188} INFO - [2026-04-01T22:14:40.263+0200] {override.py:1930} INFO - Created Permission View: can edit on DAG:dataset_consumes_1
[2026-04-01T22:14:40.283+0200] {logging_mixin.py:188} INFO - [2026-04-01T22:14:40.283+0200] {override.py:1930} INFO - Created Permission View: can read on DAG:dataset_consumes_1
[2026-04-01T22:14:40.300+0200] {logging_mixin.py:188} INFO - [2026-04-01T22:14:40.300+0200] {override.py:1930} INFO - Created Permission View: can delete on DAG:dataset_consumes_1
[2026-04-01T22:14:40.341+0200] {logging_mixin.py:188} INFO - [2026-04-01T22:14:40.340+0200] {override.py:1930} INFO - Created Permission View: can edit on DAG:consume_1_or_2_with_dataset_expressions
[2026-04-01T22:14:40.361+0200] {logging_mixin.py:188} INFO - [2026-04-01T22:14:40.361+0200] {override.py:1930} INFO - Created Permission View: can read on DAG:consume_1_or_2_with_dataset_expressions
[2026-04-01T22:14:40.381+0200] {logging_mixin.py:188} INFO - [2026-04-01T22:14:40.381+0200] {override.py:1930} INFO - Created Permission View: can delete on DAG:consume_1_or_2_with_dataset_expressions
[2026-04-01T22:14:40.424+0200] {logging_mixin.py:188} INFO - [2026-04-01T22:14:40.423+0200] {override.py:1930} INFO - Created Permission View: can edit on DAG:consume_1_or_both_2_and_3_with_dataset_expressions
[2026-04-01T22:14:40.442+0200] {logging_mixin.py:188} INFO - [2026-04-01T22:14:40.441+0200] {override.py:1930} INFO - Created Permission View: can read on DAG:consume_1_or_both_2_and_3_with_dataset_expressions
[2026-04-01T22:14:40.460+0200] {logging_mixin.py:188} INFO - [2026-04-01T22:14:40.459+0200] {override.py:1930} INFO - Created Permission View: can delete on DAG:consume_1_or_both_2_and_3_with_dataset_expressions
[2026-04-01T22:14:40.499+0200] {logging_mixin.py:188} INFO - [2026-04-01T22:14:40.498+0200] {override.py:1930} INFO - Created Permission View: can edit on DAG:dataset_consumes_unknown_never_scheduled
[2026-04-01T22:14:40.517+0200] {logging_mixin.py:188} INFO - [2026-04-01T22:14:40.516+0200] {override.py:1930} INFO - Created Permission View: can read on DAG:dataset_consumes_unknown_never_scheduled
[2026-04-01T22:14:40.540+0200] {logging_mixin.py:188} INFO - [2026-04-01T22:14:40.539+0200] {override.py:1930} INFO - Created Permission View: can delete on DAG:dataset_consumes_unknown_never_scheduled
[2026-04-01T22:14:40.540+0200] {logging_mixin.py:188} INFO - [2026-04-01T22:14:40.540+0200] {dag.py:3096} INFO - Sync 10 DAGs
[2026-04-01T22:14:40.563+0200] {logging_mixin.py:188} INFO - [2026-04-01T22:14:40.562+0200] {dag.py:3118} INFO - Creating ORM DAG for dataset_produces_2
[2026-04-01T22:14:40.564+0200] {logging_mixin.py:188} INFO - [2026-04-01T22:14:40.564+0200] {dag.py:3118} INFO - Creating ORM DAG for consume_1_or_both_2_and_3_with_dataset_expressions
[2026-04-01T22:14:40.565+0200] {logging_mixin.py:188} INFO - [2026-04-01T22:14:40.565+0200] {dag.py:3118} INFO - Creating ORM DAG for conditional_dataset_and_time_based_timetable
[2026-04-01T22:14:40.566+0200] {logging_mixin.py:188} INFO - [2026-04-01T22:14:40.565+0200] {dag.py:3118} INFO - Creating ORM DAG for consume_1_or_2_with_dataset_expressions
[2026-04-01T22:14:40.567+0200] {logging_mixin.py:188} INFO - [2026-04-01T22:14:40.566+0200] {dag.py:3118} INFO - Creating ORM DAG for dataset_consumes_unknown_never_scheduled
[2026-04-01T22:14:40.568+0200] {logging_mixin.py:188} INFO - [2026-04-01T22:14:40.568+0200] {dag.py:3118} INFO - Creating ORM DAG for dataset_produces_1
[2026-04-01T22:14:40.569+0200] {logging_mixin.py:188} INFO - [2026-04-01T22:14:40.569+0200] {dag.py:3118} INFO - Creating ORM DAG for dataset_consumes_1_and_2
[2026-04-01T22:14:40.571+0200] {logging_mixin.py:188} INFO - [2026-04-01T22:14:40.571+0200] {dag.py:3118} INFO - Creating ORM DAG for dataset_consumes_1
[2026-04-01T22:14:40.572+0200] {logging_mixin.py:188} INFO - [2026-04-01T22:14:40.572+0200] {dag.py:3118} INFO - Creating ORM DAG for dataset_consumes_1_never_scheduled
[2026-04-01T22:14:40.573+0200] {logging_mixin.py:188} INFO - [2026-04-01T22:14:40.573+0200] {dag.py:3118} INFO - Creating ORM DAG for consume_1_and_2_with_dataset_expressions
[2026-04-01T22:14:40.602+0200] {logging_mixin.py:188} INFO - [2026-04-01T22:14:40.601+0200] {dag.py:3954} INFO - Setting next_dagrun for conditional_dataset_and_time_based_timetable to 2026-04-01 01:00:00+00:00, run_after=2026-04-01 01:00:00+00:00
[2026-04-01T22:14:40.604+0200] {logging_mixin.py:188} INFO - [2026-04-01T22:14:40.604+0200] {dag.py:3954} INFO - Setting next_dagrun for consume_1_and_2_with_dataset_expressions to None, run_after=None
[2026-04-01T22:14:40.605+0200] {logging_mixin.py:188} INFO - [2026-04-01T22:14:40.604+0200] {dag.py:3954} INFO - Setting next_dagrun for consume_1_or_2_with_dataset_expressions to None, run_after=None
[2026-04-01T22:14:40.605+0200] {logging_mixin.py:188} INFO - [2026-04-01T22:14:40.605+0200] {dag.py:3954} INFO - Setting next_dagrun for consume_1_or_both_2_and_3_with_dataset_expressions to None, run_after=None
[2026-04-01T22:14:40.606+0200] {logging_mixin.py:188} INFO - [2026-04-01T22:14:40.606+0200] {dag.py:3954} INFO - Setting next_dagrun for dataset_consumes_1 to None, run_after=None
[2026-04-01T22:14:40.607+0200] {logging_mixin.py:188} INFO - [2026-04-01T22:14:40.607+0200] {dag.py:3954} INFO - Setting next_dagrun for dataset_consumes_1_and_2 to None, run_after=None
[2026-04-01T22:14:40.608+0200] {logging_mixin.py:188} INFO - [2026-04-01T22:14:40.608+0200] {dag.py:3954} INFO - Setting next_dagrun for dataset_consumes_1_never_scheduled to None, run_after=None
[2026-04-01T22:14:40.609+0200] {logging_mixin.py:188} INFO - [2026-04-01T22:14:40.609+0200] {dag.py:3954} INFO - Setting next_dagrun for dataset_consumes_unknown_never_scheduled to None, run_after=None
[2026-04-01T22:14:40.612+0200] {logging_mixin.py:188} INFO - [2026-04-01T22:14:40.612+0200] {dag.py:3954} INFO - Setting next_dagrun for dataset_produces_1 to 2026-03-31 00:00:00+00:00, run_after=2026-04-01 00:00:00+00:00
[2026-04-01T22:14:40.614+0200] {logging_mixin.py:188} INFO - [2026-04-01T22:14:40.613+0200] {dag.py:3954} INFO - Setting next_dagrun for dataset_produces_2 to None, run_after=None
[2026-04-01T22:14:40.704+0200] {processor.py:183} INFO - Processing /home/malte/try_rag/.venv/lib/python3.12/site-packages/airflow/example_dags/example_datasets.py took 1.294 seconds
[2026-04-01T22:16:03.520+0200] {processor.py:161} INFO - Started process (PID=43060) to work on /home/malte/try_rag/.venv/lib/python3.12/site-packages/airflow/example_dags/example_datasets.py
[2026-04-01T22:16:03.524+0200] {processor.py:830} INFO - Processing file /home/malte/try_rag/.venv/lib/python3.12/site-packages/airflow/example_dags/example_datasets.py for tasks to queue
[2026-04-01T22:16:03.528+0200] {logging_mixin.py:188} INFO - [2026-04-01T22:16:03.526+0200] {dagbag.py:545} INFO - Filling up the DagBag from /home/malte/try_rag/.venv/lib/python3.12/site-packages/airflow/example_dags/example_datasets.py
[2026-04-01T22:16:03.586+0200] {processor.py:840} INFO - DAG(s) 'consume_1_or_2_with_dataset_expressions', 'dataset_consumes_1_and_2', 'dataset_consumes_1_never_scheduled', 'consume_1_and_2_with_dataset_expressions', 'conditional_dataset_and_time_based_timetable', 'dataset_produces_2', 'dataset_consumes_1', 'consume_1_or_both_2_and_3_with_dataset_expressions', 'dataset_consumes_unknown_never_scheduled', 'dataset_produces_1' retrieved from /home/malte/try_rag/.venv/lib/python3.12/site-packages/airflow/example_dags/example_datasets.py
[2026-04-01T22:16:03.751+0200] {logging_mixin.py:188} INFO - [2026-04-01T22:16:03.750+0200] {dag.py:3096} INFO - Sync 10 DAGs
[2026-04-01T22:16:03.820+0200] {logging_mixin.py:188} INFO - [2026-04-01T22:16:03.820+0200] {dag.py:3954} INFO - Setting next_dagrun for conditional_dataset_and_time_based_timetable to 2026-04-01 01:00:00+00:00, run_after=2026-04-01 01:00:00+00:00
[2026-04-01T22:16:03.830+0200] {logging_mixin.py:188} INFO - [2026-04-01T22:16:03.829+0200] {dag.py:3954} INFO - Setting next_dagrun for consume_1_and_2_with_dataset_expressions to None, run_after=None
[2026-04-01T22:16:03.832+0200] {logging_mixin.py:188} INFO - [2026-04-01T22:16:03.832+0200] {dag.py:3954} INFO - Setting next_dagrun for consume_1_or_2_with_dataset_expressions to None, run_after=None
[2026-04-01T22:16:03.834+0200] {logging_mixin.py:188} INFO - [2026-04-01T22:16:03.834+0200] {dag.py:3954} INFO - Setting next_dagrun for consume_1_or_both_2_and_3_with_dataset_expressions to None, run_after=None
[2026-04-01T22:16:03.836+0200] {logging_mixin.py:188} INFO - [2026-04-01T22:16:03.836+0200] {dag.py:3954} INFO - Setting next_dagrun for dataset_consumes_1 to None, run_after=None
[2026-04-01T22:16:03.838+0200] {logging_mixin.py:188} INFO - [2026-04-01T22:16:03.838+0200] {dag.py:3954} INFO - Setting next_dagrun for dataset_consumes_1_and_2 to None, run_after=None
[2026-04-01T22:16:03.840+0200] {logging_mixin.py:188} INFO - [2026-04-01T22:16:03.839+0200] {dag.py:3954} INFO - Setting next_dagrun for dataset_consumes_1_never_scheduled to None, run_after=None
[2026-04-01T22:16:03.841+0200] {logging_mixin.py:188} INFO - [2026-04-01T22:16:03.841+0200] {dag.py:3954} INFO - Setting next_dagrun for dataset_consumes_unknown_never_scheduled to None, run_after=None
[2026-04-01T22:16:03.846+0200] {logging_mixin.py:188} INFO - [2026-04-01T22:16:03.845+0200] {dag.py:3954} INFO - Setting next_dagrun for dataset_produces_1 to 2026-03-31 00:00:00+00:00, run_after=2026-04-01 00:00:00+00:00
[2026-04-01T22:16:03.848+0200] {logging_mixin.py:188} INFO - [2026-04-01T22:16:03.848+0200] {dag.py:3954} INFO - Setting next_dagrun for dataset_produces_2 to None, run_after=None
[2026-04-01T22:16:03.923+0200] {processor.py:183} INFO - Processing /home/malte/try_rag/.venv/lib/python3.12/site-packages/airflow/example_dags/example_datasets.py took 0.421 seconds
[2026-04-01T22:17:20.957+0200] {processor.py:161} INFO - Started process (PID=43213) to work on /home/malte/try_rag/.venv/lib/python3.12/site-packages/airflow/example_dags/example_datasets.py
[2026-04-01T22:17:20.969+0200] {processor.py:830} INFO - Processing file /home/malte/try_rag/.venv/lib/python3.12/site-packages/airflow/example_dags/example_datasets.py for tasks to queue
[2026-04-01T22:17:20.973+0200] {logging_mixin.py:188} INFO - [2026-04-01T22:17:20.971+0200] {dagbag.py:545} INFO - Filling up the DagBag from /home/malte/try_rag/.venv/lib/python3.12/site-packages/airflow/example_dags/example_datasets.py
[2026-04-01T22:17:21.054+0200] {processor.py:840} INFO - DAG(s) 'dataset_consumes_1_never_scheduled', 'consume_1_or_2_with_dataset_expressions', 'consume_1_and_2_with_dataset_expressions', 'dataset_produces_2', 'consume_1_or_both_2_and_3_with_dataset_expressions', 'dataset_consumes_1', 'dataset_consumes_unknown_never_scheduled', 'dataset_produces_1', 'dataset_consumes_1_and_2', 'conditional_dataset_and_time_based_timetable' retrieved from /home/malte/try_rag/.venv/lib/python3.12/site-packages/airflow/example_dags/example_datasets.py
[2026-04-01T22:17:21.232+0200] {logging_mixin.py:188} INFO - [2026-04-01T22:17:21.231+0200] {dag.py:3096} INFO - Sync 10 DAGs
[2026-04-01T22:17:21.330+0200] {logging_mixin.py:188} INFO - [2026-04-01T22:17:21.329+0200] {dag.py:3954} INFO - Setting next_dagrun for conditional_dataset_and_time_based_timetable to 2026-04-01 01:00:00+00:00, run_after=2026-04-01 01:00:00+00:00
[2026-04-01T22:17:21.339+0200] {logging_mixin.py:188} INFO - [2026-04-01T22:17:21.338+0200] {dag.py:3954} INFO - Setting next_dagrun for consume_1_and_2_with_dataset_expressions to None, run_after=None
[2026-04-01T22:17:21.341+0200] {logging_mixin.py:188} INFO - [2026-04-01T22:17:21.341+0200] {dag.py:3954} INFO - Setting next_dagrun for consume_1_or_2_with_dataset_expressions to None, run_after=None
[2026-04-01T22:17:21.345+0200] {logging_mixin.py:188} INFO - [2026-04-01T22:17:21.345+0200] {dag.py:3954} INFO - Setting next_dagrun for consume_1_or_both_2_and_3_with_dataset_expressions to None, run_after=None
[2026-04-01T22:17:21.348+0200] {logging_mixin.py:188} INFO - [2026-04-01T22:17:21.347+0200] {dag.py:3954} INFO - Setting next_dagrun for dataset_consumes_1 to None, run_after=None
[2026-04-01T22:17:21.351+0200] {logging_mixin.py:188} INFO - [2026-04-01T22:17:21.351+0200] {dag.py:3954} INFO - Setting next_dagrun for dataset_consumes_1_and_2 to None, run_after=None
[2026-04-01T22:17:21.354+0200] {logging_mixin.py:188} INFO - [2026-04-01T22:17:21.354+0200] {dag.py:3954} INFO - Setting next_dagrun for dataset_consumes_1_never_scheduled to None, run_after=None
[2026-04-01T22:17:21.357+0200] {logging_mixin.py:188} INFO - [2026-04-01T22:17:21.356+0200] {dag.py:3954} INFO - Setting next_dagrun for dataset_consumes_unknown_never_scheduled to None, run_after=None
[2026-04-01T22:17:21.362+0200] {logging_mixin.py:188} INFO - [2026-04-01T22:17:21.361+0200] {dag.py:3954} INFO - Setting next_dagrun for dataset_produces_1 to 2026-03-31 00:00:00+00:00, run_after=2026-04-01 00:00:00+00:00
[2026-04-01T22:17:21.365+0200] {logging_mixin.py:188} INFO - [2026-04-01T22:17:21.365+0200] {dag.py:3954} INFO - Setting next_dagrun for dataset_produces_2 to None, run_after=None
[2026-04-01T22:17:21.485+0200] {processor.py:183} INFO - Processing /home/malte/try_rag/.venv/lib/python3.12/site-packages/airflow/example_dags/example_datasets.py took 0.554 seconds
[2026-04-01T22:18:32.894+0200] {processor.py:161} INFO - Started process (PID=43361) to work on /home/malte/try_rag/.venv/lib/python3.12/site-packages/airflow/example_dags/example_datasets.py
[2026-04-01T22:18:32.898+0200] {processor.py:830} INFO - Processing file /home/malte/try_rag/.venv/lib/python3.12/site-packages/airflow/example_dags/example_datasets.py for tasks to queue
[2026-04-01T22:18:32.901+0200] {logging_mixin.py:188} INFO - [2026-04-01T22:18:32.900+0200] {dagbag.py:545} INFO - Filling up the DagBag from /home/malte/try_rag/.venv/lib/python3.12/site-packages/airflow/example_dags/example_datasets.py
[2026-04-01T22:18:32.945+0200] {processor.py:840} INFO - DAG(s) 'dataset_produces_1', 'consume_1_or_both_2_and_3_with_dataset_expressions', 'conditional_dataset_and_time_based_timetable', 'dataset_consumes_1_and_2', 'dataset_consumes_1', 'consume_1_and_2_with_dataset_expressions', 'dataset_consumes_unknown_never_scheduled', 'consume_1_or_2_with_dataset_expressions', 'dataset_consumes_1_never_scheduled', 'dataset_produces_2' retrieved from /home/malte/try_rag/.venv/lib/python3.12/site-packages/airflow/example_dags/example_datasets.py
[2026-04-01T22:18:33.048+0200] {logging_mixin.py:188} INFO - [2026-04-01T22:18:33.047+0200] {dag.py:3096} INFO - Sync 10 DAGs
[2026-04-01T22:18:33.533+0200] {logging_mixin.py:188} INFO - [2026-04-01T22:18:33.533+0200] {dag.py:3954} INFO - Setting next_dagrun for conditional_dataset_and_time_based_timetable to 2026-04-01 01:00:00+00:00, run_after=2026-04-01 01:00:00+00:00
[2026-04-01T22:18:33.541+0200] {logging_mixin.py:188} INFO - [2026-04-01T22:18:33.540+0200] {dag.py:3954} INFO - Setting next_dagrun for consume_1_and_2_with_dataset_expressions to None, run_after=None
[2026-04-01T22:18:33.543+0200] {logging_mixin.py:188} INFO - [2026-04-01T22:18:33.543+0200] {dag.py:3954} INFO - Setting next_dagrun for consume_1_or_2_with_dataset_expressions to None, run_after=None
[2026-04-01T22:18:33.545+0200] {logging_mixin.py:188} INFO - [2026-04-01T22:18:33.545+0200] {dag.py:3954} INFO - Setting next_dagrun for consume_1_or_both_2_and_3_with_dataset_expressions to None, run_after=None
[2026-04-01T22:18:33.547+0200] {logging_mixin.py:188} INFO - [2026-04-01T22:18:33.547+0200] {dag.py:3954} INFO - Setting next_dagrun for dataset_consumes_1 to None, run_after=None
[2026-04-01T22:18:33.549+0200] {logging_mixin.py:188} INFO - [2026-04-01T22:18:33.548+0200] {dag.py:3954} INFO - Setting next_dagrun for dataset_consumes_1_and_2 to None, run_after=None
[2026-04-01T22:18:33.551+0200] {logging_mixin.py:188} INFO - [2026-04-01T22:18:33.551+0200] {dag.py:3954} INFO - Setting next_dagrun for dataset_consumes_1_never_scheduled to None, run_after=None
[2026-04-01T22:18:33.554+0200] {logging_mixin.py:188} INFO - [2026-04-01T22:18:33.553+0200] {dag.py:3954} INFO - Setting next_dagrun for dataset_consumes_unknown_never_scheduled to None, run_after=None
[2026-04-01T22:18:33.558+0200] {logging_mixin.py:188} INFO - [2026-04-01T22:18:33.557+0200] {dag.py:3954} INFO - Setting next_dagrun for dataset_produces_1 to 2026-03-31 00:00:00+00:00, run_after=2026-04-01 00:00:00+00:00
[2026-04-01T22:18:33.560+0200] {logging_mixin.py:188} INFO - [2026-04-01T22:18:33.560+0200] {dag.py:3954} INFO - Setting next_dagrun for dataset_produces_2 to None, run_after=None
[2026-04-01T22:18:33.641+0200] {processor.py:183} INFO - Processing /home/malte/try_rag/.venv/lib/python3.12/site-packages/airflow/example_dags/example_datasets.py took 0.766 seconds
[2026-04-01T22:20:08.197+0200] {processor.py:161} INFO - Started process (PID=43560) to work on /home/malte/try_rag/.venv/lib/python3.12/site-packages/airflow/example_dags/example_datasets.py
[2026-04-01T22:20:08.207+0200] {processor.py:830} INFO - Processing file /home/malte/try_rag/.venv/lib/python3.12/site-packages/airflow/example_dags/example_datasets.py for tasks to queue
[2026-04-01T22:20:08.209+0200] {logging_mixin.py:188} INFO - [2026-04-01T22:20:08.208+0200] {dagbag.py:545} INFO - Filling up the DagBag from /home/malte/try_rag/.venv/lib/python3.12/site-packages/airflow/example_dags/example_datasets.py
[2026-04-01T22:20:08.248+0200] {processor.py:840} INFO - DAG(s) 'consume_1_and_2_with_dataset_expressions', 'dataset_consumes_1', 'consume_1_or_2_with_dataset_expressions', 'conditional_dataset_and_time_based_timetable', 'dataset_produces_1', 'dataset_produces_2', 'dataset_consumes_unknown_never_scheduled', 'dataset_consumes_1_and_2', 'dataset_consumes_1_never_scheduled', 'consume_1_or_both_2_and_3_with_dataset_expressions' retrieved from /home/malte/try_rag/.venv/lib/python3.12/site-packages/airflow/example_dags/example_datasets.py
[2026-04-01T22:20:08.335+0200] {logging_mixin.py:188} INFO - [2026-04-01T22:20:08.334+0200] {dag.py:3096} INFO - Sync 10 DAGs
[2026-04-01T22:20:08.391+0200] {logging_mixin.py:188} INFO - [2026-04-01T22:20:08.391+0200] {dag.py:3954} INFO - Setting next_dagrun for conditional_dataset_and_time_based_timetable to 2026-04-01 01:00:00+00:00, run_after=2026-04-01 01:00:00+00:00
[2026-04-01T22:20:08.401+0200] {logging_mixin.py:188} INFO - [2026-04-01T22:20:08.401+0200] {dag.py:3954} INFO - Setting next_dagrun for consume_1_and_2_with_dataset_expressions to None, run_after=None
[2026-04-01T22:20:08.403+0200] {logging_mixin.py:188} INFO - [2026-04-01T22:20:08.403+0200] {dag.py:3954} INFO - Setting next_dagrun for consume_1_or_2_with_dataset_expressions to None, run_after=None
[2026-04-01T22:20:08.406+0200] {logging_mixin.py:188} INFO - [2026-04-01T22:20:08.405+0200] {dag.py:3954} INFO - Setting next_dagrun for consume_1_or_both_2_and_3_with_dataset_expressions to None, run_after=None
[2026-04-01T22:20:08.408+0200] {logging_mixin.py:188} INFO - [2026-04-01T22:20:08.408+0200] {dag.py:3954} INFO - Setting next_dagrun for dataset_consumes_1 to None, run_after=None
[2026-04-01T22:20:08.410+0200] {logging_mixin.py:188} INFO - [2026-04-01T22:20:08.409+0200] {dag.py:3954} INFO - Setting next_dagrun for dataset_consumes_1_and_2 to None, run_after=None
[2026-04-01T22:20:08.412+0200] {logging_mixin.py:188} INFO - [2026-04-01T22:20:08.412+0200] {dag.py:3954} INFO - Setting next_dagrun for dataset_consumes_1_never_scheduled to None, run_after=None
[2026-04-01T22:20:08.414+0200] {logging_mixin.py:188} INFO - [2026-04-01T22:20:08.414+0200] {dag.py:3954} INFO - Setting next_dagrun for dataset_consumes_unknown_never_scheduled to None, run_after=None
[2026-04-01T22:20:08.418+0200] {logging_mixin.py:188} INFO - [2026-04-01T22:20:08.418+0200] {dag.py:3954} INFO - Setting next_dagrun for dataset_produces_1 to 2026-03-31 00:00:00+00:00, run_after=2026-04-01 00:00:00+00:00
[2026-04-01T22:20:08.420+0200] {logging_mixin.py:188} INFO - [2026-04-01T22:20:08.420+0200] {dag.py:3954} INFO - Setting next_dagrun for dataset_produces_2 to None, run_after=None
[2026-04-01T22:20:08.509+0200] {processor.py:183} INFO - Processing /home/malte/try_rag/.venv/lib/python3.12/site-packages/airflow/example_dags/example_datasets.py took 0.329 seconds
[2026-04-01T22:21:21.953+0200] {processor.py:161} INFO - Started process (PID=43706) to work on /home/malte/try_rag/.venv/lib/python3.12/site-packages/airflow/example_dags/example_datasets.py
[2026-04-01T22:21:21.963+0200] {processor.py:830} INFO - Processing file /home/malte/try_rag/.venv/lib/python3.12/site-packages/airflow/example_dags/example_datasets.py for tasks to queue
[2026-04-01T22:21:21.966+0200] {logging_mixin.py:188} INFO - [2026-04-01T22:21:21.965+0200] {dagbag.py:545} INFO - Filling up the DagBag from /home/malte/try_rag/.venv/lib/python3.12/site-packages/airflow/example_dags/example_datasets.py
[2026-04-01T22:21:22.005+0200] {processor.py:840} INFO - DAG(s) 'dataset_consumes_unknown_never_scheduled', 'consume_1_and_2_with_dataset_expressions', 'dataset_consumes_1', 'dataset_produces_2', 'dataset_consumes_1_never_scheduled', 'consume_1_or_both_2_and_3_with_dataset_expressions', 'dataset_produces_1', 'consume_1_or_2_with_dataset_expressions', 'conditional_dataset_and_time_based_timetable', 'dataset_consumes_1_and_2' retrieved from /home/malte/try_rag/.venv/lib/python3.12/site-packages/airflow/example_dags/example_datasets.py
[2026-04-01T22:21:22.113+0200] {logging_mixin.py:188} INFO - [2026-04-01T22:21:22.112+0200] {dag.py:3096} INFO - Sync 10 DAGs
[2026-04-01T22:21:22.193+0200] {logging_mixin.py:188} INFO - [2026-04-01T22:21:22.192+0200] {dag.py:3954} INFO - Setting next_dagrun for conditional_dataset_and_time_based_timetable to 2026-04-01 01:00:00+00:00, run_after=2026-04-01 01:00:00+00:00
[2026-04-01T22:21:22.202+0200] {logging_mixin.py:188} INFO - [2026-04-01T22:21:22.201+0200] {dag.py:3954} INFO - Setting next_dagrun for consume_1_and_2_with_dataset_expressions to None, run_after=None
[2026-04-01T22:21:22.207+0200] {logging_mixin.py:188} INFO - [2026-04-01T22:21:22.206+0200] {dag.py:3954} INFO - Setting next_dagrun for consume_1_or_2_with_dataset_expressions to None, run_after=None
[2026-04-01T22:21:22.209+0200] {logging_mixin.py:188} INFO - [2026-04-01T22:21:22.209+0200] {dag.py:3954} INFO - Setting next_dagrun for consume_1_or_both_2_and_3_with_dataset_expressions to None, run_after=None
[2026-04-01T22:21:22.212+0200] {logging_mixin.py:188} INFO - [2026-04-01T22:21:22.212+0200] {dag.py:3954} INFO - Setting next_dagrun for dataset_consumes_1 to None, run_after=None
[2026-04-01T22:21:22.216+0200] {logging_mixin.py:188} INFO - [2026-04-01T22:21:22.215+0200] {dag.py:3954} INFO - Setting next_dagrun for dataset_consumes_1_and_2 to None, run_after=None
[2026-04-01T22:21:22.220+0200] {logging_mixin.py:188} INFO - [2026-04-01T22:21:22.219+0200] {dag.py:3954} INFO - Setting next_dagrun for dataset_consumes_1_never_scheduled to None, run_after=None
[2026-04-01T22:21:22.222+0200] {logging_mixin.py:188} INFO - [2026-04-01T22:21:22.222+0200] {dag.py:3954} INFO - Setting next_dagrun for dataset_consumes_unknown_never_scheduled to None, run_after=None
[2026-04-01T22:21:22.227+0200] {logging_mixin.py:188} INFO - [2026-04-01T22:21:22.227+0200] {dag.py:3954} INFO - Setting next_dagrun for dataset_produces_1 to 2026-03-31 00:00:00+00:00, run_after=2026-04-01 00:00:00+00:00
[2026-04-01T22:21:22.230+0200] {logging_mixin.py:188} INFO - [2026-04-01T22:21:22.229+0200] {dag.py:3954} INFO - Setting next_dagrun for dataset_produces_2 to None, run_after=None
[2026-04-01T22:21:22.331+0200] {processor.py:183} INFO - Processing /home/malte/try_rag/.venv/lib/python3.12/site-packages/airflow/example_dags/example_datasets.py took 0.394 seconds
[2026-04-01T22:22:35.955+0200] {processor.py:161} INFO - Started process (PID=43862) to work on /home/malte/try_rag/.venv/lib/python3.12/site-packages/airflow/example_dags/example_datasets.py
[2026-04-01T22:22:35.959+0200] {processor.py:830} INFO - Processing file /home/malte/try_rag/.venv/lib/python3.12/site-packages/airflow/example_dags/example_datasets.py for tasks to queue
[2026-04-01T22:22:35.962+0200] {logging_mixin.py:188} INFO - [2026-04-01T22:22:35.961+0200] {dagbag.py:545} INFO - Filling up the DagBag from /home/malte/try_rag/.venv/lib/python3.12/site-packages/airflow/example_dags/example_datasets.py
[2026-04-01T22:22:36.015+0200] {processor.py:840} INFO - DAG(s) 'consume_1_and_2_with_dataset_expressions', 'dataset_consumes_1', 'consume_1_or_both_2_and_3_with_dataset_expressions', 'conditional_dataset_and_time_based_timetable', 'dataset_produces_2', 'consume_1_or_2_with_dataset_expressions', 'dataset_consumes_unknown_never_scheduled', 'dataset_consumes_1_never_scheduled', 'dataset_consumes_1_and_2', 'dataset_produces_1' retrieved from /home/malte/try_rag/.venv/lib/python3.12/site-packages/airflow/example_dags/example_datasets.py
[2026-04-01T22:22:36.128+0200] {logging_mixin.py:188} INFO - [2026-04-01T22:22:36.127+0200] {dag.py:3096} INFO - Sync 10 DAGs
[2026-04-01T22:22:36.199+0200] {logging_mixin.py:188} INFO - [2026-04-01T22:22:36.198+0200] {dag.py:3954} INFO - Setting next_dagrun for conditional_dataset_and_time_based_timetable to 2026-04-01 01:00:00+00:00, run_after=2026-04-01 01:00:00+00:00
[2026-04-01T22:22:36.209+0200] {logging_mixin.py:188} INFO - [2026-04-01T22:22:36.209+0200] {dag.py:3954} INFO - Setting next_dagrun for consume_1_and_2_with_dataset_expressions to None, run_after=None
[2026-04-01T22:22:36.212+0200] {logging_mixin.py:188} INFO - [2026-04-01T22:22:36.212+0200] {dag.py:3954} INFO - Setting next_dagrun for consume_1_or_2_with_dataset_expressions to None, run_after=None
[2026-04-01T22:22:36.216+0200] {logging_mixin.py:188} INFO - [2026-04-01T22:22:36.215+0200] {dag.py:3954} INFO - Setting next_dagrun for consume_1_or_both_2_and_3_with_dataset_expressions to None, run_after=None
[2026-04-01T22:22:36.218+0200] {logging_mixin.py:188} INFO - [2026-04-01T22:22:36.218+0200] {dag.py:3954} INFO - Setting next_dagrun for dataset_consumes_1 to None, run_after=None
[2026-04-01T22:22:36.222+0200] {logging_mixin.py:188} INFO - [2026-04-01T22:22:36.221+0200] {dag.py:3954} INFO - Setting next_dagrun for dataset_consumes_1_and_2 to None, run_after=None
[2026-04-01T22:22:36.229+0200] {logging_mixin.py:188} INFO - [2026-04-01T22:22:36.226+0200] {dag.py:3954} INFO - Setting next_dagrun for dataset_consumes_1_never_scheduled to None, run_after=None
[2026-04-01T22:22:36.232+0200] {logging_mixin.py:188} INFO - [2026-04-01T22:22:36.232+0200] {dag.py:3954} INFO - Setting next_dagrun for dataset_consumes_unknown_never_scheduled to None, run_after=None
[2026-04-01T22:22:36.237+0200] {logging_mixin.py:188} INFO - [2026-04-01T22:22:36.237+0200] {dag.py:3954} INFO - Setting next_dagrun for dataset_produces_1 to 2026-03-31 00:00:00+00:00, run_after=2026-04-01 00:00:00+00:00
[2026-04-01T22:22:36.240+0200] {logging_mixin.py:188} INFO - [2026-04-01T22:22:36.240+0200] {dag.py:3954} INFO - Setting next_dagrun for dataset_produces_2 to None, run_after=None
[2026-04-01T22:22:36.340+0200] {processor.py:183} INFO - Processing /home/malte/try_rag/.venv/lib/python3.12/site-packages/airflow/example_dags/example_datasets.py took 0.403 seconds
[2026-04-01T22:23:49.221+0200] {processor.py:161} INFO - Started process (PID=44033) to work on /home/malte/try_rag/.venv/lib/python3.12/site-packages/airflow/example_dags/example_datasets.py
[2026-04-01T22:23:49.236+0200] {processor.py:830} INFO - Processing file /home/malte/try_rag/.venv/lib/python3.12/site-packages/airflow/example_dags/example_datasets.py for tasks to queue
[2026-04-01T22:23:49.238+0200] {logging_mixin.py:188} INFO - [2026-04-01T22:23:49.237+0200] {dagbag.py:545} INFO - Filling up the DagBag from /home/malte/try_rag/.venv/lib/python3.12/site-packages/airflow/example_dags/example_datasets.py
[2026-04-01T22:23:49.284+0200] {processor.py:840} INFO - DAG(s) 'dataset_produces_1', 'conditional_dataset_and_time_based_timetable', 'dataset_consumes_1_and_2', 'dataset_consumes_unknown_never_scheduled', 'dataset_consumes_1', 'consume_1_and_2_with_dataset_expressions', 'consume_1_or_both_2_and_3_with_dataset_expressions', 'dataset_consumes_1_never_scheduled', 'dataset_produces_2', 'consume_1_or_2_with_dataset_expressions' retrieved from /home/malte/try_rag/.venv/lib/python3.12/site-packages/airflow/example_dags/example_datasets.py
[2026-04-01T22:23:49.383+0200] {logging_mixin.py:188} INFO - [2026-04-01T22:23:49.382+0200] {dag.py:3096} INFO - Sync 10 DAGs
[2026-04-01T22:23:49.452+0200] {logging_mixin.py:188} INFO - [2026-04-01T22:23:49.452+0200] {dag.py:3954} INFO - Setting next_dagrun for conditional_dataset_and_time_based_timetable to 2026-04-01 01:00:00+00:00, run_after=2026-04-01 01:00:00+00:00
[2026-04-01T22:23:49.461+0200] {logging_mixin.py:188} INFO - [2026-04-01T22:23:49.460+0200] {dag.py:3954} INFO - Setting next_dagrun for consume_1_and_2_with_dataset_expressions to None, run_after=None
[2026-04-01T22:23:49.463+0200] {logging_mixin.py:188} INFO - [2026-04-01T22:23:49.463+0200] {dag.py:3954} INFO - Setting next_dagrun for consume_1_or_2_with_dataset_expressions to None, run_after=None
[2026-04-01T22:23:49.466+0200] {logging_mixin.py:188} INFO - [2026-04-01T22:23:49.465+0200] {dag.py:3954} INFO - Setting next_dagrun for consume_1_or_both_2_and_3_with_dataset_expressions to None, run_after=None
[2026-04-01T22:23:49.469+0200] {logging_mixin.py:188} INFO - [2026-04-01T22:23:49.468+0200] {dag.py:3954} INFO - Setting next_dagrun for dataset_consumes_1 to None, run_after=None
[2026-04-01T22:23:49.470+0200] {logging_mixin.py:188} INFO - [2026-04-01T22:23:49.470+0200] {dag.py:3954} INFO - Setting next_dagrun for dataset_consumes_1_and_2 to None, run_after=None
[2026-04-01T22:23:49.472+0200] {logging_mixin.py:188} INFO - [2026-04-01T22:23:49.472+0200] {dag.py:3954} INFO - Setting next_dagrun for dataset_consumes_1_never_scheduled to None, run_after=None
[2026-04-01T22:23:49.474+0200] {logging_mixin.py:188} INFO - [2026-04-01T22:23:49.474+0200] {dag.py:3954} INFO - Setting next_dagrun for dataset_consumes_unknown_never_scheduled to None, run_after=None
[2026-04-01T22:23:49.479+0200] {logging_mixin.py:188} INFO - [2026-04-01T22:23:49.478+0200] {dag.py:3954} INFO - Setting next_dagrun for dataset_produces_1 to 2026-03-31 00:00:00+00:00, run_after=2026-04-01 00:00:00+00:00
[2026-04-01T22:23:49.481+0200] {logging_mixin.py:188} INFO - [2026-04-01T22:23:49.480+0200] {dag.py:3954} INFO - Setting next_dagrun for dataset_produces_2 to None, run_after=None
[2026-04-01T22:23:49.569+0200] {processor.py:183} INFO - Processing /home/malte/try_rag/.venv/lib/python3.12/site-packages/airflow/example_dags/example_datasets.py took 0.367 seconds
[2026-04-01T22:25:00.866+0200] {processor.py:161} INFO - Started process (PID=44174) to work on /home/malte/try_rag/.venv/lib/python3.12/site-packages/airflow/example_dags/example_datasets.py
[2026-04-01T22:25:00.870+0200] {processor.py:830} INFO - Processing file /home/malte/try_rag/.venv/lib/python3.12/site-packages/airflow/example_dags/example_datasets.py for tasks to queue
[2026-04-01T22:25:00.873+0200] {logging_mixin.py:188} INFO - [2026-04-01T22:25:00.872+0200] {dagbag.py:545} INFO - Filling up the DagBag from /home/malte/try_rag/.venv/lib/python3.12/site-packages/airflow/example_dags/example_datasets.py
[2026-04-01T22:25:00.921+0200] {processor.py:840} INFO - DAG(s) 'dataset_consumes_1', 'consume_1_or_both_2_and_3_with_dataset_expressions', 'conditional_dataset_and_time_based_timetable', 'dataset_consumes_unknown_never_scheduled', 'consume_1_or_2_with_dataset_expressions', 'dataset_produces_1', 'dataset_produces_2', 'dataset_consumes_1_never_scheduled', 'consume_1_and_2_with_dataset_expressions', 'dataset_consumes_1_and_2' retrieved from /home/malte/try_rag/.venv/lib/python3.12/site-packages/airflow/example_dags/example_datasets.py
[2026-04-01T22:25:01.033+0200] {logging_mixin.py:188} INFO - [2026-04-01T22:25:01.032+0200] {dag.py:3096} INFO - Sync 10 DAGs
[2026-04-01T22:25:01.096+0200] {logging_mixin.py:188} INFO - [2026-04-01T22:25:01.096+0200] {dag.py:3954} INFO - Setting next_dagrun for conditional_dataset_and_time_based_timetable to 2026-04-01 01:00:00+00:00, run_after=2026-04-01 01:00:00+00:00
[2026-04-01T22:25:01.106+0200] {logging_mixin.py:188} INFO - [2026-04-01T22:25:01.106+0200] {dag.py:3954} INFO - Setting next_dagrun for consume_1_and_2_with_dataset_expressions to None, run_after=None
[2026-04-01T22:25:01.109+0200] {logging_mixin.py:188} INFO - [2026-04-01T22:25:01.109+0200] {dag.py:3954} INFO - Setting next_dagrun for consume_1_or_2_with_dataset_expressions to None, run_after=None
[2026-04-01T22:25:01.111+0200] {logging_mixin.py:188} INFO - [2026-04-01T22:25:01.111+0200] {dag.py:3954} INFO - Setting next_dagrun for consume_1_or_both_2_and_3_with_dataset_expressions to None, run_after=None
[2026-04-01T22:25:01.113+0200] {logging_mixin.py:188} INFO - [2026-04-01T22:25:01.113+0200] {dag.py:3954} INFO - Setting next_dagrun for dataset_consumes_1 to None, run_after=None
[2026-04-01T22:25:01.115+0200] {logging_mixin.py:188} INFO - [2026-04-01T22:25:01.115+0200] {dag.py:3954} INFO - Setting next_dagrun for dataset_consumes_1_and_2 to None, run_after=None
[2026-04-01T22:25:01.118+0200] {logging_mixin.py:188} INFO - [2026-04-01T22:25:01.117+0200] {dag.py:3954} INFO - Setting next_dagrun for dataset_consumes_1_never_scheduled to None, run_after=None
[2026-04-01T22:25:01.120+0200] {logging_mixin.py:188} INFO - [2026-04-01T22:25:01.120+0200] {dag.py:3954} INFO - Setting next_dagrun for dataset_consumes_unknown_never_scheduled to None, run_after=None
[2026-04-01T22:25:01.125+0200] {logging_mixin.py:188} INFO - [2026-04-01T22:25:01.124+0200] {dag.py:3954} INFO - Setting next_dagrun for dataset_produces_1 to 2026-03-31 00:00:00+00:00, run_after=2026-04-01 00:00:00+00:00
[2026-04-01T22:25:01.128+0200] {logging_mixin.py:188} INFO - [2026-04-01T22:25:01.128+0200] {dag.py:3954} INFO - Setting next_dagrun for dataset_produces_2 to None, run_after=None
[2026-04-01T22:25:01.249+0200] {processor.py:183} INFO - Processing /home/malte/try_rag/.venv/lib/python3.12/site-packages/airflow/example_dags/example_datasets.py took 0.404 seconds
[2026-04-01T22:30:59.353+0200] {processor.py:161} INFO - Started process (PID=45767) to work on /home/malte/try_rag/.venv/lib/python3.12/site-packages/airflow/example_dags/example_datasets.py
[2026-04-01T22:30:59.357+0200] {processor.py:830} INFO - Processing file /home/malte/try_rag/.venv/lib/python3.12/site-packages/airflow/example_dags/example_datasets.py for tasks to queue
[2026-04-01T22:30:59.359+0200] {logging_mixin.py:188} INFO - [2026-04-01T22:30:59.358+0200] {dagbag.py:545} INFO - Filling up the DagBag from /home/malte/try_rag/.venv/lib/python3.12/site-packages/airflow/example_dags/example_datasets.py
[2026-04-01T22:30:59.401+0200] {processor.py:840} INFO - DAG(s) 'consume_1_and_2_with_dataset_expressions', 'dataset_produces_2', 'dataset_consumes_1_never_scheduled', 'dataset_consumes_1', 'consume_1_or_both_2_and_3_with_dataset_expressions', 'dataset_produces_1', 'dataset_consumes_unknown_never_scheduled', 'consume_1_or_2_with_dataset_expressions', 'conditional_dataset_and_time_based_timetable', 'dataset_consumes_1_and_2' retrieved from /home/malte/try_rag/.venv/lib/python3.12/site-packages/airflow/example_dags/example_datasets.py
[2026-04-01T22:30:59.813+0200] {logging_mixin.py:188} INFO - [2026-04-01T22:30:59.813+0200] {dag.py:3096} INFO - Sync 10 DAGs
[2026-04-01T22:30:59.863+0200] {logging_mixin.py:188} INFO - [2026-04-01T22:30:59.863+0200] {dag.py:3954} INFO - Setting next_dagrun for conditional_dataset_and_time_based_timetable to 2026-04-01 01:00:00+00:00, run_after=2026-04-01 01:00:00+00:00
[2026-04-01T22:30:59.870+0200] {logging_mixin.py:188} INFO - [2026-04-01T22:30:59.869+0200] {dag.py:3954} INFO - Setting next_dagrun for consume_1_and_2_with_dataset_expressions to None, run_after=None
[2026-04-01T22:30:59.872+0200] {logging_mixin.py:188} INFO - [2026-04-01T22:30:59.871+0200] {dag.py:3954} INFO - Setting next_dagrun for consume_1_or_2_with_dataset_expressions to None, run_after=None
[2026-04-01T22:30:59.874+0200] {logging_mixin.py:188} INFO - [2026-04-01T22:30:59.874+0200] {dag.py:3954} INFO - Setting next_dagrun for consume_1_or_both_2_and_3_with_dataset_expressions to None, run_after=None
[2026-04-01T22:30:59.877+0200] {logging_mixin.py:188} INFO - [2026-04-01T22:30:59.876+0200] {dag.py:3954} INFO - Setting next_dagrun for dataset_consumes_1 to None, run_after=None
[2026-04-01T22:30:59.879+0200] {logging_mixin.py:188} INFO - [2026-04-01T22:30:59.879+0200] {dag.py:3954} INFO - Setting next_dagrun for dataset_consumes_1_and_2 to None, run_after=None
[2026-04-01T22:30:59.883+0200] {logging_mixin.py:188} INFO - [2026-04-01T22:30:59.882+0200] {dag.py:3954} INFO - Setting next_dagrun for dataset_consumes_1_never_scheduled to None, run_after=None
[2026-04-01T22:30:59.886+0200] {logging_mixin.py:188} INFO - [2026-04-01T22:30:59.885+0200] {dag.py:3954} INFO - Setting next_dagrun for dataset_consumes_unknown_never_scheduled to None, run_after=None
[2026-04-01T22:30:59.891+0200] {logging_mixin.py:188} INFO - [2026-04-01T22:30:59.890+0200] {dag.py:3954} INFO - Setting next_dagrun for dataset_produces_1 to 2026-03-31 00:00:00+00:00, run_after=2026-04-01 00:00:00+00:00
[2026-04-01T22:30:59.893+0200] {logging_mixin.py:188} INFO - [2026-04-01T22:30:59.892+0200] {dag.py:3954} INFO - Setting next_dagrun for dataset_produces_2 to None, run_after=None
[2026-04-01T22:30:59.979+0200] {processor.py:183} INFO - Processing /home/malte/try_rag/.venv/lib/python3.12/site-packages/airflow/example_dags/example_datasets.py took 0.643 seconds
[2026-04-01T22:32:21.678+0200] {processor.py:161} INFO - Started process (PID=46046) to work on /home/malte/try_rag/.venv/lib/python3.12/site-packages/airflow/example_dags/example_datasets.py
[2026-04-01T22:32:21.681+0200] {processor.py:830} INFO - Processing file /home/malte/try_rag/.venv/lib/python3.12/site-packages/airflow/example_dags/example_datasets.py for tasks to queue
[2026-04-01T22:32:21.684+0200] {logging_mixin.py:188} INFO - [2026-04-01T22:32:21.682+0200] {dagbag.py:545} INFO - Filling up the DagBag from /home/malte/try_rag/.venv/lib/python3.12/site-packages/airflow/example_dags/example_datasets.py
[2026-04-01T22:32:21.725+0200] {processor.py:840} INFO - DAG(s) 'conditional_dataset_and_time_based_timetable', 'dataset_consumes_unknown_never_scheduled', 'dataset_produces_1', 'dataset_consumes_1_never_scheduled', 'dataset_consumes_1_and_2', 'dataset_consumes_1', 'consume_1_or_both_2_and_3_with_dataset_expressions', 'consume_1_or_2_with_dataset_expressions', 'consume_1_and_2_with_dataset_expressions', 'dataset_produces_2' retrieved from /home/malte/try_rag/.venv/lib/python3.12/site-packages/airflow/example_dags/example_datasets.py
[2026-04-01T22:32:21.826+0200] {logging_mixin.py:188} INFO - [2026-04-01T22:32:21.825+0200] {dag.py:3096} INFO - Sync 10 DAGs
[2026-04-01T22:32:21.886+0200] {logging_mixin.py:188} INFO - [2026-04-01T22:32:21.885+0200] {dag.py:3954} INFO - Setting next_dagrun for conditional_dataset_and_time_based_timetable to 2026-04-01 01:00:00+00:00, run_after=2026-04-01 01:00:00+00:00
[2026-04-01T22:32:21.893+0200] {logging_mixin.py:188} INFO - [2026-04-01T22:32:21.893+0200] {dag.py:3954} INFO - Setting next_dagrun for consume_1_and_2_with_dataset_expressions to None, run_after=None
[2026-04-01T22:32:21.895+0200] {logging_mixin.py:188} INFO - [2026-04-01T22:32:21.895+0200] {dag.py:3954} INFO - Setting next_dagrun for consume_1_or_2_with_dataset_expressions to None, run_after=None
[2026-04-01T22:32:21.897+0200] {logging_mixin.py:188} INFO - [2026-04-01T22:32:21.896+0200] {dag.py:3954} INFO - Setting next_dagrun for consume_1_or_both_2_and_3_with_dataset_expressions to None, run_after=None
[2026-04-01T22:32:21.899+0200] {logging_mixin.py:188} INFO - [2026-04-01T22:32:21.898+0200] {dag.py:3954} INFO - Setting next_dagrun for dataset_consumes_1 to None, run_after=None
[2026-04-01T22:32:21.901+0200] {logging_mixin.py:188} INFO - [2026-04-01T22:32:21.900+0200] {dag.py:3954} INFO - Setting next_dagrun for dataset_consumes_1_and_2 to None, run_after=None
[2026-04-01T22:32:21.903+0200] {logging_mixin.py:188} INFO - [2026-04-01T22:32:21.902+0200] {dag.py:3954} INFO - Setting next_dagrun for dataset_consumes_1_never_scheduled to None, run_after=None
[2026-04-01T22:32:21.906+0200] {logging_mixin.py:188} INFO - [2026-04-01T22:32:21.906+0200] {dag.py:3954} INFO - Setting next_dagrun for dataset_consumes_unknown_never_scheduled to None, run_after=None
[2026-04-01T22:32:21.911+0200] {logging_mixin.py:188} INFO - [2026-04-01T22:32:21.911+0200] {dag.py:3954} INFO - Setting next_dagrun for dataset_produces_1 to 2026-03-31 00:00:00+00:00, run_after=2026-04-01 00:00:00+00:00
[2026-04-01T22:32:21.914+0200] {logging_mixin.py:188} INFO - [2026-04-01T22:32:21.913+0200] {dag.py:3954} INFO - Setting next_dagrun for dataset_produces_2 to None, run_after=None
[2026-04-01T22:32:22.011+0200] {processor.py:183} INFO - Processing /home/malte/try_rag/.venv/lib/python3.12/site-packages/airflow/example_dags/example_datasets.py took 0.351 seconds
[2026-04-01T22:33:37.738+0200] {processor.py:161} INFO - Started process (PID=46313) to work on /home/malte/try_rag/.venv/lib/python3.12/site-packages/airflow/example_dags/example_datasets.py
[2026-04-01T22:33:37.742+0200] {processor.py:830} INFO - Processing file /home/malte/try_rag/.venv/lib/python3.12/site-packages/airflow/example_dags/example_datasets.py for tasks to queue
[2026-04-01T22:33:37.746+0200] {logging_mixin.py:188} INFO - [2026-04-01T22:33:37.744+0200] {dagbag.py:545} INFO - Filling up the DagBag from /home/malte/try_rag/.venv/lib/python3.12/site-packages/airflow/example_dags/example_datasets.py
[2026-04-01T22:33:37.792+0200] {processor.py:840} INFO - DAG(s) 'consume_1_and_2_with_dataset_expressions', 'dataset_consumes_unknown_never_scheduled', 'dataset_consumes_1_never_scheduled', 'dataset_consumes_1', 'dataset_consumes_1_and_2', 'consume_1_or_both_2_and_3_with_dataset_expressions', 'conditional_dataset_and_time_based_timetable', 'consume_1_or_2_with_dataset_expressions', 'dataset_produces_2', 'dataset_produces_1' retrieved from /home/malte/try_rag/.venv/lib/python3.12/site-packages/airflow/example_dags/example_datasets.py
[2026-04-01T22:33:37.900+0200] {logging_mixin.py:188} INFO - [2026-04-01T22:33:37.899+0200] {dag.py:3096} INFO - Sync 10 DAGs
[2026-04-01T22:33:37.958+0200] {logging_mixin.py:188} INFO - [2026-04-01T22:33:37.958+0200] {dag.py:3954} INFO - Setting next_dagrun for conditional_dataset_and_time_based_timetable to 2026-04-01 01:00:00+00:00, run_after=2026-04-01 01:00:00+00:00
[2026-04-01T22:33:37.968+0200] {logging_mixin.py:188} INFO - [2026-04-01T22:33:37.967+0200] {dag.py:3954} INFO - Setting next_dagrun for consume_1_and_2_with_dataset_expressions to None, run_after=None
[2026-04-01T22:33:37.970+0200] {logging_mixin.py:188} INFO - [2026-04-01T22:33:37.970+0200] {dag.py:3954} INFO - Setting next_dagrun for consume_1_or_2_with_dataset_expressions to None, run_after=None
[2026-04-01T22:33:37.973+0200] {logging_mixin.py:188} INFO - [2026-04-01T22:33:37.972+0200] {dag.py:3954} INFO - Setting next_dagrun for consume_1_or_both_2_and_3_with_dataset_expressions to None, run_after=None
[2026-04-01T22:33:37.976+0200] {logging_mixin.py:188} INFO - [2026-04-01T22:33:37.976+0200] {dag.py:3954} INFO - Setting next_dagrun for dataset_consumes_1 to None, run_after=None
[2026-04-01T22:33:37.979+0200] {logging_mixin.py:188} INFO - [2026-04-01T22:33:37.978+0200] {dag.py:3954} INFO - Setting next_dagrun for dataset_consumes_1_and_2 to None, run_after=None
[2026-04-01T22:33:37.981+0200] {logging_mixin.py:188} INFO - [2026-04-01T22:33:37.981+0200] {dag.py:3954} INFO - Setting next_dagrun for dataset_consumes_1_never_scheduled to None, run_after=None
[2026-04-01T22:33:37.984+0200] {logging_mixin.py:188} INFO - [2026-04-01T22:33:37.983+0200] {dag.py:3954} INFO - Setting next_dagrun for dataset_consumes_unknown_never_scheduled to None, run_after=None
[2026-04-01T22:33:37.989+0200] {logging_mixin.py:188} INFO - [2026-04-01T22:33:37.988+0200] {dag.py:3954} INFO - Setting next_dagrun for dataset_produces_1 to 2026-03-31 00:00:00+00:00, run_after=2026-04-01 00:00:00+00:00
[2026-04-01T22:33:37.992+0200] {logging_mixin.py:188} INFO - [2026-04-01T22:33:37.991+0200] {dag.py:3954} INFO - Setting next_dagrun for dataset_produces_2 to None, run_after=None
[2026-04-01T22:33:38.073+0200] {processor.py:183} INFO - Processing /home/malte/try_rag/.venv/lib/python3.12/site-packages/airflow/example_dags/example_datasets.py took 0.354 seconds
[2026-04-01T22:34:42.914+0200] {processor.py:161} INFO - Started process (PID=46510) to work on /home/malte/try_rag/.venv/lib/python3.12/site-packages/airflow/example_dags/example_datasets.py
[2026-04-01T22:34:42.917+0200] {processor.py:830} INFO - Processing file /home/malte/try_rag/.venv/lib/python3.12/site-packages/airflow/example_dags/example_datasets.py for tasks to queue
[2026-04-01T22:34:42.920+0200] {logging_mixin.py:188} INFO - [2026-04-01T22:34:42.918+0200] {dagbag.py:545} INFO - Filling up the DagBag from /home/malte/try_rag/.venv/lib/python3.12/site-packages/airflow/example_dags/example_datasets.py
[2026-04-01T22:34:42.961+0200] {processor.py:840} INFO - DAG(s) 'consume_1_or_both_2_and_3_with_dataset_expressions', 'dataset_produces_2', 'dataset_produces_1', 'dataset_consumes_1_never_scheduled', 'conditional_dataset_and_time_based_timetable', 'consume_1_and_2_with_dataset_expressions', 'dataset_consumes_1_and_2', 'dataset_consumes_unknown_never_scheduled', 'consume_1_or_2_with_dataset_expressions', 'dataset_consumes_1' retrieved from /home/malte/try_rag/.venv/lib/python3.12/site-packages/airflow/example_dags/example_datasets.py
[2026-04-01T22:34:43.062+0200] {logging_mixin.py:188} INFO - [2026-04-01T22:34:43.061+0200] {dag.py:3096} INFO - Sync 10 DAGs
[2026-04-01T22:34:43.118+0200] {logging_mixin.py:188} INFO - [2026-04-01T22:34:43.117+0200] {dag.py:3954} INFO - Setting next_dagrun for conditional_dataset_and_time_based_timetable to 2026-04-01 01:00:00+00:00, run_after=2026-04-01 01:00:00+00:00
[2026-04-01T22:34:43.660+0200] {logging_mixin.py:188} INFO - [2026-04-01T22:34:43.660+0200] {dag.py:3954} INFO - Setting next_dagrun for consume_1_and_2_with_dataset_expressions to None, run_after=None
[2026-04-01T22:34:43.662+0200] {logging_mixin.py:188} INFO - [2026-04-01T22:34:43.662+0200] {dag.py:3954} INFO - Setting next_dagrun for consume_1_or_2_with_dataset_expressions to None, run_after=None
[2026-04-01T22:34:43.665+0200] {logging_mixin.py:188} INFO - [2026-04-01T22:34:43.664+0200] {dag.py:3954} INFO - Setting next_dagrun for consume_1_or_both_2_and_3_with_dataset_expressions to None, run_after=None
[2026-04-01T22:34:43.670+0200] {logging_mixin.py:188} INFO - [2026-04-01T22:34:43.670+0200] {dag.py:3954} INFO - Setting next_dagrun for dataset_consumes_1 to None, run_after=None
[2026-04-01T22:34:43.676+0200] {logging_mixin.py:188} INFO - [2026-04-01T22:34:43.675+0200] {dag.py:3954} INFO - Setting next_dagrun for dataset_consumes_1_and_2 to None, run_after=None
[2026-04-01T22:34:43.680+0200] {logging_mixin.py:188} INFO - [2026-04-01T22:34:43.679+0200] {dag.py:3954} INFO - Setting next_dagrun for dataset_consumes_1_never_scheduled to None, run_after=None
[2026-04-01T22:34:43.683+0200] {logging_mixin.py:188} INFO - [2026-04-01T22:34:43.683+0200] {dag.py:3954} INFO - Setting next_dagrun for dataset_consumes_unknown_never_scheduled to None, run_after=None
[2026-04-01T22:34:43.690+0200] {logging_mixin.py:188} INFO - [2026-04-01T22:34:43.690+0200] {dag.py:3954} INFO - Setting next_dagrun for dataset_produces_1 to 2026-03-31 00:00:00+00:00, run_after=2026-04-01 00:00:00+00:00
[2026-04-01T22:34:43.693+0200] {logging_mixin.py:188} INFO - [2026-04-01T22:34:43.692+0200] {dag.py:3954} INFO - Setting next_dagrun for dataset_produces_2 to None, run_after=None
[2026-04-01T22:34:43.768+0200] {processor.py:183} INFO - Processing /home/malte/try_rag/.venv/lib/python3.12/site-packages/airflow/example_dags/example_datasets.py took 0.872 seconds
[2026-04-01T22:36:07.464+0200] {processor.py:161} INFO - Started process (PID=46854) to work on /home/malte/try_rag/.venv/lib/python3.12/site-packages/airflow/example_dags/example_datasets.py
[2026-04-01T22:36:07.468+0200] {processor.py:830} INFO - Processing file /home/malte/try_rag/.venv/lib/python3.12/site-packages/airflow/example_dags/example_datasets.py for tasks to queue
[2026-04-01T22:36:07.472+0200] {logging_mixin.py:188} INFO - [2026-04-01T22:36:07.470+0200] {dagbag.py:545} INFO - Filling up the DagBag from /home/malte/try_rag/.venv/lib/python3.12/site-packages/airflow/example_dags/example_datasets.py
[2026-04-01T22:36:07.533+0200] {processor.py:840} INFO - DAG(s) 'dataset_consumes_1_never_scheduled', 'consume_1_and_2_with_dataset_expressions', 'dataset_consumes_1', 'consume_1_or_both_2_and_3_with_dataset_expressions', 'dataset_consumes_unknown_never_scheduled', 'dataset_consumes_1_and_2', 'dataset_produces_2', 'dataset_produces_1', 'consume_1_or_2_with_dataset_expressions', 'conditional_dataset_and_time_based_timetable' retrieved from /home/malte/try_rag/.venv/lib/python3.12/site-packages/airflow/example_dags/example_datasets.py
[2026-04-01T22:36:07.649+0200] {logging_mixin.py:188} INFO - [2026-04-01T22:36:07.649+0200] {dag.py:3096} INFO - Sync 10 DAGs
[2026-04-01T22:36:07.733+0200] {logging_mixin.py:188} INFO - [2026-04-01T22:36:07.732+0200] {dag.py:3954} INFO - Setting next_dagrun for conditional_dataset_and_time_based_timetable to 2026-04-01 01:00:00+00:00, run_after=2026-04-01 01:00:00+00:00
[2026-04-01T22:36:07.745+0200] {logging_mixin.py:188} INFO - [2026-04-01T22:36:07.744+0200] {dag.py:3954} INFO - Setting next_dagrun for consume_1_and_2_with_dataset_expressions to None, run_after=None
[2026-04-01T22:36:07.749+0200] {logging_mixin.py:188} INFO - [2026-04-01T22:36:07.748+0200] {dag.py:3954} INFO - Setting next_dagrun for consume_1_or_2_with_dataset_expressions to None, run_after=None
[2026-04-01T22:36:07.752+0200] {logging_mixin.py:188} INFO - [2026-04-01T22:36:07.751+0200] {dag.py:3954} INFO - Setting next_dagrun for consume_1_or_both_2_and_3_with_dataset_expressions to None, run_after=None
[2026-04-01T22:36:07.755+0200] {logging_mixin.py:188} INFO - [2026-04-01T22:36:07.754+0200] {dag.py:3954} INFO - Setting next_dagrun for dataset_consumes_1 to None, run_after=None
[2026-04-01T22:36:07.757+0200] {logging_mixin.py:188} INFO - [2026-04-01T22:36:07.757+0200] {dag.py:3954} INFO - Setting next_dagrun for dataset_consumes_1_and_2 to None, run_after=None
[2026-04-01T22:36:07.759+0200] {logging_mixin.py:188} INFO - [2026-04-01T22:36:07.759+0200] {dag.py:3954} INFO - Setting next_dagrun for dataset_consumes_1_never_scheduled to None, run_after=None
[2026-04-01T22:36:07.763+0200] {logging_mixin.py:188} INFO - [2026-04-01T22:36:07.762+0200] {dag.py:3954} INFO - Setting next_dagrun for dataset_consumes_unknown_never_scheduled to None, run_after=None
[2026-04-01T22:36:07.769+0200] {logging_mixin.py:188} INFO - [2026-04-01T22:36:07.768+0200] {dag.py:3954} INFO - Setting next_dagrun for dataset_produces_1 to 2026-03-31 00:00:00+00:00, run_after=2026-04-01 00:00:00+00:00
[2026-04-01T22:36:07.773+0200] {logging_mixin.py:188} INFO - [2026-04-01T22:36:07.772+0200] {dag.py:3954} INFO - Setting next_dagrun for dataset_produces_2 to None, run_after=None
[2026-04-01T22:36:07.855+0200] {processor.py:183} INFO - Processing /home/malte/try_rag/.venv/lib/python3.12/site-packages/airflow/example_dags/example_datasets.py took 0.414 seconds
