[2026-04-01T22:13:58.554+0200] {processor.py:161} INFO - Started process (PID=42814) to work on /home/malte/try_rag/.venv/lib/python3.12/site-packages/airflow/example_dags/example_trigger_controller_dag.py
[2026-04-01T22:13:58.558+0200] {processor.py:830} INFO - Processing file /home/malte/try_rag/.venv/lib/python3.12/site-packages/airflow/example_dags/example_trigger_controller_dag.py for tasks to queue
[2026-04-01T22:13:58.562+0200] {logging_mixin.py:188} INFO - [2026-04-01T22:13:58.560+0200] {dagbag.py:545} INFO - Filling up the DagBag from /home/malte/try_rag/.venv/lib/python3.12/site-packages/airflow/example_dags/example_trigger_controller_dag.py
[2026-04-01T22:13:58.585+0200] {processor.py:840} INFO - DAG(s) 'example_trigger_controller_dag' retrieved from /home/malte/try_rag/.venv/lib/python3.12/site-packages/airflow/example_dags/example_trigger_controller_dag.py
[2026-04-01T22:13:58.963+0200] {logging_mixin.py:188} INFO - [2026-04-01T22:13:58.959+0200] {override.py:1930} INFO - Created Permission View: can edit on DAG:example_trigger_controller_dag
[2026-04-01T22:13:58.998+0200] {logging_mixin.py:188} INFO - [2026-04-01T22:13:58.997+0200] {override.py:1930} INFO - Created Permission View: can read on DAG:example_trigger_controller_dag
[2026-04-01T22:13:59.027+0200] {logging_mixin.py:188} INFO - [2026-04-01T22:13:59.026+0200] {override.py:1930} INFO - Created Permission View: can delete on DAG:example_trigger_controller_dag
[2026-04-01T22:13:59.028+0200] {logging_mixin.py:188} INFO - [2026-04-01T22:13:59.028+0200] {dag.py:3096} INFO - Sync 1 DAGs
[2026-04-01T22:13:59.063+0200] {logging_mixin.py:188} INFO - [2026-04-01T22:13:59.062+0200] {dag.py:3118} INFO - Creating ORM DAG for example_trigger_controller_dag
[2026-04-01T22:13:59.093+0200] {logging_mixin.py:188} INFO - [2026-04-01T22:13:59.093+0200] {dag.py:3954} INFO - Setting next_dagrun for example_trigger_controller_dag to 2021-01-01 00:00:00+00:00, run_after=2021-01-01 00:00:00+00:00
[2026-04-01T22:13:59.152+0200] {processor.py:183} INFO - Processing /home/malte/try_rag/.venv/lib/python3.12/site-packages/airflow/example_dags/example_trigger_controller_dag.py took 0.618 seconds
[2026-04-01T22:15:15.517+0200] {processor.py:161} INFO - Started process (PID=42968) to work on /home/malte/try_rag/.venv/lib/python3.12/site-packages/airflow/example_dags/example_trigger_controller_dag.py
[2026-04-01T22:15:15.521+0200] {processor.py:830} INFO - Processing file /home/malte/try_rag/.venv/lib/python3.12/site-packages/airflow/example_dags/example_trigger_controller_dag.py for tasks to queue
[2026-04-01T22:15:15.524+0200] {logging_mixin.py:188} INFO - [2026-04-01T22:15:15.523+0200] {dagbag.py:545} INFO - Filling up the DagBag from /home/malte/try_rag/.venv/lib/python3.12/site-packages/airflow/example_dags/example_trigger_controller_dag.py
[2026-04-01T22:15:15.542+0200] {processor.py:840} INFO - DAG(s) 'example_trigger_controller_dag' retrieved from /home/malte/try_rag/.venv/lib/python3.12/site-packages/airflow/example_dags/example_trigger_controller_dag.py
[2026-04-01T22:15:15.592+0200] {logging_mixin.py:188} INFO - [2026-04-01T22:15:15.591+0200] {dag.py:3096} INFO - Sync 1 DAGs
[2026-04-01T22:15:15.645+0200] {logging_mixin.py:188} INFO - [2026-04-01T22:15:15.644+0200] {dag.py:3954} INFO - Setting next_dagrun for example_trigger_controller_dag to 2021-01-01 00:00:00+00:00, run_after=2021-01-01 00:00:00+00:00
[2026-04-01T22:15:15.725+0200] {processor.py:183} INFO - Processing /home/malte/try_rag/.venv/lib/python3.12/site-packages/airflow/example_dags/example_trigger_controller_dag.py took 0.227 seconds
[2026-04-01T22:16:31.083+0200] {processor.py:161} INFO - Started process (PID=43119) to work on /home/malte/try_rag/.venv/lib/python3.12/site-packages/airflow/example_dags/example_trigger_controller_dag.py
[2026-04-01T22:16:31.088+0200] {processor.py:830} INFO - Processing file /home/malte/try_rag/.venv/lib/python3.12/site-packages/airflow/example_dags/example_trigger_controller_dag.py for tasks to queue
[2026-04-01T22:16:31.093+0200] {logging_mixin.py:188} INFO - [2026-04-01T22:16:31.090+0200] {dagbag.py:545} INFO - Filling up the DagBag from /home/malte/try_rag/.venv/lib/python3.12/site-packages/airflow/example_dags/example_trigger_controller_dag.py
[2026-04-01T22:16:31.134+0200] {processor.py:840} INFO - DAG(s) 'example_trigger_controller_dag' retrieved from /home/malte/try_rag/.venv/lib/python3.12/site-packages/airflow/example_dags/example_trigger_controller_dag.py
[2026-04-01T22:16:31.212+0200] {logging_mixin.py:188} INFO - [2026-04-01T22:16:31.211+0200] {dag.py:3096} INFO - Sync 1 DAGs
[2026-04-01T22:16:31.284+0200] {logging_mixin.py:188} INFO - [2026-04-01T22:16:31.283+0200] {dag.py:3954} INFO - Setting next_dagrun for example_trigger_controller_dag to 2021-01-01 00:00:00+00:00, run_after=2021-01-01 00:00:00+00:00
[2026-04-01T22:16:31.374+0200] {processor.py:183} INFO - Processing /home/malte/try_rag/.venv/lib/python3.12/site-packages/airflow/example_dags/example_trigger_controller_dag.py took 0.329 seconds
[2026-04-01T22:17:45.856+0200] {processor.py:161} INFO - Started process (PID=43269) to work on /home/malte/try_rag/.venv/lib/python3.12/site-packages/airflow/example_dags/example_trigger_controller_dag.py
[2026-04-01T22:17:45.872+0200] {processor.py:830} INFO - Processing file /home/malte/try_rag/.venv/lib/python3.12/site-packages/airflow/example_dags/example_trigger_controller_dag.py for tasks to queue
[2026-04-01T22:17:45.874+0200] {logging_mixin.py:188} INFO - [2026-04-01T22:17:45.873+0200] {dagbag.py:545} INFO - Filling up the DagBag from /home/malte/try_rag/.venv/lib/python3.12/site-packages/airflow/example_dags/example_trigger_controller_dag.py
[2026-04-01T22:17:45.891+0200] {processor.py:840} INFO - DAG(s) 'example_trigger_controller_dag' retrieved from /home/malte/try_rag/.venv/lib/python3.12/site-packages/airflow/example_dags/example_trigger_controller_dag.py
[2026-04-01T22:17:45.954+0200] {logging_mixin.py:188} INFO - [2026-04-01T22:17:45.952+0200] {dag.py:3096} INFO - Sync 1 DAGs
[2026-04-01T22:17:46.015+0200] {logging_mixin.py:188} INFO - [2026-04-01T22:17:46.015+0200] {dag.py:3954} INFO - Setting next_dagrun for example_trigger_controller_dag to 2021-01-01 00:00:00+00:00, run_after=2021-01-01 00:00:00+00:00
[2026-04-01T22:17:46.091+0200] {processor.py:183} INFO - Processing /home/malte/try_rag/.venv/lib/python3.12/site-packages/airflow/example_dags/example_trigger_controller_dag.py took 0.253 seconds
[2026-04-01T22:19:08.613+0200] {processor.py:161} INFO - Started process (PID=43455) to work on /home/malte/try_rag/.venv/lib/python3.12/site-packages/airflow/example_dags/example_trigger_controller_dag.py
[2026-04-01T22:19:08.617+0200] {processor.py:830} INFO - Processing file /home/malte/try_rag/.venv/lib/python3.12/site-packages/airflow/example_dags/example_trigger_controller_dag.py for tasks to queue
[2026-04-01T22:19:08.619+0200] {logging_mixin.py:188} INFO - [2026-04-01T22:19:08.618+0200] {dagbag.py:545} INFO - Filling up the DagBag from /home/malte/try_rag/.venv/lib/python3.12/site-packages/airflow/example_dags/example_trigger_controller_dag.py
[2026-04-01T22:19:08.635+0200] {processor.py:840} INFO - DAG(s) 'example_trigger_controller_dag' retrieved from /home/malte/try_rag/.venv/lib/python3.12/site-packages/airflow/example_dags/example_trigger_controller_dag.py
[2026-04-01T22:19:08.682+0200] {logging_mixin.py:188} INFO - [2026-04-01T22:19:08.681+0200] {dag.py:3096} INFO - Sync 1 DAGs
[2026-04-01T22:19:09.117+0200] {logging_mixin.py:188} INFO - [2026-04-01T22:19:09.116+0200] {dag.py:3954} INFO - Setting next_dagrun for example_trigger_controller_dag to 2021-01-01 00:00:00+00:00, run_after=2021-01-01 00:00:00+00:00
[2026-04-01T22:19:09.183+0200] {processor.py:183} INFO - Processing /home/malte/try_rag/.venv/lib/python3.12/site-packages/airflow/example_dags/example_trigger_controller_dag.py took 0.588 seconds
[2026-04-01T22:19:57.688+0200] {processor.py:161} INFO - Started process (PID=43544) to work on /home/malte/try_rag/.venv/lib/python3.12/site-packages/airflow/example_dags/example_trigger_controller_dag.py
[2026-04-01T22:19:57.691+0200] {processor.py:830} INFO - Processing file /home/malte/try_rag/.venv/lib/python3.12/site-packages/airflow/example_dags/example_trigger_controller_dag.py for tasks to queue
[2026-04-01T22:19:57.694+0200] {logging_mixin.py:188} INFO - [2026-04-01T22:19:57.693+0200] {dagbag.py:545} INFO - Filling up the DagBag from /home/malte/try_rag/.venv/lib/python3.12/site-packages/airflow/example_dags/example_trigger_controller_dag.py
[2026-04-01T22:19:57.708+0200] {processor.py:840} INFO - DAG(s) 'example_trigger_controller_dag' retrieved from /home/malte/try_rag/.venv/lib/python3.12/site-packages/airflow/example_dags/example_trigger_controller_dag.py
[2026-04-01T22:19:57.765+0200] {logging_mixin.py:188} INFO - [2026-04-01T22:19:57.764+0200] {dag.py:3096} INFO - Sync 1 DAGs
[2026-04-01T22:19:57.832+0200] {logging_mixin.py:188} INFO - [2026-04-01T22:19:57.831+0200] {dag.py:3954} INFO - Setting next_dagrun for example_trigger_controller_dag to 2021-01-01 00:00:00+00:00, run_after=2021-01-01 00:00:00+00:00
[2026-04-01T22:19:57.892+0200] {processor.py:183} INFO - Processing /home/malte/try_rag/.venv/lib/python3.12/site-packages/airflow/example_dags/example_trigger_controller_dag.py took 0.221 seconds
[2026-04-01T22:21:12.563+0200] {processor.py:161} INFO - Started process (PID=43692) to work on /home/malte/try_rag/.venv/lib/python3.12/site-packages/airflow/example_dags/example_trigger_controller_dag.py
[2026-04-01T22:21:12.567+0200] {processor.py:830} INFO - Processing file /home/malte/try_rag/.venv/lib/python3.12/site-packages/airflow/example_dags/example_trigger_controller_dag.py for tasks to queue
[2026-04-01T22:21:12.570+0200] {logging_mixin.py:188} INFO - [2026-04-01T22:21:12.569+0200] {dagbag.py:545} INFO - Filling up the DagBag from /home/malte/try_rag/.venv/lib/python3.12/site-packages/airflow/example_dags/example_trigger_controller_dag.py
[2026-04-01T22:21:12.587+0200] {processor.py:840} INFO - DAG(s) 'example_trigger_controller_dag' retrieved from /home/malte/try_rag/.venv/lib/python3.12/site-packages/airflow/example_dags/example_trigger_controller_dag.py
[2026-04-01T22:21:12.640+0200] {logging_mixin.py:188} INFO - [2026-04-01T22:21:12.639+0200] {dag.py:3096} INFO - Sync 1 DAGs
[2026-04-01T22:21:12.704+0200] {logging_mixin.py:188} INFO - [2026-04-01T22:21:12.704+0200] {dag.py:3954} INFO - Setting next_dagrun for example_trigger_controller_dag to 2021-01-01 00:00:00+00:00, run_after=2021-01-01 00:00:00+00:00
[2026-04-01T22:21:12.785+0200] {processor.py:183} INFO - Processing /home/malte/try_rag/.venv/lib/python3.12/site-packages/airflow/example_dags/example_trigger_controller_dag.py took 0.241 seconds
[2026-04-01T22:22:25.428+0200] {processor.py:161} INFO - Started process (PID=43841) to work on /home/malte/try_rag/.venv/lib/python3.12/site-packages/airflow/example_dags/example_trigger_controller_dag.py
[2026-04-01T22:22:25.443+0200] {processor.py:830} INFO - Processing file /home/malte/try_rag/.venv/lib/python3.12/site-packages/airflow/example_dags/example_trigger_controller_dag.py for tasks to queue
[2026-04-01T22:22:25.445+0200] {logging_mixin.py:188} INFO - [2026-04-01T22:22:25.444+0200] {dagbag.py:545} INFO - Filling up the DagBag from /home/malte/try_rag/.venv/lib/python3.12/site-packages/airflow/example_dags/example_trigger_controller_dag.py
[2026-04-01T22:22:25.465+0200] {processor.py:840} INFO - DAG(s) 'example_trigger_controller_dag' retrieved from /home/malte/try_rag/.venv/lib/python3.12/site-packages/airflow/example_dags/example_trigger_controller_dag.py
[2026-04-01T22:22:25.519+0200] {logging_mixin.py:188} INFO - [2026-04-01T22:22:25.518+0200] {dag.py:3096} INFO - Sync 1 DAGs
[2026-04-01T22:22:25.571+0200] {logging_mixin.py:188} INFO - [2026-04-01T22:22:25.571+0200] {dag.py:3954} INFO - Setting next_dagrun for example_trigger_controller_dag to 2021-01-01 00:00:00+00:00, run_after=2021-01-01 00:00:00+00:00
[2026-04-01T22:22:25.641+0200] {processor.py:183} INFO - Processing /home/malte/try_rag/.venv/lib/python3.12/site-packages/airflow/example_dags/example_trigger_controller_dag.py took 0.232 seconds
[2026-04-01T22:23:40.456+0200] {processor.py:161} INFO - Started process (PID=44016) to work on /home/malte/try_rag/.venv/lib/python3.12/site-packages/airflow/example_dags/example_trigger_controller_dag.py
[2026-04-01T22:23:40.460+0200] {processor.py:830} INFO - Processing file /home/malte/try_rag/.venv/lib/python3.12/site-packages/airflow/example_dags/example_trigger_controller_dag.py for tasks to queue
[2026-04-01T22:23:40.464+0200] {logging_mixin.py:188} INFO - [2026-04-01T22:23:40.462+0200] {dagbag.py:545} INFO - Filling up the DagBag from /home/malte/try_rag/.venv/lib/python3.12/site-packages/airflow/example_dags/example_trigger_controller_dag.py
[2026-04-01T22:23:40.483+0200] {processor.py:840} INFO - DAG(s) 'example_trigger_controller_dag' retrieved from /home/malte/try_rag/.venv/lib/python3.12/site-packages/airflow/example_dags/example_trigger_controller_dag.py
[2026-04-01T22:23:40.540+0200] {logging_mixin.py:188} INFO - [2026-04-01T22:23:40.539+0200] {dag.py:3096} INFO - Sync 1 DAGs
[2026-04-01T22:23:40.611+0200] {logging_mixin.py:188} INFO - [2026-04-01T22:23:40.610+0200] {dag.py:3954} INFO - Setting next_dagrun for example_trigger_controller_dag to 2021-01-01 00:00:00+00:00, run_after=2021-01-01 00:00:00+00:00
[2026-04-01T22:23:40.696+0200] {processor.py:183} INFO - Processing /home/malte/try_rag/.venv/lib/python3.12/site-packages/airflow/example_dags/example_trigger_controller_dag.py took 0.262 seconds
[2026-04-01T22:24:50.356+0200] {processor.py:161} INFO - Started process (PID=44157) to work on /home/malte/try_rag/.venv/lib/python3.12/site-packages/airflow/example_dags/example_trigger_controller_dag.py
[2026-04-01T22:24:50.371+0200] {processor.py:830} INFO - Processing file /home/malte/try_rag/.venv/lib/python3.12/site-packages/airflow/example_dags/example_trigger_controller_dag.py for tasks to queue
[2026-04-01T22:24:50.374+0200] {logging_mixin.py:188} INFO - [2026-04-01T22:24:50.372+0200] {dagbag.py:545} INFO - Filling up the DagBag from /home/malte/try_rag/.venv/lib/python3.12/site-packages/airflow/example_dags/example_trigger_controller_dag.py
[2026-04-01T22:24:50.393+0200] {processor.py:840} INFO - DAG(s) 'example_trigger_controller_dag' retrieved from /home/malte/try_rag/.venv/lib/python3.12/site-packages/airflow/example_dags/example_trigger_controller_dag.py
[2026-04-01T22:24:50.452+0200] {logging_mixin.py:188} INFO - [2026-04-01T22:24:50.451+0200] {dag.py:3096} INFO - Sync 1 DAGs
[2026-04-01T22:24:50.511+0200] {logging_mixin.py:188} INFO - [2026-04-01T22:24:50.510+0200] {dag.py:3954} INFO - Setting next_dagrun for example_trigger_controller_dag to 2021-01-01 00:00:00+00:00, run_after=2021-01-01 00:00:00+00:00
[2026-04-01T22:24:50.599+0200] {processor.py:183} INFO - Processing /home/malte/try_rag/.venv/lib/python3.12/site-packages/airflow/example_dags/example_trigger_controller_dag.py took 0.263 seconds
[2026-04-01T22:30:20.145+0200] {processor.py:161} INFO - Started process (PID=45707) to work on /home/malte/try_rag/.venv/lib/python3.12/site-packages/airflow/example_dags/example_trigger_controller_dag.py
[2026-04-01T22:30:20.149+0200] {processor.py:830} INFO - Processing file /home/malte/try_rag/.venv/lib/python3.12/site-packages/airflow/example_dags/example_trigger_controller_dag.py for tasks to queue
[2026-04-01T22:30:20.151+0200] {logging_mixin.py:188} INFO - [2026-04-01T22:30:20.150+0200] {dagbag.py:545} INFO - Filling up the DagBag from /home/malte/try_rag/.venv/lib/python3.12/site-packages/airflow/example_dags/example_trigger_controller_dag.py
[2026-04-01T22:30:20.169+0200] {processor.py:840} INFO - DAG(s) 'example_trigger_controller_dag' retrieved from /home/malte/try_rag/.venv/lib/python3.12/site-packages/airflow/example_dags/example_trigger_controller_dag.py
[2026-04-01T22:30:20.191+0200] {logging_mixin.py:188} INFO - [2026-04-01T22:30:20.190+0200] {dag.py:3096} INFO - Sync 1 DAGs
[2026-04-01T22:30:20.243+0200] {logging_mixin.py:188} INFO - [2026-04-01T22:30:20.242+0200] {dag.py:3954} INFO - Setting next_dagrun for example_trigger_controller_dag to 2021-01-01 00:00:00+00:00, run_after=2021-01-01 00:00:00+00:00
[2026-04-01T22:30:20.302+0200] {processor.py:183} INFO - Processing /home/malte/try_rag/.venv/lib/python3.12/site-packages/airflow/example_dags/example_trigger_controller_dag.py took 0.174 seconds
[2026-04-01T22:31:36.902+0200] {processor.py:161} INFO - Started process (PID=45895) to work on /home/malte/try_rag/.venv/lib/python3.12/site-packages/airflow/example_dags/example_trigger_controller_dag.py
[2026-04-01T22:31:36.916+0200] {processor.py:830} INFO - Processing file /home/malte/try_rag/.venv/lib/python3.12/site-packages/airflow/example_dags/example_trigger_controller_dag.py for tasks to queue
[2026-04-01T22:31:36.918+0200] {logging_mixin.py:188} INFO - [2026-04-01T22:31:36.917+0200] {dagbag.py:545} INFO - Filling up the DagBag from /home/malte/try_rag/.venv/lib/python3.12/site-packages/airflow/example_dags/example_trigger_controller_dag.py
[2026-04-01T22:31:36.935+0200] {processor.py:840} INFO - DAG(s) 'example_trigger_controller_dag' retrieved from /home/malte/try_rag/.venv/lib/python3.12/site-packages/airflow/example_dags/example_trigger_controller_dag.py
[2026-04-01T22:31:37.207+0200] {logging_mixin.py:188} INFO - [2026-04-01T22:31:37.206+0200] {dag.py:3096} INFO - Sync 1 DAGs
[2026-04-01T22:31:37.251+0200] {logging_mixin.py:188} INFO - [2026-04-01T22:31:37.250+0200] {dag.py:3954} INFO - Setting next_dagrun for example_trigger_controller_dag to 2021-01-01 00:00:00+00:00, run_after=2021-01-01 00:00:00+00:00
[2026-04-01T22:31:37.303+0200] {processor.py:183} INFO - Processing /home/malte/try_rag/.venv/lib/python3.12/site-packages/airflow/example_dags/example_trigger_controller_dag.py took 0.419 seconds
[2026-04-01T22:32:47.066+0200] {processor.py:161} INFO - Started process (PID=46103) to work on /home/malte/try_rag/.venv/lib/python3.12/site-packages/airflow/example_dags/example_trigger_controller_dag.py
[2026-04-01T22:32:47.069+0200] {processor.py:830} INFO - Processing file /home/malte/try_rag/.venv/lib/python3.12/site-packages/airflow/example_dags/example_trigger_controller_dag.py for tasks to queue
[2026-04-01T22:32:47.073+0200] {logging_mixin.py:188} INFO - [2026-04-01T22:32:47.072+0200] {dagbag.py:545} INFO - Filling up the DagBag from /home/malte/try_rag/.venv/lib/python3.12/site-packages/airflow/example_dags/example_trigger_controller_dag.py
[2026-04-01T22:32:47.090+0200] {processor.py:840} INFO - DAG(s) 'example_trigger_controller_dag' retrieved from /home/malte/try_rag/.venv/lib/python3.12/site-packages/airflow/example_dags/example_trigger_controller_dag.py
[2026-04-01T22:32:47.141+0200] {logging_mixin.py:188} INFO - [2026-04-01T22:32:47.140+0200] {dag.py:3096} INFO - Sync 1 DAGs
[2026-04-01T22:32:47.198+0200] {logging_mixin.py:188} INFO - [2026-04-01T22:32:47.198+0200] {dag.py:3954} INFO - Setting next_dagrun for example_trigger_controller_dag to 2021-01-01 00:00:00+00:00, run_after=2021-01-01 00:00:00+00:00
[2026-04-01T22:32:47.255+0200] {processor.py:183} INFO - Processing /home/malte/try_rag/.venv/lib/python3.12/site-packages/airflow/example_dags/example_trigger_controller_dag.py took 0.206 seconds
[2026-04-01T22:34:02.501+0200] {processor.py:161} INFO - Started process (PID=46396) to work on /home/malte/try_rag/.venv/lib/python3.12/site-packages/airflow/example_dags/example_trigger_controller_dag.py
[2026-04-01T22:34:02.504+0200] {processor.py:830} INFO - Processing file /home/malte/try_rag/.venv/lib/python3.12/site-packages/airflow/example_dags/example_trigger_controller_dag.py for tasks to queue
[2026-04-01T22:34:02.507+0200] {logging_mixin.py:188} INFO - [2026-04-01T22:34:02.506+0200] {dagbag.py:545} INFO - Filling up the DagBag from /home/malte/try_rag/.venv/lib/python3.12/site-packages/airflow/example_dags/example_trigger_controller_dag.py
[2026-04-01T22:34:02.523+0200] {processor.py:840} INFO - DAG(s) 'example_trigger_controller_dag' retrieved from /home/malte/try_rag/.venv/lib/python3.12/site-packages/airflow/example_dags/example_trigger_controller_dag.py
[2026-04-01T22:34:02.566+0200] {logging_mixin.py:188} INFO - [2026-04-01T22:34:02.566+0200] {dag.py:3096} INFO - Sync 1 DAGs
[2026-04-01T22:34:02.608+0200] {logging_mixin.py:188} INFO - [2026-04-01T22:34:02.608+0200] {dag.py:3954} INFO - Setting next_dagrun for example_trigger_controller_dag to 2021-01-01 00:00:00+00:00, run_after=2021-01-01 00:00:00+00:00
[2026-04-01T22:34:02.660+0200] {processor.py:183} INFO - Processing /home/malte/try_rag/.venv/lib/python3.12/site-packages/airflow/example_dags/example_trigger_controller_dag.py took 0.176 seconds
[2026-04-01T22:35:11.336+0200] {processor.py:161} INFO - Started process (PID=46693) to work on /home/malte/try_rag/.venv/lib/python3.12/site-packages/airflow/example_dags/example_trigger_controller_dag.py
[2026-04-01T22:35:11.354+0200] {processor.py:830} INFO - Processing file /home/malte/try_rag/.venv/lib/python3.12/site-packages/airflow/example_dags/example_trigger_controller_dag.py for tasks to queue
[2026-04-01T22:35:11.358+0200] {logging_mixin.py:188} INFO - [2026-04-01T22:35:11.356+0200] {dagbag.py:545} INFO - Filling up the DagBag from /home/malte/try_rag/.venv/lib/python3.12/site-packages/airflow/example_dags/example_trigger_controller_dag.py
[2026-04-01T22:35:11.377+0200] {processor.py:840} INFO - DAG(s) 'example_trigger_controller_dag' retrieved from /home/malte/try_rag/.venv/lib/python3.12/site-packages/airflow/example_dags/example_trigger_controller_dag.py
[2026-04-01T22:35:11.449+0200] {logging_mixin.py:188} INFO - [2026-04-01T22:35:11.448+0200] {dag.py:3096} INFO - Sync 1 DAGs
[2026-04-01T22:35:11.774+0200] {logging_mixin.py:188} INFO - [2026-04-01T22:35:11.774+0200] {dag.py:3954} INFO - Setting next_dagrun for example_trigger_controller_dag to 2021-01-01 00:00:00+00:00, run_after=2021-01-01 00:00:00+00:00
[2026-04-01T22:35:11.821+0200] {processor.py:183} INFO - Processing /home/malte/try_rag/.venv/lib/python3.12/site-packages/airflow/example_dags/example_trigger_controller_dag.py took 0.501 seconds
[2026-04-01T22:36:35.597+0200] {processor.py:161} INFO - Started process (PID=46914) to work on /home/malte/try_rag/.venv/lib/python3.12/site-packages/airflow/example_dags/example_trigger_controller_dag.py
[2026-04-01T22:36:35.600+0200] {processor.py:830} INFO - Processing file /home/malte/try_rag/.venv/lib/python3.12/site-packages/airflow/example_dags/example_trigger_controller_dag.py for tasks to queue
[2026-04-01T22:36:35.603+0200] {logging_mixin.py:188} INFO - [2026-04-01T22:36:35.602+0200] {dagbag.py:545} INFO - Filling up the DagBag from /home/malte/try_rag/.venv/lib/python3.12/site-packages/airflow/example_dags/example_trigger_controller_dag.py
[2026-04-01T22:36:35.617+0200] {processor.py:840} INFO - DAG(s) 'example_trigger_controller_dag' retrieved from /home/malte/try_rag/.venv/lib/python3.12/site-packages/airflow/example_dags/example_trigger_controller_dag.py
[2026-04-01T22:36:35.662+0200] {logging_mixin.py:188} INFO - [2026-04-01T22:36:35.662+0200] {dag.py:3096} INFO - Sync 1 DAGs
[2026-04-01T22:36:35.722+0200] {logging_mixin.py:188} INFO - [2026-04-01T22:36:35.722+0200] {dag.py:3954} INFO - Setting next_dagrun for example_trigger_controller_dag to 2021-01-01 00:00:00+00:00, run_after=2021-01-01 00:00:00+00:00
[2026-04-01T22:36:35.783+0200] {processor.py:183} INFO - Processing /home/malte/try_rag/.venv/lib/python3.12/site-packages/airflow/example_dags/example_trigger_controller_dag.py took 0.203 seconds
