[2026-04-01T22:14:00.329+0200] {processor.py:161} INFO - Started process (PID=42821) to work on /home/malte/try_rag/.venv/lib/python3.12/site-packages/airflow/example_dags/example_trigger_target_dag.py
[2026-04-01T22:14:00.332+0200] {processor.py:830} INFO - Processing file /home/malte/try_rag/.venv/lib/python3.12/site-packages/airflow/example_dags/example_trigger_target_dag.py for tasks to queue
[2026-04-01T22:14:00.334+0200] {logging_mixin.py:188} INFO - [2026-04-01T22:14:00.333+0200] {dagbag.py:545} INFO - Filling up the DagBag from /home/malte/try_rag/.venv/lib/python3.12/site-packages/airflow/example_dags/example_trigger_target_dag.py
[2026-04-01T22:14:00.361+0200] {processor.py:840} INFO - DAG(s) 'example_trigger_target_dag' retrieved from /home/malte/try_rag/.venv/lib/python3.12/site-packages/airflow/example_dags/example_trigger_target_dag.py
[2026-04-01T22:14:00.723+0200] {logging_mixin.py:188} INFO - [2026-04-01T22:14:00.721+0200] {override.py:1930} INFO - Created Permission View: can edit on DAG:example_trigger_target_dag
[2026-04-01T22:14:00.759+0200] {logging_mixin.py:188} INFO - [2026-04-01T22:14:00.759+0200] {override.py:1930} INFO - Created Permission View: can read on DAG:example_trigger_target_dag
[2026-04-01T22:14:00.781+0200] {logging_mixin.py:188} INFO - [2026-04-01T22:14:00.780+0200] {override.py:1930} INFO - Created Permission View: can delete on DAG:example_trigger_target_dag
[2026-04-01T22:14:00.781+0200] {logging_mixin.py:188} INFO - [2026-04-01T22:14:00.781+0200] {dag.py:3096} INFO - Sync 1 DAGs
[2026-04-01T22:14:00.821+0200] {logging_mixin.py:188} INFO - [2026-04-01T22:14:00.820+0200] {dag.py:3118} INFO - Creating ORM DAG for example_trigger_target_dag
[2026-04-01T22:14:00.823+0200] {logging_mixin.py:188} INFO - [2026-04-01T22:14:00.823+0200] {dag.py:3954} INFO - Setting next_dagrun for example_trigger_target_dag to None, run_after=None
[2026-04-01T22:14:00.876+0200] {processor.py:183} INFO - Processing /home/malte/try_rag/.venv/lib/python3.12/site-packages/airflow/example_dags/example_trigger_target_dag.py took 0.564 seconds
[2026-04-01T22:15:16.906+0200] {processor.py:161} INFO - Started process (PID=42969) to work on /home/malte/try_rag/.venv/lib/python3.12/site-packages/airflow/example_dags/example_trigger_target_dag.py
[2026-04-01T22:15:16.909+0200] {processor.py:830} INFO - Processing file /home/malte/try_rag/.venv/lib/python3.12/site-packages/airflow/example_dags/example_trigger_target_dag.py for tasks to queue
[2026-04-01T22:15:16.912+0200] {logging_mixin.py:188} INFO - [2026-04-01T22:15:16.911+0200] {dagbag.py:545} INFO - Filling up the DagBag from /home/malte/try_rag/.venv/lib/python3.12/site-packages/airflow/example_dags/example_trigger_target_dag.py
[2026-04-01T22:15:16.933+0200] {processor.py:840} INFO - DAG(s) 'example_trigger_target_dag' retrieved from /home/malte/try_rag/.venv/lib/python3.12/site-packages/airflow/example_dags/example_trigger_target_dag.py
[2026-04-01T22:15:16.991+0200] {logging_mixin.py:188} INFO - [2026-04-01T22:15:16.990+0200] {dag.py:3096} INFO - Sync 1 DAGs
[2026-04-01T22:15:17.026+0200] {logging_mixin.py:188} INFO - [2026-04-01T22:15:17.026+0200] {dag.py:3954} INFO - Setting next_dagrun for example_trigger_target_dag to None, run_after=None
[2026-04-01T22:15:17.103+0200] {processor.py:183} INFO - Processing /home/malte/try_rag/.venv/lib/python3.12/site-packages/airflow/example_dags/example_trigger_target_dag.py took 0.216 seconds
[2026-04-01T22:16:32.537+0200] {processor.py:161} INFO - Started process (PID=43123) to work on /home/malte/try_rag/.venv/lib/python3.12/site-packages/airflow/example_dags/example_trigger_target_dag.py
[2026-04-01T22:16:32.553+0200] {processor.py:830} INFO - Processing file /home/malte/try_rag/.venv/lib/python3.12/site-packages/airflow/example_dags/example_trigger_target_dag.py for tasks to queue
[2026-04-01T22:16:32.555+0200] {logging_mixin.py:188} INFO - [2026-04-01T22:16:32.554+0200] {dagbag.py:545} INFO - Filling up the DagBag from /home/malte/try_rag/.venv/lib/python3.12/site-packages/airflow/example_dags/example_trigger_target_dag.py
[2026-04-01T22:16:32.576+0200] {processor.py:840} INFO - DAG(s) 'example_trigger_target_dag' retrieved from /home/malte/try_rag/.venv/lib/python3.12/site-packages/airflow/example_dags/example_trigger_target_dag.py
[2026-04-01T22:16:32.625+0200] {logging_mixin.py:188} INFO - [2026-04-01T22:16:32.625+0200] {dag.py:3096} INFO - Sync 1 DAGs
[2026-04-01T22:16:32.665+0200] {logging_mixin.py:188} INFO - [2026-04-01T22:16:32.664+0200] {dag.py:3954} INFO - Setting next_dagrun for example_trigger_target_dag to None, run_after=None
[2026-04-01T22:16:32.772+0200] {processor.py:183} INFO - Processing /home/malte/try_rag/.venv/lib/python3.12/site-packages/airflow/example_dags/example_trigger_target_dag.py took 0.253 seconds
[2026-04-01T22:17:47.248+0200] {processor.py:161} INFO - Started process (PID=43270) to work on /home/malte/try_rag/.venv/lib/python3.12/site-packages/airflow/example_dags/example_trigger_target_dag.py
[2026-04-01T22:17:47.263+0200] {processor.py:830} INFO - Processing file /home/malte/try_rag/.venv/lib/python3.12/site-packages/airflow/example_dags/example_trigger_target_dag.py for tasks to queue
[2026-04-01T22:17:47.266+0200] {logging_mixin.py:188} INFO - [2026-04-01T22:17:47.264+0200] {dagbag.py:545} INFO - Filling up the DagBag from /home/malte/try_rag/.venv/lib/python3.12/site-packages/airflow/example_dags/example_trigger_target_dag.py
[2026-04-01T22:17:47.288+0200] {processor.py:840} INFO - DAG(s) 'example_trigger_target_dag' retrieved from /home/malte/try_rag/.venv/lib/python3.12/site-packages/airflow/example_dags/example_trigger_target_dag.py
[2026-04-01T22:17:47.340+0200] {logging_mixin.py:188} INFO - [2026-04-01T22:17:47.339+0200] {dag.py:3096} INFO - Sync 1 DAGs
[2026-04-01T22:17:47.382+0200] {logging_mixin.py:188} INFO - [2026-04-01T22:17:47.382+0200] {dag.py:3954} INFO - Setting next_dagrun for example_trigger_target_dag to None, run_after=None
[2026-04-01T22:17:47.502+0200] {processor.py:183} INFO - Processing /home/malte/try_rag/.venv/lib/python3.12/site-packages/airflow/example_dags/example_trigger_target_dag.py took 0.273 seconds
[2026-04-01T22:19:10.343+0200] {processor.py:161} INFO - Started process (PID=43456) to work on /home/malte/try_rag/.venv/lib/python3.12/site-packages/airflow/example_dags/example_trigger_target_dag.py
[2026-04-01T22:19:10.348+0200] {processor.py:830} INFO - Processing file /home/malte/try_rag/.venv/lib/python3.12/site-packages/airflow/example_dags/example_trigger_target_dag.py for tasks to queue
[2026-04-01T22:19:10.352+0200] {logging_mixin.py:188} INFO - [2026-04-01T22:19:10.350+0200] {dagbag.py:545} INFO - Filling up the DagBag from /home/malte/try_rag/.venv/lib/python3.12/site-packages/airflow/example_dags/example_trigger_target_dag.py
[2026-04-01T22:19:10.379+0200] {processor.py:840} INFO - DAG(s) 'example_trigger_target_dag' retrieved from /home/malte/try_rag/.venv/lib/python3.12/site-packages/airflow/example_dags/example_trigger_target_dag.py
[2026-04-01T22:19:10.885+0200] {logging_mixin.py:188} INFO - [2026-04-01T22:19:10.884+0200] {dag.py:3096} INFO - Sync 1 DAGs
[2026-04-01T22:19:10.914+0200] {logging_mixin.py:188} INFO - [2026-04-01T22:19:10.913+0200] {dag.py:3954} INFO - Setting next_dagrun for example_trigger_target_dag to None, run_after=None
[2026-04-01T22:19:10.979+0200] {processor.py:183} INFO - Processing /home/malte/try_rag/.venv/lib/python3.12/site-packages/airflow/example_dags/example_trigger_target_dag.py took 0.654 seconds
[2026-04-01T22:19:59.067+0200] {processor.py:161} INFO - Started process (PID=43545) to work on /home/malte/try_rag/.venv/lib/python3.12/site-packages/airflow/example_dags/example_trigger_target_dag.py
[2026-04-01T22:19:59.072+0200] {processor.py:830} INFO - Processing file /home/malte/try_rag/.venv/lib/python3.12/site-packages/airflow/example_dags/example_trigger_target_dag.py for tasks to queue
[2026-04-01T22:19:59.074+0200] {logging_mixin.py:188} INFO - [2026-04-01T22:19:59.073+0200] {dagbag.py:545} INFO - Filling up the DagBag from /home/malte/try_rag/.venv/lib/python3.12/site-packages/airflow/example_dags/example_trigger_target_dag.py
[2026-04-01T22:19:59.092+0200] {processor.py:840} INFO - DAG(s) 'example_trigger_target_dag' retrieved from /home/malte/try_rag/.venv/lib/python3.12/site-packages/airflow/example_dags/example_trigger_target_dag.py
[2026-04-01T22:19:59.135+0200] {logging_mixin.py:188} INFO - [2026-04-01T22:19:59.134+0200] {dag.py:3096} INFO - Sync 1 DAGs
[2026-04-01T22:19:59.167+0200] {logging_mixin.py:188} INFO - [2026-04-01T22:19:59.166+0200] {dag.py:3954} INFO - Setting next_dagrun for example_trigger_target_dag to None, run_after=None
[2026-04-01T22:19:59.223+0200] {processor.py:183} INFO - Processing /home/malte/try_rag/.venv/lib/python3.12/site-packages/airflow/example_dags/example_trigger_target_dag.py took 0.179 seconds
[2026-04-01T22:21:13.938+0200] {processor.py:161} INFO - Started process (PID=43693) to work on /home/malte/try_rag/.venv/lib/python3.12/site-packages/airflow/example_dags/example_trigger_target_dag.py
[2026-04-01T22:21:13.952+0200] {processor.py:830} INFO - Processing file /home/malte/try_rag/.venv/lib/python3.12/site-packages/airflow/example_dags/example_trigger_target_dag.py for tasks to queue
[2026-04-01T22:21:13.954+0200] {logging_mixin.py:188} INFO - [2026-04-01T22:21:13.953+0200] {dagbag.py:545} INFO - Filling up the DagBag from /home/malte/try_rag/.venv/lib/python3.12/site-packages/airflow/example_dags/example_trigger_target_dag.py
[2026-04-01T22:21:13.974+0200] {processor.py:840} INFO - DAG(s) 'example_trigger_target_dag' retrieved from /home/malte/try_rag/.venv/lib/python3.12/site-packages/airflow/example_dags/example_trigger_target_dag.py
[2026-04-01T22:21:14.021+0200] {logging_mixin.py:188} INFO - [2026-04-01T22:21:14.020+0200] {dag.py:3096} INFO - Sync 1 DAGs
[2026-04-01T22:21:14.061+0200] {logging_mixin.py:188} INFO - [2026-04-01T22:21:14.060+0200] {dag.py:3954} INFO - Setting next_dagrun for example_trigger_target_dag to None, run_after=None
[2026-04-01T22:21:14.129+0200] {processor.py:183} INFO - Processing /home/malte/try_rag/.venv/lib/python3.12/site-packages/airflow/example_dags/example_trigger_target_dag.py took 0.210 seconds
[2026-04-01T22:22:26.827+0200] {processor.py:161} INFO - Started process (PID=43842) to work on /home/malte/try_rag/.venv/lib/python3.12/site-packages/airflow/example_dags/example_trigger_target_dag.py
[2026-04-01T22:22:26.843+0200] {processor.py:830} INFO - Processing file /home/malte/try_rag/.venv/lib/python3.12/site-packages/airflow/example_dags/example_trigger_target_dag.py for tasks to queue
[2026-04-01T22:22:26.846+0200] {logging_mixin.py:188} INFO - [2026-04-01T22:22:26.845+0200] {dagbag.py:545} INFO - Filling up the DagBag from /home/malte/try_rag/.venv/lib/python3.12/site-packages/airflow/example_dags/example_trigger_target_dag.py
[2026-04-01T22:22:26.872+0200] {processor.py:840} INFO - DAG(s) 'example_trigger_target_dag' retrieved from /home/malte/try_rag/.venv/lib/python3.12/site-packages/airflow/example_dags/example_trigger_target_dag.py
[2026-04-01T22:22:26.940+0200] {logging_mixin.py:188} INFO - [2026-04-01T22:22:26.939+0200] {dag.py:3096} INFO - Sync 1 DAGs
[2026-04-01T22:22:26.999+0200] {logging_mixin.py:188} INFO - [2026-04-01T22:22:26.998+0200] {dag.py:3954} INFO - Setting next_dagrun for example_trigger_target_dag to None, run_after=None
[2026-04-01T22:22:27.089+0200] {processor.py:183} INFO - Processing /home/malte/try_rag/.venv/lib/python3.12/site-packages/airflow/example_dags/example_trigger_target_dag.py took 0.283 seconds
[2026-04-01T22:23:41.021+0200] {processor.py:161} INFO - Started process (PID=44020) to work on /home/malte/try_rag/.venv/lib/python3.12/site-packages/airflow/example_dags/example_trigger_target_dag.py
[2026-04-01T22:23:41.025+0200] {processor.py:830} INFO - Processing file /home/malte/try_rag/.venv/lib/python3.12/site-packages/airflow/example_dags/example_trigger_target_dag.py for tasks to queue
[2026-04-01T22:23:41.028+0200] {logging_mixin.py:188} INFO - [2026-04-01T22:23:41.027+0200] {dagbag.py:545} INFO - Filling up the DagBag from /home/malte/try_rag/.venv/lib/python3.12/site-packages/airflow/example_dags/example_trigger_target_dag.py
[2026-04-01T22:23:41.050+0200] {processor.py:840} INFO - DAG(s) 'example_trigger_target_dag' retrieved from /home/malte/try_rag/.venv/lib/python3.12/site-packages/airflow/example_dags/example_trigger_target_dag.py
[2026-04-01T22:23:41.100+0200] {logging_mixin.py:188} INFO - [2026-04-01T22:23:41.099+0200] {dag.py:3096} INFO - Sync 1 DAGs
[2026-04-01T22:23:41.135+0200] {logging_mixin.py:188} INFO - [2026-04-01T22:23:41.134+0200] {dag.py:3954} INFO - Setting next_dagrun for example_trigger_target_dag to None, run_after=None
[2026-04-01T22:23:41.211+0200] {processor.py:183} INFO - Processing /home/malte/try_rag/.venv/lib/python3.12/site-packages/airflow/example_dags/example_trigger_target_dag.py took 0.210 seconds
[2026-04-01T22:24:51.740+0200] {processor.py:161} INFO - Started process (PID=44158) to work on /home/malte/try_rag/.venv/lib/python3.12/site-packages/airflow/example_dags/example_trigger_target_dag.py
[2026-04-01T22:24:51.754+0200] {processor.py:830} INFO - Processing file /home/malte/try_rag/.venv/lib/python3.12/site-packages/airflow/example_dags/example_trigger_target_dag.py for tasks to queue
[2026-04-01T22:24:51.757+0200] {logging_mixin.py:188} INFO - [2026-04-01T22:24:51.756+0200] {dagbag.py:545} INFO - Filling up the DagBag from /home/malte/try_rag/.venv/lib/python3.12/site-packages/airflow/example_dags/example_trigger_target_dag.py
[2026-04-01T22:24:51.779+0200] {processor.py:840} INFO - DAG(s) 'example_trigger_target_dag' retrieved from /home/malte/try_rag/.venv/lib/python3.12/site-packages/airflow/example_dags/example_trigger_target_dag.py
[2026-04-01T22:24:51.841+0200] {logging_mixin.py:188} INFO - [2026-04-01T22:24:51.841+0200] {dag.py:3096} INFO - Sync 1 DAGs
[2026-04-01T22:24:51.875+0200] {logging_mixin.py:188} INFO - [2026-04-01T22:24:51.875+0200] {dag.py:3954} INFO - Setting next_dagrun for example_trigger_target_dag to None, run_after=None
[2026-04-01T22:24:51.947+0200] {processor.py:183} INFO - Processing /home/malte/try_rag/.venv/lib/python3.12/site-packages/airflow/example_dags/example_trigger_target_dag.py took 0.226 seconds
[2026-04-01T22:30:21.456+0200] {processor.py:161} INFO - Started process (PID=45708) to work on /home/malte/try_rag/.venv/lib/python3.12/site-packages/airflow/example_dags/example_trigger_target_dag.py
[2026-04-01T22:30:21.472+0200] {processor.py:830} INFO - Processing file /home/malte/try_rag/.venv/lib/python3.12/site-packages/airflow/example_dags/example_trigger_target_dag.py for tasks to queue
[2026-04-01T22:30:21.474+0200] {logging_mixin.py:188} INFO - [2026-04-01T22:30:21.473+0200] {dagbag.py:545} INFO - Filling up the DagBag from /home/malte/try_rag/.venv/lib/python3.12/site-packages/airflow/example_dags/example_trigger_target_dag.py
[2026-04-01T22:30:21.508+0200] {processor.py:840} INFO - DAG(s) 'example_trigger_target_dag' retrieved from /home/malte/try_rag/.venv/lib/python3.12/site-packages/airflow/example_dags/example_trigger_target_dag.py
[2026-04-01T22:30:21.977+0200] {logging_mixin.py:188} INFO - [2026-04-01T22:30:21.977+0200] {dag.py:3096} INFO - Sync 1 DAGs
[2026-04-01T22:30:22.006+0200] {logging_mixin.py:188} INFO - [2026-04-01T22:30:22.006+0200] {dag.py:3954} INFO - Setting next_dagrun for example_trigger_target_dag to None, run_after=None
[2026-04-01T22:30:22.079+0200] {processor.py:183} INFO - Processing /home/malte/try_rag/.venv/lib/python3.12/site-packages/airflow/example_dags/example_trigger_target_dag.py took 0.644 seconds
[2026-04-01T22:31:38.492+0200] {processor.py:161} INFO - Started process (PID=45896) to work on /home/malte/try_rag/.venv/lib/python3.12/site-packages/airflow/example_dags/example_trigger_target_dag.py
[2026-04-01T22:31:38.501+0200] {processor.py:830} INFO - Processing file /home/malte/try_rag/.venv/lib/python3.12/site-packages/airflow/example_dags/example_trigger_target_dag.py for tasks to queue
[2026-04-01T22:31:38.504+0200] {logging_mixin.py:188} INFO - [2026-04-01T22:31:38.503+0200] {dagbag.py:545} INFO - Filling up the DagBag from /home/malte/try_rag/.venv/lib/python3.12/site-packages/airflow/example_dags/example_trigger_target_dag.py
[2026-04-01T22:31:38.526+0200] {processor.py:840} INFO - DAG(s) 'example_trigger_target_dag' retrieved from /home/malte/try_rag/.venv/lib/python3.12/site-packages/airflow/example_dags/example_trigger_target_dag.py
[2026-04-01T22:31:38.576+0200] {logging_mixin.py:188} INFO - [2026-04-01T22:31:38.575+0200] {dag.py:3096} INFO - Sync 1 DAGs
[2026-04-01T22:31:38.613+0200] {logging_mixin.py:188} INFO - [2026-04-01T22:31:38.612+0200] {dag.py:3954} INFO - Setting next_dagrun for example_trigger_target_dag to None, run_after=None
[2026-04-01T22:31:38.684+0200] {processor.py:183} INFO - Processing /home/malte/try_rag/.venv/lib/python3.12/site-packages/airflow/example_dags/example_trigger_target_dag.py took 0.221 seconds
[2026-04-01T22:32:48.452+0200] {processor.py:161} INFO - Started process (PID=46104) to work on /home/malte/try_rag/.venv/lib/python3.12/site-packages/airflow/example_dags/example_trigger_target_dag.py
[2026-04-01T22:32:48.459+0200] {processor.py:830} INFO - Processing file /home/malte/try_rag/.venv/lib/python3.12/site-packages/airflow/example_dags/example_trigger_target_dag.py for tasks to queue
[2026-04-01T22:32:48.463+0200] {logging_mixin.py:188} INFO - [2026-04-01T22:32:48.461+0200] {dagbag.py:545} INFO - Filling up the DagBag from /home/malte/try_rag/.venv/lib/python3.12/site-packages/airflow/example_dags/example_trigger_target_dag.py
[2026-04-01T22:32:48.484+0200] {processor.py:840} INFO - DAG(s) 'example_trigger_target_dag' retrieved from /home/malte/try_rag/.venv/lib/python3.12/site-packages/airflow/example_dags/example_trigger_target_dag.py
[2026-04-01T22:32:48.531+0200] {logging_mixin.py:188} INFO - [2026-04-01T22:32:48.530+0200] {dag.py:3096} INFO - Sync 1 DAGs
[2026-04-01T22:32:48.566+0200] {logging_mixin.py:188} INFO - [2026-04-01T22:32:48.565+0200] {dag.py:3954} INFO - Setting next_dagrun for example_trigger_target_dag to None, run_after=None
[2026-04-01T22:32:48.626+0200] {processor.py:183} INFO - Processing /home/malte/try_rag/.venv/lib/python3.12/site-packages/airflow/example_dags/example_trigger_target_dag.py took 0.197 seconds
[2026-04-01T22:34:03.792+0200] {processor.py:161} INFO - Started process (PID=46432) to work on /home/malte/try_rag/.venv/lib/python3.12/site-packages/airflow/example_dags/example_trigger_target_dag.py
[2026-04-01T22:34:03.796+0200] {processor.py:830} INFO - Processing file /home/malte/try_rag/.venv/lib/python3.12/site-packages/airflow/example_dags/example_trigger_target_dag.py for tasks to queue
[2026-04-01T22:34:03.798+0200] {logging_mixin.py:188} INFO - [2026-04-01T22:34:03.797+0200] {dagbag.py:545} INFO - Filling up the DagBag from /home/malte/try_rag/.venv/lib/python3.12/site-packages/airflow/example_dags/example_trigger_target_dag.py
[2026-04-01T22:34:03.816+0200] {processor.py:840} INFO - DAG(s) 'example_trigger_target_dag' retrieved from /home/malte/try_rag/.venv/lib/python3.12/site-packages/airflow/example_dags/example_trigger_target_dag.py
[2026-04-01T22:34:03.859+0200] {logging_mixin.py:188} INFO - [2026-04-01T22:34:03.859+0200] {dag.py:3096} INFO - Sync 1 DAGs
[2026-04-01T22:34:03.889+0200] {logging_mixin.py:188} INFO - [2026-04-01T22:34:03.889+0200] {dag.py:3954} INFO - Setting next_dagrun for example_trigger_target_dag to None, run_after=None
[2026-04-01T22:34:03.943+0200] {processor.py:183} INFO - Processing /home/malte/try_rag/.venv/lib/python3.12/site-packages/airflow/example_dags/example_trigger_target_dag.py took 0.171 seconds
[2026-04-01T22:35:13.028+0200] {processor.py:161} INFO - Started process (PID=46694) to work on /home/malte/try_rag/.venv/lib/python3.12/site-packages/airflow/example_dags/example_trigger_target_dag.py
[2026-04-01T22:35:13.032+0200] {processor.py:830} INFO - Processing file /home/malte/try_rag/.venv/lib/python3.12/site-packages/airflow/example_dags/example_trigger_target_dag.py for tasks to queue
[2026-04-01T22:35:13.034+0200] {logging_mixin.py:188} INFO - [2026-04-01T22:35:13.033+0200] {dagbag.py:545} INFO - Filling up the DagBag from /home/malte/try_rag/.venv/lib/python3.12/site-packages/airflow/example_dags/example_trigger_target_dag.py
[2026-04-01T22:35:13.054+0200] {processor.py:840} INFO - DAG(s) 'example_trigger_target_dag' retrieved from /home/malte/try_rag/.venv/lib/python3.12/site-packages/airflow/example_dags/example_trigger_target_dag.py
[2026-04-01T22:35:13.103+0200] {logging_mixin.py:188} INFO - [2026-04-01T22:35:13.102+0200] {dag.py:3096} INFO - Sync 1 DAGs
[2026-04-01T22:35:13.479+0200] {logging_mixin.py:188} INFO - [2026-04-01T22:35:13.479+0200] {dag.py:3954} INFO - Setting next_dagrun for example_trigger_target_dag to None, run_after=None
[2026-04-01T22:35:13.545+0200] {processor.py:183} INFO - Processing /home/malte/try_rag/.venv/lib/python3.12/site-packages/airflow/example_dags/example_trigger_target_dag.py took 0.535 seconds
[2026-04-01T22:36:36.991+0200] {processor.py:161} INFO - Started process (PID=46919) to work on /home/malte/try_rag/.venv/lib/python3.12/site-packages/airflow/example_dags/example_trigger_target_dag.py
[2026-04-01T22:36:36.995+0200] {processor.py:830} INFO - Processing file /home/malte/try_rag/.venv/lib/python3.12/site-packages/airflow/example_dags/example_trigger_target_dag.py for tasks to queue
[2026-04-01T22:36:36.997+0200] {logging_mixin.py:188} INFO - [2026-04-01T22:36:36.996+0200] {dagbag.py:545} INFO - Filling up the DagBag from /home/malte/try_rag/.venv/lib/python3.12/site-packages/airflow/example_dags/example_trigger_target_dag.py
[2026-04-01T22:36:37.025+0200] {processor.py:840} INFO - DAG(s) 'example_trigger_target_dag' retrieved from /home/malte/try_rag/.venv/lib/python3.12/site-packages/airflow/example_dags/example_trigger_target_dag.py
[2026-04-01T22:36:37.077+0200] {logging_mixin.py:188} INFO - [2026-04-01T22:36:37.077+0200] {dag.py:3096} INFO - Sync 1 DAGs
[2026-04-01T22:36:37.117+0200] {logging_mixin.py:188} INFO - [2026-04-01T22:36:37.117+0200] {dag.py:3954} INFO - Setting next_dagrun for example_trigger_target_dag to None, run_after=None
[2026-04-01T22:36:37.179+0200] {processor.py:183} INFO - Processing /home/malte/try_rag/.venv/lib/python3.12/site-packages/airflow/example_dags/example_trigger_target_dag.py took 0.213 seconds
