[2026-04-01T22:14:36.612+0200] {processor.py:161} INFO - Started process (PID=42894) to work on /home/malte/try_rag/.venv/lib/python3.12/site-packages/airflow/example_dags/example_dynamic_task_mapping_with_no_taskflow_operators.py
[2026-04-01T22:14:36.615+0200] {processor.py:830} INFO - Processing file /home/malte/try_rag/.venv/lib/python3.12/site-packages/airflow/example_dags/example_dynamic_task_mapping_with_no_taskflow_operators.py for tasks to queue
[2026-04-01T22:14:36.617+0200] {logging_mixin.py:188} INFO - [2026-04-01T22:14:36.616+0200] {dagbag.py:545} INFO - Filling up the DagBag from /home/malte/try_rag/.venv/lib/python3.12/site-packages/airflow/example_dags/example_dynamic_task_mapping_with_no_taskflow_operators.py
[2026-04-01T22:14:36.645+0200] {processor.py:840} INFO - DAG(s) 'example_dynamic_task_mapping_with_no_taskflow_operators' retrieved from /home/malte/try_rag/.venv/lib/python3.12/site-packages/airflow/example_dags/example_dynamic_task_mapping_with_no_taskflow_operators.py
[2026-04-01T22:14:36.930+0200] {logging_mixin.py:188} INFO - [2026-04-01T22:14:36.928+0200] {override.py:1930} INFO - Created Permission View: can edit on DAG:example_dynamic_task_mapping_with_no_taskflow_operators
[2026-04-01T22:14:36.958+0200] {logging_mixin.py:188} INFO - [2026-04-01T22:14:36.957+0200] {override.py:1930} INFO - Created Permission View: can read on DAG:example_dynamic_task_mapping_with_no_taskflow_operators
[2026-04-01T22:14:36.979+0200] {logging_mixin.py:188} INFO - [2026-04-01T22:14:36.978+0200] {override.py:1930} INFO - Created Permission View: can delete on DAG:example_dynamic_task_mapping_with_no_taskflow_operators
[2026-04-01T22:14:36.980+0200] {logging_mixin.py:188} INFO - [2026-04-01T22:14:36.980+0200] {dag.py:3096} INFO - Sync 1 DAGs
[2026-04-01T22:14:37.003+0200] {logging_mixin.py:188} INFO - [2026-04-01T22:14:37.003+0200] {dag.py:3118} INFO - Creating ORM DAG for example_dynamic_task_mapping_with_no_taskflow_operators
[2026-04-01T22:14:37.025+0200] {logging_mixin.py:188} INFO - [2026-04-01T22:14:37.024+0200] {dag.py:3954} INFO - Setting next_dagrun for example_dynamic_task_mapping_with_no_taskflow_operators to 2026-03-31 00:00:00+00:00, run_after=2026-04-01 00:00:00+00:00
[2026-04-01T22:14:37.078+0200] {processor.py:183} INFO - Processing /home/malte/try_rag/.venv/lib/python3.12/site-packages/airflow/example_dags/example_dynamic_task_mapping_with_no_taskflow_operators.py took 0.484 seconds
[2026-04-01T22:16:00.717+0200] {processor.py:161} INFO - Started process (PID=43050) to work on /home/malte/try_rag/.venv/lib/python3.12/site-packages/airflow/example_dags/example_dynamic_task_mapping_with_no_taskflow_operators.py
[2026-04-01T22:16:00.722+0200] {processor.py:830} INFO - Processing file /home/malte/try_rag/.venv/lib/python3.12/site-packages/airflow/example_dags/example_dynamic_task_mapping_with_no_taskflow_operators.py for tasks to queue
[2026-04-01T22:16:00.725+0200] {logging_mixin.py:188} INFO - [2026-04-01T22:16:00.723+0200] {dagbag.py:545} INFO - Filling up the DagBag from /home/malte/try_rag/.venv/lib/python3.12/site-packages/airflow/example_dags/example_dynamic_task_mapping_with_no_taskflow_operators.py
[2026-04-01T22:16:00.748+0200] {processor.py:840} INFO - DAG(s) 'example_dynamic_task_mapping_with_no_taskflow_operators' retrieved from /home/malte/try_rag/.venv/lib/python3.12/site-packages/airflow/example_dags/example_dynamic_task_mapping_with_no_taskflow_operators.py
[2026-04-01T22:16:00.793+0200] {logging_mixin.py:188} INFO - [2026-04-01T22:16:00.793+0200] {dag.py:3096} INFO - Sync 1 DAGs
[2026-04-01T22:16:00.846+0200] {logging_mixin.py:188} INFO - [2026-04-01T22:16:00.845+0200] {dag.py:3954} INFO - Setting next_dagrun for example_dynamic_task_mapping_with_no_taskflow_operators to 2026-03-31 00:00:00+00:00, run_after=2026-04-01 00:00:00+00:00
[2026-04-01T22:16:00.912+0200] {processor.py:183} INFO - Processing /home/malte/try_rag/.venv/lib/python3.12/site-packages/airflow/example_dags/example_dynamic_task_mapping_with_no_taskflow_operators.py took 0.213 seconds
[2026-04-01T22:17:17.759+0200] {processor.py:161} INFO - Started process (PID=43211) to work on /home/malte/try_rag/.venv/lib/python3.12/site-packages/airflow/example_dags/example_dynamic_task_mapping_with_no_taskflow_operators.py
[2026-04-01T22:17:17.764+0200] {processor.py:830} INFO - Processing file /home/malte/try_rag/.venv/lib/python3.12/site-packages/airflow/example_dags/example_dynamic_task_mapping_with_no_taskflow_operators.py for tasks to queue
[2026-04-01T22:17:17.767+0200] {logging_mixin.py:188} INFO - [2026-04-01T22:17:17.765+0200] {dagbag.py:545} INFO - Filling up the DagBag from /home/malte/try_rag/.venv/lib/python3.12/site-packages/airflow/example_dags/example_dynamic_task_mapping_with_no_taskflow_operators.py
[2026-04-01T22:17:17.798+0200] {processor.py:840} INFO - DAG(s) 'example_dynamic_task_mapping_with_no_taskflow_operators' retrieved from /home/malte/try_rag/.venv/lib/python3.12/site-packages/airflow/example_dags/example_dynamic_task_mapping_with_no_taskflow_operators.py
[2026-04-01T22:17:17.854+0200] {logging_mixin.py:188} INFO - [2026-04-01T22:17:17.853+0200] {dag.py:3096} INFO - Sync 1 DAGs
[2026-04-01T22:17:17.971+0200] {logging_mixin.py:188} INFO - [2026-04-01T22:17:17.970+0200] {dag.py:3954} INFO - Setting next_dagrun for example_dynamic_task_mapping_with_no_taskflow_operators to 2026-03-31 00:00:00+00:00, run_after=2026-04-01 00:00:00+00:00
[2026-04-01T22:17:18.102+0200] {processor.py:183} INFO - Processing /home/malte/try_rag/.venv/lib/python3.12/site-packages/airflow/example_dags/example_dynamic_task_mapping_with_no_taskflow_operators.py took 0.369 seconds
[2026-04-01T22:18:30.100+0200] {processor.py:161} INFO - Started process (PID=43359) to work on /home/malte/try_rag/.venv/lib/python3.12/site-packages/airflow/example_dags/example_dynamic_task_mapping_with_no_taskflow_operators.py
[2026-04-01T22:18:30.114+0200] {processor.py:830} INFO - Processing file /home/malte/try_rag/.venv/lib/python3.12/site-packages/airflow/example_dags/example_dynamic_task_mapping_with_no_taskflow_operators.py for tasks to queue
[2026-04-01T22:18:30.117+0200] {logging_mixin.py:188} INFO - [2026-04-01T22:18:30.116+0200] {dagbag.py:545} INFO - Filling up the DagBag from /home/malte/try_rag/.venv/lib/python3.12/site-packages/airflow/example_dags/example_dynamic_task_mapping_with_no_taskflow_operators.py
[2026-04-01T22:18:30.145+0200] {processor.py:840} INFO - DAG(s) 'example_dynamic_task_mapping_with_no_taskflow_operators' retrieved from /home/malte/try_rag/.venv/lib/python3.12/site-packages/airflow/example_dags/example_dynamic_task_mapping_with_no_taskflow_operators.py
[2026-04-01T22:18:30.190+0200] {logging_mixin.py:188} INFO - [2026-04-01T22:18:30.190+0200] {dag.py:3096} INFO - Sync 1 DAGs
[2026-04-01T22:18:30.240+0200] {logging_mixin.py:188} INFO - [2026-04-01T22:18:30.239+0200] {dag.py:3954} INFO - Setting next_dagrun for example_dynamic_task_mapping_with_no_taskflow_operators to 2026-03-31 00:00:00+00:00, run_after=2026-04-01 00:00:00+00:00
[2026-04-01T22:18:30.317+0200] {processor.py:183} INFO - Processing /home/malte/try_rag/.venv/lib/python3.12/site-packages/airflow/example_dags/example_dynamic_task_mapping_with_no_taskflow_operators.py took 0.236 seconds
[2026-04-01T22:20:05.368+0200] {processor.py:161} INFO - Started process (PID=43558) to work on /home/malte/try_rag/.venv/lib/python3.12/site-packages/airflow/example_dags/example_dynamic_task_mapping_with_no_taskflow_operators.py
[2026-04-01T22:20:05.371+0200] {processor.py:830} INFO - Processing file /home/malte/try_rag/.venv/lib/python3.12/site-packages/airflow/example_dags/example_dynamic_task_mapping_with_no_taskflow_operators.py for tasks to queue
[2026-04-01T22:20:05.374+0200] {logging_mixin.py:188} INFO - [2026-04-01T22:20:05.373+0200] {dagbag.py:545} INFO - Filling up the DagBag from /home/malte/try_rag/.venv/lib/python3.12/site-packages/airflow/example_dags/example_dynamic_task_mapping_with_no_taskflow_operators.py
[2026-04-01T22:20:05.397+0200] {processor.py:840} INFO - DAG(s) 'example_dynamic_task_mapping_with_no_taskflow_operators' retrieved from /home/malte/try_rag/.venv/lib/python3.12/site-packages/airflow/example_dags/example_dynamic_task_mapping_with_no_taskflow_operators.py
[2026-04-01T22:20:05.448+0200] {logging_mixin.py:188} INFO - [2026-04-01T22:20:05.448+0200] {dag.py:3096} INFO - Sync 1 DAGs
[2026-04-01T22:20:05.498+0200] {logging_mixin.py:188} INFO - [2026-04-01T22:20:05.498+0200] {dag.py:3954} INFO - Setting next_dagrun for example_dynamic_task_mapping_with_no_taskflow_operators to 2026-03-31 00:00:00+00:00, run_after=2026-04-01 00:00:00+00:00
[2026-04-01T22:20:05.561+0200] {processor.py:183} INFO - Processing /home/malte/try_rag/.venv/lib/python3.12/site-packages/airflow/example_dags/example_dynamic_task_mapping_with_no_taskflow_operators.py took 0.211 seconds
[2026-04-01T22:21:19.423+0200] {processor.py:161} INFO - Started process (PID=43704) to work on /home/malte/try_rag/.venv/lib/python3.12/site-packages/airflow/example_dags/example_dynamic_task_mapping_with_no_taskflow_operators.py
[2026-04-01T22:21:19.437+0200] {processor.py:830} INFO - Processing file /home/malte/try_rag/.venv/lib/python3.12/site-packages/airflow/example_dags/example_dynamic_task_mapping_with_no_taskflow_operators.py for tasks to queue
[2026-04-01T22:21:19.440+0200] {logging_mixin.py:188} INFO - [2026-04-01T22:21:19.438+0200] {dagbag.py:545} INFO - Filling up the DagBag from /home/malte/try_rag/.venv/lib/python3.12/site-packages/airflow/example_dags/example_dynamic_task_mapping_with_no_taskflow_operators.py
[2026-04-01T22:21:19.470+0200] {processor.py:840} INFO - DAG(s) 'example_dynamic_task_mapping_with_no_taskflow_operators' retrieved from /home/malte/try_rag/.venv/lib/python3.12/site-packages/airflow/example_dags/example_dynamic_task_mapping_with_no_taskflow_operators.py
[2026-04-01T22:21:19.521+0200] {logging_mixin.py:188} INFO - [2026-04-01T22:21:19.521+0200] {dag.py:3096} INFO - Sync 1 DAGs
[2026-04-01T22:21:19.595+0200] {logging_mixin.py:188} INFO - [2026-04-01T22:21:19.595+0200] {dag.py:3954} INFO - Setting next_dagrun for example_dynamic_task_mapping_with_no_taskflow_operators to 2026-03-31 00:00:00+00:00, run_after=2026-04-01 00:00:00+00:00
[2026-04-01T22:21:19.661+0200] {processor.py:183} INFO - Processing /home/malte/try_rag/.venv/lib/python3.12/site-packages/airflow/example_dags/example_dynamic_task_mapping_with_no_taskflow_operators.py took 0.255 seconds
[2026-04-01T22:22:33.344+0200] {processor.py:161} INFO - Started process (PID=43853) to work on /home/malte/try_rag/.venv/lib/python3.12/site-packages/airflow/example_dags/example_dynamic_task_mapping_with_no_taskflow_operators.py
[2026-04-01T22:22:33.359+0200] {processor.py:830} INFO - Processing file /home/malte/try_rag/.venv/lib/python3.12/site-packages/airflow/example_dags/example_dynamic_task_mapping_with_no_taskflow_operators.py for tasks to queue
[2026-04-01T22:22:33.361+0200] {logging_mixin.py:188} INFO - [2026-04-01T22:22:33.360+0200] {dagbag.py:545} INFO - Filling up the DagBag from /home/malte/try_rag/.venv/lib/python3.12/site-packages/airflow/example_dags/example_dynamic_task_mapping_with_no_taskflow_operators.py
[2026-04-01T22:22:33.385+0200] {processor.py:840} INFO - DAG(s) 'example_dynamic_task_mapping_with_no_taskflow_operators' retrieved from /home/malte/try_rag/.venv/lib/python3.12/site-packages/airflow/example_dags/example_dynamic_task_mapping_with_no_taskflow_operators.py
[2026-04-01T22:22:33.436+0200] {logging_mixin.py:188} INFO - [2026-04-01T22:22:33.435+0200] {dag.py:3096} INFO - Sync 1 DAGs
[2026-04-01T22:22:33.488+0200] {logging_mixin.py:188} INFO - [2026-04-01T22:22:33.487+0200] {dag.py:3954} INFO - Setting next_dagrun for example_dynamic_task_mapping_with_no_taskflow_operators to 2026-03-31 00:00:00+00:00, run_after=2026-04-01 00:00:00+00:00
[2026-04-01T22:22:33.569+0200] {processor.py:183} INFO - Processing /home/malte/try_rag/.venv/lib/python3.12/site-packages/airflow/example_dags/example_dynamic_task_mapping_with_no_taskflow_operators.py took 0.243 seconds
[2026-04-01T22:23:47.041+0200] {processor.py:161} INFO - Started process (PID=44025) to work on /home/malte/try_rag/.venv/lib/python3.12/site-packages/airflow/example_dags/example_dynamic_task_mapping_with_no_taskflow_operators.py
[2026-04-01T22:23:47.045+0200] {processor.py:830} INFO - Processing file /home/malte/try_rag/.venv/lib/python3.12/site-packages/airflow/example_dags/example_dynamic_task_mapping_with_no_taskflow_operators.py for tasks to queue
[2026-04-01T22:23:47.048+0200] {logging_mixin.py:188} INFO - [2026-04-01T22:23:47.046+0200] {dagbag.py:545} INFO - Filling up the DagBag from /home/malte/try_rag/.venv/lib/python3.12/site-packages/airflow/example_dags/example_dynamic_task_mapping_with_no_taskflow_operators.py
[2026-04-01T22:23:47.073+0200] {processor.py:840} INFO - DAG(s) 'example_dynamic_task_mapping_with_no_taskflow_operators' retrieved from /home/malte/try_rag/.venv/lib/python3.12/site-packages/airflow/example_dags/example_dynamic_task_mapping_with_no_taskflow_operators.py
[2026-04-01T22:23:47.129+0200] {logging_mixin.py:188} INFO - [2026-04-01T22:23:47.128+0200] {dag.py:3096} INFO - Sync 1 DAGs
[2026-04-01T22:23:47.194+0200] {logging_mixin.py:188} INFO - [2026-04-01T22:23:47.193+0200] {dag.py:3954} INFO - Setting next_dagrun for example_dynamic_task_mapping_with_no_taskflow_operators to 2026-03-31 00:00:00+00:00, run_after=2026-04-01 00:00:00+00:00
[2026-04-01T22:23:47.270+0200] {processor.py:183} INFO - Processing /home/malte/try_rag/.venv/lib/python3.12/site-packages/airflow/example_dags/example_dynamic_task_mapping_with_no_taskflow_operators.py took 0.248 seconds
[2026-04-01T22:24:58.398+0200] {processor.py:161} INFO - Started process (PID=44169) to work on /home/malte/try_rag/.venv/lib/python3.12/site-packages/airflow/example_dags/example_dynamic_task_mapping_with_no_taskflow_operators.py
[2026-04-01T22:24:58.412+0200] {processor.py:830} INFO - Processing file /home/malte/try_rag/.venv/lib/python3.12/site-packages/airflow/example_dags/example_dynamic_task_mapping_with_no_taskflow_operators.py for tasks to queue
[2026-04-01T22:24:58.415+0200] {logging_mixin.py:188} INFO - [2026-04-01T22:24:58.414+0200] {dagbag.py:545} INFO - Filling up the DagBag from /home/malte/try_rag/.venv/lib/python3.12/site-packages/airflow/example_dags/example_dynamic_task_mapping_with_no_taskflow_operators.py
[2026-04-01T22:24:58.440+0200] {processor.py:840} INFO - DAG(s) 'example_dynamic_task_mapping_with_no_taskflow_operators' retrieved from /home/malte/try_rag/.venv/lib/python3.12/site-packages/airflow/example_dags/example_dynamic_task_mapping_with_no_taskflow_operators.py
[2026-04-01T22:24:58.490+0200] {logging_mixin.py:188} INFO - [2026-04-01T22:24:58.490+0200] {dag.py:3096} INFO - Sync 1 DAGs
[2026-04-01T22:24:58.540+0200] {logging_mixin.py:188} INFO - [2026-04-01T22:24:58.540+0200] {dag.py:3954} INFO - Setting next_dagrun for example_dynamic_task_mapping_with_no_taskflow_operators to 2026-03-31 00:00:00+00:00, run_after=2026-04-01 00:00:00+00:00
[2026-04-01T22:24:58.613+0200] {processor.py:183} INFO - Processing /home/malte/try_rag/.venv/lib/python3.12/site-packages/airflow/example_dags/example_dynamic_task_mapping_with_no_taskflow_operators.py took 0.235 seconds
[2026-04-01T22:30:56.733+0200] {processor.py:161} INFO - Started process (PID=45765) to work on /home/malte/try_rag/.venv/lib/python3.12/site-packages/airflow/example_dags/example_dynamic_task_mapping_with_no_taskflow_operators.py
[2026-04-01T22:30:56.738+0200] {processor.py:830} INFO - Processing file /home/malte/try_rag/.venv/lib/python3.12/site-packages/airflow/example_dags/example_dynamic_task_mapping_with_no_taskflow_operators.py for tasks to queue
[2026-04-01T22:30:56.742+0200] {logging_mixin.py:188} INFO - [2026-04-01T22:30:56.740+0200] {dagbag.py:545} INFO - Filling up the DagBag from /home/malte/try_rag/.venv/lib/python3.12/site-packages/airflow/example_dags/example_dynamic_task_mapping_with_no_taskflow_operators.py
[2026-04-01T22:30:56.784+0200] {processor.py:840} INFO - DAG(s) 'example_dynamic_task_mapping_with_no_taskflow_operators' retrieved from /home/malte/try_rag/.venv/lib/python3.12/site-packages/airflow/example_dags/example_dynamic_task_mapping_with_no_taskflow_operators.py
[2026-04-01T22:30:57.129+0200] {logging_mixin.py:188} INFO - [2026-04-01T22:30:57.128+0200] {dag.py:3096} INFO - Sync 1 DAGs
[2026-04-01T22:30:57.174+0200] {logging_mixin.py:188} INFO - [2026-04-01T22:30:57.174+0200] {dag.py:3954} INFO - Setting next_dagrun for example_dynamic_task_mapping_with_no_taskflow_operators to 2026-03-31 00:00:00+00:00, run_after=2026-04-01 00:00:00+00:00
[2026-04-01T22:30:57.230+0200] {processor.py:183} INFO - Processing /home/malte/try_rag/.venv/lib/python3.12/site-packages/airflow/example_dags/example_dynamic_task_mapping_with_no_taskflow_operators.py took 0.528 seconds
[2026-04-01T22:32:19.290+0200] {processor.py:161} INFO - Started process (PID=46044) to work on /home/malte/try_rag/.venv/lib/python3.12/site-packages/airflow/example_dags/example_dynamic_task_mapping_with_no_taskflow_operators.py
[2026-04-01T22:32:19.304+0200] {processor.py:830} INFO - Processing file /home/malte/try_rag/.venv/lib/python3.12/site-packages/airflow/example_dags/example_dynamic_task_mapping_with_no_taskflow_operators.py for tasks to queue
[2026-04-01T22:32:19.307+0200] {logging_mixin.py:188} INFO - [2026-04-01T22:32:19.305+0200] {dagbag.py:545} INFO - Filling up the DagBag from /home/malte/try_rag/.venv/lib/python3.12/site-packages/airflow/example_dags/example_dynamic_task_mapping_with_no_taskflow_operators.py
[2026-04-01T22:32:19.331+0200] {processor.py:840} INFO - DAG(s) 'example_dynamic_task_mapping_with_no_taskflow_operators' retrieved from /home/malte/try_rag/.venv/lib/python3.12/site-packages/airflow/example_dags/example_dynamic_task_mapping_with_no_taskflow_operators.py
[2026-04-01T22:32:19.377+0200] {logging_mixin.py:188} INFO - [2026-04-01T22:32:19.376+0200] {dag.py:3096} INFO - Sync 1 DAGs
[2026-04-01T22:32:19.427+0200] {logging_mixin.py:188} INFO - [2026-04-01T22:32:19.426+0200] {dag.py:3954} INFO - Setting next_dagrun for example_dynamic_task_mapping_with_no_taskflow_operators to 2026-03-31 00:00:00+00:00, run_after=2026-04-01 00:00:00+00:00
[2026-04-01T22:32:19.485+0200] {processor.py:183} INFO - Processing /home/malte/try_rag/.venv/lib/python3.12/site-packages/airflow/example_dags/example_dynamic_task_mapping_with_no_taskflow_operators.py took 0.211 seconds
[2026-04-01T22:33:34.971+0200] {processor.py:161} INFO - Started process (PID=46310) to work on /home/malte/try_rag/.venv/lib/python3.12/site-packages/airflow/example_dags/example_dynamic_task_mapping_with_no_taskflow_operators.py
[2026-04-01T22:33:34.986+0200] {processor.py:830} INFO - Processing file /home/malte/try_rag/.venv/lib/python3.12/site-packages/airflow/example_dags/example_dynamic_task_mapping_with_no_taskflow_operators.py for tasks to queue
[2026-04-01T22:33:34.989+0200] {logging_mixin.py:188} INFO - [2026-04-01T22:33:34.988+0200] {dagbag.py:545} INFO - Filling up the DagBag from /home/malte/try_rag/.venv/lib/python3.12/site-packages/airflow/example_dags/example_dynamic_task_mapping_with_no_taskflow_operators.py
[2026-04-01T22:33:35.011+0200] {processor.py:840} INFO - DAG(s) 'example_dynamic_task_mapping_with_no_taskflow_operators' retrieved from /home/malte/try_rag/.venv/lib/python3.12/site-packages/airflow/example_dags/example_dynamic_task_mapping_with_no_taskflow_operators.py
[2026-04-01T22:33:35.056+0200] {logging_mixin.py:188} INFO - [2026-04-01T22:33:35.056+0200] {dag.py:3096} INFO - Sync 1 DAGs
[2026-04-01T22:33:35.106+0200] {logging_mixin.py:188} INFO - [2026-04-01T22:33:35.105+0200] {dag.py:3954} INFO - Setting next_dagrun for example_dynamic_task_mapping_with_no_taskflow_operators to 2026-03-31 00:00:00+00:00, run_after=2026-04-01 00:00:00+00:00
[2026-04-01T22:33:35.169+0200] {processor.py:183} INFO - Processing /home/malte/try_rag/.venv/lib/python3.12/site-packages/airflow/example_dags/example_dynamic_task_mapping_with_no_taskflow_operators.py took 0.214 seconds
[2026-04-01T22:34:40.227+0200] {processor.py:161} INFO - Started process (PID=46508) to work on /home/malte/try_rag/.venv/lib/python3.12/site-packages/airflow/example_dags/example_dynamic_task_mapping_with_no_taskflow_operators.py
[2026-04-01T22:34:40.231+0200] {processor.py:830} INFO - Processing file /home/malte/try_rag/.venv/lib/python3.12/site-packages/airflow/example_dags/example_dynamic_task_mapping_with_no_taskflow_operators.py for tasks to queue
[2026-04-01T22:34:40.234+0200] {logging_mixin.py:188} INFO - [2026-04-01T22:34:40.233+0200] {dagbag.py:545} INFO - Filling up the DagBag from /home/malte/try_rag/.venv/lib/python3.12/site-packages/airflow/example_dags/example_dynamic_task_mapping_with_no_taskflow_operators.py
[2026-04-01T22:34:40.264+0200] {processor.py:840} INFO - DAG(s) 'example_dynamic_task_mapping_with_no_taskflow_operators' retrieved from /home/malte/try_rag/.venv/lib/python3.12/site-packages/airflow/example_dags/example_dynamic_task_mapping_with_no_taskflow_operators.py
[2026-04-01T22:34:40.305+0200] {logging_mixin.py:188} INFO - [2026-04-01T22:34:40.304+0200] {dag.py:3096} INFO - Sync 1 DAGs
[2026-04-01T22:34:40.356+0200] {logging_mixin.py:188} INFO - [2026-04-01T22:34:40.355+0200] {dag.py:3954} INFO - Setting next_dagrun for example_dynamic_task_mapping_with_no_taskflow_operators to 2026-03-31 00:00:00+00:00, run_after=2026-04-01 00:00:00+00:00
[2026-04-01T22:34:40.424+0200] {processor.py:183} INFO - Processing /home/malte/try_rag/.venv/lib/python3.12/site-packages/airflow/example_dags/example_dynamic_task_mapping_with_no_taskflow_operators.py took 0.214 seconds
[2026-04-01T22:36:04.655+0200] {processor.py:161} INFO - Started process (PID=46846) to work on /home/malte/try_rag/.venv/lib/python3.12/site-packages/airflow/example_dags/example_dynamic_task_mapping_with_no_taskflow_operators.py
[2026-04-01T22:36:04.659+0200] {processor.py:830} INFO - Processing file /home/malte/try_rag/.venv/lib/python3.12/site-packages/airflow/example_dags/example_dynamic_task_mapping_with_no_taskflow_operators.py for tasks to queue
[2026-04-01T22:36:04.662+0200] {logging_mixin.py:188} INFO - [2026-04-01T22:36:04.661+0200] {dagbag.py:545} INFO - Filling up the DagBag from /home/malte/try_rag/.venv/lib/python3.12/site-packages/airflow/example_dags/example_dynamic_task_mapping_with_no_taskflow_operators.py
[2026-04-01T22:36:04.690+0200] {processor.py:840} INFO - DAG(s) 'example_dynamic_task_mapping_with_no_taskflow_operators' retrieved from /home/malte/try_rag/.venv/lib/python3.12/site-packages/airflow/example_dags/example_dynamic_task_mapping_with_no_taskflow_operators.py
[2026-04-01T22:36:04.753+0200] {logging_mixin.py:188} INFO - [2026-04-01T22:36:04.753+0200] {dag.py:3096} INFO - Sync 1 DAGs
[2026-04-01T22:36:04.826+0200] {logging_mixin.py:188} INFO - [2026-04-01T22:36:04.825+0200] {dag.py:3954} INFO - Setting next_dagrun for example_dynamic_task_mapping_with_no_taskflow_operators to 2026-03-31 00:00:00+00:00, run_after=2026-04-01 00:00:00+00:00
[2026-04-01T22:36:04.913+0200] {processor.py:183} INFO - Processing /home/malte/try_rag/.venv/lib/python3.12/site-packages/airflow/example_dags/example_dynamic_task_mapping_with_no_taskflow_operators.py took 0.280 seconds
