[2026-04-01T22:14:17.857+0200] {processor.py:161} INFO - Started process (PID=42862) to work on /home/malte/try_rag/.venv/lib/python3.12/site-packages/airflow/example_dags/example_setup_teardown.py
[2026-04-01T22:14:17.859+0200] {processor.py:830} INFO - Processing file /home/malte/try_rag/.venv/lib/python3.12/site-packages/airflow/example_dags/example_setup_teardown.py for tasks to queue
[2026-04-01T22:14:17.862+0200] {logging_mixin.py:188} INFO - [2026-04-01T22:14:17.861+0200] {dagbag.py:545} INFO - Filling up the DagBag from /home/malte/try_rag/.venv/lib/python3.12/site-packages/airflow/example_dags/example_setup_teardown.py
[2026-04-01T22:14:17.888+0200] {processor.py:840} INFO - DAG(s) 'example_setup_teardown' retrieved from /home/malte/try_rag/.venv/lib/python3.12/site-packages/airflow/example_dags/example_setup_teardown.py
[2026-04-01T22:14:18.169+0200] {logging_mixin.py:188} INFO - [2026-04-01T22:14:18.167+0200] {override.py:1930} INFO - Created Permission View: can edit on DAG:example_setup_teardown
[2026-04-01T22:14:18.197+0200] {logging_mixin.py:188} INFO - [2026-04-01T22:14:18.196+0200] {override.py:1930} INFO - Created Permission View: can read on DAG:example_setup_teardown
[2026-04-01T22:14:18.216+0200] {logging_mixin.py:188} INFO - [2026-04-01T22:14:18.215+0200] {override.py:1930} INFO - Created Permission View: can delete on DAG:example_setup_teardown
[2026-04-01T22:14:18.217+0200] {logging_mixin.py:188} INFO - [2026-04-01T22:14:18.216+0200] {dag.py:3096} INFO - Sync 1 DAGs
[2026-04-01T22:14:18.261+0200] {logging_mixin.py:188} INFO - [2026-04-01T22:14:18.261+0200] {dag.py:3118} INFO - Creating ORM DAG for example_setup_teardown
[2026-04-01T22:14:18.294+0200] {logging_mixin.py:188} INFO - [2026-04-01T22:14:18.294+0200] {dag.py:3954} INFO - Setting next_dagrun for example_setup_teardown to 2026-03-31 00:00:00+00:00, run_after=2026-04-01 00:00:00+00:00
[2026-04-01T22:14:18.353+0200] {processor.py:183} INFO - Processing /home/malte/try_rag/.venv/lib/python3.12/site-packages/airflow/example_dags/example_setup_teardown.py took 0.511 seconds
[2026-04-01T22:15:31.683+0200] {processor.py:161} INFO - Started process (PID=42992) to work on /home/malte/try_rag/.venv/lib/python3.12/site-packages/airflow/example_dags/example_setup_teardown.py
[2026-04-01T22:15:31.687+0200] {processor.py:830} INFO - Processing file /home/malte/try_rag/.venv/lib/python3.12/site-packages/airflow/example_dags/example_setup_teardown.py for tasks to queue
[2026-04-01T22:15:31.689+0200] {logging_mixin.py:188} INFO - [2026-04-01T22:15:31.688+0200] {dagbag.py:545} INFO - Filling up the DagBag from /home/malte/try_rag/.venv/lib/python3.12/site-packages/airflow/example_dags/example_setup_teardown.py
[2026-04-01T22:15:31.712+0200] {processor.py:840} INFO - DAG(s) 'example_setup_teardown' retrieved from /home/malte/try_rag/.venv/lib/python3.12/site-packages/airflow/example_dags/example_setup_teardown.py
[2026-04-01T22:15:31.759+0200] {logging_mixin.py:188} INFO - [2026-04-01T22:15:31.758+0200] {dag.py:3096} INFO - Sync 1 DAGs
[2026-04-01T22:15:31.818+0200] {logging_mixin.py:188} INFO - [2026-04-01T22:15:31.818+0200] {dag.py:3954} INFO - Setting next_dagrun for example_setup_teardown to 2026-03-31 00:00:00+00:00, run_after=2026-04-01 00:00:00+00:00
[2026-04-01T22:15:31.893+0200] {processor.py:183} INFO - Processing /home/malte/try_rag/.venv/lib/python3.12/site-packages/airflow/example_dags/example_setup_teardown.py took 0.227 seconds
[2026-04-01T22:16:46.886+0200] {processor.py:161} INFO - Started process (PID=43148) to work on /home/malte/try_rag/.venv/lib/python3.12/site-packages/airflow/example_dags/example_setup_teardown.py
[2026-04-01T22:16:46.902+0200] {processor.py:830} INFO - Processing file /home/malte/try_rag/.venv/lib/python3.12/site-packages/airflow/example_dags/example_setup_teardown.py for tasks to queue
[2026-04-01T22:16:46.904+0200] {logging_mixin.py:188} INFO - [2026-04-01T22:16:46.903+0200] {dagbag.py:545} INFO - Filling up the DagBag from /home/malte/try_rag/.venv/lib/python3.12/site-packages/airflow/example_dags/example_setup_teardown.py
[2026-04-01T22:16:46.925+0200] {processor.py:840} INFO - DAG(s) 'example_setup_teardown' retrieved from /home/malte/try_rag/.venv/lib/python3.12/site-packages/airflow/example_dags/example_setup_teardown.py
[2026-04-01T22:16:46.977+0200] {logging_mixin.py:188} INFO - [2026-04-01T22:16:46.976+0200] {dag.py:3096} INFO - Sync 1 DAGs
[2026-04-01T22:16:47.028+0200] {logging_mixin.py:188} INFO - [2026-04-01T22:16:47.028+0200] {dag.py:3954} INFO - Setting next_dagrun for example_setup_teardown to 2026-03-31 00:00:00+00:00, run_after=2026-04-01 00:00:00+00:00
[2026-04-01T22:16:47.100+0200] {processor.py:183} INFO - Processing /home/malte/try_rag/.venv/lib/python3.12/site-packages/airflow/example_dags/example_setup_teardown.py took 0.230 seconds
[2026-04-01T22:18:02.001+0200] {processor.py:161} INFO - Started process (PID=43295) to work on /home/malte/try_rag/.venv/lib/python3.12/site-packages/airflow/example_dags/example_setup_teardown.py
[2026-04-01T22:18:02.005+0200] {processor.py:830} INFO - Processing file /home/malte/try_rag/.venv/lib/python3.12/site-packages/airflow/example_dags/example_setup_teardown.py for tasks to queue
[2026-04-01T22:18:02.008+0200] {logging_mixin.py:188} INFO - [2026-04-01T22:18:02.007+0200] {dagbag.py:545} INFO - Filling up the DagBag from /home/malte/try_rag/.venv/lib/python3.12/site-packages/airflow/example_dags/example_setup_teardown.py
[2026-04-01T22:18:02.035+0200] {processor.py:840} INFO - DAG(s) 'example_setup_teardown' retrieved from /home/malte/try_rag/.venv/lib/python3.12/site-packages/airflow/example_dags/example_setup_teardown.py
[2026-04-01T22:18:02.153+0200] {logging_mixin.py:188} INFO - [2026-04-01T22:18:02.146+0200] {dag.py:3096} INFO - Sync 1 DAGs
[2026-04-01T22:18:02.222+0200] {logging_mixin.py:188} INFO - [2026-04-01T22:18:02.221+0200] {dag.py:3954} INFO - Setting next_dagrun for example_setup_teardown to 2026-03-31 00:00:00+00:00, run_after=2026-04-01 00:00:00+00:00
[2026-04-01T22:18:02.291+0200] {processor.py:183} INFO - Processing /home/malte/try_rag/.venv/lib/python3.12/site-packages/airflow/example_dags/example_setup_teardown.py took 0.309 seconds
[2026-04-01T22:19:30.427+0200] {processor.py:161} INFO - Started process (PID=43485) to work on /home/malte/try_rag/.venv/lib/python3.12/site-packages/airflow/example_dags/example_setup_teardown.py
[2026-04-01T22:19:30.442+0200] {processor.py:830} INFO - Processing file /home/malte/try_rag/.venv/lib/python3.12/site-packages/airflow/example_dags/example_setup_teardown.py for tasks to queue
[2026-04-01T22:19:30.444+0200] {logging_mixin.py:188} INFO - [2026-04-01T22:19:30.443+0200] {dagbag.py:545} INFO - Filling up the DagBag from /home/malte/try_rag/.venv/lib/python3.12/site-packages/airflow/example_dags/example_setup_teardown.py
[2026-04-01T22:19:30.466+0200] {processor.py:840} INFO - DAG(s) 'example_setup_teardown' retrieved from /home/malte/try_rag/.venv/lib/python3.12/site-packages/airflow/example_dags/example_setup_teardown.py
[2026-04-01T22:19:30.861+0200] {logging_mixin.py:188} INFO - [2026-04-01T22:19:30.861+0200] {dag.py:3096} INFO - Sync 1 DAGs
[2026-04-01T22:19:30.908+0200] {logging_mixin.py:188} INFO - [2026-04-01T22:19:30.907+0200] {dag.py:3954} INFO - Setting next_dagrun for example_setup_teardown to 2026-03-31 00:00:00+00:00, run_after=2026-04-01 00:00:00+00:00
[2026-04-01T22:19:30.972+0200] {processor.py:183} INFO - Processing /home/malte/try_rag/.venv/lib/python3.12/site-packages/airflow/example_dags/example_setup_teardown.py took 0.562 seconds
[2026-04-01T22:20:50.206+0200] {processor.py:161} INFO - Started process (PID=43644) to work on /home/malte/try_rag/.venv/lib/python3.12/site-packages/airflow/example_dags/example_setup_teardown.py
[2026-04-01T22:20:50.210+0200] {processor.py:830} INFO - Processing file /home/malte/try_rag/.venv/lib/python3.12/site-packages/airflow/example_dags/example_setup_teardown.py for tasks to queue
[2026-04-01T22:20:50.213+0200] {logging_mixin.py:188} INFO - [2026-04-01T22:20:50.212+0200] {dagbag.py:545} INFO - Filling up the DagBag from /home/malte/try_rag/.venv/lib/python3.12/site-packages/airflow/example_dags/example_setup_teardown.py
[2026-04-01T22:20:50.235+0200] {processor.py:840} INFO - DAG(s) 'example_setup_teardown' retrieved from /home/malte/try_rag/.venv/lib/python3.12/site-packages/airflow/example_dags/example_setup_teardown.py
[2026-04-01T22:20:50.282+0200] {logging_mixin.py:188} INFO - [2026-04-01T22:20:50.281+0200] {dag.py:3096} INFO - Sync 1 DAGs
[2026-04-01T22:20:50.335+0200] {logging_mixin.py:188} INFO - [2026-04-01T22:20:50.334+0200] {dag.py:3954} INFO - Setting next_dagrun for example_setup_teardown to 2026-03-31 00:00:00+00:00, run_after=2026-04-01 00:00:00+00:00
[2026-04-01T22:20:50.405+0200] {processor.py:183} INFO - Processing /home/malte/try_rag/.venv/lib/python3.12/site-packages/airflow/example_dags/example_setup_teardown.py took 0.216 seconds
[2026-04-01T22:22:03.819+0200] {processor.py:161} INFO - Started process (PID=43791) to work on /home/malte/try_rag/.venv/lib/python3.12/site-packages/airflow/example_dags/example_setup_teardown.py
[2026-04-01T22:22:03.823+0200] {processor.py:830} INFO - Processing file /home/malte/try_rag/.venv/lib/python3.12/site-packages/airflow/example_dags/example_setup_teardown.py for tasks to queue
[2026-04-01T22:22:03.825+0200] {logging_mixin.py:188} INFO - [2026-04-01T22:22:03.824+0200] {dagbag.py:545} INFO - Filling up the DagBag from /home/malte/try_rag/.venv/lib/python3.12/site-packages/airflow/example_dags/example_setup_teardown.py
[2026-04-01T22:22:03.850+0200] {processor.py:840} INFO - DAG(s) 'example_setup_teardown' retrieved from /home/malte/try_rag/.venv/lib/python3.12/site-packages/airflow/example_dags/example_setup_teardown.py
[2026-04-01T22:22:03.899+0200] {logging_mixin.py:188} INFO - [2026-04-01T22:22:03.898+0200] {dag.py:3096} INFO - Sync 1 DAGs
[2026-04-01T22:22:03.948+0200] {logging_mixin.py:188} INFO - [2026-04-01T22:22:03.947+0200] {dag.py:3954} INFO - Setting next_dagrun for example_setup_teardown to 2026-03-31 00:00:00+00:00, run_after=2026-04-01 00:00:00+00:00
[2026-04-01T22:22:04.025+0200] {processor.py:183} INFO - Processing /home/malte/try_rag/.venv/lib/python3.12/site-packages/airflow/example_dags/example_setup_teardown.py took 0.224 seconds
[2026-04-01T22:23:17.310+0200] {processor.py:161} INFO - Started process (PID=43936) to work on /home/malte/try_rag/.venv/lib/python3.12/site-packages/airflow/example_dags/example_setup_teardown.py
[2026-04-01T22:23:17.326+0200] {processor.py:830} INFO - Processing file /home/malte/try_rag/.venv/lib/python3.12/site-packages/airflow/example_dags/example_setup_teardown.py for tasks to queue
[2026-04-01T22:23:17.330+0200] {logging_mixin.py:188} INFO - [2026-04-01T22:23:17.328+0200] {dagbag.py:545} INFO - Filling up the DagBag from /home/malte/try_rag/.venv/lib/python3.12/site-packages/airflow/example_dags/example_setup_teardown.py
[2026-04-01T22:23:17.365+0200] {processor.py:840} INFO - DAG(s) 'example_setup_teardown' retrieved from /home/malte/try_rag/.venv/lib/python3.12/site-packages/airflow/example_dags/example_setup_teardown.py
[2026-04-01T22:23:17.416+0200] {logging_mixin.py:188} INFO - [2026-04-01T22:23:17.415+0200] {dag.py:3096} INFO - Sync 1 DAGs
[2026-04-01T22:23:17.476+0200] {logging_mixin.py:188} INFO - [2026-04-01T22:23:17.476+0200] {dag.py:3954} INFO - Setting next_dagrun for example_setup_teardown to 2026-03-31 00:00:00+00:00, run_after=2026-04-01 00:00:00+00:00
[2026-04-01T22:23:17.562+0200] {processor.py:183} INFO - Processing /home/malte/try_rag/.venv/lib/python3.12/site-packages/airflow/example_dags/example_setup_teardown.py took 0.274 seconds
[2026-04-01T22:24:29.564+0200] {processor.py:161} INFO - Started process (PID=44111) to work on /home/malte/try_rag/.venv/lib/python3.12/site-packages/airflow/example_dags/example_setup_teardown.py
[2026-04-01T22:24:29.579+0200] {processor.py:830} INFO - Processing file /home/malte/try_rag/.venv/lib/python3.12/site-packages/airflow/example_dags/example_setup_teardown.py for tasks to queue
[2026-04-01T22:24:29.582+0200] {logging_mixin.py:188} INFO - [2026-04-01T22:24:29.581+0200] {dagbag.py:545} INFO - Filling up the DagBag from /home/malte/try_rag/.venv/lib/python3.12/site-packages/airflow/example_dags/example_setup_teardown.py
[2026-04-01T22:24:29.609+0200] {processor.py:840} INFO - DAG(s) 'example_setup_teardown' retrieved from /home/malte/try_rag/.venv/lib/python3.12/site-packages/airflow/example_dags/example_setup_teardown.py
[2026-04-01T22:24:29.656+0200] {logging_mixin.py:188} INFO - [2026-04-01T22:24:29.656+0200] {dag.py:3096} INFO - Sync 1 DAGs
[2026-04-01T22:24:29.711+0200] {logging_mixin.py:188} INFO - [2026-04-01T22:24:29.710+0200] {dag.py:3954} INFO - Setting next_dagrun for example_setup_teardown to 2026-03-31 00:00:00+00:00, run_after=2026-04-01 00:00:00+00:00
[2026-04-01T22:24:29.798+0200] {processor.py:183} INFO - Processing /home/malte/try_rag/.venv/lib/python3.12/site-packages/airflow/example_dags/example_setup_teardown.py took 0.258 seconds
[2026-04-01T22:30:37.906+0200] {processor.py:161} INFO - Started process (PID=45732) to work on /home/malte/try_rag/.venv/lib/python3.12/site-packages/airflow/example_dags/example_setup_teardown.py
[2026-04-01T22:30:37.909+0200] {processor.py:830} INFO - Processing file /home/malte/try_rag/.venv/lib/python3.12/site-packages/airflow/example_dags/example_setup_teardown.py for tasks to queue
[2026-04-01T22:30:37.912+0200] {logging_mixin.py:188} INFO - [2026-04-01T22:30:37.911+0200] {dagbag.py:545} INFO - Filling up the DagBag from /home/malte/try_rag/.venv/lib/python3.12/site-packages/airflow/example_dags/example_setup_teardown.py
[2026-04-01T22:30:37.937+0200] {processor.py:840} INFO - DAG(s) 'example_setup_teardown' retrieved from /home/malte/try_rag/.venv/lib/python3.12/site-packages/airflow/example_dags/example_setup_teardown.py
[2026-04-01T22:30:38.275+0200] {logging_mixin.py:188} INFO - [2026-04-01T22:30:38.274+0200] {dag.py:3096} INFO - Sync 1 DAGs
[2026-04-01T22:30:38.338+0200] {logging_mixin.py:188} INFO - [2026-04-01T22:30:38.337+0200] {dag.py:3954} INFO - Setting next_dagrun for example_setup_teardown to 2026-03-31 00:00:00+00:00, run_after=2026-04-01 00:00:00+00:00
[2026-04-01T22:30:38.395+0200] {processor.py:183} INFO - Processing /home/malte/try_rag/.venv/lib/python3.12/site-packages/airflow/example_dags/example_setup_teardown.py took 0.508 seconds
[2026-04-01T22:31:52.441+0200] {processor.py:161} INFO - Started process (PID=45922) to work on /home/malte/try_rag/.venv/lib/python3.12/site-packages/airflow/example_dags/example_setup_teardown.py
[2026-04-01T22:31:52.445+0200] {processor.py:830} INFO - Processing file /home/malte/try_rag/.venv/lib/python3.12/site-packages/airflow/example_dags/example_setup_teardown.py for tasks to queue
[2026-04-01T22:31:52.449+0200] {logging_mixin.py:188} INFO - [2026-04-01T22:31:52.447+0200] {dagbag.py:545} INFO - Filling up the DagBag from /home/malte/try_rag/.venv/lib/python3.12/site-packages/airflow/example_dags/example_setup_teardown.py
[2026-04-01T22:31:52.477+0200] {processor.py:840} INFO - DAG(s) 'example_setup_teardown' retrieved from /home/malte/try_rag/.venv/lib/python3.12/site-packages/airflow/example_dags/example_setup_teardown.py
[2026-04-01T22:31:52.524+0200] {logging_mixin.py:188} INFO - [2026-04-01T22:31:52.523+0200] {dag.py:3096} INFO - Sync 1 DAGs
[2026-04-01T22:31:52.586+0200] {logging_mixin.py:188} INFO - [2026-04-01T22:31:52.586+0200] {dag.py:3954} INFO - Setting next_dagrun for example_setup_teardown to 2026-03-31 00:00:00+00:00, run_after=2026-04-01 00:00:00+00:00
[2026-04-01T22:31:52.659+0200] {processor.py:183} INFO - Processing /home/malte/try_rag/.venv/lib/python3.12/site-packages/airflow/example_dags/example_setup_teardown.py took 0.236 seconds
[2026-04-01T22:33:01.987+0200] {processor.py:161} INFO - Started process (PID=46189) to work on /home/malte/try_rag/.venv/lib/python3.12/site-packages/airflow/example_dags/example_setup_teardown.py
[2026-04-01T22:33:01.990+0200] {processor.py:830} INFO - Processing file /home/malte/try_rag/.venv/lib/python3.12/site-packages/airflow/example_dags/example_setup_teardown.py for tasks to queue
[2026-04-01T22:33:01.993+0200] {logging_mixin.py:188} INFO - [2026-04-01T22:33:01.992+0200] {dagbag.py:545} INFO - Filling up the DagBag from /home/malte/try_rag/.venv/lib/python3.12/site-packages/airflow/example_dags/example_setup_teardown.py
[2026-04-01T22:33:02.021+0200] {processor.py:840} INFO - DAG(s) 'example_setup_teardown' retrieved from /home/malte/try_rag/.venv/lib/python3.12/site-packages/airflow/example_dags/example_setup_teardown.py
[2026-04-01T22:33:02.079+0200] {logging_mixin.py:188} INFO - [2026-04-01T22:33:02.079+0200] {dag.py:3096} INFO - Sync 1 DAGs
[2026-04-01T22:33:02.147+0200] {logging_mixin.py:188} INFO - [2026-04-01T22:33:02.146+0200] {dag.py:3954} INFO - Setting next_dagrun for example_setup_teardown to 2026-03-31 00:00:00+00:00, run_after=2026-04-01 00:00:00+00:00
[2026-04-01T22:33:02.204+0200] {processor.py:183} INFO - Processing /home/malte/try_rag/.venv/lib/python3.12/site-packages/airflow/example_dags/example_setup_teardown.py took 0.233 seconds
[2026-04-01T22:34:16.889+0200] {processor.py:161} INFO - Started process (PID=46459) to work on /home/malte/try_rag/.venv/lib/python3.12/site-packages/airflow/example_dags/example_setup_teardown.py
[2026-04-01T22:34:16.894+0200] {processor.py:830} INFO - Processing file /home/malte/try_rag/.venv/lib/python3.12/site-packages/airflow/example_dags/example_setup_teardown.py for tasks to queue
[2026-04-01T22:34:16.897+0200] {logging_mixin.py:188} INFO - [2026-04-01T22:34:16.896+0200] {dagbag.py:545} INFO - Filling up the DagBag from /home/malte/try_rag/.venv/lib/python3.12/site-packages/airflow/example_dags/example_setup_teardown.py
[2026-04-01T22:34:16.924+0200] {processor.py:840} INFO - DAG(s) 'example_setup_teardown' retrieved from /home/malte/try_rag/.venv/lib/python3.12/site-packages/airflow/example_dags/example_setup_teardown.py
[2026-04-01T22:34:16.978+0200] {logging_mixin.py:188} INFO - [2026-04-01T22:34:16.978+0200] {dag.py:3096} INFO - Sync 1 DAGs
[2026-04-01T22:34:17.031+0200] {logging_mixin.py:188} INFO - [2026-04-01T22:34:17.030+0200] {dag.py:3954} INFO - Setting next_dagrun for example_setup_teardown to 2026-03-31 00:00:00+00:00, run_after=2026-04-01 00:00:00+00:00
[2026-04-01T22:34:17.090+0200] {processor.py:183} INFO - Processing /home/malte/try_rag/.venv/lib/python3.12/site-packages/airflow/example_dags/example_setup_teardown.py took 0.220 seconds
[2026-04-01T22:35:31.080+0200] {processor.py:161} INFO - Started process (PID=46723) to work on /home/malte/try_rag/.venv/lib/python3.12/site-packages/airflow/example_dags/example_setup_teardown.py
[2026-04-01T22:35:31.083+0200] {processor.py:830} INFO - Processing file /home/malte/try_rag/.venv/lib/python3.12/site-packages/airflow/example_dags/example_setup_teardown.py for tasks to queue
[2026-04-01T22:35:31.085+0200] {logging_mixin.py:188} INFO - [2026-04-01T22:35:31.084+0200] {dagbag.py:545} INFO - Filling up the DagBag from /home/malte/try_rag/.venv/lib/python3.12/site-packages/airflow/example_dags/example_setup_teardown.py
[2026-04-01T22:35:31.107+0200] {processor.py:840} INFO - DAG(s) 'example_setup_teardown' retrieved from /home/malte/try_rag/.venv/lib/python3.12/site-packages/airflow/example_dags/example_setup_teardown.py
[2026-04-01T22:35:31.151+0200] {logging_mixin.py:188} INFO - [2026-04-01T22:35:31.151+0200] {dag.py:3096} INFO - Sync 1 DAGs
[2026-04-01T22:35:31.432+0200] {logging_mixin.py:188} INFO - [2026-04-01T22:35:31.431+0200] {dag.py:3954} INFO - Setting next_dagrun for example_setup_teardown to 2026-03-31 00:00:00+00:00, run_after=2026-04-01 00:00:00+00:00
[2026-04-01T22:35:31.480+0200] {processor.py:183} INFO - Processing /home/malte/try_rag/.venv/lib/python3.12/site-packages/airflow/example_dags/example_setup_teardown.py took 0.416 seconds
