[2026-04-01T22:14:15.550+0200] {processor.py:161} INFO - Started process (PID=42860) to work on /home/malte/try_rag/.venv/lib/python3.12/site-packages/airflow/example_dags/example_setup_teardown_taskflow.py
[2026-04-01T22:14:15.552+0200] {processor.py:830} INFO - Processing file /home/malte/try_rag/.venv/lib/python3.12/site-packages/airflow/example_dags/example_setup_teardown_taskflow.py for tasks to queue
[2026-04-01T22:14:15.554+0200] {logging_mixin.py:188} INFO - [2026-04-01T22:14:15.553+0200] {dagbag.py:545} INFO - Filling up the DagBag from /home/malte/try_rag/.venv/lib/python3.12/site-packages/airflow/example_dags/example_setup_teardown_taskflow.py
[2026-04-01T22:14:15.582+0200] {processor.py:840} INFO - DAG(s) 'example_setup_teardown_taskflow' retrieved from /home/malte/try_rag/.venv/lib/python3.12/site-packages/airflow/example_dags/example_setup_teardown_taskflow.py
[2026-04-01T22:14:15.849+0200] {logging_mixin.py:188} INFO - [2026-04-01T22:14:15.848+0200] {override.py:1930} INFO - Created Permission View: can edit on DAG:example_setup_teardown_taskflow
[2026-04-01T22:14:15.878+0200] {logging_mixin.py:188} INFO - [2026-04-01T22:14:15.877+0200] {override.py:1930} INFO - Created Permission View: can read on DAG:example_setup_teardown_taskflow
[2026-04-01T22:14:15.896+0200] {logging_mixin.py:188} INFO - [2026-04-01T22:14:15.895+0200] {override.py:1930} INFO - Created Permission View: can delete on DAG:example_setup_teardown_taskflow
[2026-04-01T22:14:15.897+0200] {logging_mixin.py:188} INFO - [2026-04-01T22:14:15.896+0200] {dag.py:3096} INFO - Sync 1 DAGs
[2026-04-01T22:14:15.925+0200] {logging_mixin.py:188} INFO - [2026-04-01T22:14:15.925+0200] {dag.py:3118} INFO - Creating ORM DAG for example_setup_teardown_taskflow
[2026-04-01T22:14:15.952+0200] {logging_mixin.py:188} INFO - [2026-04-01T22:14:15.951+0200] {dag.py:3954} INFO - Setting next_dagrun for example_setup_teardown_taskflow to 2026-03-31 00:00:00+00:00, run_after=2026-04-01 00:00:00+00:00
[2026-04-01T22:14:16.002+0200] {processor.py:183} INFO - Processing /home/malte/try_rag/.venv/lib/python3.12/site-packages/airflow/example_dags/example_setup_teardown_taskflow.py took 0.467 seconds
[2026-04-01T22:15:29.128+0200] {processor.py:161} INFO - Started process (PID=42990) to work on /home/malte/try_rag/.venv/lib/python3.12/site-packages/airflow/example_dags/example_setup_teardown_taskflow.py
[2026-04-01T22:15:29.133+0200] {processor.py:830} INFO - Processing file /home/malte/try_rag/.venv/lib/python3.12/site-packages/airflow/example_dags/example_setup_teardown_taskflow.py for tasks to queue
[2026-04-01T22:15:29.137+0200] {logging_mixin.py:188} INFO - [2026-04-01T22:15:29.135+0200] {dagbag.py:545} INFO - Filling up the DagBag from /home/malte/try_rag/.venv/lib/python3.12/site-packages/airflow/example_dags/example_setup_teardown_taskflow.py
[2026-04-01T22:15:29.177+0200] {processor.py:840} INFO - DAG(s) 'example_setup_teardown_taskflow' retrieved from /home/malte/try_rag/.venv/lib/python3.12/site-packages/airflow/example_dags/example_setup_teardown_taskflow.py
[2026-04-01T22:15:29.276+0200] {logging_mixin.py:188} INFO - [2026-04-01T22:15:29.274+0200] {dag.py:3096} INFO - Sync 1 DAGs
[2026-04-01T22:15:29.448+0200] {logging_mixin.py:188} INFO - [2026-04-01T22:15:29.447+0200] {dag.py:3954} INFO - Setting next_dagrun for example_setup_teardown_taskflow to 2026-03-31 00:00:00+00:00, run_after=2026-04-01 00:00:00+00:00
[2026-04-01T22:15:29.640+0200] {processor.py:183} INFO - Processing /home/malte/try_rag/.venv/lib/python3.12/site-packages/airflow/example_dags/example_setup_teardown_taskflow.py took 0.533 seconds
[2026-04-01T22:16:44.531+0200] {processor.py:161} INFO - Started process (PID=43140) to work on /home/malte/try_rag/.venv/lib/python3.12/site-packages/airflow/example_dags/example_setup_teardown_taskflow.py
[2026-04-01T22:16:44.536+0200] {processor.py:830} INFO - Processing file /home/malte/try_rag/.venv/lib/python3.12/site-packages/airflow/example_dags/example_setup_teardown_taskflow.py for tasks to queue
[2026-04-01T22:16:44.539+0200] {logging_mixin.py:188} INFO - [2026-04-01T22:16:44.538+0200] {dagbag.py:545} INFO - Filling up the DagBag from /home/malte/try_rag/.venv/lib/python3.12/site-packages/airflow/example_dags/example_setup_teardown_taskflow.py
[2026-04-01T22:16:44.569+0200] {processor.py:840} INFO - DAG(s) 'example_setup_teardown_taskflow' retrieved from /home/malte/try_rag/.venv/lib/python3.12/site-packages/airflow/example_dags/example_setup_teardown_taskflow.py
[2026-04-01T22:16:44.619+0200] {logging_mixin.py:188} INFO - [2026-04-01T22:16:44.619+0200] {dag.py:3096} INFO - Sync 1 DAGs
[2026-04-01T22:16:44.670+0200] {logging_mixin.py:188} INFO - [2026-04-01T22:16:44.670+0200] {dag.py:3954} INFO - Setting next_dagrun for example_setup_teardown_taskflow to 2026-03-31 00:00:00+00:00, run_after=2026-04-01 00:00:00+00:00
[2026-04-01T22:16:44.739+0200] {processor.py:183} INFO - Processing /home/malte/try_rag/.venv/lib/python3.12/site-packages/airflow/example_dags/example_setup_teardown_taskflow.py took 0.225 seconds
[2026-04-01T22:17:59.126+0200] {processor.py:161} INFO - Started process (PID=43293) to work on /home/malte/try_rag/.venv/lib/python3.12/site-packages/airflow/example_dags/example_setup_teardown_taskflow.py
[2026-04-01T22:17:59.141+0200] {processor.py:830} INFO - Processing file /home/malte/try_rag/.venv/lib/python3.12/site-packages/airflow/example_dags/example_setup_teardown_taskflow.py for tasks to queue
[2026-04-01T22:17:59.144+0200] {logging_mixin.py:188} INFO - [2026-04-01T22:17:59.142+0200] {dagbag.py:545} INFO - Filling up the DagBag from /home/malte/try_rag/.venv/lib/python3.12/site-packages/airflow/example_dags/example_setup_teardown_taskflow.py
[2026-04-01T22:17:59.182+0200] {processor.py:840} INFO - DAG(s) 'example_setup_teardown_taskflow' retrieved from /home/malte/try_rag/.venv/lib/python3.12/site-packages/airflow/example_dags/example_setup_teardown_taskflow.py
[2026-04-01T22:17:59.236+0200] {logging_mixin.py:188} INFO - [2026-04-01T22:17:59.235+0200] {dag.py:3096} INFO - Sync 1 DAGs
[2026-04-01T22:17:59.296+0200] {logging_mixin.py:188} INFO - [2026-04-01T22:17:59.296+0200] {dag.py:3954} INFO - Setting next_dagrun for example_setup_teardown_taskflow to 2026-03-31 00:00:00+00:00, run_after=2026-04-01 00:00:00+00:00
[2026-04-01T22:17:59.382+0200] {processor.py:183} INFO - Processing /home/malte/try_rag/.venv/lib/python3.12/site-packages/airflow/example_dags/example_setup_teardown_taskflow.py took 0.277 seconds
[2026-04-01T22:19:26.810+0200] {processor.py:161} INFO - Started process (PID=43483) to work on /home/malte/try_rag/.venv/lib/python3.12/site-packages/airflow/example_dags/example_setup_teardown_taskflow.py
[2026-04-01T22:19:26.814+0200] {processor.py:830} INFO - Processing file /home/malte/try_rag/.venv/lib/python3.12/site-packages/airflow/example_dags/example_setup_teardown_taskflow.py for tasks to queue
[2026-04-01T22:19:26.817+0200] {logging_mixin.py:188} INFO - [2026-04-01T22:19:26.816+0200] {dagbag.py:545} INFO - Filling up the DagBag from /home/malte/try_rag/.venv/lib/python3.12/site-packages/airflow/example_dags/example_setup_teardown_taskflow.py
[2026-04-01T22:19:26.852+0200] {processor.py:840} INFO - DAG(s) 'example_setup_teardown_taskflow' retrieved from /home/malte/try_rag/.venv/lib/python3.12/site-packages/airflow/example_dags/example_setup_teardown_taskflow.py
[2026-04-01T22:19:27.322+0200] {logging_mixin.py:188} INFO - [2026-04-01T22:19:27.320+0200] {dag.py:3096} INFO - Sync 1 DAGs
[2026-04-01T22:19:27.373+0200] {logging_mixin.py:188} INFO - [2026-04-01T22:19:27.373+0200] {dag.py:3954} INFO - Setting next_dagrun for example_setup_teardown_taskflow to 2026-03-31 00:00:00+00:00, run_after=2026-04-01 00:00:00+00:00
[2026-04-01T22:19:27.443+0200] {processor.py:183} INFO - Processing /home/malte/try_rag/.venv/lib/python3.12/site-packages/airflow/example_dags/example_setup_teardown_taskflow.py took 0.653 seconds
[2026-04-01T22:20:47.429+0200] {processor.py:161} INFO - Started process (PID=43642) to work on /home/malte/try_rag/.venv/lib/python3.12/site-packages/airflow/example_dags/example_setup_teardown_taskflow.py
[2026-04-01T22:20:47.443+0200] {processor.py:830} INFO - Processing file /home/malte/try_rag/.venv/lib/python3.12/site-packages/airflow/example_dags/example_setup_teardown_taskflow.py for tasks to queue
[2026-04-01T22:20:47.446+0200] {logging_mixin.py:188} INFO - [2026-04-01T22:20:47.445+0200] {dagbag.py:545} INFO - Filling up the DagBag from /home/malte/try_rag/.venv/lib/python3.12/site-packages/airflow/example_dags/example_setup_teardown_taskflow.py
[2026-04-01T22:20:47.477+0200] {processor.py:840} INFO - DAG(s) 'example_setup_teardown_taskflow' retrieved from /home/malte/try_rag/.venv/lib/python3.12/site-packages/airflow/example_dags/example_setup_teardown_taskflow.py
[2026-04-01T22:20:47.530+0200] {logging_mixin.py:188} INFO - [2026-04-01T22:20:47.530+0200] {dag.py:3096} INFO - Sync 1 DAGs
[2026-04-01T22:20:47.600+0200] {logging_mixin.py:188} INFO - [2026-04-01T22:20:47.599+0200] {dag.py:3954} INFO - Setting next_dagrun for example_setup_teardown_taskflow to 2026-03-31 00:00:00+00:00, run_after=2026-04-01 00:00:00+00:00
[2026-04-01T22:20:47.688+0200] {processor.py:183} INFO - Processing /home/malte/try_rag/.venv/lib/python3.12/site-packages/airflow/example_dags/example_setup_teardown_taskflow.py took 0.278 seconds
[2026-04-01T22:22:01.053+0200] {processor.py:161} INFO - Started process (PID=43787) to work on /home/malte/try_rag/.venv/lib/python3.12/site-packages/airflow/example_dags/example_setup_teardown_taskflow.py
[2026-04-01T22:22:01.067+0200] {processor.py:830} INFO - Processing file /home/malte/try_rag/.venv/lib/python3.12/site-packages/airflow/example_dags/example_setup_teardown_taskflow.py for tasks to queue
[2026-04-01T22:22:01.070+0200] {logging_mixin.py:188} INFO - [2026-04-01T22:22:01.069+0200] {dagbag.py:545} INFO - Filling up the DagBag from /home/malte/try_rag/.venv/lib/python3.12/site-packages/airflow/example_dags/example_setup_teardown_taskflow.py
[2026-04-01T22:22:01.100+0200] {processor.py:840} INFO - DAG(s) 'example_setup_teardown_taskflow' retrieved from /home/malte/try_rag/.venv/lib/python3.12/site-packages/airflow/example_dags/example_setup_teardown_taskflow.py
[2026-04-01T22:22:01.148+0200] {logging_mixin.py:188} INFO - [2026-04-01T22:22:01.148+0200] {dag.py:3096} INFO - Sync 1 DAGs
[2026-04-01T22:22:01.202+0200] {logging_mixin.py:188} INFO - [2026-04-01T22:22:01.201+0200] {dag.py:3954} INFO - Setting next_dagrun for example_setup_teardown_taskflow to 2026-03-31 00:00:00+00:00, run_after=2026-04-01 00:00:00+00:00
[2026-04-01T22:22:01.273+0200] {processor.py:183} INFO - Processing /home/malte/try_rag/.venv/lib/python3.12/site-packages/airflow/example_dags/example_setup_teardown_taskflow.py took 0.241 seconds
[2026-04-01T22:23:14.472+0200] {processor.py:161} INFO - Started process (PID=43934) to work on /home/malte/try_rag/.venv/lib/python3.12/site-packages/airflow/example_dags/example_setup_teardown_taskflow.py
[2026-04-01T22:23:14.477+0200] {processor.py:830} INFO - Processing file /home/malte/try_rag/.venv/lib/python3.12/site-packages/airflow/example_dags/example_setup_teardown_taskflow.py for tasks to queue
[2026-04-01T22:23:14.482+0200] {logging_mixin.py:188} INFO - [2026-04-01T22:23:14.480+0200] {dagbag.py:545} INFO - Filling up the DagBag from /home/malte/try_rag/.venv/lib/python3.12/site-packages/airflow/example_dags/example_setup_teardown_taskflow.py
[2026-04-01T22:23:14.518+0200] {processor.py:840} INFO - DAG(s) 'example_setup_teardown_taskflow' retrieved from /home/malte/try_rag/.venv/lib/python3.12/site-packages/airflow/example_dags/example_setup_teardown_taskflow.py
[2026-04-01T22:23:14.581+0200] {logging_mixin.py:188} INFO - [2026-04-01T22:23:14.580+0200] {dag.py:3096} INFO - Sync 1 DAGs
[2026-04-01T22:23:14.643+0200] {logging_mixin.py:188} INFO - [2026-04-01T22:23:14.642+0200] {dag.py:3954} INFO - Setting next_dagrun for example_setup_teardown_taskflow to 2026-03-31 00:00:00+00:00, run_after=2026-04-01 00:00:00+00:00
[2026-04-01T22:23:14.719+0200] {processor.py:183} INFO - Processing /home/malte/try_rag/.venv/lib/python3.12/site-packages/airflow/example_dags/example_setup_teardown_taskflow.py took 0.269 seconds
[2026-04-01T22:24:27.262+0200] {processor.py:161} INFO - Started process (PID=44109) to work on /home/malte/try_rag/.venv/lib/python3.12/site-packages/airflow/example_dags/example_setup_teardown_taskflow.py
[2026-04-01T22:24:27.267+0200] {processor.py:830} INFO - Processing file /home/malte/try_rag/.venv/lib/python3.12/site-packages/airflow/example_dags/example_setup_teardown_taskflow.py for tasks to queue
[2026-04-01T22:24:27.270+0200] {logging_mixin.py:188} INFO - [2026-04-01T22:24:27.268+0200] {dagbag.py:545} INFO - Filling up the DagBag from /home/malte/try_rag/.venv/lib/python3.12/site-packages/airflow/example_dags/example_setup_teardown_taskflow.py
[2026-04-01T22:24:27.301+0200] {processor.py:840} INFO - DAG(s) 'example_setup_teardown_taskflow' retrieved from /home/malte/try_rag/.venv/lib/python3.12/site-packages/airflow/example_dags/example_setup_teardown_taskflow.py
[2026-04-01T22:24:27.354+0200] {logging_mixin.py:188} INFO - [2026-04-01T22:24:27.353+0200] {dag.py:3096} INFO - Sync 1 DAGs
[2026-04-01T22:24:27.408+0200] {logging_mixin.py:188} INFO - [2026-04-01T22:24:27.407+0200] {dag.py:3954} INFO - Setting next_dagrun for example_setup_teardown_taskflow to 2026-03-31 00:00:00+00:00, run_after=2026-04-01 00:00:00+00:00
[2026-04-01T22:24:27.499+0200] {processor.py:183} INFO - Processing /home/malte/try_rag/.venv/lib/python3.12/site-packages/airflow/example_dags/example_setup_teardown_taskflow.py took 0.256 seconds
[2026-04-01T22:30:34.690+0200] {processor.py:161} INFO - Started process (PID=45729) to work on /home/malte/try_rag/.venv/lib/python3.12/site-packages/airflow/example_dags/example_setup_teardown_taskflow.py
[2026-04-01T22:30:34.704+0200] {processor.py:830} INFO - Processing file /home/malte/try_rag/.venv/lib/python3.12/site-packages/airflow/example_dags/example_setup_teardown_taskflow.py for tasks to queue
[2026-04-01T22:30:34.712+0200] {logging_mixin.py:188} INFO - [2026-04-01T22:30:34.711+0200] {dagbag.py:545} INFO - Filling up the DagBag from /home/malte/try_rag/.venv/lib/python3.12/site-packages/airflow/example_dags/example_setup_teardown_taskflow.py
[2026-04-01T22:30:34.806+0200] {processor.py:840} INFO - DAG(s) 'example_setup_teardown_taskflow' retrieved from /home/malte/try_rag/.venv/lib/python3.12/site-packages/airflow/example_dags/example_setup_teardown_taskflow.py
[2026-04-01T22:30:35.112+0200] {logging_mixin.py:188} INFO - [2026-04-01T22:30:35.111+0200] {dag.py:3096} INFO - Sync 1 DAGs
[2026-04-01T22:30:35.168+0200] {logging_mixin.py:188} INFO - [2026-04-01T22:30:35.168+0200] {dag.py:3954} INFO - Setting next_dagrun for example_setup_teardown_taskflow to 2026-03-31 00:00:00+00:00, run_after=2026-04-01 00:00:00+00:00
[2026-04-01T22:30:35.236+0200] {processor.py:183} INFO - Processing /home/malte/try_rag/.venv/lib/python3.12/site-packages/airflow/example_dags/example_setup_teardown_taskflow.py took 0.672 seconds
[2026-04-01T22:31:49.661+0200] {processor.py:161} INFO - Started process (PID=45920) to work on /home/malte/try_rag/.venv/lib/python3.12/site-packages/airflow/example_dags/example_setup_teardown_taskflow.py
[2026-04-01T22:31:49.664+0200] {processor.py:830} INFO - Processing file /home/malte/try_rag/.venv/lib/python3.12/site-packages/airflow/example_dags/example_setup_teardown_taskflow.py for tasks to queue
[2026-04-01T22:31:49.666+0200] {logging_mixin.py:188} INFO - [2026-04-01T22:31:49.665+0200] {dagbag.py:545} INFO - Filling up the DagBag from /home/malte/try_rag/.venv/lib/python3.12/site-packages/airflow/example_dags/example_setup_teardown_taskflow.py
[2026-04-01T22:31:49.690+0200] {processor.py:840} INFO - DAG(s) 'example_setup_teardown_taskflow' retrieved from /home/malte/try_rag/.venv/lib/python3.12/site-packages/airflow/example_dags/example_setup_teardown_taskflow.py
[2026-04-01T22:31:49.733+0200] {logging_mixin.py:188} INFO - [2026-04-01T22:31:49.732+0200] {dag.py:3096} INFO - Sync 1 DAGs
[2026-04-01T22:31:49.786+0200] {logging_mixin.py:188} INFO - [2026-04-01T22:31:49.785+0200] {dag.py:3954} INFO - Setting next_dagrun for example_setup_teardown_taskflow to 2026-03-31 00:00:00+00:00, run_after=2026-04-01 00:00:00+00:00
[2026-04-01T22:31:49.843+0200] {processor.py:183} INFO - Processing /home/malte/try_rag/.venv/lib/python3.12/site-packages/airflow/example_dags/example_setup_teardown_taskflow.py took 0.197 seconds
[2026-04-01T22:33:00.200+0200] {processor.py:161} INFO - Started process (PID=46181) to work on /home/malte/try_rag/.venv/lib/python3.12/site-packages/airflow/example_dags/example_setup_teardown_taskflow.py
[2026-04-01T22:33:00.203+0200] {processor.py:830} INFO - Processing file /home/malte/try_rag/.venv/lib/python3.12/site-packages/airflow/example_dags/example_setup_teardown_taskflow.py for tasks to queue
[2026-04-01T22:33:00.205+0200] {logging_mixin.py:188} INFO - [2026-04-01T22:33:00.204+0200] {dagbag.py:545} INFO - Filling up the DagBag from /home/malte/try_rag/.venv/lib/python3.12/site-packages/airflow/example_dags/example_setup_teardown_taskflow.py
[2026-04-01T22:33:00.232+0200] {processor.py:840} INFO - DAG(s) 'example_setup_teardown_taskflow' retrieved from /home/malte/try_rag/.venv/lib/python3.12/site-packages/airflow/example_dags/example_setup_teardown_taskflow.py
[2026-04-01T22:33:00.276+0200] {logging_mixin.py:188} INFO - [2026-04-01T22:33:00.276+0200] {dag.py:3096} INFO - Sync 1 DAGs
[2026-04-01T22:33:00.323+0200] {logging_mixin.py:188} INFO - [2026-04-01T22:33:00.322+0200] {dag.py:3954} INFO - Setting next_dagrun for example_setup_teardown_taskflow to 2026-03-31 00:00:00+00:00, run_after=2026-04-01 00:00:00+00:00
[2026-04-01T22:33:00.376+0200] {processor.py:183} INFO - Processing /home/malte/try_rag/.venv/lib/python3.12/site-packages/airflow/example_dags/example_setup_teardown_taskflow.py took 0.192 seconds
[2026-04-01T22:34:14.183+0200] {processor.py:161} INFO - Started process (PID=46451) to work on /home/malte/try_rag/.venv/lib/python3.12/site-packages/airflow/example_dags/example_setup_teardown_taskflow.py
[2026-04-01T22:34:14.187+0200] {processor.py:830} INFO - Processing file /home/malte/try_rag/.venv/lib/python3.12/site-packages/airflow/example_dags/example_setup_teardown_taskflow.py for tasks to queue
[2026-04-01T22:34:14.190+0200] {logging_mixin.py:188} INFO - [2026-04-01T22:34:14.189+0200] {dagbag.py:545} INFO - Filling up the DagBag from /home/malte/try_rag/.venv/lib/python3.12/site-packages/airflow/example_dags/example_setup_teardown_taskflow.py
[2026-04-01T22:34:14.220+0200] {processor.py:840} INFO - DAG(s) 'example_setup_teardown_taskflow' retrieved from /home/malte/try_rag/.venv/lib/python3.12/site-packages/airflow/example_dags/example_setup_teardown_taskflow.py
[2026-04-01T22:34:14.268+0200] {logging_mixin.py:188} INFO - [2026-04-01T22:34:14.267+0200] {dag.py:3096} INFO - Sync 1 DAGs
[2026-04-01T22:34:14.318+0200] {logging_mixin.py:188} INFO - [2026-04-01T22:34:14.318+0200] {dag.py:3954} INFO - Setting next_dagrun for example_setup_teardown_taskflow to 2026-03-31 00:00:00+00:00, run_after=2026-04-01 00:00:00+00:00
[2026-04-01T22:34:14.375+0200] {processor.py:183} INFO - Processing /home/malte/try_rag/.venv/lib/python3.12/site-packages/airflow/example_dags/example_setup_teardown_taskflow.py took 0.208 seconds
[2026-04-01T22:35:27.774+0200] {processor.py:161} INFO - Started process (PID=46715) to work on /home/malte/try_rag/.venv/lib/python3.12/site-packages/airflow/example_dags/example_setup_teardown_taskflow.py
[2026-04-01T22:35:27.790+0200] {processor.py:830} INFO - Processing file /home/malte/try_rag/.venv/lib/python3.12/site-packages/airflow/example_dags/example_setup_teardown_taskflow.py for tasks to queue
[2026-04-01T22:35:27.793+0200] {logging_mixin.py:188} INFO - [2026-04-01T22:35:27.792+0200] {dagbag.py:545} INFO - Filling up the DagBag from /home/malte/try_rag/.venv/lib/python3.12/site-packages/airflow/example_dags/example_setup_teardown_taskflow.py
[2026-04-01T22:35:27.826+0200] {processor.py:840} INFO - DAG(s) 'example_setup_teardown_taskflow' retrieved from /home/malte/try_rag/.venv/lib/python3.12/site-packages/airflow/example_dags/example_setup_teardown_taskflow.py
[2026-04-01T22:35:27.879+0200] {logging_mixin.py:188} INFO - [2026-04-01T22:35:27.878+0200] {dag.py:3096} INFO - Sync 1 DAGs
[2026-04-01T22:35:28.160+0200] {logging_mixin.py:188} INFO - [2026-04-01T22:35:28.159+0200] {dag.py:3954} INFO - Setting next_dagrun for example_setup_teardown_taskflow to 2026-03-31 00:00:00+00:00, run_after=2026-04-01 00:00:00+00:00
[2026-04-01T22:35:28.207+0200] {processor.py:183} INFO - Processing /home/malte/try_rag/.venv/lib/python3.12/site-packages/airflow/example_dags/example_setup_teardown_taskflow.py took 0.450 seconds
