[2026-04-01T22:14:19.574+0200] {processor.py:161} INFO - Started process (PID=42863) to work on /home/malte/try_rag/.venv/lib/python3.12/site-packages/airflow/example_dags/example_sensor_decorator.py
[2026-04-01T22:14:19.577+0200] {processor.py:830} INFO - Processing file /home/malte/try_rag/.venv/lib/python3.12/site-packages/airflow/example_dags/example_sensor_decorator.py for tasks to queue
[2026-04-01T22:14:19.579+0200] {logging_mixin.py:188} INFO - [2026-04-01T22:14:19.578+0200] {dagbag.py:545} INFO - Filling up the DagBag from /home/malte/try_rag/.venv/lib/python3.12/site-packages/airflow/example_dags/example_sensor_decorator.py
[2026-04-01T22:14:19.601+0200] {processor.py:840} INFO - DAG(s) 'example_sensor_decorator' retrieved from /home/malte/try_rag/.venv/lib/python3.12/site-packages/airflow/example_dags/example_sensor_decorator.py
[2026-04-01T22:14:19.948+0200] {logging_mixin.py:188} INFO - [2026-04-01T22:14:19.947+0200] {override.py:1930} INFO - Created Permission View: can edit on DAG:example_sensor_decorator
[2026-04-01T22:14:19.977+0200] {logging_mixin.py:188} INFO - [2026-04-01T22:14:19.976+0200] {override.py:1930} INFO - Created Permission View: can read on DAG:example_sensor_decorator
[2026-04-01T22:14:19.997+0200] {logging_mixin.py:188} INFO - [2026-04-01T22:14:19.997+0200] {override.py:1930} INFO - Created Permission View: can delete on DAG:example_sensor_decorator
[2026-04-01T22:14:19.998+0200] {logging_mixin.py:188} INFO - [2026-04-01T22:14:19.998+0200] {dag.py:3096} INFO - Sync 1 DAGs
[2026-04-01T22:14:20.026+0200] {logging_mixin.py:188} INFO - [2026-04-01T22:14:20.025+0200] {dag.py:3118} INFO - Creating ORM DAG for example_sensor_decorator
[2026-04-01T22:14:20.027+0200] {logging_mixin.py:188} INFO - [2026-04-01T22:14:20.027+0200] {dag.py:3954} INFO - Setting next_dagrun for example_sensor_decorator to None, run_after=None
[2026-04-01T22:14:20.080+0200] {processor.py:183} INFO - Processing /home/malte/try_rag/.venv/lib/python3.12/site-packages/airflow/example_dags/example_sensor_decorator.py took 0.523 seconds
[2026-04-01T22:15:33.099+0200] {processor.py:161} INFO - Started process (PID=42996) to work on /home/malte/try_rag/.venv/lib/python3.12/site-packages/airflow/example_dags/example_sensor_decorator.py
[2026-04-01T22:15:33.107+0200] {processor.py:830} INFO - Processing file /home/malte/try_rag/.venv/lib/python3.12/site-packages/airflow/example_dags/example_sensor_decorator.py for tasks to queue
[2026-04-01T22:15:33.111+0200] {logging_mixin.py:188} INFO - [2026-04-01T22:15:33.109+0200] {dagbag.py:545} INFO - Filling up the DagBag from /home/malte/try_rag/.venv/lib/python3.12/site-packages/airflow/example_dags/example_sensor_decorator.py
[2026-04-01T22:15:33.142+0200] {processor.py:840} INFO - DAG(s) 'example_sensor_decorator' retrieved from /home/malte/try_rag/.venv/lib/python3.12/site-packages/airflow/example_dags/example_sensor_decorator.py
[2026-04-01T22:15:33.196+0200] {logging_mixin.py:188} INFO - [2026-04-01T22:15:33.195+0200] {dag.py:3096} INFO - Sync 1 DAGs
[2026-04-01T22:15:33.228+0200] {logging_mixin.py:188} INFO - [2026-04-01T22:15:33.228+0200] {dag.py:3954} INFO - Setting next_dagrun for example_sensor_decorator to None, run_after=None
[2026-04-01T22:15:33.507+0200] {processor.py:183} INFO - Processing /home/malte/try_rag/.venv/lib/python3.12/site-packages/airflow/example_dags/example_sensor_decorator.py took 0.443 seconds
[2026-04-01T22:16:48.289+0200] {processor.py:161} INFO - Started process (PID=43149) to work on /home/malte/try_rag/.venv/lib/python3.12/site-packages/airflow/example_dags/example_sensor_decorator.py
[2026-04-01T22:16:48.304+0200] {processor.py:830} INFO - Processing file /home/malte/try_rag/.venv/lib/python3.12/site-packages/airflow/example_dags/example_sensor_decorator.py for tasks to queue
[2026-04-01T22:16:48.306+0200] {logging_mixin.py:188} INFO - [2026-04-01T22:16:48.305+0200] {dagbag.py:545} INFO - Filling up the DagBag from /home/malte/try_rag/.venv/lib/python3.12/site-packages/airflow/example_dags/example_sensor_decorator.py
[2026-04-01T22:16:48.325+0200] {processor.py:840} INFO - DAG(s) 'example_sensor_decorator' retrieved from /home/malte/try_rag/.venv/lib/python3.12/site-packages/airflow/example_dags/example_sensor_decorator.py
[2026-04-01T22:16:48.379+0200] {logging_mixin.py:188} INFO - [2026-04-01T22:16:48.378+0200] {dag.py:3096} INFO - Sync 1 DAGs
[2026-04-01T22:16:48.412+0200] {logging_mixin.py:188} INFO - [2026-04-01T22:16:48.411+0200] {dag.py:3954} INFO - Setting next_dagrun for example_sensor_decorator to None, run_after=None
[2026-04-01T22:16:48.494+0200] {processor.py:183} INFO - Processing /home/malte/try_rag/.venv/lib/python3.12/site-packages/airflow/example_dags/example_sensor_decorator.py took 0.223 seconds
[2026-04-01T22:18:03.489+0200] {processor.py:161} INFO - Started process (PID=43298) to work on /home/malte/try_rag/.venv/lib/python3.12/site-packages/airflow/example_dags/example_sensor_decorator.py
[2026-04-01T22:18:03.494+0200] {processor.py:830} INFO - Processing file /home/malte/try_rag/.venv/lib/python3.12/site-packages/airflow/example_dags/example_sensor_decorator.py for tasks to queue
[2026-04-01T22:18:03.496+0200] {logging_mixin.py:188} INFO - [2026-04-01T22:18:03.495+0200] {dagbag.py:545} INFO - Filling up the DagBag from /home/malte/try_rag/.venv/lib/python3.12/site-packages/airflow/example_dags/example_sensor_decorator.py
[2026-04-01T22:18:03.515+0200] {processor.py:840} INFO - DAG(s) 'example_sensor_decorator' retrieved from /home/malte/try_rag/.venv/lib/python3.12/site-packages/airflow/example_dags/example_sensor_decorator.py
[2026-04-01T22:18:03.564+0200] {logging_mixin.py:188} INFO - [2026-04-01T22:18:03.564+0200] {dag.py:3096} INFO - Sync 1 DAGs
[2026-04-01T22:18:03.607+0200] {logging_mixin.py:188} INFO - [2026-04-01T22:18:03.606+0200] {dag.py:3954} INFO - Setting next_dagrun for example_sensor_decorator to None, run_after=None
[2026-04-01T22:18:03.686+0200] {processor.py:183} INFO - Processing /home/malte/try_rag/.venv/lib/python3.12/site-packages/airflow/example_dags/example_sensor_decorator.py took 0.215 seconds
[2026-04-01T22:19:31.924+0200] {processor.py:161} INFO - Started process (PID=43486) to work on /home/malte/try_rag/.venv/lib/python3.12/site-packages/airflow/example_dags/example_sensor_decorator.py
[2026-04-01T22:19:31.928+0200] {processor.py:830} INFO - Processing file /home/malte/try_rag/.venv/lib/python3.12/site-packages/airflow/example_dags/example_sensor_decorator.py for tasks to queue
[2026-04-01T22:19:31.930+0200] {logging_mixin.py:188} INFO - [2026-04-01T22:19:31.929+0200] {dagbag.py:545} INFO - Filling up the DagBag from /home/malte/try_rag/.venv/lib/python3.12/site-packages/airflow/example_dags/example_sensor_decorator.py
[2026-04-01T22:19:31.951+0200] {processor.py:840} INFO - DAG(s) 'example_sensor_decorator' retrieved from /home/malte/try_rag/.venv/lib/python3.12/site-packages/airflow/example_dags/example_sensor_decorator.py
[2026-04-01T22:19:32.340+0200] {logging_mixin.py:188} INFO - [2026-04-01T22:19:32.339+0200] {dag.py:3096} INFO - Sync 1 DAGs
[2026-04-01T22:19:32.364+0200] {logging_mixin.py:188} INFO - [2026-04-01T22:19:32.363+0200] {dag.py:3954} INFO - Setting next_dagrun for example_sensor_decorator to None, run_after=None
[2026-04-01T22:19:32.426+0200] {processor.py:183} INFO - Processing /home/malte/try_rag/.venv/lib/python3.12/site-packages/airflow/example_dags/example_sensor_decorator.py took 0.521 seconds
[2026-04-01T22:20:51.626+0200] {processor.py:161} INFO - Started process (PID=43645) to work on /home/malte/try_rag/.venv/lib/python3.12/site-packages/airflow/example_dags/example_sensor_decorator.py
[2026-04-01T22:20:51.641+0200] {processor.py:830} INFO - Processing file /home/malte/try_rag/.venv/lib/python3.12/site-packages/airflow/example_dags/example_sensor_decorator.py for tasks to queue
[2026-04-01T22:20:51.644+0200] {logging_mixin.py:188} INFO - [2026-04-01T22:20:51.643+0200] {dagbag.py:545} INFO - Filling up the DagBag from /home/malte/try_rag/.venv/lib/python3.12/site-packages/airflow/example_dags/example_sensor_decorator.py
[2026-04-01T22:20:51.685+0200] {processor.py:840} INFO - DAG(s) 'example_sensor_decorator' retrieved from /home/malte/try_rag/.venv/lib/python3.12/site-packages/airflow/example_dags/example_sensor_decorator.py
[2026-04-01T22:20:51.747+0200] {logging_mixin.py:188} INFO - [2026-04-01T22:20:51.746+0200] {dag.py:3096} INFO - Sync 1 DAGs
[2026-04-01T22:20:51.781+0200] {logging_mixin.py:188} INFO - [2026-04-01T22:20:51.781+0200] {dag.py:3954} INFO - Setting next_dagrun for example_sensor_decorator to None, run_after=None
[2026-04-01T22:20:51.849+0200] {processor.py:183} INFO - Processing /home/malte/try_rag/.venv/lib/python3.12/site-packages/airflow/example_dags/example_sensor_decorator.py took 0.243 seconds
[2026-04-01T22:22:05.209+0200] {processor.py:161} INFO - Started process (PID=43792) to work on /home/malte/try_rag/.venv/lib/python3.12/site-packages/airflow/example_dags/example_sensor_decorator.py
[2026-04-01T22:22:05.214+0200] {processor.py:830} INFO - Processing file /home/malte/try_rag/.venv/lib/python3.12/site-packages/airflow/example_dags/example_sensor_decorator.py for tasks to queue
[2026-04-01T22:22:05.218+0200] {logging_mixin.py:188} INFO - [2026-04-01T22:22:05.216+0200] {dagbag.py:545} INFO - Filling up the DagBag from /home/malte/try_rag/.venv/lib/python3.12/site-packages/airflow/example_dags/example_sensor_decorator.py
[2026-04-01T22:22:05.252+0200] {processor.py:840} INFO - DAG(s) 'example_sensor_decorator' retrieved from /home/malte/try_rag/.venv/lib/python3.12/site-packages/airflow/example_dags/example_sensor_decorator.py
[2026-04-01T22:22:05.323+0200] {logging_mixin.py:188} INFO - [2026-04-01T22:22:05.322+0200] {dag.py:3096} INFO - Sync 1 DAGs
[2026-04-01T22:22:05.377+0200] {logging_mixin.py:188} INFO - [2026-04-01T22:22:05.376+0200] {dag.py:3954} INFO - Setting next_dagrun for example_sensor_decorator to None, run_after=None
[2026-04-01T22:22:05.477+0200] {processor.py:183} INFO - Processing /home/malte/try_rag/.venv/lib/python3.12/site-packages/airflow/example_dags/example_sensor_decorator.py took 0.291 seconds
[2026-04-01T22:23:18.716+0200] {processor.py:161} INFO - Started process (PID=43940) to work on /home/malte/try_rag/.venv/lib/python3.12/site-packages/airflow/example_dags/example_sensor_decorator.py
[2026-04-01T22:23:18.720+0200] {processor.py:830} INFO - Processing file /home/malte/try_rag/.venv/lib/python3.12/site-packages/airflow/example_dags/example_sensor_decorator.py for tasks to queue
[2026-04-01T22:23:18.724+0200] {logging_mixin.py:188} INFO - [2026-04-01T22:23:18.722+0200] {dagbag.py:545} INFO - Filling up the DagBag from /home/malte/try_rag/.venv/lib/python3.12/site-packages/airflow/example_dags/example_sensor_decorator.py
[2026-04-01T22:23:18.759+0200] {processor.py:840} INFO - DAG(s) 'example_sensor_decorator' retrieved from /home/malte/try_rag/.venv/lib/python3.12/site-packages/airflow/example_dags/example_sensor_decorator.py
[2026-04-01T22:23:18.823+0200] {logging_mixin.py:188} INFO - [2026-04-01T22:23:18.822+0200] {dag.py:3096} INFO - Sync 1 DAGs
[2026-04-01T22:23:18.865+0200] {logging_mixin.py:188} INFO - [2026-04-01T22:23:18.864+0200] {dag.py:3954} INFO - Setting next_dagrun for example_sensor_decorator to None, run_after=None
[2026-04-01T22:23:18.947+0200] {processor.py:183} INFO - Processing /home/malte/try_rag/.venv/lib/python3.12/site-packages/airflow/example_dags/example_sensor_decorator.py took 0.252 seconds
[2026-04-01T22:24:30.974+0200] {processor.py:161} INFO - Started process (PID=44112) to work on /home/malte/try_rag/.venv/lib/python3.12/site-packages/airflow/example_dags/example_sensor_decorator.py
[2026-04-01T22:24:30.992+0200] {processor.py:830} INFO - Processing file /home/malte/try_rag/.venv/lib/python3.12/site-packages/airflow/example_dags/example_sensor_decorator.py for tasks to queue
[2026-04-01T22:24:30.997+0200] {logging_mixin.py:188} INFO - [2026-04-01T22:24:30.995+0200] {dagbag.py:545} INFO - Filling up the DagBag from /home/malte/try_rag/.venv/lib/python3.12/site-packages/airflow/example_dags/example_sensor_decorator.py
[2026-04-01T22:24:31.027+0200] {processor.py:840} INFO - DAG(s) 'example_sensor_decorator' retrieved from /home/malte/try_rag/.venv/lib/python3.12/site-packages/airflow/example_dags/example_sensor_decorator.py
[2026-04-01T22:24:31.095+0200] {logging_mixin.py:188} INFO - [2026-04-01T22:24:31.094+0200] {dag.py:3096} INFO - Sync 1 DAGs
[2026-04-01T22:24:31.156+0200] {logging_mixin.py:188} INFO - [2026-04-01T22:24:31.155+0200] {dag.py:3954} INFO - Setting next_dagrun for example_sensor_decorator to None, run_after=None
[2026-04-01T22:24:31.248+0200] {processor.py:183} INFO - Processing /home/malte/try_rag/.venv/lib/python3.12/site-packages/airflow/example_dags/example_sensor_decorator.py took 0.302 seconds
[2026-04-01T22:30:39.581+0200] {processor.py:161} INFO - Started process (PID=45733) to work on /home/malte/try_rag/.venv/lib/python3.12/site-packages/airflow/example_dags/example_sensor_decorator.py
[2026-04-01T22:30:39.585+0200] {processor.py:830} INFO - Processing file /home/malte/try_rag/.venv/lib/python3.12/site-packages/airflow/example_dags/example_sensor_decorator.py for tasks to queue
[2026-04-01T22:30:39.588+0200] {logging_mixin.py:188} INFO - [2026-04-01T22:30:39.586+0200] {dagbag.py:545} INFO - Filling up the DagBag from /home/malte/try_rag/.venv/lib/python3.12/site-packages/airflow/example_dags/example_sensor_decorator.py
[2026-04-01T22:30:39.604+0200] {processor.py:840} INFO - DAG(s) 'example_sensor_decorator' retrieved from /home/malte/try_rag/.venv/lib/python3.12/site-packages/airflow/example_dags/example_sensor_decorator.py
[2026-04-01T22:30:39.894+0200] {logging_mixin.py:188} INFO - [2026-04-01T22:30:39.893+0200] {dag.py:3096} INFO - Sync 1 DAGs
[2026-04-01T22:30:39.920+0200] {logging_mixin.py:188} INFO - [2026-04-01T22:30:39.920+0200] {dag.py:3954} INFO - Setting next_dagrun for example_sensor_decorator to None, run_after=None
[2026-04-01T22:30:40.009+0200] {processor.py:183} INFO - Processing /home/malte/try_rag/.venv/lib/python3.12/site-packages/airflow/example_dags/example_sensor_decorator.py took 0.450 seconds
[2026-04-01T22:31:53.818+0200] {processor.py:161} INFO - Started process (PID=45923) to work on /home/malte/try_rag/.venv/lib/python3.12/site-packages/airflow/example_dags/example_sensor_decorator.py
[2026-04-01T22:31:53.822+0200] {processor.py:830} INFO - Processing file /home/malte/try_rag/.venv/lib/python3.12/site-packages/airflow/example_dags/example_sensor_decorator.py for tasks to queue
[2026-04-01T22:31:53.825+0200] {logging_mixin.py:188} INFO - [2026-04-01T22:31:53.824+0200] {dagbag.py:545} INFO - Filling up the DagBag from /home/malte/try_rag/.venv/lib/python3.12/site-packages/airflow/example_dags/example_sensor_decorator.py
[2026-04-01T22:31:53.846+0200] {processor.py:840} INFO - DAG(s) 'example_sensor_decorator' retrieved from /home/malte/try_rag/.venv/lib/python3.12/site-packages/airflow/example_dags/example_sensor_decorator.py
[2026-04-01T22:31:53.904+0200] {logging_mixin.py:188} INFO - [2026-04-01T22:31:53.903+0200] {dag.py:3096} INFO - Sync 1 DAGs
[2026-04-01T22:31:53.941+0200] {logging_mixin.py:188} INFO - [2026-04-01T22:31:53.940+0200] {dag.py:3954} INFO - Setting next_dagrun for example_sensor_decorator to None, run_after=None
[2026-04-01T22:31:54.006+0200] {processor.py:183} INFO - Processing /home/malte/try_rag/.venv/lib/python3.12/site-packages/airflow/example_dags/example_sensor_decorator.py took 0.205 seconds
[2026-04-01T22:33:04.077+0200] {processor.py:161} INFO - Started process (PID=46233) to work on /home/malte/try_rag/.venv/lib/python3.12/site-packages/airflow/example_dags/example_sensor_decorator.py
[2026-04-01T22:33:04.082+0200] {processor.py:830} INFO - Processing file /home/malte/try_rag/.venv/lib/python3.12/site-packages/airflow/example_dags/example_sensor_decorator.py for tasks to queue
[2026-04-01T22:33:04.086+0200] {logging_mixin.py:188} INFO - [2026-04-01T22:33:04.084+0200] {dagbag.py:545} INFO - Filling up the DagBag from /home/malte/try_rag/.venv/lib/python3.12/site-packages/airflow/example_dags/example_sensor_decorator.py
[2026-04-01T22:33:04.120+0200] {processor.py:840} INFO - DAG(s) 'example_sensor_decorator' retrieved from /home/malte/try_rag/.venv/lib/python3.12/site-packages/airflow/example_dags/example_sensor_decorator.py
[2026-04-01T22:33:04.213+0200] {logging_mixin.py:188} INFO - [2026-04-01T22:33:04.212+0200] {dag.py:3096} INFO - Sync 1 DAGs
[2026-04-01T22:33:04.461+0200] {logging_mixin.py:188} INFO - [2026-04-01T22:33:04.461+0200] {dag.py:3954} INFO - Setting next_dagrun for example_sensor_decorator to None, run_after=None
[2026-04-01T22:33:04.614+0200] {processor.py:183} INFO - Processing /home/malte/try_rag/.venv/lib/python3.12/site-packages/airflow/example_dags/example_sensor_decorator.py took 0.571 seconds
[2026-04-01T22:34:18.297+0200] {processor.py:161} INFO - Started process (PID=46460) to work on /home/malte/try_rag/.venv/lib/python3.12/site-packages/airflow/example_dags/example_sensor_decorator.py
[2026-04-01T22:34:18.301+0200] {processor.py:830} INFO - Processing file /home/malte/try_rag/.venv/lib/python3.12/site-packages/airflow/example_dags/example_sensor_decorator.py for tasks to queue
[2026-04-01T22:34:18.304+0200] {logging_mixin.py:188} INFO - [2026-04-01T22:34:18.302+0200] {dagbag.py:545} INFO - Filling up the DagBag from /home/malte/try_rag/.venv/lib/python3.12/site-packages/airflow/example_dags/example_sensor_decorator.py
[2026-04-01T22:34:18.322+0200] {processor.py:840} INFO - DAG(s) 'example_sensor_decorator' retrieved from /home/malte/try_rag/.venv/lib/python3.12/site-packages/airflow/example_dags/example_sensor_decorator.py
[2026-04-01T22:34:18.370+0200] {logging_mixin.py:188} INFO - [2026-04-01T22:34:18.370+0200] {dag.py:3096} INFO - Sync 1 DAGs
[2026-04-01T22:34:18.401+0200] {logging_mixin.py:188} INFO - [2026-04-01T22:34:18.400+0200] {dag.py:3954} INFO - Setting next_dagrun for example_sensor_decorator to None, run_after=None
[2026-04-01T22:34:18.453+0200] {processor.py:183} INFO - Processing /home/malte/try_rag/.venv/lib/python3.12/site-packages/airflow/example_dags/example_sensor_decorator.py took 0.173 seconds
[2026-04-01T22:35:32.547+0200] {processor.py:161} INFO - Started process (PID=46724) to work on /home/malte/try_rag/.venv/lib/python3.12/site-packages/airflow/example_dags/example_sensor_decorator.py
[2026-04-01T22:35:32.551+0200] {processor.py:830} INFO - Processing file /home/malte/try_rag/.venv/lib/python3.12/site-packages/airflow/example_dags/example_sensor_decorator.py for tasks to queue
[2026-04-01T22:35:32.555+0200] {logging_mixin.py:188} INFO - [2026-04-01T22:35:32.553+0200] {dagbag.py:545} INFO - Filling up the DagBag from /home/malte/try_rag/.venv/lib/python3.12/site-packages/airflow/example_dags/example_sensor_decorator.py
[2026-04-01T22:35:32.581+0200] {processor.py:840} INFO - DAG(s) 'example_sensor_decorator' retrieved from /home/malte/try_rag/.venv/lib/python3.12/site-packages/airflow/example_dags/example_sensor_decorator.py
[2026-04-01T22:35:32.642+0200] {logging_mixin.py:188} INFO - [2026-04-01T22:35:32.642+0200] {dag.py:3096} INFO - Sync 1 DAGs
[2026-04-01T22:35:33.037+0200] {logging_mixin.py:188} INFO - [2026-04-01T22:35:33.037+0200] {dag.py:3954} INFO - Setting next_dagrun for example_sensor_decorator to None, run_after=None
[2026-04-01T22:35:33.111+0200] {processor.py:183} INFO - Processing /home/malte/try_rag/.venv/lib/python3.12/site-packages/airflow/example_dags/example_sensor_decorator.py took 0.585 seconds
