[2026-04-01T22:14:53.058+0200] {processor.py:161} INFO - Started process (PID=42917) to work on /home/malte/try_rag/.venv/lib/python3.12/site-packages/airflow/example_dags/example_branch_labels.py
[2026-04-01T22:14:53.060+0200] {processor.py:830} INFO - Processing file /home/malte/try_rag/.venv/lib/python3.12/site-packages/airflow/example_dags/example_branch_labels.py for tasks to queue
[2026-04-01T22:14:53.064+0200] {logging_mixin.py:188} INFO - [2026-04-01T22:14:53.062+0200] {dagbag.py:545} INFO - Filling up the DagBag from /home/malte/try_rag/.venv/lib/python3.12/site-packages/airflow/example_dags/example_branch_labels.py
[2026-04-01T22:14:53.089+0200] {processor.py:840} INFO - DAG(s) 'example_branch_labels' retrieved from /home/malte/try_rag/.venv/lib/python3.12/site-packages/airflow/example_dags/example_branch_labels.py
[2026-04-01T22:14:53.387+0200] {logging_mixin.py:188} INFO - [2026-04-01T22:14:53.386+0200] {override.py:1930} INFO - Created Permission View: can edit on DAG:example_branch_labels
[2026-04-01T22:14:53.416+0200] {logging_mixin.py:188} INFO - [2026-04-01T22:14:53.415+0200] {override.py:1930} INFO - Created Permission View: can read on DAG:example_branch_labels
[2026-04-01T22:14:53.441+0200] {logging_mixin.py:188} INFO - [2026-04-01T22:14:53.440+0200] {override.py:1930} INFO - Created Permission View: can delete on DAG:example_branch_labels
[2026-04-01T22:14:53.442+0200] {logging_mixin.py:188} INFO - [2026-04-01T22:14:53.441+0200] {dag.py:3096} INFO - Sync 1 DAGs
[2026-04-01T22:14:53.466+0200] {logging_mixin.py:188} INFO - [2026-04-01T22:14:53.465+0200] {dag.py:3118} INFO - Creating ORM DAG for example_branch_labels
[2026-04-01T22:14:53.492+0200] {logging_mixin.py:188} INFO - [2026-04-01T22:14:53.491+0200] {dag.py:3954} INFO - Setting next_dagrun for example_branch_labels to 2026-03-31 00:00:00+00:00, run_after=2026-04-01 00:00:00+00:00
[2026-04-01T22:14:53.542+0200] {processor.py:183} INFO - Processing /home/malte/try_rag/.venv/lib/python3.12/site-packages/airflow/example_dags/example_branch_labels.py took 0.500 seconds
[2026-04-01T22:16:13.145+0200] {processor.py:161} INFO - Started process (PID=43077) to work on /home/malte/try_rag/.venv/lib/python3.12/site-packages/airflow/example_dags/example_branch_labels.py
[2026-04-01T22:16:13.149+0200] {processor.py:830} INFO - Processing file /home/malte/try_rag/.venv/lib/python3.12/site-packages/airflow/example_dags/example_branch_labels.py for tasks to queue
[2026-04-01T22:16:13.152+0200] {logging_mixin.py:188} INFO - [2026-04-01T22:16:13.150+0200] {dagbag.py:545} INFO - Filling up the DagBag from /home/malte/try_rag/.venv/lib/python3.12/site-packages/airflow/example_dags/example_branch_labels.py
[2026-04-01T22:16:13.173+0200] {processor.py:840} INFO - DAG(s) 'example_branch_labels' retrieved from /home/malte/try_rag/.venv/lib/python3.12/site-packages/airflow/example_dags/example_branch_labels.py
[2026-04-01T22:16:13.228+0200] {logging_mixin.py:188} INFO - [2026-04-01T22:16:13.225+0200] {dag.py:3096} INFO - Sync 1 DAGs
[2026-04-01T22:16:13.285+0200] {logging_mixin.py:188} INFO - [2026-04-01T22:16:13.285+0200] {dag.py:3954} INFO - Setting next_dagrun for example_branch_labels to 2026-03-31 00:00:00+00:00, run_after=2026-04-01 00:00:00+00:00
[2026-04-01T22:16:13.335+0200] {processor.py:183} INFO - Processing /home/malte/try_rag/.venv/lib/python3.12/site-packages/airflow/example_dags/example_branch_labels.py took 0.209 seconds
[2026-04-01T22:17:29.839+0200] {processor.py:161} INFO - Started process (PID=43232) to work on /home/malte/try_rag/.venv/lib/python3.12/site-packages/airflow/example_dags/example_branch_labels.py
[2026-04-01T22:17:29.843+0200] {processor.py:830} INFO - Processing file /home/malte/try_rag/.venv/lib/python3.12/site-packages/airflow/example_dags/example_branch_labels.py for tasks to queue
[2026-04-01T22:17:29.845+0200] {logging_mixin.py:188} INFO - [2026-04-01T22:17:29.844+0200] {dagbag.py:545} INFO - Filling up the DagBag from /home/malte/try_rag/.venv/lib/python3.12/site-packages/airflow/example_dags/example_branch_labels.py
[2026-04-01T22:17:29.865+0200] {processor.py:840} INFO - DAG(s) 'example_branch_labels' retrieved from /home/malte/try_rag/.venv/lib/python3.12/site-packages/airflow/example_dags/example_branch_labels.py
[2026-04-01T22:17:29.912+0200] {logging_mixin.py:188} INFO - [2026-04-01T22:17:29.911+0200] {dag.py:3096} INFO - Sync 1 DAGs
[2026-04-01T22:17:29.958+0200] {logging_mixin.py:188} INFO - [2026-04-01T22:17:29.958+0200] {dag.py:3954} INFO - Setting next_dagrun for example_branch_labels to 2026-03-31 00:00:00+00:00, run_after=2026-04-01 00:00:00+00:00
[2026-04-01T22:17:30.016+0200] {processor.py:183} INFO - Processing /home/malte/try_rag/.venv/lib/python3.12/site-packages/airflow/example_dags/example_branch_labels.py took 0.192 seconds
[2026-04-01T22:18:45.489+0200] {processor.py:161} INFO - Started process (PID=43408) to work on /home/malte/try_rag/.venv/lib/python3.12/site-packages/airflow/example_dags/example_branch_labels.py
[2026-04-01T22:18:45.505+0200] {processor.py:830} INFO - Processing file /home/malte/try_rag/.venv/lib/python3.12/site-packages/airflow/example_dags/example_branch_labels.py for tasks to queue
[2026-04-01T22:18:45.510+0200] {logging_mixin.py:188} INFO - [2026-04-01T22:18:45.508+0200] {dagbag.py:545} INFO - Filling up the DagBag from /home/malte/try_rag/.venv/lib/python3.12/site-packages/airflow/example_dags/example_branch_labels.py
[2026-04-01T22:18:45.534+0200] {processor.py:840} INFO - DAG(s) 'example_branch_labels' retrieved from /home/malte/try_rag/.venv/lib/python3.12/site-packages/airflow/example_dags/example_branch_labels.py
[2026-04-01T22:18:45.585+0200] {logging_mixin.py:188} INFO - [2026-04-01T22:18:45.585+0200] {dag.py:3096} INFO - Sync 1 DAGs
[2026-04-01T22:18:45.959+0200] {logging_mixin.py:188} INFO - [2026-04-01T22:18:45.959+0200] {dag.py:3954} INFO - Setting next_dagrun for example_branch_labels to 2026-03-31 00:00:00+00:00, run_after=2026-04-01 00:00:00+00:00
[2026-04-01T22:18:46.024+0200] {processor.py:183} INFO - Processing /home/malte/try_rag/.venv/lib/python3.12/site-packages/airflow/example_dags/example_branch_labels.py took 0.553 seconds
[2026-04-01T22:20:17.997+0200] {processor.py:161} INFO - Started process (PID=43583) to work on /home/malte/try_rag/.venv/lib/python3.12/site-packages/airflow/example_dags/example_branch_labels.py
[2026-04-01T22:20:18.010+0200] {processor.py:830} INFO - Processing file /home/malte/try_rag/.venv/lib/python3.12/site-packages/airflow/example_dags/example_branch_labels.py for tasks to queue
[2026-04-01T22:20:18.013+0200] {logging_mixin.py:188} INFO - [2026-04-01T22:20:18.012+0200] {dagbag.py:545} INFO - Filling up the DagBag from /home/malte/try_rag/.venv/lib/python3.12/site-packages/airflow/example_dags/example_branch_labels.py
[2026-04-01T22:20:18.034+0200] {processor.py:840} INFO - DAG(s) 'example_branch_labels' retrieved from /home/malte/try_rag/.venv/lib/python3.12/site-packages/airflow/example_dags/example_branch_labels.py
[2026-04-01T22:20:18.092+0200] {logging_mixin.py:188} INFO - [2026-04-01T22:20:18.092+0200] {dag.py:3096} INFO - Sync 1 DAGs
[2026-04-01T22:20:18.151+0200] {logging_mixin.py:188} INFO - [2026-04-01T22:20:18.151+0200] {dag.py:3954} INFO - Setting next_dagrun for example_branch_labels to 2026-03-31 00:00:00+00:00, run_after=2026-04-01 00:00:00+00:00
[2026-04-01T22:20:18.222+0200] {processor.py:183} INFO - Processing /home/malte/try_rag/.venv/lib/python3.12/site-packages/airflow/example_dags/example_branch_labels.py took 0.242 seconds
[2026-04-01T22:21:32.035+0200] {processor.py:161} INFO - Started process (PID=43725) to work on /home/malte/try_rag/.venv/lib/python3.12/site-packages/airflow/example_dags/example_branch_labels.py
[2026-04-01T22:21:32.039+0200] {processor.py:830} INFO - Processing file /home/malte/try_rag/.venv/lib/python3.12/site-packages/airflow/example_dags/example_branch_labels.py for tasks to queue
[2026-04-01T22:21:32.042+0200] {logging_mixin.py:188} INFO - [2026-04-01T22:21:32.041+0200] {dagbag.py:545} INFO - Filling up the DagBag from /home/malte/try_rag/.venv/lib/python3.12/site-packages/airflow/example_dags/example_branch_labels.py
[2026-04-01T22:21:32.068+0200] {processor.py:840} INFO - DAG(s) 'example_branch_labels' retrieved from /home/malte/try_rag/.venv/lib/python3.12/site-packages/airflow/example_dags/example_branch_labels.py
[2026-04-01T22:21:32.124+0200] {logging_mixin.py:188} INFO - [2026-04-01T22:21:32.124+0200] {dag.py:3096} INFO - Sync 1 DAGs
[2026-04-01T22:21:32.183+0200] {logging_mixin.py:188} INFO - [2026-04-01T22:21:32.182+0200] {dag.py:3954} INFO - Setting next_dagrun for example_branch_labels to 2026-03-31 00:00:00+00:00, run_after=2026-04-01 00:00:00+00:00
[2026-04-01T22:21:32.262+0200] {processor.py:183} INFO - Processing /home/malte/try_rag/.venv/lib/python3.12/site-packages/airflow/example_dags/example_branch_labels.py took 0.247 seconds
[2026-04-01T22:22:45.414+0200] {processor.py:161} INFO - Started process (PID=43875) to work on /home/malte/try_rag/.venv/lib/python3.12/site-packages/airflow/example_dags/example_branch_labels.py
[2026-04-01T22:22:45.420+0200] {processor.py:830} INFO - Processing file /home/malte/try_rag/.venv/lib/python3.12/site-packages/airflow/example_dags/example_branch_labels.py for tasks to queue
[2026-04-01T22:22:45.424+0200] {logging_mixin.py:188} INFO - [2026-04-01T22:22:45.421+0200] {dagbag.py:545} INFO - Filling up the DagBag from /home/malte/try_rag/.venv/lib/python3.12/site-packages/airflow/example_dags/example_branch_labels.py
[2026-04-01T22:22:45.465+0200] {processor.py:840} INFO - DAG(s) 'example_branch_labels' retrieved from /home/malte/try_rag/.venv/lib/python3.12/site-packages/airflow/example_dags/example_branch_labels.py
[2026-04-01T22:22:45.540+0200] {logging_mixin.py:188} INFO - [2026-04-01T22:22:45.539+0200] {dag.py:3096} INFO - Sync 1 DAGs
[2026-04-01T22:22:45.615+0200] {logging_mixin.py:188} INFO - [2026-04-01T22:22:45.615+0200] {dag.py:3954} INFO - Setting next_dagrun for example_branch_labels to 2026-03-31 00:00:00+00:00, run_after=2026-04-01 00:00:00+00:00
[2026-04-01T22:22:45.676+0200] {processor.py:183} INFO - Processing /home/malte/try_rag/.venv/lib/python3.12/site-packages/airflow/example_dags/example_branch_labels.py took 0.289 seconds
[2026-04-01T22:23:58.730+0200] {processor.py:161} INFO - Started process (PID=44046) to work on /home/malte/try_rag/.venv/lib/python3.12/site-packages/airflow/example_dags/example_branch_labels.py
[2026-04-01T22:23:58.745+0200] {processor.py:830} INFO - Processing file /home/malte/try_rag/.venv/lib/python3.12/site-packages/airflow/example_dags/example_branch_labels.py for tasks to queue
[2026-04-01T22:23:58.748+0200] {logging_mixin.py:188} INFO - [2026-04-01T22:23:58.746+0200] {dagbag.py:545} INFO - Filling up the DagBag from /home/malte/try_rag/.venv/lib/python3.12/site-packages/airflow/example_dags/example_branch_labels.py
[2026-04-01T22:23:58.775+0200] {processor.py:840} INFO - DAG(s) 'example_branch_labels' retrieved from /home/malte/try_rag/.venv/lib/python3.12/site-packages/airflow/example_dags/example_branch_labels.py
[2026-04-01T22:23:58.830+0200] {logging_mixin.py:188} INFO - [2026-04-01T22:23:58.829+0200] {dag.py:3096} INFO - Sync 1 DAGs
[2026-04-01T22:23:58.894+0200] {logging_mixin.py:188} INFO - [2026-04-01T22:23:58.894+0200] {dag.py:3954} INFO - Setting next_dagrun for example_branch_labels to 2026-03-31 00:00:00+00:00, run_after=2026-04-01 00:00:00+00:00
[2026-04-01T22:23:58.964+0200] {processor.py:183} INFO - Processing /home/malte/try_rag/.venv/lib/python3.12/site-packages/airflow/example_dags/example_branch_labels.py took 0.253 seconds
[2026-04-01T22:25:09.859+0200] {processor.py:161} INFO - Started process (PID=44195) to work on /home/malte/try_rag/.venv/lib/python3.12/site-packages/airflow/example_dags/example_branch_labels.py
[2026-04-01T22:25:09.863+0200] {processor.py:830} INFO - Processing file /home/malte/try_rag/.venv/lib/python3.12/site-packages/airflow/example_dags/example_branch_labels.py for tasks to queue
[2026-04-01T22:25:09.866+0200] {logging_mixin.py:188} INFO - [2026-04-01T22:25:09.865+0200] {dagbag.py:545} INFO - Filling up the DagBag from /home/malte/try_rag/.venv/lib/python3.12/site-packages/airflow/example_dags/example_branch_labels.py
[2026-04-01T22:25:09.892+0200] {processor.py:840} INFO - DAG(s) 'example_branch_labels' retrieved from /home/malte/try_rag/.venv/lib/python3.12/site-packages/airflow/example_dags/example_branch_labels.py
[2026-04-01T22:25:09.952+0200] {logging_mixin.py:188} INFO - [2026-04-01T22:25:09.951+0200] {dag.py:3096} INFO - Sync 1 DAGs
[2026-04-01T22:25:10.017+0200] {logging_mixin.py:188} INFO - [2026-04-01T22:25:10.017+0200] {dag.py:3954} INFO - Setting next_dagrun for example_branch_labels to 2026-03-31 00:00:00+00:00, run_after=2026-04-01 00:00:00+00:00
[2026-04-01T22:25:10.079+0200] {processor.py:183} INFO - Processing /home/malte/try_rag/.venv/lib/python3.12/site-packages/airflow/example_dags/example_branch_labels.py took 0.252 seconds
[2026-04-01T22:31:11.156+0200] {processor.py:161} INFO - Started process (PID=45848) to work on /home/malte/try_rag/.venv/lib/python3.12/site-packages/airflow/example_dags/example_branch_labels.py
[2026-04-01T22:31:11.164+0200] {processor.py:830} INFO - Processing file /home/malte/try_rag/.venv/lib/python3.12/site-packages/airflow/example_dags/example_branch_labels.py for tasks to queue
[2026-04-01T22:31:11.166+0200] {logging_mixin.py:188} INFO - [2026-04-01T22:31:11.165+0200] {dagbag.py:545} INFO - Filling up the DagBag from /home/malte/try_rag/.venv/lib/python3.12/site-packages/airflow/example_dags/example_branch_labels.py
[2026-04-01T22:31:11.188+0200] {processor.py:840} INFO - DAG(s) 'example_branch_labels' retrieved from /home/malte/try_rag/.venv/lib/python3.12/site-packages/airflow/example_dags/example_branch_labels.py
[2026-04-01T22:31:11.436+0200] {logging_mixin.py:188} INFO - [2026-04-01T22:31:11.436+0200] {dag.py:3096} INFO - Sync 1 DAGs
[2026-04-01T22:31:11.475+0200] {logging_mixin.py:188} INFO - [2026-04-01T22:31:11.474+0200] {dag.py:3954} INFO - Setting next_dagrun for example_branch_labels to 2026-03-31 00:00:00+00:00, run_after=2026-04-01 00:00:00+00:00
[2026-04-01T22:31:11.525+0200] {processor.py:183} INFO - Processing /home/malte/try_rag/.venv/lib/python3.12/site-packages/airflow/example_dags/example_branch_labels.py took 0.386 seconds
[2026-04-01T22:32:31.953+0200] {processor.py:161} INFO - Started process (PID=46062) to work on /home/malte/try_rag/.venv/lib/python3.12/site-packages/airflow/example_dags/example_branch_labels.py
[2026-04-01T22:32:31.958+0200] {processor.py:830} INFO - Processing file /home/malte/try_rag/.venv/lib/python3.12/site-packages/airflow/example_dags/example_branch_labels.py for tasks to queue
[2026-04-01T22:32:31.963+0200] {logging_mixin.py:188} INFO - [2026-04-01T22:32:31.961+0200] {dagbag.py:545} INFO - Filling up the DagBag from /home/malte/try_rag/.venv/lib/python3.12/site-packages/airflow/example_dags/example_branch_labels.py
[2026-04-01T22:32:31.995+0200] {processor.py:840} INFO - DAG(s) 'example_branch_labels' retrieved from /home/malte/try_rag/.venv/lib/python3.12/site-packages/airflow/example_dags/example_branch_labels.py
[2026-04-01T22:32:32.097+0200] {logging_mixin.py:188} INFO - [2026-04-01T22:32:32.096+0200] {dag.py:3096} INFO - Sync 1 DAGs
[2026-04-01T22:32:32.192+0200] {logging_mixin.py:188} INFO - [2026-04-01T22:32:32.191+0200] {dag.py:3954} INFO - Setting next_dagrun for example_branch_labels to 2026-03-31 00:00:00+00:00, run_after=2026-04-01 00:00:00+00:00
[2026-04-01T22:32:32.263+0200] {processor.py:183} INFO - Processing /home/malte/try_rag/.venv/lib/python3.12/site-packages/airflow/example_dags/example_branch_labels.py took 0.356 seconds
[2026-04-01T22:33:45.889+0200] {processor.py:161} INFO - Started process (PID=46326) to work on /home/malte/try_rag/.venv/lib/python3.12/site-packages/airflow/example_dags/example_branch_labels.py
[2026-04-01T22:33:45.893+0200] {processor.py:830} INFO - Processing file /home/malte/try_rag/.venv/lib/python3.12/site-packages/airflow/example_dags/example_branch_labels.py for tasks to queue
[2026-04-01T22:33:45.896+0200] {logging_mixin.py:188} INFO - [2026-04-01T22:33:45.894+0200] {dagbag.py:545} INFO - Filling up the DagBag from /home/malte/try_rag/.venv/lib/python3.12/site-packages/airflow/example_dags/example_branch_labels.py
[2026-04-01T22:33:45.920+0200] {processor.py:840} INFO - DAG(s) 'example_branch_labels' retrieved from /home/malte/try_rag/.venv/lib/python3.12/site-packages/airflow/example_dags/example_branch_labels.py
[2026-04-01T22:33:45.972+0200] {logging_mixin.py:188} INFO - [2026-04-01T22:33:45.972+0200] {dag.py:3096} INFO - Sync 1 DAGs
[2026-04-01T22:33:46.030+0200] {logging_mixin.py:188} INFO - [2026-04-01T22:33:46.029+0200] {dag.py:3954} INFO - Setting next_dagrun for example_branch_labels to 2026-03-31 00:00:00+00:00, run_after=2026-04-01 00:00:00+00:00
[2026-04-01T22:33:46.095+0200] {processor.py:183} INFO - Processing /home/malte/try_rag/.venv/lib/python3.12/site-packages/airflow/example_dags/example_branch_labels.py took 0.224 seconds
[2026-04-01T22:34:53.108+0200] {processor.py:161} INFO - Started process (PID=46528) to work on /home/malte/try_rag/.venv/lib/python3.12/site-packages/airflow/example_dags/example_branch_labels.py
[2026-04-01T22:34:53.112+0200] {processor.py:830} INFO - Processing file /home/malte/try_rag/.venv/lib/python3.12/site-packages/airflow/example_dags/example_branch_labels.py for tasks to queue
[2026-04-01T22:34:53.114+0200] {logging_mixin.py:188} INFO - [2026-04-01T22:34:53.113+0200] {dagbag.py:545} INFO - Filling up the DagBag from /home/malte/try_rag/.venv/lib/python3.12/site-packages/airflow/example_dags/example_branch_labels.py
[2026-04-01T22:34:53.138+0200] {processor.py:840} INFO - DAG(s) 'example_branch_labels' retrieved from /home/malte/try_rag/.venv/lib/python3.12/site-packages/airflow/example_dags/example_branch_labels.py
[2026-04-01T22:34:53.184+0200] {logging_mixin.py:188} INFO - [2026-04-01T22:34:53.184+0200] {dag.py:3096} INFO - Sync 1 DAGs
[2026-04-01T22:34:53.247+0200] {logging_mixin.py:188} INFO - [2026-04-01T22:34:53.247+0200] {dag.py:3954} INFO - Setting next_dagrun for example_branch_labels to 2026-03-31 00:00:00+00:00, run_after=2026-04-01 00:00:00+00:00
[2026-04-01T22:34:53.613+0200] {processor.py:183} INFO - Processing /home/malte/try_rag/.venv/lib/python3.12/site-packages/airflow/example_dags/example_branch_labels.py took 0.523 seconds
[2026-04-01T22:36:16.543+0200] {processor.py:161} INFO - Started process (PID=46871) to work on /home/malte/try_rag/.venv/lib/python3.12/site-packages/airflow/example_dags/example_branch_labels.py
[2026-04-01T22:36:16.558+0200] {processor.py:830} INFO - Processing file /home/malte/try_rag/.venv/lib/python3.12/site-packages/airflow/example_dags/example_branch_labels.py for tasks to queue
[2026-04-01T22:36:16.562+0200] {logging_mixin.py:188} INFO - [2026-04-01T22:36:16.561+0200] {dagbag.py:545} INFO - Filling up the DagBag from /home/malte/try_rag/.venv/lib/python3.12/site-packages/airflow/example_dags/example_branch_labels.py
[2026-04-01T22:36:16.587+0200] {processor.py:840} INFO - DAG(s) 'example_branch_labels' retrieved from /home/malte/try_rag/.venv/lib/python3.12/site-packages/airflow/example_dags/example_branch_labels.py
[2026-04-01T22:36:16.657+0200] {logging_mixin.py:188} INFO - [2026-04-01T22:36:16.656+0200] {dag.py:3096} INFO - Sync 1 DAGs
[2026-04-01T22:36:16.718+0200] {logging_mixin.py:188} INFO - [2026-04-01T22:36:16.717+0200] {dag.py:3954} INFO - Setting next_dagrun for example_branch_labels to 2026-03-31 00:00:00+00:00, run_after=2026-04-01 00:00:00+00:00
[2026-04-01T22:36:16.780+0200] {processor.py:183} INFO - Processing /home/malte/try_rag/.venv/lib/python3.12/site-packages/airflow/example_dags/example_branch_labels.py took 0.258 seconds
