[2026-04-01T22:14:03.643+0200] {processor.py:161} INFO - Started process (PID=42829) to work on /home/malte/try_rag/.venv/lib/python3.12/site-packages/airflow/example_dags/example_task_group_decorator.py
[2026-04-01T22:14:03.646+0200] {processor.py:830} INFO - Processing file /home/malte/try_rag/.venv/lib/python3.12/site-packages/airflow/example_dags/example_task_group_decorator.py for tasks to queue
[2026-04-01T22:14:03.649+0200] {logging_mixin.py:188} INFO - [2026-04-01T22:14:03.648+0200] {dagbag.py:545} INFO - Filling up the DagBag from /home/malte/try_rag/.venv/lib/python3.12/site-packages/airflow/example_dags/example_task_group_decorator.py
[2026-04-01T22:14:03.719+0200] {processor.py:840} INFO - DAG(s) 'example_task_group_decorator' retrieved from /home/malte/try_rag/.venv/lib/python3.12/site-packages/airflow/example_dags/example_task_group_decorator.py
[2026-04-01T22:14:04.042+0200] {logging_mixin.py:188} INFO - [2026-04-01T22:14:04.041+0200] {override.py:1930} INFO - Created Permission View: can edit on DAG:example_task_group_decorator
[2026-04-01T22:14:04.069+0200] {logging_mixin.py:188} INFO - [2026-04-01T22:14:04.069+0200] {override.py:1930} INFO - Created Permission View: can read on DAG:example_task_group_decorator
[2026-04-01T22:14:04.088+0200] {logging_mixin.py:188} INFO - [2026-04-01T22:14:04.087+0200] {override.py:1930} INFO - Created Permission View: can delete on DAG:example_task_group_decorator
[2026-04-01T22:14:04.089+0200] {logging_mixin.py:188} INFO - [2026-04-01T22:14:04.089+0200] {dag.py:3096} INFO - Sync 1 DAGs
[2026-04-01T22:14:04.118+0200] {logging_mixin.py:188} INFO - [2026-04-01T22:14:04.118+0200] {dag.py:3118} INFO - Creating ORM DAG for example_task_group_decorator
[2026-04-01T22:14:04.150+0200] {logging_mixin.py:188} INFO - [2026-04-01T22:14:04.150+0200] {dag.py:3954} INFO - Setting next_dagrun for example_task_group_decorator to 2026-03-31 00:00:00+00:00, run_after=2026-04-01 00:00:00+00:00
[2026-04-01T22:14:04.202+0200] {processor.py:183} INFO - Processing /home/malte/try_rag/.venv/lib/python3.12/site-packages/airflow/example_dags/example_task_group_decorator.py took 0.582 seconds
[2026-04-01T22:15:19.521+0200] {processor.py:161} INFO - Started process (PID=42977) to work on /home/malte/try_rag/.venv/lib/python3.12/site-packages/airflow/example_dags/example_task_group_decorator.py
[2026-04-01T22:15:19.536+0200] {processor.py:830} INFO - Processing file /home/malte/try_rag/.venv/lib/python3.12/site-packages/airflow/example_dags/example_task_group_decorator.py for tasks to queue
[2026-04-01T22:15:19.539+0200] {logging_mixin.py:188} INFO - [2026-04-01T22:15:19.538+0200] {dagbag.py:545} INFO - Filling up the DagBag from /home/malte/try_rag/.venv/lib/python3.12/site-packages/airflow/example_dags/example_task_group_decorator.py
[2026-04-01T22:15:19.591+0200] {processor.py:840} INFO - DAG(s) 'example_task_group_decorator' retrieved from /home/malte/try_rag/.venv/lib/python3.12/site-packages/airflow/example_dags/example_task_group_decorator.py
[2026-04-01T22:15:19.653+0200] {logging_mixin.py:188} INFO - [2026-04-01T22:15:19.653+0200] {dag.py:3096} INFO - Sync 1 DAGs
[2026-04-01T22:15:19.712+0200] {logging_mixin.py:188} INFO - [2026-04-01T22:15:19.712+0200] {dag.py:3954} INFO - Setting next_dagrun for example_task_group_decorator to 2026-03-31 00:00:00+00:00, run_after=2026-04-01 00:00:00+00:00
[2026-04-01T22:15:19.780+0200] {processor.py:183} INFO - Processing /home/malte/try_rag/.venv/lib/python3.12/site-packages/airflow/example_dags/example_task_group_decorator.py took 0.278 seconds
[2026-04-01T22:16:35.061+0200] {processor.py:161} INFO - Started process (PID=43126) to work on /home/malte/try_rag/.venv/lib/python3.12/site-packages/airflow/example_dags/example_task_group_decorator.py
[2026-04-01T22:16:35.065+0200] {processor.py:830} INFO - Processing file /home/malte/try_rag/.venv/lib/python3.12/site-packages/airflow/example_dags/example_task_group_decorator.py for tasks to queue
[2026-04-01T22:16:35.067+0200] {logging_mixin.py:188} INFO - [2026-04-01T22:16:35.066+0200] {dagbag.py:545} INFO - Filling up the DagBag from /home/malte/try_rag/.venv/lib/python3.12/site-packages/airflow/example_dags/example_task_group_decorator.py
[2026-04-01T22:16:35.110+0200] {processor.py:840} INFO - DAG(s) 'example_task_group_decorator' retrieved from /home/malte/try_rag/.venv/lib/python3.12/site-packages/airflow/example_dags/example_task_group_decorator.py
[2026-04-01T22:16:35.165+0200] {logging_mixin.py:188} INFO - [2026-04-01T22:16:35.165+0200] {dag.py:3096} INFO - Sync 1 DAGs
[2026-04-01T22:16:35.236+0200] {logging_mixin.py:188} INFO - [2026-04-01T22:16:35.235+0200] {dag.py:3954} INFO - Setting next_dagrun for example_task_group_decorator to 2026-03-31 00:00:00+00:00, run_after=2026-04-01 00:00:00+00:00
[2026-04-01T22:16:35.311+0200] {processor.py:183} INFO - Processing /home/malte/try_rag/.venv/lib/python3.12/site-packages/airflow/example_dags/example_task_group_decorator.py took 0.268 seconds
[2026-04-01T22:17:49.857+0200] {processor.py:161} INFO - Started process (PID=43272) to work on /home/malte/try_rag/.venv/lib/python3.12/site-packages/airflow/example_dags/example_task_group_decorator.py
[2026-04-01T22:17:49.862+0200] {processor.py:830} INFO - Processing file /home/malte/try_rag/.venv/lib/python3.12/site-packages/airflow/example_dags/example_task_group_decorator.py for tasks to queue
[2026-04-01T22:17:49.864+0200] {logging_mixin.py:188} INFO - [2026-04-01T22:17:49.863+0200] {dagbag.py:545} INFO - Filling up the DagBag from /home/malte/try_rag/.venv/lib/python3.12/site-packages/airflow/example_dags/example_task_group_decorator.py
[2026-04-01T22:17:49.907+0200] {processor.py:840} INFO - DAG(s) 'example_task_group_decorator' retrieved from /home/malte/try_rag/.venv/lib/python3.12/site-packages/airflow/example_dags/example_task_group_decorator.py
[2026-04-01T22:17:49.978+0200] {logging_mixin.py:188} INFO - [2026-04-01T22:17:49.977+0200] {dag.py:3096} INFO - Sync 1 DAGs
[2026-04-01T22:17:50.043+0200] {logging_mixin.py:188} INFO - [2026-04-01T22:17:50.042+0200] {dag.py:3954} INFO - Setting next_dagrun for example_task_group_decorator to 2026-03-31 00:00:00+00:00, run_after=2026-04-01 00:00:00+00:00
[2026-04-01T22:17:50.103+0200] {processor.py:183} INFO - Processing /home/malte/try_rag/.venv/lib/python3.12/site-packages/airflow/example_dags/example_task_group_decorator.py took 0.266 seconds
[2026-04-01T22:19:13.986+0200] {processor.py:161} INFO - Started process (PID=43464) to work on /home/malte/try_rag/.venv/lib/python3.12/site-packages/airflow/example_dags/example_task_group_decorator.py
[2026-04-01T22:19:14.004+0200] {processor.py:830} INFO - Processing file /home/malte/try_rag/.venv/lib/python3.12/site-packages/airflow/example_dags/example_task_group_decorator.py for tasks to queue
[2026-04-01T22:19:14.008+0200] {logging_mixin.py:188} INFO - [2026-04-01T22:19:14.006+0200] {dagbag.py:545} INFO - Filling up the DagBag from /home/malte/try_rag/.venv/lib/python3.12/site-packages/airflow/example_dags/example_task_group_decorator.py
[2026-04-01T22:19:14.091+0200] {processor.py:840} INFO - DAG(s) 'example_task_group_decorator' retrieved from /home/malte/try_rag/.venv/lib/python3.12/site-packages/airflow/example_dags/example_task_group_decorator.py
[2026-04-01T22:19:14.800+0200] {logging_mixin.py:188} INFO - [2026-04-01T22:19:14.799+0200] {dag.py:3096} INFO - Sync 1 DAGs
[2026-04-01T22:19:14.845+0200] {logging_mixin.py:188} INFO - [2026-04-01T22:19:14.844+0200] {dag.py:3954} INFO - Setting next_dagrun for example_task_group_decorator to 2026-03-31 00:00:00+00:00, run_after=2026-04-01 00:00:00+00:00
[2026-04-01T22:19:14.911+0200] {processor.py:183} INFO - Processing /home/malte/try_rag/.venv/lib/python3.12/site-packages/airflow/example_dags/example_task_group_decorator.py took 0.964 seconds
[2026-04-01T22:20:38.436+0200] {processor.py:161} INFO - Started process (PID=43626) to work on /home/malte/try_rag/.venv/lib/python3.12/site-packages/airflow/example_dags/example_task_group_decorator.py
[2026-04-01T22:20:38.441+0200] {processor.py:830} INFO - Processing file /home/malte/try_rag/.venv/lib/python3.12/site-packages/airflow/example_dags/example_task_group_decorator.py for tasks to queue
[2026-04-01T22:20:38.444+0200] {logging_mixin.py:188} INFO - [2026-04-01T22:20:38.442+0200] {dagbag.py:545} INFO - Filling up the DagBag from /home/malte/try_rag/.venv/lib/python3.12/site-packages/airflow/example_dags/example_task_group_decorator.py
[2026-04-01T22:20:38.510+0200] {processor.py:840} INFO - DAG(s) 'example_task_group_decorator' retrieved from /home/malte/try_rag/.venv/lib/python3.12/site-packages/airflow/example_dags/example_task_group_decorator.py
[2026-04-01T22:20:38.594+0200] {logging_mixin.py:188} INFO - [2026-04-01T22:20:38.593+0200] {dag.py:3096} INFO - Sync 1 DAGs
[2026-04-01T22:20:38.676+0200] {logging_mixin.py:188} INFO - [2026-04-01T22:20:38.675+0200] {dag.py:3954} INFO - Setting next_dagrun for example_task_group_decorator to 2026-03-31 00:00:00+00:00, run_after=2026-04-01 00:00:00+00:00
[2026-04-01T22:20:38.748+0200] {processor.py:183} INFO - Processing /home/malte/try_rag/.venv/lib/python3.12/site-packages/airflow/example_dags/example_task_group_decorator.py took 0.338 seconds
[2026-04-01T22:21:52.046+0200] {processor.py:161} INFO - Started process (PID=43774) to work on /home/malte/try_rag/.venv/lib/python3.12/site-packages/airflow/example_dags/example_task_group_decorator.py
[2026-04-01T22:21:52.061+0200] {processor.py:830} INFO - Processing file /home/malte/try_rag/.venv/lib/python3.12/site-packages/airflow/example_dags/example_task_group_decorator.py for tasks to queue
[2026-04-01T22:21:52.064+0200] {logging_mixin.py:188} INFO - [2026-04-01T22:21:52.063+0200] {dagbag.py:545} INFO - Filling up the DagBag from /home/malte/try_rag/.venv/lib/python3.12/site-packages/airflow/example_dags/example_task_group_decorator.py
[2026-04-01T22:21:52.110+0200] {processor.py:840} INFO - DAG(s) 'example_task_group_decorator' retrieved from /home/malte/try_rag/.venv/lib/python3.12/site-packages/airflow/example_dags/example_task_group_decorator.py
[2026-04-01T22:21:52.160+0200] {logging_mixin.py:188} INFO - [2026-04-01T22:21:52.160+0200] {dag.py:3096} INFO - Sync 1 DAGs
[2026-04-01T22:21:52.218+0200] {logging_mixin.py:188} INFO - [2026-04-01T22:21:52.218+0200] {dag.py:3954} INFO - Setting next_dagrun for example_task_group_decorator to 2026-03-31 00:00:00+00:00, run_after=2026-04-01 00:00:00+00:00
[2026-04-01T22:21:52.285+0200] {processor.py:183} INFO - Processing /home/malte/try_rag/.venv/lib/python3.12/site-packages/airflow/example_dags/example_task_group_decorator.py took 0.256 seconds
[2026-04-01T22:23:05.365+0200] {processor.py:161} INFO - Started process (PID=43921) to work on /home/malte/try_rag/.venv/lib/python3.12/site-packages/airflow/example_dags/example_task_group_decorator.py
[2026-04-01T22:23:05.381+0200] {processor.py:830} INFO - Processing file /home/malte/try_rag/.venv/lib/python3.12/site-packages/airflow/example_dags/example_task_group_decorator.py for tasks to queue
[2026-04-01T22:23:05.384+0200] {logging_mixin.py:188} INFO - [2026-04-01T22:23:05.382+0200] {dagbag.py:545} INFO - Filling up the DagBag from /home/malte/try_rag/.venv/lib/python3.12/site-packages/airflow/example_dags/example_task_group_decorator.py
[2026-04-01T22:23:05.432+0200] {processor.py:840} INFO - DAG(s) 'example_task_group_decorator' retrieved from /home/malte/try_rag/.venv/lib/python3.12/site-packages/airflow/example_dags/example_task_group_decorator.py
[2026-04-01T22:23:05.489+0200] {logging_mixin.py:188} INFO - [2026-04-01T22:23:05.488+0200] {dag.py:3096} INFO - Sync 1 DAGs
[2026-04-01T22:23:05.542+0200] {logging_mixin.py:188} INFO - [2026-04-01T22:23:05.542+0200] {dag.py:3954} INFO - Setting next_dagrun for example_task_group_decorator to 2026-03-31 00:00:00+00:00, run_after=2026-04-01 00:00:00+00:00
[2026-04-01T22:23:05.616+0200] {processor.py:183} INFO - Processing /home/malte/try_rag/.venv/lib/python3.12/site-packages/airflow/example_dags/example_task_group_decorator.py took 0.271 seconds
[2026-04-01T22:24:19.048+0200] {processor.py:161} INFO - Started process (PID=44096) to work on /home/malte/try_rag/.venv/lib/python3.12/site-packages/airflow/example_dags/example_task_group_decorator.py
[2026-04-01T22:24:19.053+0200] {processor.py:830} INFO - Processing file /home/malte/try_rag/.venv/lib/python3.12/site-packages/airflow/example_dags/example_task_group_decorator.py for tasks to queue
[2026-04-01T22:24:19.056+0200] {logging_mixin.py:188} INFO - [2026-04-01T22:24:19.054+0200] {dagbag.py:545} INFO - Filling up the DagBag from /home/malte/try_rag/.venv/lib/python3.12/site-packages/airflow/example_dags/example_task_group_decorator.py
[2026-04-01T22:24:19.107+0200] {processor.py:840} INFO - DAG(s) 'example_task_group_decorator' retrieved from /home/malte/try_rag/.venv/lib/python3.12/site-packages/airflow/example_dags/example_task_group_decorator.py
[2026-04-01T22:24:19.170+0200] {logging_mixin.py:188} INFO - [2026-04-01T22:24:19.169+0200] {dag.py:3096} INFO - Sync 1 DAGs
[2026-04-01T22:24:19.236+0200] {logging_mixin.py:188} INFO - [2026-04-01T22:24:19.235+0200] {dag.py:3954} INFO - Setting next_dagrun for example_task_group_decorator to 2026-03-31 00:00:00+00:00, run_after=2026-04-01 00:00:00+00:00
[2026-04-01T22:24:19.332+0200] {processor.py:183} INFO - Processing /home/malte/try_rag/.venv/lib/python3.12/site-packages/airflow/example_dags/example_task_group_decorator.py took 0.305 seconds
[2026-04-01T22:25:29.596+0200] {processor.py:161} INFO - Started process (PID=44239) to work on /home/malte/try_rag/.venv/lib/python3.12/site-packages/airflow/example_dags/example_task_group_decorator.py
[2026-04-01T22:25:29.599+0200] {processor.py:830} INFO - Processing file /home/malte/try_rag/.venv/lib/python3.12/site-packages/airflow/example_dags/example_task_group_decorator.py for tasks to queue
[2026-04-01T22:25:29.601+0200] {logging_mixin.py:188} INFO - [2026-04-01T22:25:29.600+0200] {dagbag.py:545} INFO - Filling up the DagBag from /home/malte/try_rag/.venv/lib/python3.12/site-packages/airflow/example_dags/example_task_group_decorator.py
[2026-04-01T22:25:29.649+0200] {processor.py:840} INFO - DAG(s) 'example_task_group_decorator' retrieved from /home/malte/try_rag/.venv/lib/python3.12/site-packages/airflow/example_dags/example_task_group_decorator.py
[2026-04-01T22:25:29.707+0200] {logging_mixin.py:188} INFO - [2026-04-01T22:25:29.707+0200] {dag.py:3096} INFO - Sync 1 DAGs
[2026-04-01T22:25:29.767+0200] {logging_mixin.py:188} INFO - [2026-04-01T22:25:29.766+0200] {dag.py:3954} INFO - Setting next_dagrun for example_task_group_decorator to 2026-03-31 00:00:00+00:00, run_after=2026-04-01 00:00:00+00:00
[2026-04-01T22:25:29.828+0200] {processor.py:183} INFO - Processing /home/malte/try_rag/.venv/lib/python3.12/site-packages/airflow/example_dags/example_task_group_decorator.py took 0.248 seconds
[2026-04-01T22:30:24.882+0200] {processor.py:161} INFO - Started process (PID=45710) to work on /home/malte/try_rag/.venv/lib/python3.12/site-packages/airflow/example_dags/example_task_group_decorator.py
[2026-04-01T22:30:24.889+0200] {processor.py:830} INFO - Processing file /home/malte/try_rag/.venv/lib/python3.12/site-packages/airflow/example_dags/example_task_group_decorator.py for tasks to queue
[2026-04-01T22:30:24.892+0200] {logging_mixin.py:188} INFO - [2026-04-01T22:30:24.890+0200] {dagbag.py:545} INFO - Filling up the DagBag from /home/malte/try_rag/.venv/lib/python3.12/site-packages/airflow/example_dags/example_task_group_decorator.py
[2026-04-01T22:30:24.954+0200] {processor.py:840} INFO - DAG(s) 'example_task_group_decorator' retrieved from /home/malte/try_rag/.venv/lib/python3.12/site-packages/airflow/example_dags/example_task_group_decorator.py
[2026-04-01T22:30:25.269+0200] {logging_mixin.py:188} INFO - [2026-04-01T22:30:25.269+0200] {dag.py:3096} INFO - Sync 1 DAGs
[2026-04-01T22:30:25.318+0200] {logging_mixin.py:188} INFO - [2026-04-01T22:30:25.317+0200] {dag.py:3954} INFO - Setting next_dagrun for example_task_group_decorator to 2026-03-31 00:00:00+00:00, run_after=2026-04-01 00:00:00+00:00
[2026-04-01T22:30:25.374+0200] {processor.py:183} INFO - Processing /home/malte/try_rag/.venv/lib/python3.12/site-packages/airflow/example_dags/example_task_group_decorator.py took 0.510 seconds
[2026-04-01T22:31:40.631+0200] {processor.py:161} INFO - Started process (PID=45904) to work on /home/malte/try_rag/.venv/lib/python3.12/site-packages/airflow/example_dags/example_task_group_decorator.py
[2026-04-01T22:31:40.641+0200] {processor.py:830} INFO - Processing file /home/malte/try_rag/.venv/lib/python3.12/site-packages/airflow/example_dags/example_task_group_decorator.py for tasks to queue
[2026-04-01T22:31:40.643+0200] {logging_mixin.py:188} INFO - [2026-04-01T22:31:40.642+0200] {dagbag.py:545} INFO - Filling up the DagBag from /home/malte/try_rag/.venv/lib/python3.12/site-packages/airflow/example_dags/example_task_group_decorator.py
[2026-04-01T22:31:40.683+0200] {processor.py:840} INFO - DAG(s) 'example_task_group_decorator' retrieved from /home/malte/try_rag/.venv/lib/python3.12/site-packages/airflow/example_dags/example_task_group_decorator.py
[2026-04-01T22:31:40.732+0200] {logging_mixin.py:188} INFO - [2026-04-01T22:31:40.731+0200] {dag.py:3096} INFO - Sync 1 DAGs
[2026-04-01T22:31:40.777+0200] {logging_mixin.py:188} INFO - [2026-04-01T22:31:40.777+0200] {dag.py:3954} INFO - Setting next_dagrun for example_task_group_decorator to 2026-03-31 00:00:00+00:00, run_after=2026-04-01 00:00:00+00:00
[2026-04-01T22:31:41.075+0200] {processor.py:183} INFO - Processing /home/malte/try_rag/.venv/lib/python3.12/site-packages/airflow/example_dags/example_task_group_decorator.py took 0.461 seconds
[2026-04-01T22:32:50.196+0200] {processor.py:161} INFO - Started process (PID=46106) to work on /home/malte/try_rag/.venv/lib/python3.12/site-packages/airflow/example_dags/example_task_group_decorator.py
[2026-04-01T22:32:50.200+0200] {processor.py:830} INFO - Processing file /home/malte/try_rag/.venv/lib/python3.12/site-packages/airflow/example_dags/example_task_group_decorator.py for tasks to queue
[2026-04-01T22:32:50.203+0200] {logging_mixin.py:188} INFO - [2026-04-01T22:32:50.202+0200] {dagbag.py:545} INFO - Filling up the DagBag from /home/malte/try_rag/.venv/lib/python3.12/site-packages/airflow/example_dags/example_task_group_decorator.py
[2026-04-01T22:32:50.252+0200] {processor.py:840} INFO - DAG(s) 'example_task_group_decorator' retrieved from /home/malte/try_rag/.venv/lib/python3.12/site-packages/airflow/example_dags/example_task_group_decorator.py
[2026-04-01T22:32:50.376+0200] {logging_mixin.py:188} INFO - [2026-04-01T22:32:50.375+0200] {dag.py:3096} INFO - Sync 1 DAGs
[2026-04-01T22:32:50.467+0200] {logging_mixin.py:188} INFO - [2026-04-01T22:32:50.466+0200] {dag.py:3954} INFO - Setting next_dagrun for example_task_group_decorator to 2026-03-31 00:00:00+00:00, run_after=2026-04-01 00:00:00+00:00
[2026-04-01T22:32:50.592+0200] {processor.py:183} INFO - Processing /home/malte/try_rag/.venv/lib/python3.12/site-packages/airflow/example_dags/example_task_group_decorator.py took 0.416 seconds
[2026-04-01T22:34:05.947+0200] {processor.py:161} INFO - Started process (PID=46434) to work on /home/malte/try_rag/.venv/lib/python3.12/site-packages/airflow/example_dags/example_task_group_decorator.py
[2026-04-01T22:34:05.951+0200] {processor.py:830} INFO - Processing file /home/malte/try_rag/.venv/lib/python3.12/site-packages/airflow/example_dags/example_task_group_decorator.py for tasks to queue
[2026-04-01T22:34:05.953+0200] {logging_mixin.py:188} INFO - [2026-04-01T22:34:05.952+0200] {dagbag.py:545} INFO - Filling up the DagBag from /home/malte/try_rag/.venv/lib/python3.12/site-packages/airflow/example_dags/example_task_group_decorator.py
[2026-04-01T22:34:06.010+0200] {processor.py:840} INFO - DAG(s) 'example_task_group_decorator' retrieved from /home/malte/try_rag/.venv/lib/python3.12/site-packages/airflow/example_dags/example_task_group_decorator.py
[2026-04-01T22:34:06.069+0200] {logging_mixin.py:188} INFO - [2026-04-01T22:34:06.068+0200] {dag.py:3096} INFO - Sync 1 DAGs
[2026-04-01T22:34:06.128+0200] {logging_mixin.py:188} INFO - [2026-04-01T22:34:06.128+0200] {dag.py:3954} INFO - Setting next_dagrun for example_task_group_decorator to 2026-03-31 00:00:00+00:00, run_after=2026-04-01 00:00:00+00:00
[2026-04-01T22:34:06.186+0200] {processor.py:183} INFO - Processing /home/malte/try_rag/.venv/lib/python3.12/site-packages/airflow/example_dags/example_task_group_decorator.py took 0.257 seconds
[2026-04-01T22:35:16.454+0200] {processor.py:161} INFO - Started process (PID=46702) to work on /home/malte/try_rag/.venv/lib/python3.12/site-packages/airflow/example_dags/example_task_group_decorator.py
[2026-04-01T22:35:16.458+0200] {processor.py:830} INFO - Processing file /home/malte/try_rag/.venv/lib/python3.12/site-packages/airflow/example_dags/example_task_group_decorator.py for tasks to queue
[2026-04-01T22:35:16.460+0200] {logging_mixin.py:188} INFO - [2026-04-01T22:35:16.459+0200] {dagbag.py:545} INFO - Filling up the DagBag from /home/malte/try_rag/.venv/lib/python3.12/site-packages/airflow/example_dags/example_task_group_decorator.py
[2026-04-01T22:35:16.511+0200] {processor.py:840} INFO - DAG(s) 'example_task_group_decorator' retrieved from /home/malte/try_rag/.venv/lib/python3.12/site-packages/airflow/example_dags/example_task_group_decorator.py
[2026-04-01T22:35:16.575+0200] {logging_mixin.py:188} INFO - [2026-04-01T22:35:16.574+0200] {dag.py:3096} INFO - Sync 1 DAGs
[2026-04-01T22:35:16.975+0200] {logging_mixin.py:188} INFO - [2026-04-01T22:35:16.975+0200] {dag.py:3954} INFO - Setting next_dagrun for example_task_group_decorator to 2026-03-31 00:00:00+00:00, run_after=2026-04-01 00:00:00+00:00
[2026-04-01T22:35:17.033+0200] {processor.py:183} INFO - Processing /home/malte/try_rag/.venv/lib/python3.12/site-packages/airflow/example_dags/example_task_group_decorator.py took 0.596 seconds
