[2026-04-01T22:14:50.920+0200] {processor.py:161} INFO - Started process (PID=42916) to work on /home/malte/try_rag/.venv/lib/python3.12/site-packages/airflow/example_dags/example_branch_operator_decorator.py
[2026-04-01T22:14:50.922+0200] {processor.py:830} INFO - Processing file /home/malte/try_rag/.venv/lib/python3.12/site-packages/airflow/example_dags/example_branch_operator_decorator.py for tasks to queue
[2026-04-01T22:14:50.924+0200] {logging_mixin.py:188} INFO - [2026-04-01T22:14:50.923+0200] {dagbag.py:545} INFO - Filling up the DagBag from /home/malte/try_rag/.venv/lib/python3.12/site-packages/airflow/example_dags/example_branch_operator_decorator.py
[2026-04-01T22:14:50.981+0200] {processor.py:840} INFO - DAG(s) 'example_branch_python_operator_decorator' retrieved from /home/malte/try_rag/.venv/lib/python3.12/site-packages/airflow/example_dags/example_branch_operator_decorator.py
[2026-04-01T22:14:51.354+0200] {logging_mixin.py:188} INFO - [2026-04-01T22:14:51.352+0200] {override.py:1930} INFO - Created Permission View: can edit on DAG:example_branch_python_operator_decorator
[2026-04-01T22:14:51.400+0200] {logging_mixin.py:188} INFO - [2026-04-01T22:14:51.399+0200] {override.py:1930} INFO - Created Permission View: can read on DAG:example_branch_python_operator_decorator
[2026-04-01T22:14:51.436+0200] {logging_mixin.py:188} INFO - [2026-04-01T22:14:51.435+0200] {override.py:1930} INFO - Created Permission View: can delete on DAG:example_branch_python_operator_decorator
[2026-04-01T22:14:51.437+0200] {logging_mixin.py:188} INFO - [2026-04-01T22:14:51.437+0200] {dag.py:3096} INFO - Sync 1 DAGs
[2026-04-01T22:14:51.460+0200] {logging_mixin.py:188} INFO - [2026-04-01T22:14:51.460+0200] {dag.py:3118} INFO - Creating ORM DAG for example_branch_python_operator_decorator
[2026-04-01T22:14:51.482+0200] {logging_mixin.py:188} INFO - [2026-04-01T22:14:51.482+0200] {dag.py:3954} INFO - Setting next_dagrun for example_branch_python_operator_decorator to 2026-03-31 00:00:00+00:00, run_after=2026-04-01 00:00:00+00:00
[2026-04-01T22:14:51.641+0200] {processor.py:183} INFO - Processing /home/malte/try_rag/.venv/lib/python3.12/site-packages/airflow/example_dags/example_branch_operator_decorator.py took 0.736 seconds
[2026-04-01T22:16:12.162+0200] {processor.py:161} INFO - Started process (PID=43074) to work on /home/malte/try_rag/.venv/lib/python3.12/site-packages/airflow/example_dags/example_branch_operator_decorator.py
[2026-04-01T22:16:12.166+0200] {processor.py:830} INFO - Processing file /home/malte/try_rag/.venv/lib/python3.12/site-packages/airflow/example_dags/example_branch_operator_decorator.py for tasks to queue
[2026-04-01T22:16:12.169+0200] {logging_mixin.py:188} INFO - [2026-04-01T22:16:12.167+0200] {dagbag.py:545} INFO - Filling up the DagBag from /home/malte/try_rag/.venv/lib/python3.12/site-packages/airflow/example_dags/example_branch_operator_decorator.py
[2026-04-01T22:16:12.228+0200] {processor.py:840} INFO - DAG(s) 'example_branch_python_operator_decorator' retrieved from /home/malte/try_rag/.venv/lib/python3.12/site-packages/airflow/example_dags/example_branch_operator_decorator.py
[2026-04-01T22:16:12.305+0200] {logging_mixin.py:188} INFO - [2026-04-01T22:16:12.304+0200] {dag.py:3096} INFO - Sync 1 DAGs
[2026-04-01T22:16:12.386+0200] {logging_mixin.py:188} INFO - [2026-04-01T22:16:12.385+0200] {dag.py:3954} INFO - Setting next_dagrun for example_branch_python_operator_decorator to 2026-03-31 00:00:00+00:00, run_after=2026-04-01 00:00:00+00:00
[2026-04-01T22:16:12.452+0200] {processor.py:183} INFO - Processing /home/malte/try_rag/.venv/lib/python3.12/site-packages/airflow/example_dags/example_branch_operator_decorator.py took 0.306 seconds
[2026-04-01T22:17:28.346+0200] {processor.py:161} INFO - Started process (PID=43225) to work on /home/malte/try_rag/.venv/lib/python3.12/site-packages/airflow/example_dags/example_branch_operator_decorator.py
[2026-04-01T22:17:28.350+0200] {processor.py:830} INFO - Processing file /home/malte/try_rag/.venv/lib/python3.12/site-packages/airflow/example_dags/example_branch_operator_decorator.py for tasks to queue
[2026-04-01T22:17:28.353+0200] {logging_mixin.py:188} INFO - [2026-04-01T22:17:28.352+0200] {dagbag.py:545} INFO - Filling up the DagBag from /home/malte/try_rag/.venv/lib/python3.12/site-packages/airflow/example_dags/example_branch_operator_decorator.py
[2026-04-01T22:17:28.426+0200] {processor.py:840} INFO - DAG(s) 'example_branch_python_operator_decorator' retrieved from /home/malte/try_rag/.venv/lib/python3.12/site-packages/airflow/example_dags/example_branch_operator_decorator.py
[2026-04-01T22:17:28.531+0200] {logging_mixin.py:188} INFO - [2026-04-01T22:17:28.530+0200] {dag.py:3096} INFO - Sync 1 DAGs
[2026-04-01T22:17:28.596+0200] {logging_mixin.py:188} INFO - [2026-04-01T22:17:28.596+0200] {dag.py:3954} INFO - Setting next_dagrun for example_branch_python_operator_decorator to 2026-03-31 00:00:00+00:00, run_after=2026-04-01 00:00:00+00:00
[2026-04-01T22:17:28.655+0200] {processor.py:183} INFO - Processing /home/malte/try_rag/.venv/lib/python3.12/site-packages/airflow/example_dags/example_branch_operator_decorator.py took 0.331 seconds
[2026-04-01T22:18:44.214+0200] {processor.py:161} INFO - Started process (PID=43407) to work on /home/malte/try_rag/.venv/lib/python3.12/site-packages/airflow/example_dags/example_branch_operator_decorator.py
[2026-04-01T22:18:44.228+0200] {processor.py:830} INFO - Processing file /home/malte/try_rag/.venv/lib/python3.12/site-packages/airflow/example_dags/example_branch_operator_decorator.py for tasks to queue
[2026-04-01T22:18:44.231+0200] {logging_mixin.py:188} INFO - [2026-04-01T22:18:44.230+0200] {dagbag.py:545} INFO - Filling up the DagBag from /home/malte/try_rag/.venv/lib/python3.12/site-packages/airflow/example_dags/example_branch_operator_decorator.py
[2026-04-01T22:18:44.293+0200] {processor.py:840} INFO - DAG(s) 'example_branch_python_operator_decorator' retrieved from /home/malte/try_rag/.venv/lib/python3.12/site-packages/airflow/example_dags/example_branch_operator_decorator.py
[2026-04-01T22:18:44.731+0200] {logging_mixin.py:188} INFO - [2026-04-01T22:18:44.730+0200] {dag.py:3096} INFO - Sync 1 DAGs
[2026-04-01T22:18:44.783+0200] {logging_mixin.py:188} INFO - [2026-04-01T22:18:44.783+0200] {dag.py:3954} INFO - Setting next_dagrun for example_branch_python_operator_decorator to 2026-03-31 00:00:00+00:00, run_after=2026-04-01 00:00:00+00:00
[2026-04-01T22:18:44.849+0200] {processor.py:183} INFO - Processing /home/malte/try_rag/.venv/lib/python3.12/site-packages/airflow/example_dags/example_branch_operator_decorator.py took 0.652 seconds
[2026-04-01T22:20:16.938+0200] {processor.py:161} INFO - Started process (PID=43582) to work on /home/malte/try_rag/.venv/lib/python3.12/site-packages/airflow/example_dags/example_branch_operator_decorator.py
[2026-04-01T22:20:16.953+0200] {processor.py:830} INFO - Processing file /home/malte/try_rag/.venv/lib/python3.12/site-packages/airflow/example_dags/example_branch_operator_decorator.py for tasks to queue
[2026-04-01T22:20:16.956+0200] {logging_mixin.py:188} INFO - [2026-04-01T22:20:16.954+0200] {dagbag.py:545} INFO - Filling up the DagBag from /home/malte/try_rag/.venv/lib/python3.12/site-packages/airflow/example_dags/example_branch_operator_decorator.py
[2026-04-01T22:20:17.025+0200] {processor.py:840} INFO - DAG(s) 'example_branch_python_operator_decorator' retrieved from /home/malte/try_rag/.venv/lib/python3.12/site-packages/airflow/example_dags/example_branch_operator_decorator.py
[2026-04-01T22:20:17.092+0200] {logging_mixin.py:188} INFO - [2026-04-01T22:20:17.092+0200] {dag.py:3096} INFO - Sync 1 DAGs
[2026-04-01T22:20:17.152+0200] {logging_mixin.py:188} INFO - [2026-04-01T22:20:17.151+0200] {dag.py:3954} INFO - Setting next_dagrun for example_branch_python_operator_decorator to 2026-03-31 00:00:00+00:00, run_after=2026-04-01 00:00:00+00:00
[2026-04-01T22:20:17.244+0200] {processor.py:183} INFO - Processing /home/malte/try_rag/.venv/lib/python3.12/site-packages/airflow/example_dags/example_branch_operator_decorator.py took 0.336 seconds
[2026-04-01T22:21:30.549+0200] {processor.py:161} INFO - Started process (PID=43724) to work on /home/malte/try_rag/.venv/lib/python3.12/site-packages/airflow/example_dags/example_branch_operator_decorator.py
[2026-04-01T22:21:30.553+0200] {processor.py:830} INFO - Processing file /home/malte/try_rag/.venv/lib/python3.12/site-packages/airflow/example_dags/example_branch_operator_decorator.py for tasks to queue
[2026-04-01T22:21:30.556+0200] {logging_mixin.py:188} INFO - [2026-04-01T22:21:30.555+0200] {dagbag.py:545} INFO - Filling up the DagBag from /home/malte/try_rag/.venv/lib/python3.12/site-packages/airflow/example_dags/example_branch_operator_decorator.py
[2026-04-01T22:21:30.620+0200] {processor.py:840} INFO - DAG(s) 'example_branch_python_operator_decorator' retrieved from /home/malte/try_rag/.venv/lib/python3.12/site-packages/airflow/example_dags/example_branch_operator_decorator.py
[2026-04-01T22:21:30.706+0200] {logging_mixin.py:188} INFO - [2026-04-01T22:21:30.705+0200] {dag.py:3096} INFO - Sync 1 DAGs
[2026-04-01T22:21:30.777+0200] {logging_mixin.py:188} INFO - [2026-04-01T22:21:30.777+0200] {dag.py:3954} INFO - Setting next_dagrun for example_branch_python_operator_decorator to 2026-03-31 00:00:00+00:00, run_after=2026-04-01 00:00:00+00:00
[2026-04-01T22:21:30.850+0200] {processor.py:183} INFO - Processing /home/malte/try_rag/.venv/lib/python3.12/site-packages/airflow/example_dags/example_branch_operator_decorator.py took 0.320 seconds
[2026-04-01T22:22:43.847+0200] {processor.py:161} INFO - Started process (PID=43874) to work on /home/malte/try_rag/.venv/lib/python3.12/site-packages/airflow/example_dags/example_branch_operator_decorator.py
[2026-04-01T22:22:43.860+0200] {processor.py:830} INFO - Processing file /home/malte/try_rag/.venv/lib/python3.12/site-packages/airflow/example_dags/example_branch_operator_decorator.py for tasks to queue
[2026-04-01T22:22:43.863+0200] {logging_mixin.py:188} INFO - [2026-04-01T22:22:43.862+0200] {dagbag.py:545} INFO - Filling up the DagBag from /home/malte/try_rag/.venv/lib/python3.12/site-packages/airflow/example_dags/example_branch_operator_decorator.py
[2026-04-01T22:22:43.937+0200] {processor.py:840} INFO - DAG(s) 'example_branch_python_operator_decorator' retrieved from /home/malte/try_rag/.venv/lib/python3.12/site-packages/airflow/example_dags/example_branch_operator_decorator.py
[2026-04-01T22:22:44.009+0200] {logging_mixin.py:188} INFO - [2026-04-01T22:22:44.009+0200] {dag.py:3096} INFO - Sync 1 DAGs
[2026-04-01T22:22:44.101+0200] {logging_mixin.py:188} INFO - [2026-04-01T22:22:44.101+0200] {dag.py:3954} INFO - Setting next_dagrun for example_branch_python_operator_decorator to 2026-03-31 00:00:00+00:00, run_after=2026-04-01 00:00:00+00:00
[2026-04-01T22:22:44.199+0200] {processor.py:183} INFO - Processing /home/malte/try_rag/.venv/lib/python3.12/site-packages/airflow/example_dags/example_branch_operator_decorator.py took 0.372 seconds
[2026-04-01T22:23:57.452+0200] {processor.py:161} INFO - Started process (PID=44045) to work on /home/malte/try_rag/.venv/lib/python3.12/site-packages/airflow/example_dags/example_branch_operator_decorator.py
[2026-04-01T22:23:57.469+0200] {processor.py:830} INFO - Processing file /home/malte/try_rag/.venv/lib/python3.12/site-packages/airflow/example_dags/example_branch_operator_decorator.py for tasks to queue
[2026-04-01T22:23:57.472+0200] {logging_mixin.py:188} INFO - [2026-04-01T22:23:57.471+0200] {dagbag.py:545} INFO - Filling up the DagBag from /home/malte/try_rag/.venv/lib/python3.12/site-packages/airflow/example_dags/example_branch_operator_decorator.py
[2026-04-01T22:23:57.591+0200] {processor.py:840} INFO - DAG(s) 'example_branch_python_operator_decorator' retrieved from /home/malte/try_rag/.venv/lib/python3.12/site-packages/airflow/example_dags/example_branch_operator_decorator.py
[2026-04-01T22:23:57.666+0200] {logging_mixin.py:188} INFO - [2026-04-01T22:23:57.665+0200] {dag.py:3096} INFO - Sync 1 DAGs
[2026-04-01T22:23:57.738+0200] {logging_mixin.py:188} INFO - [2026-04-01T22:23:57.737+0200] {dag.py:3954} INFO - Setting next_dagrun for example_branch_python_operator_decorator to 2026-03-31 00:00:00+00:00, run_after=2026-04-01 00:00:00+00:00
[2026-04-01T22:23:57.823+0200] {processor.py:183} INFO - Processing /home/malte/try_rag/.venv/lib/python3.12/site-packages/airflow/example_dags/example_branch_operator_decorator.py took 0.390 seconds
[2026-04-01T22:25:09.260+0200] {processor.py:161} INFO - Started process (PID=44194) to work on /home/malte/try_rag/.venv/lib/python3.12/site-packages/airflow/example_dags/example_branch_operator_decorator.py
[2026-04-01T22:25:09.276+0200] {processor.py:830} INFO - Processing file /home/malte/try_rag/.venv/lib/python3.12/site-packages/airflow/example_dags/example_branch_operator_decorator.py for tasks to queue
[2026-04-01T22:25:09.279+0200] {logging_mixin.py:188} INFO - [2026-04-01T22:25:09.277+0200] {dagbag.py:545} INFO - Filling up the DagBag from /home/malte/try_rag/.venv/lib/python3.12/site-packages/airflow/example_dags/example_branch_operator_decorator.py
[2026-04-01T22:25:09.346+0200] {processor.py:840} INFO - DAG(s) 'example_branch_python_operator_decorator' retrieved from /home/malte/try_rag/.venv/lib/python3.12/site-packages/airflow/example_dags/example_branch_operator_decorator.py
[2026-04-01T22:25:09.421+0200] {logging_mixin.py:188} INFO - [2026-04-01T22:25:09.420+0200] {dag.py:3096} INFO - Sync 1 DAGs
[2026-04-01T22:25:09.489+0200] {logging_mixin.py:188} INFO - [2026-04-01T22:25:09.489+0200] {dag.py:3954} INFO - Setting next_dagrun for example_branch_python_operator_decorator to 2026-03-31 00:00:00+00:00, run_after=2026-04-01 00:00:00+00:00
[2026-04-01T22:25:09.565+0200] {processor.py:183} INFO - Processing /home/malte/try_rag/.venv/lib/python3.12/site-packages/airflow/example_dags/example_branch_operator_decorator.py took 0.323 seconds
[2026-04-01T22:31:09.383+0200] {processor.py:161} INFO - Started process (PID=45841) to work on /home/malte/try_rag/.venv/lib/python3.12/site-packages/airflow/example_dags/example_branch_operator_decorator.py
[2026-04-01T22:31:09.386+0200] {processor.py:830} INFO - Processing file /home/malte/try_rag/.venv/lib/python3.12/site-packages/airflow/example_dags/example_branch_operator_decorator.py for tasks to queue
[2026-04-01T22:31:09.389+0200] {logging_mixin.py:188} INFO - [2026-04-01T22:31:09.388+0200] {dagbag.py:545} INFO - Filling up the DagBag from /home/malte/try_rag/.venv/lib/python3.12/site-packages/airflow/example_dags/example_branch_operator_decorator.py
[2026-04-01T22:31:09.455+0200] {processor.py:840} INFO - DAG(s) 'example_branch_python_operator_decorator' retrieved from /home/malte/try_rag/.venv/lib/python3.12/site-packages/airflow/example_dags/example_branch_operator_decorator.py
[2026-04-01T22:31:09.719+0200] {logging_mixin.py:188} INFO - [2026-04-01T22:31:09.718+0200] {dag.py:3096} INFO - Sync 1 DAGs
[2026-04-01T22:31:09.758+0200] {logging_mixin.py:188} INFO - [2026-04-01T22:31:09.758+0200] {dag.py:3954} INFO - Setting next_dagrun for example_branch_python_operator_decorator to 2026-03-31 00:00:00+00:00, run_after=2026-04-01 00:00:00+00:00
[2026-04-01T22:31:09.968+0200] {processor.py:183} INFO - Processing /home/malte/try_rag/.venv/lib/python3.12/site-packages/airflow/example_dags/example_branch_operator_decorator.py took 0.605 seconds
[2026-04-01T22:32:30.166+0200] {processor.py:161} INFO - Started process (PID=46060) to work on /home/malte/try_rag/.venv/lib/python3.12/site-packages/airflow/example_dags/example_branch_operator_decorator.py
[2026-04-01T22:32:30.170+0200] {processor.py:830} INFO - Processing file /home/malte/try_rag/.venv/lib/python3.12/site-packages/airflow/example_dags/example_branch_operator_decorator.py for tasks to queue
[2026-04-01T22:32:30.172+0200] {logging_mixin.py:188} INFO - [2026-04-01T22:32:30.171+0200] {dagbag.py:545} INFO - Filling up the DagBag from /home/malte/try_rag/.venv/lib/python3.12/site-packages/airflow/example_dags/example_branch_operator_decorator.py
[2026-04-01T22:32:30.228+0200] {processor.py:840} INFO - DAG(s) 'example_branch_python_operator_decorator' retrieved from /home/malte/try_rag/.venv/lib/python3.12/site-packages/airflow/example_dags/example_branch_operator_decorator.py
[2026-04-01T22:32:30.298+0200] {logging_mixin.py:188} INFO - [2026-04-01T22:32:30.298+0200] {dag.py:3096} INFO - Sync 1 DAGs
[2026-04-01T22:32:30.353+0200] {logging_mixin.py:188} INFO - [2026-04-01T22:32:30.352+0200] {dag.py:3954} INFO - Setting next_dagrun for example_branch_python_operator_decorator to 2026-03-31 00:00:00+00:00, run_after=2026-04-01 00:00:00+00:00
[2026-04-01T22:32:30.682+0200] {processor.py:183} INFO - Processing /home/malte/try_rag/.venv/lib/python3.12/site-packages/airflow/example_dags/example_branch_operator_decorator.py took 0.547 seconds
[2026-04-01T22:33:44.396+0200] {processor.py:161} INFO - Started process (PID=46325) to work on /home/malte/try_rag/.venv/lib/python3.12/site-packages/airflow/example_dags/example_branch_operator_decorator.py
[2026-04-01T22:33:44.400+0200] {processor.py:830} INFO - Processing file /home/malte/try_rag/.venv/lib/python3.12/site-packages/airflow/example_dags/example_branch_operator_decorator.py for tasks to queue
[2026-04-01T22:33:44.403+0200] {logging_mixin.py:188} INFO - [2026-04-01T22:33:44.402+0200] {dagbag.py:545} INFO - Filling up the DagBag from /home/malte/try_rag/.venv/lib/python3.12/site-packages/airflow/example_dags/example_branch_operator_decorator.py
[2026-04-01T22:33:44.468+0200] {processor.py:840} INFO - DAG(s) 'example_branch_python_operator_decorator' retrieved from /home/malte/try_rag/.venv/lib/python3.12/site-packages/airflow/example_dags/example_branch_operator_decorator.py
[2026-04-01T22:33:44.555+0200] {logging_mixin.py:188} INFO - [2026-04-01T22:33:44.554+0200] {dag.py:3096} INFO - Sync 1 DAGs
[2026-04-01T22:33:44.612+0200] {logging_mixin.py:188} INFO - [2026-04-01T22:33:44.612+0200] {dag.py:3954} INFO - Setting next_dagrun for example_branch_python_operator_decorator to 2026-03-31 00:00:00+00:00, run_after=2026-04-01 00:00:00+00:00
[2026-04-01T22:33:44.677+0200] {processor.py:183} INFO - Processing /home/malte/try_rag/.venv/lib/python3.12/site-packages/airflow/example_dags/example_branch_operator_decorator.py took 0.303 seconds
[2026-04-01T22:34:52.148+0200] {processor.py:161} INFO - Started process (PID=46524) to work on /home/malte/try_rag/.venv/lib/python3.12/site-packages/airflow/example_dags/example_branch_operator_decorator.py
[2026-04-01T22:34:52.151+0200] {processor.py:830} INFO - Processing file /home/malte/try_rag/.venv/lib/python3.12/site-packages/airflow/example_dags/example_branch_operator_decorator.py for tasks to queue
[2026-04-01T22:34:52.154+0200] {logging_mixin.py:188} INFO - [2026-04-01T22:34:52.153+0200] {dagbag.py:545} INFO - Filling up the DagBag from /home/malte/try_rag/.venv/lib/python3.12/site-packages/airflow/example_dags/example_branch_operator_decorator.py
[2026-04-01T22:34:52.231+0200] {processor.py:840} INFO - DAG(s) 'example_branch_python_operator_decorator' retrieved from /home/malte/try_rag/.venv/lib/python3.12/site-packages/airflow/example_dags/example_branch_operator_decorator.py
[2026-04-01T22:34:52.330+0200] {logging_mixin.py:188} INFO - [2026-04-01T22:34:52.330+0200] {dag.py:3096} INFO - Sync 1 DAGs
[2026-04-01T22:34:52.791+0200] {logging_mixin.py:188} INFO - [2026-04-01T22:34:52.791+0200] {dag.py:3954} INFO - Setting next_dagrun for example_branch_python_operator_decorator to 2026-03-31 00:00:00+00:00, run_after=2026-04-01 00:00:00+00:00
[2026-04-01T22:34:52.859+0200] {processor.py:183} INFO - Processing /home/malte/try_rag/.venv/lib/python3.12/site-packages/airflow/example_dags/example_branch_operator_decorator.py took 0.726 seconds
[2026-04-01T22:36:15.062+0200] {processor.py:161} INFO - Started process (PID=46870) to work on /home/malte/try_rag/.venv/lib/python3.12/site-packages/airflow/example_dags/example_branch_operator_decorator.py
[2026-04-01T22:36:15.067+0200] {processor.py:830} INFO - Processing file /home/malte/try_rag/.venv/lib/python3.12/site-packages/airflow/example_dags/example_branch_operator_decorator.py for tasks to queue
[2026-04-01T22:36:15.070+0200] {logging_mixin.py:188} INFO - [2026-04-01T22:36:15.069+0200] {dagbag.py:545} INFO - Filling up the DagBag from /home/malte/try_rag/.venv/lib/python3.12/site-packages/airflow/example_dags/example_branch_operator_decorator.py
[2026-04-01T22:36:15.140+0200] {processor.py:840} INFO - DAG(s) 'example_branch_python_operator_decorator' retrieved from /home/malte/try_rag/.venv/lib/python3.12/site-packages/airflow/example_dags/example_branch_operator_decorator.py
[2026-04-01T22:36:15.219+0200] {logging_mixin.py:188} INFO - [2026-04-01T22:36:15.219+0200] {dag.py:3096} INFO - Sync 1 DAGs
[2026-04-01T22:36:15.280+0200] {logging_mixin.py:188} INFO - [2026-04-01T22:36:15.280+0200] {dag.py:3954} INFO - Setting next_dagrun for example_branch_python_operator_decorator to 2026-03-31 00:00:00+00:00, run_after=2026-04-01 00:00:00+00:00
[2026-04-01T22:36:15.351+0200] {processor.py:183} INFO - Processing /home/malte/try_rag/.venv/lib/python3.12/site-packages/airflow/example_dags/example_branch_operator_decorator.py took 0.308 seconds
