[2026-04-01T22:14:28.567+0200] {processor.py:161} INFO - Started process (PID=42881) to work on /home/malte/try_rag/.venv/lib/python3.12/site-packages/airflow/example_dags/example_nested_branch_dag.py
[2026-04-01T22:14:28.570+0200] {processor.py:830} INFO - Processing file /home/malte/try_rag/.venv/lib/python3.12/site-packages/airflow/example_dags/example_nested_branch_dag.py for tasks to queue
[2026-04-01T22:14:28.572+0200] {logging_mixin.py:188} INFO - [2026-04-01T22:14:28.571+0200] {dagbag.py:545} INFO - Filling up the DagBag from /home/malte/try_rag/.venv/lib/python3.12/site-packages/airflow/example_dags/example_nested_branch_dag.py
[2026-04-01T22:14:28.602+0200] {processor.py:840} INFO - DAG(s) 'example_nested_branch_dag' retrieved from /home/malte/try_rag/.venv/lib/python3.12/site-packages/airflow/example_dags/example_nested_branch_dag.py
[2026-04-01T22:14:28.959+0200] {logging_mixin.py:188} INFO - [2026-04-01T22:14:28.958+0200] {override.py:1930} INFO - Created Permission View: can edit on DAG:example_nested_branch_dag
[2026-04-01T22:14:29.000+0200] {logging_mixin.py:188} INFO - [2026-04-01T22:14:28.999+0200] {override.py:1930} INFO - Created Permission View: can read on DAG:example_nested_branch_dag
[2026-04-01T22:14:29.038+0200] {logging_mixin.py:188} INFO - [2026-04-01T22:14:29.037+0200] {override.py:1930} INFO - Created Permission View: can delete on DAG:example_nested_branch_dag
[2026-04-01T22:14:29.040+0200] {logging_mixin.py:188} INFO - [2026-04-01T22:14:29.039+0200] {dag.py:3096} INFO - Sync 1 DAGs
[2026-04-01T22:14:29.069+0200] {logging_mixin.py:188} INFO - [2026-04-01T22:14:29.068+0200] {dag.py:3118} INFO - Creating ORM DAG for example_nested_branch_dag
[2026-04-01T22:14:29.110+0200] {logging_mixin.py:188} INFO - [2026-04-01T22:14:29.110+0200] {dag.py:3954} INFO - Setting next_dagrun for example_nested_branch_dag to 2026-03-31 00:00:00+00:00, run_after=2026-04-01 00:00:00+00:00
[2026-04-01T22:14:29.195+0200] {processor.py:183} INFO - Processing /home/malte/try_rag/.venv/lib/python3.12/site-packages/airflow/example_dags/example_nested_branch_dag.py took 0.648 seconds
[2026-04-01T22:15:40.172+0200] {processor.py:161} INFO - Started process (PID=43007) to work on /home/malte/try_rag/.venv/lib/python3.12/site-packages/airflow/example_dags/example_nested_branch_dag.py
[2026-04-01T22:15:40.176+0200] {processor.py:830} INFO - Processing file /home/malte/try_rag/.venv/lib/python3.12/site-packages/airflow/example_dags/example_nested_branch_dag.py for tasks to queue
[2026-04-01T22:15:40.180+0200] {logging_mixin.py:188} INFO - [2026-04-01T22:15:40.178+0200] {dagbag.py:545} INFO - Filling up the DagBag from /home/malte/try_rag/.venv/lib/python3.12/site-packages/airflow/example_dags/example_nested_branch_dag.py
[2026-04-01T22:15:40.220+0200] {processor.py:840} INFO - DAG(s) 'example_nested_branch_dag' retrieved from /home/malte/try_rag/.venv/lib/python3.12/site-packages/airflow/example_dags/example_nested_branch_dag.py
[2026-04-01T22:15:40.297+0200] {logging_mixin.py:188} INFO - [2026-04-01T22:15:40.296+0200] {dag.py:3096} INFO - Sync 1 DAGs
[2026-04-01T22:15:40.429+0200] {logging_mixin.py:188} INFO - [2026-04-01T22:15:40.424+0200] {dag.py:3954} INFO - Setting next_dagrun for example_nested_branch_dag to 2026-03-31 00:00:00+00:00, run_after=2026-04-01 00:00:00+00:00
[2026-04-01T22:15:40.520+0200] {processor.py:183} INFO - Processing /home/malte/try_rag/.venv/lib/python3.12/site-packages/airflow/example_dags/example_nested_branch_dag.py took 0.367 seconds
[2026-04-01T22:16:56.636+0200] {processor.py:161} INFO - Started process (PID=43161) to work on /home/malte/try_rag/.venv/lib/python3.12/site-packages/airflow/example_dags/example_nested_branch_dag.py
[2026-04-01T22:16:56.651+0200] {processor.py:830} INFO - Processing file /home/malte/try_rag/.venv/lib/python3.12/site-packages/airflow/example_dags/example_nested_branch_dag.py for tasks to queue
[2026-04-01T22:16:56.655+0200] {logging_mixin.py:188} INFO - [2026-04-01T22:16:56.653+0200] {dagbag.py:545} INFO - Filling up the DagBag from /home/malte/try_rag/.venv/lib/python3.12/site-packages/airflow/example_dags/example_nested_branch_dag.py
[2026-04-01T22:16:56.713+0200] {processor.py:840} INFO - DAG(s) 'example_nested_branch_dag' retrieved from /home/malte/try_rag/.venv/lib/python3.12/site-packages/airflow/example_dags/example_nested_branch_dag.py
[2026-04-01T22:16:56.795+0200] {logging_mixin.py:188} INFO - [2026-04-01T22:16:56.794+0200] {dag.py:3096} INFO - Sync 1 DAGs
[2026-04-01T22:16:56.867+0200] {logging_mixin.py:188} INFO - [2026-04-01T22:16:56.867+0200] {dag.py:3954} INFO - Setting next_dagrun for example_nested_branch_dag to 2026-03-31 00:00:00+00:00, run_after=2026-04-01 00:00:00+00:00
[2026-04-01T22:16:56.972+0200] {processor.py:183} INFO - Processing /home/malte/try_rag/.venv/lib/python3.12/site-packages/airflow/example_dags/example_nested_branch_dag.py took 0.361 seconds
[2026-04-01T22:18:10.992+0200] {processor.py:161} INFO - Started process (PID=43312) to work on /home/malte/try_rag/.venv/lib/python3.12/site-packages/airflow/example_dags/example_nested_branch_dag.py
[2026-04-01T22:18:10.999+0200] {processor.py:830} INFO - Processing file /home/malte/try_rag/.venv/lib/python3.12/site-packages/airflow/example_dags/example_nested_branch_dag.py for tasks to queue
[2026-04-01T22:18:11.003+0200] {logging_mixin.py:188} INFO - [2026-04-01T22:18:11.001+0200] {dagbag.py:545} INFO - Filling up the DagBag from /home/malte/try_rag/.venv/lib/python3.12/site-packages/airflow/example_dags/example_nested_branch_dag.py
[2026-04-01T22:18:11.043+0200] {processor.py:840} INFO - DAG(s) 'example_nested_branch_dag' retrieved from /home/malte/try_rag/.venv/lib/python3.12/site-packages/airflow/example_dags/example_nested_branch_dag.py
[2026-04-01T22:18:11.109+0200] {logging_mixin.py:188} INFO - [2026-04-01T22:18:11.108+0200] {dag.py:3096} INFO - Sync 1 DAGs
[2026-04-01T22:18:11.175+0200] {logging_mixin.py:188} INFO - [2026-04-01T22:18:11.174+0200] {dag.py:3954} INFO - Setting next_dagrun for example_nested_branch_dag to 2026-03-31 00:00:00+00:00, run_after=2026-04-01 00:00:00+00:00
[2026-04-01T22:18:11.244+0200] {processor.py:183} INFO - Processing /home/malte/try_rag/.venv/lib/python3.12/site-packages/airflow/example_dags/example_nested_branch_dag.py took 0.278 seconds
[2026-04-01T22:19:40.032+0200] {processor.py:161} INFO - Started process (PID=43499) to work on /home/malte/try_rag/.venv/lib/python3.12/site-packages/airflow/example_dags/example_nested_branch_dag.py
[2026-04-01T22:19:40.035+0200] {processor.py:830} INFO - Processing file /home/malte/try_rag/.venv/lib/python3.12/site-packages/airflow/example_dags/example_nested_branch_dag.py for tasks to queue
[2026-04-01T22:19:40.038+0200] {logging_mixin.py:188} INFO - [2026-04-01T22:19:40.037+0200] {dagbag.py:545} INFO - Filling up the DagBag from /home/malte/try_rag/.venv/lib/python3.12/site-packages/airflow/example_dags/example_nested_branch_dag.py
[2026-04-01T22:19:40.067+0200] {processor.py:840} INFO - DAG(s) 'example_nested_branch_dag' retrieved from /home/malte/try_rag/.venv/lib/python3.12/site-packages/airflow/example_dags/example_nested_branch_dag.py
[2026-04-01T22:19:40.118+0200] {logging_mixin.py:188} INFO - [2026-04-01T22:19:40.118+0200] {dag.py:3096} INFO - Sync 1 DAGs
[2026-04-01T22:19:40.178+0200] {logging_mixin.py:188} INFO - [2026-04-01T22:19:40.177+0200] {dag.py:3954} INFO - Setting next_dagrun for example_nested_branch_dag to 2026-03-31 00:00:00+00:00, run_after=2026-04-01 00:00:00+00:00
[2026-04-01T22:19:40.242+0200] {processor.py:183} INFO - Processing /home/malte/try_rag/.venv/lib/python3.12/site-packages/airflow/example_dags/example_nested_branch_dag.py took 0.228 seconds
[2026-04-01T22:20:59.353+0200] {processor.py:161} INFO - Started process (PID=43657) to work on /home/malte/try_rag/.venv/lib/python3.12/site-packages/airflow/example_dags/example_nested_branch_dag.py
[2026-04-01T22:20:59.358+0200] {processor.py:830} INFO - Processing file /home/malte/try_rag/.venv/lib/python3.12/site-packages/airflow/example_dags/example_nested_branch_dag.py for tasks to queue
[2026-04-01T22:20:59.361+0200] {logging_mixin.py:188} INFO - [2026-04-01T22:20:59.359+0200] {dagbag.py:545} INFO - Filling up the DagBag from /home/malte/try_rag/.venv/lib/python3.12/site-packages/airflow/example_dags/example_nested_branch_dag.py
[2026-04-01T22:20:59.415+0200] {processor.py:840} INFO - DAG(s) 'example_nested_branch_dag' retrieved from /home/malte/try_rag/.venv/lib/python3.12/site-packages/airflow/example_dags/example_nested_branch_dag.py
[2026-04-01T22:20:59.470+0200] {logging_mixin.py:188} INFO - [2026-04-01T22:20:59.470+0200] {dag.py:3096} INFO - Sync 1 DAGs
[2026-04-01T22:20:59.556+0200] {logging_mixin.py:188} INFO - [2026-04-01T22:20:59.555+0200] {dag.py:3954} INFO - Setting next_dagrun for example_nested_branch_dag to 2026-03-31 00:00:00+00:00, run_after=2026-04-01 00:00:00+00:00
[2026-04-01T22:20:59.670+0200] {processor.py:183} INFO - Processing /home/malte/try_rag/.venv/lib/python3.12/site-packages/airflow/example_dags/example_nested_branch_dag.py took 0.341 seconds
[2026-04-01T22:22:12.991+0200] {processor.py:161} INFO - Started process (PID=43809) to work on /home/malte/try_rag/.venv/lib/python3.12/site-packages/airflow/example_dags/example_nested_branch_dag.py
[2026-04-01T22:22:12.997+0200] {processor.py:830} INFO - Processing file /home/malte/try_rag/.venv/lib/python3.12/site-packages/airflow/example_dags/example_nested_branch_dag.py for tasks to queue
[2026-04-01T22:22:13.000+0200] {logging_mixin.py:188} INFO - [2026-04-01T22:22:12.999+0200] {dagbag.py:545} INFO - Filling up the DagBag from /home/malte/try_rag/.venv/lib/python3.12/site-packages/airflow/example_dags/example_nested_branch_dag.py
[2026-04-01T22:22:13.042+0200] {processor.py:840} INFO - DAG(s) 'example_nested_branch_dag' retrieved from /home/malte/try_rag/.venv/lib/python3.12/site-packages/airflow/example_dags/example_nested_branch_dag.py
[2026-04-01T22:22:13.110+0200] {logging_mixin.py:188} INFO - [2026-04-01T22:22:13.109+0200] {dag.py:3096} INFO - Sync 1 DAGs
[2026-04-01T22:22:13.195+0200] {logging_mixin.py:188} INFO - [2026-04-01T22:22:13.193+0200] {dag.py:3954} INFO - Setting next_dagrun for example_nested_branch_dag to 2026-03-31 00:00:00+00:00, run_after=2026-04-01 00:00:00+00:00
[2026-04-01T22:22:13.274+0200] {processor.py:183} INFO - Processing /home/malte/try_rag/.venv/lib/python3.12/site-packages/airflow/example_dags/example_nested_branch_dag.py took 0.307 seconds
[2026-04-01T22:23:26.361+0200] {processor.py:161} INFO - Started process (PID=43957) to work on /home/malte/try_rag/.venv/lib/python3.12/site-packages/airflow/example_dags/example_nested_branch_dag.py
[2026-04-01T22:23:26.376+0200] {processor.py:830} INFO - Processing file /home/malte/try_rag/.venv/lib/python3.12/site-packages/airflow/example_dags/example_nested_branch_dag.py for tasks to queue
[2026-04-01T22:23:26.379+0200] {logging_mixin.py:188} INFO - [2026-04-01T22:23:26.378+0200] {dagbag.py:545} INFO - Filling up the DagBag from /home/malte/try_rag/.venv/lib/python3.12/site-packages/airflow/example_dags/example_nested_branch_dag.py
[2026-04-01T22:23:26.412+0200] {processor.py:840} INFO - DAG(s) 'example_nested_branch_dag' retrieved from /home/malte/try_rag/.venv/lib/python3.12/site-packages/airflow/example_dags/example_nested_branch_dag.py
[2026-04-01T22:23:26.462+0200] {logging_mixin.py:188} INFO - [2026-04-01T22:23:26.461+0200] {dag.py:3096} INFO - Sync 1 DAGs
[2026-04-01T22:23:26.518+0200] {logging_mixin.py:188} INFO - [2026-04-01T22:23:26.518+0200] {dag.py:3954} INFO - Setting next_dagrun for example_nested_branch_dag to 2026-03-31 00:00:00+00:00, run_after=2026-04-01 00:00:00+00:00
[2026-04-01T22:23:26.588+0200] {processor.py:183} INFO - Processing /home/malte/try_rag/.venv/lib/python3.12/site-packages/airflow/example_dags/example_nested_branch_dag.py took 0.246 seconds
[2026-04-01T22:24:38.543+0200] {processor.py:161} INFO - Started process (PID=44125) to work on /home/malte/try_rag/.venv/lib/python3.12/site-packages/airflow/example_dags/example_nested_branch_dag.py
[2026-04-01T22:24:38.558+0200] {processor.py:830} INFO - Processing file /home/malte/try_rag/.venv/lib/python3.12/site-packages/airflow/example_dags/example_nested_branch_dag.py for tasks to queue
[2026-04-01T22:24:38.560+0200] {logging_mixin.py:188} INFO - [2026-04-01T22:24:38.559+0200] {dagbag.py:545} INFO - Filling up the DagBag from /home/malte/try_rag/.venv/lib/python3.12/site-packages/airflow/example_dags/example_nested_branch_dag.py
[2026-04-01T22:24:38.594+0200] {processor.py:840} INFO - DAG(s) 'example_nested_branch_dag' retrieved from /home/malte/try_rag/.venv/lib/python3.12/site-packages/airflow/example_dags/example_nested_branch_dag.py
[2026-04-01T22:24:38.646+0200] {logging_mixin.py:188} INFO - [2026-04-01T22:24:38.645+0200] {dag.py:3096} INFO - Sync 1 DAGs
[2026-04-01T22:24:38.700+0200] {logging_mixin.py:188} INFO - [2026-04-01T22:24:38.699+0200] {dag.py:3954} INFO - Setting next_dagrun for example_nested_branch_dag to 2026-03-31 00:00:00+00:00, run_after=2026-04-01 00:00:00+00:00
[2026-04-01T22:24:38.790+0200] {processor.py:183} INFO - Processing /home/malte/try_rag/.venv/lib/python3.12/site-packages/airflow/example_dags/example_nested_branch_dag.py took 0.266 seconds
[2026-04-01T22:30:47.686+0200] {processor.py:161} INFO - Started process (PID=45745) to work on /home/malte/try_rag/.venv/lib/python3.12/site-packages/airflow/example_dags/example_nested_branch_dag.py
[2026-04-01T22:30:47.691+0200] {processor.py:830} INFO - Processing file /home/malte/try_rag/.venv/lib/python3.12/site-packages/airflow/example_dags/example_nested_branch_dag.py for tasks to queue
[2026-04-01T22:30:47.693+0200] {logging_mixin.py:188} INFO - [2026-04-01T22:30:47.692+0200] {dagbag.py:545} INFO - Filling up the DagBag from /home/malte/try_rag/.venv/lib/python3.12/site-packages/airflow/example_dags/example_nested_branch_dag.py
[2026-04-01T22:30:47.726+0200] {processor.py:840} INFO - DAG(s) 'example_nested_branch_dag' retrieved from /home/malte/try_rag/.venv/lib/python3.12/site-packages/airflow/example_dags/example_nested_branch_dag.py
[2026-04-01T22:30:48.031+0200] {logging_mixin.py:188} INFO - [2026-04-01T22:30:48.031+0200] {dag.py:3096} INFO - Sync 1 DAGs
[2026-04-01T22:30:48.086+0200] {logging_mixin.py:188} INFO - [2026-04-01T22:30:48.086+0200] {dag.py:3954} INFO - Setting next_dagrun for example_nested_branch_dag to 2026-03-31 00:00:00+00:00, run_after=2026-04-01 00:00:00+00:00
[2026-04-01T22:30:48.153+0200] {processor.py:183} INFO - Processing /home/malte/try_rag/.venv/lib/python3.12/site-packages/airflow/example_dags/example_nested_branch_dag.py took 0.486 seconds
[2026-04-01T22:32:13.648+0200] {processor.py:161} INFO - Started process (PID=46032) to work on /home/malte/try_rag/.venv/lib/python3.12/site-packages/airflow/example_dags/example_nested_branch_dag.py
[2026-04-01T22:32:13.651+0200] {processor.py:830} INFO - Processing file /home/malte/try_rag/.venv/lib/python3.12/site-packages/airflow/example_dags/example_nested_branch_dag.py for tasks to queue
[2026-04-01T22:32:13.653+0200] {logging_mixin.py:188} INFO - [2026-04-01T22:32:13.652+0200] {dagbag.py:545} INFO - Filling up the DagBag from /home/malte/try_rag/.venv/lib/python3.12/site-packages/airflow/example_dags/example_nested_branch_dag.py
[2026-04-01T22:32:13.682+0200] {processor.py:840} INFO - DAG(s) 'example_nested_branch_dag' retrieved from /home/malte/try_rag/.venv/lib/python3.12/site-packages/airflow/example_dags/example_nested_branch_dag.py
[2026-04-01T22:32:13.727+0200] {logging_mixin.py:188} INFO - [2026-04-01T22:32:13.727+0200] {dag.py:3096} INFO - Sync 1 DAGs
[2026-04-01T22:32:13.780+0200] {logging_mixin.py:188} INFO - [2026-04-01T22:32:13.780+0200] {dag.py:3954} INFO - Setting next_dagrun for example_nested_branch_dag to 2026-03-31 00:00:00+00:00, run_after=2026-04-01 00:00:00+00:00
[2026-04-01T22:32:13.830+0200] {processor.py:183} INFO - Processing /home/malte/try_rag/.venv/lib/python3.12/site-packages/airflow/example_dags/example_nested_branch_dag.py took 0.199 seconds
[2026-04-01T22:33:27.042+0200] {processor.py:161} INFO - Started process (PID=46298) to work on /home/malte/try_rag/.venv/lib/python3.12/site-packages/airflow/example_dags/example_nested_branch_dag.py
[2026-04-01T22:33:27.046+0200] {processor.py:830} INFO - Processing file /home/malte/try_rag/.venv/lib/python3.12/site-packages/airflow/example_dags/example_nested_branch_dag.py for tasks to queue
[2026-04-01T22:33:27.049+0200] {logging_mixin.py:188} INFO - [2026-04-01T22:33:27.047+0200] {dagbag.py:545} INFO - Filling up the DagBag from /home/malte/try_rag/.venv/lib/python3.12/site-packages/airflow/example_dags/example_nested_branch_dag.py
[2026-04-01T22:33:27.088+0200] {processor.py:840} INFO - DAG(s) 'example_nested_branch_dag' retrieved from /home/malte/try_rag/.venv/lib/python3.12/site-packages/airflow/example_dags/example_nested_branch_dag.py
[2026-04-01T22:33:27.186+0200] {logging_mixin.py:188} INFO - [2026-04-01T22:33:27.185+0200] {dag.py:3096} INFO - Sync 1 DAGs
[2026-04-01T22:33:27.245+0200] {logging_mixin.py:188} INFO - [2026-04-01T22:33:27.244+0200] {dag.py:3954} INFO - Setting next_dagrun for example_nested_branch_dag to 2026-03-31 00:00:00+00:00, run_after=2026-04-01 00:00:00+00:00
[2026-04-01T22:33:27.313+0200] {processor.py:183} INFO - Processing /home/malte/try_rag/.venv/lib/python3.12/site-packages/airflow/example_dags/example_nested_branch_dag.py took 0.292 seconds
[2026-04-01T22:34:34.387+0200] {processor.py:161} INFO - Started process (PID=46495) to work on /home/malte/try_rag/.venv/lib/python3.12/site-packages/airflow/example_dags/example_nested_branch_dag.py
[2026-04-01T22:34:34.390+0200] {processor.py:830} INFO - Processing file /home/malte/try_rag/.venv/lib/python3.12/site-packages/airflow/example_dags/example_nested_branch_dag.py for tasks to queue
[2026-04-01T22:34:34.393+0200] {logging_mixin.py:188} INFO - [2026-04-01T22:34:34.392+0200] {dagbag.py:545} INFO - Filling up the DagBag from /home/malte/try_rag/.venv/lib/python3.12/site-packages/airflow/example_dags/example_nested_branch_dag.py
[2026-04-01T22:34:34.422+0200] {processor.py:840} INFO - DAG(s) 'example_nested_branch_dag' retrieved from /home/malte/try_rag/.venv/lib/python3.12/site-packages/airflow/example_dags/example_nested_branch_dag.py
[2026-04-01T22:34:34.470+0200] {logging_mixin.py:188} INFO - [2026-04-01T22:34:34.469+0200] {dag.py:3096} INFO - Sync 1 DAGs
[2026-04-01T22:34:34.518+0200] {logging_mixin.py:188} INFO - [2026-04-01T22:34:34.518+0200] {dag.py:3954} INFO - Setting next_dagrun for example_nested_branch_dag to 2026-03-31 00:00:00+00:00, run_after=2026-04-01 00:00:00+00:00
[2026-04-01T22:34:34.577+0200] {processor.py:183} INFO - Processing /home/malte/try_rag/.venv/lib/python3.12/site-packages/airflow/example_dags/example_nested_branch_dag.py took 0.204 seconds
[2026-04-01T22:35:58.397+0200] {processor.py:161} INFO - Started process (PID=46772) to work on /home/malte/try_rag/.venv/lib/python3.12/site-packages/airflow/example_dags/example_nested_branch_dag.py
[2026-04-01T22:35:58.401+0200] {processor.py:830} INFO - Processing file /home/malte/try_rag/.venv/lib/python3.12/site-packages/airflow/example_dags/example_nested_branch_dag.py for tasks to queue
[2026-04-01T22:35:58.403+0200] {logging_mixin.py:188} INFO - [2026-04-01T22:35:58.402+0200] {dagbag.py:545} INFO - Filling up the DagBag from /home/malte/try_rag/.venv/lib/python3.12/site-packages/airflow/example_dags/example_nested_branch_dag.py
[2026-04-01T22:35:58.433+0200] {processor.py:840} INFO - DAG(s) 'example_nested_branch_dag' retrieved from /home/malte/try_rag/.venv/lib/python3.12/site-packages/airflow/example_dags/example_nested_branch_dag.py
[2026-04-01T22:35:58.490+0200] {logging_mixin.py:188} INFO - [2026-04-01T22:35:58.489+0200] {dag.py:3096} INFO - Sync 1 DAGs
[2026-04-01T22:35:58.543+0200] {logging_mixin.py:188} INFO - [2026-04-01T22:35:58.542+0200] {dag.py:3954} INFO - Setting next_dagrun for example_nested_branch_dag to 2026-03-31 00:00:00+00:00, run_after=2026-04-01 00:00:00+00:00
[2026-04-01T22:35:58.616+0200] {processor.py:183} INFO - Processing /home/malte/try_rag/.venv/lib/python3.12/site-packages/airflow/example_dags/example_nested_branch_dag.py took 0.238 seconds
