[2026-04-01T22:13:56.706+0200] {processor.py:161} INFO - Started process (PID=42813) to work on /home/malte/try_rag/.venv/lib/python3.12/site-packages/airflow/example_dags/example_xcom.py
[2026-04-01T22:13:56.710+0200] {processor.py:830} INFO - Processing file /home/malte/try_rag/.venv/lib/python3.12/site-packages/airflow/example_dags/example_xcom.py for tasks to queue
[2026-04-01T22:13:56.712+0200] {logging_mixin.py:188} INFO - [2026-04-01T22:13:56.711+0200] {dagbag.py:545} INFO - Filling up the DagBag from /home/malte/try_rag/.venv/lib/python3.12/site-packages/airflow/example_dags/example_xcom.py
[2026-04-01T22:13:56.746+0200] {processor.py:840} INFO - DAG(s) 'example_xcom' retrieved from /home/malte/try_rag/.venv/lib/python3.12/site-packages/airflow/example_dags/example_xcom.py
[2026-04-01T22:13:57.080+0200] {logging_mixin.py:188} INFO - [2026-04-01T22:13:57.078+0200] {override.py:1930} INFO - Created Permission View: can edit on DAG:example_xcom
[2026-04-01T22:13:57.113+0200] {logging_mixin.py:188} INFO - [2026-04-01T22:13:57.113+0200] {override.py:1930} INFO - Created Permission View: can read on DAG:example_xcom
[2026-04-01T22:13:57.145+0200] {logging_mixin.py:188} INFO - [2026-04-01T22:13:57.145+0200] {override.py:1930} INFO - Created Permission View: can delete on DAG:example_xcom
[2026-04-01T22:13:57.147+0200] {logging_mixin.py:188} INFO - [2026-04-01T22:13:57.146+0200] {dag.py:3096} INFO - Sync 1 DAGs
[2026-04-01T22:13:57.190+0200] {logging_mixin.py:188} INFO - [2026-04-01T22:13:57.190+0200] {dag.py:3118} INFO - Creating ORM DAG for example_xcom
[2026-04-01T22:13:57.219+0200] {logging_mixin.py:188} INFO - [2026-04-01T22:13:57.219+0200] {dag.py:3954} INFO - Setting next_dagrun for example_xcom to 2021-01-01 00:00:00+00:00, run_after=2021-01-01 00:00:00+00:00
[2026-04-01T22:13:57.292+0200] {processor.py:183} INFO - Processing /home/malte/try_rag/.venv/lib/python3.12/site-packages/airflow/example_dags/example_xcom.py took 0.603 seconds
[2026-04-01T22:15:14.107+0200] {processor.py:161} INFO - Started process (PID=42967) to work on /home/malte/try_rag/.venv/lib/python3.12/site-packages/airflow/example_dags/example_xcom.py
[2026-04-01T22:15:14.122+0200] {processor.py:830} INFO - Processing file /home/malte/try_rag/.venv/lib/python3.12/site-packages/airflow/example_dags/example_xcom.py for tasks to queue
[2026-04-01T22:15:14.125+0200] {logging_mixin.py:188} INFO - [2026-04-01T22:15:14.124+0200] {dagbag.py:545} INFO - Filling up the DagBag from /home/malte/try_rag/.venv/lib/python3.12/site-packages/airflow/example_dags/example_xcom.py
[2026-04-01T22:15:14.148+0200] {processor.py:840} INFO - DAG(s) 'example_xcom' retrieved from /home/malte/try_rag/.venv/lib/python3.12/site-packages/airflow/example_dags/example_xcom.py
[2026-04-01T22:15:14.207+0200] {logging_mixin.py:188} INFO - [2026-04-01T22:15:14.206+0200] {dag.py:3096} INFO - Sync 1 DAGs
[2026-04-01T22:15:14.260+0200] {logging_mixin.py:188} INFO - [2026-04-01T22:15:14.260+0200] {dag.py:3954} INFO - Setting next_dagrun for example_xcom to 2021-01-01 00:00:00+00:00, run_after=2021-01-01 00:00:00+00:00
[2026-04-01T22:15:14.330+0200] {processor.py:183} INFO - Processing /home/malte/try_rag/.venv/lib/python3.12/site-packages/airflow/example_dags/example_xcom.py took 0.242 seconds
[2026-04-01T22:16:29.626+0200] {processor.py:161} INFO - Started process (PID=43115) to work on /home/malte/try_rag/.venv/lib/python3.12/site-packages/airflow/example_dags/example_xcom.py
[2026-04-01T22:16:29.629+0200] {processor.py:830} INFO - Processing file /home/malte/try_rag/.venv/lib/python3.12/site-packages/airflow/example_dags/example_xcom.py for tasks to queue
[2026-04-01T22:16:29.632+0200] {logging_mixin.py:188} INFO - [2026-04-01T22:16:29.631+0200] {dagbag.py:545} INFO - Filling up the DagBag from /home/malte/try_rag/.venv/lib/python3.12/site-packages/airflow/example_dags/example_xcom.py
[2026-04-01T22:16:29.654+0200] {processor.py:840} INFO - DAG(s) 'example_xcom' retrieved from /home/malte/try_rag/.venv/lib/python3.12/site-packages/airflow/example_dags/example_xcom.py
[2026-04-01T22:16:29.717+0200] {logging_mixin.py:188} INFO - [2026-04-01T22:16:29.717+0200] {dag.py:3096} INFO - Sync 1 DAGs
[2026-04-01T22:16:29.767+0200] {logging_mixin.py:188} INFO - [2026-04-01T22:16:29.766+0200] {dag.py:3954} INFO - Setting next_dagrun for example_xcom to 2021-01-01 00:00:00+00:00, run_after=2021-01-01 00:00:00+00:00
[2026-04-01T22:16:29.831+0200] {processor.py:183} INFO - Processing /home/malte/try_rag/.venv/lib/python3.12/site-packages/airflow/example_dags/example_xcom.py took 0.222 seconds
[2026-04-01T22:17:44.452+0200] {processor.py:161} INFO - Started process (PID=43268) to work on /home/malte/try_rag/.venv/lib/python3.12/site-packages/airflow/example_dags/example_xcom.py
[2026-04-01T22:17:44.457+0200] {processor.py:830} INFO - Processing file /home/malte/try_rag/.venv/lib/python3.12/site-packages/airflow/example_dags/example_xcom.py for tasks to queue
[2026-04-01T22:17:44.460+0200] {logging_mixin.py:188} INFO - [2026-04-01T22:17:44.459+0200] {dagbag.py:545} INFO - Filling up the DagBag from /home/malte/try_rag/.venv/lib/python3.12/site-packages/airflow/example_dags/example_xcom.py
[2026-04-01T22:17:44.486+0200] {processor.py:840} INFO - DAG(s) 'example_xcom' retrieved from /home/malte/try_rag/.venv/lib/python3.12/site-packages/airflow/example_dags/example_xcom.py
[2026-04-01T22:17:44.548+0200] {logging_mixin.py:188} INFO - [2026-04-01T22:17:44.547+0200] {dag.py:3096} INFO - Sync 1 DAGs
[2026-04-01T22:17:44.620+0200] {logging_mixin.py:188} INFO - [2026-04-01T22:17:44.619+0200] {dag.py:3954} INFO - Setting next_dagrun for example_xcom to 2021-01-01 00:00:00+00:00, run_after=2021-01-01 00:00:00+00:00
[2026-04-01T22:17:44.700+0200] {processor.py:183} INFO - Processing /home/malte/try_rag/.venv/lib/python3.12/site-packages/airflow/example_dags/example_xcom.py took 0.266 seconds
[2026-04-01T22:19:06.881+0200] {processor.py:161} INFO - Started process (PID=43454) to work on /home/malte/try_rag/.venv/lib/python3.12/site-packages/airflow/example_dags/example_xcom.py
[2026-04-01T22:19:06.895+0200] {processor.py:830} INFO - Processing file /home/malte/try_rag/.venv/lib/python3.12/site-packages/airflow/example_dags/example_xcom.py for tasks to queue
[2026-04-01T22:19:06.898+0200] {logging_mixin.py:188} INFO - [2026-04-01T22:19:06.897+0200] {dagbag.py:545} INFO - Filling up the DagBag from /home/malte/try_rag/.venv/lib/python3.12/site-packages/airflow/example_dags/example_xcom.py
[2026-04-01T22:19:06.922+0200] {processor.py:840} INFO - DAG(s) 'example_xcom' retrieved from /home/malte/try_rag/.venv/lib/python3.12/site-packages/airflow/example_dags/example_xcom.py
[2026-04-01T22:19:07.298+0200] {logging_mixin.py:188} INFO - [2026-04-01T22:19:07.298+0200] {dag.py:3096} INFO - Sync 1 DAGs
[2026-04-01T22:19:07.339+0200] {logging_mixin.py:188} INFO - [2026-04-01T22:19:07.339+0200] {dag.py:3954} INFO - Setting next_dagrun for example_xcom to 2021-01-01 00:00:00+00:00, run_after=2021-01-01 00:00:00+00:00
[2026-04-01T22:19:07.404+0200] {processor.py:183} INFO - Processing /home/malte/try_rag/.venv/lib/python3.12/site-packages/airflow/example_dags/example_xcom.py took 0.541 seconds
[2026-04-01T22:19:56.290+0200] {processor.py:161} INFO - Started process (PID=43543) to work on /home/malte/try_rag/.venv/lib/python3.12/site-packages/airflow/example_dags/example_xcom.py
[2026-04-01T22:19:56.294+0200] {processor.py:830} INFO - Processing file /home/malte/try_rag/.venv/lib/python3.12/site-packages/airflow/example_dags/example_xcom.py for tasks to queue
[2026-04-01T22:19:56.296+0200] {logging_mixin.py:188} INFO - [2026-04-01T22:19:56.295+0200] {dagbag.py:545} INFO - Filling up the DagBag from /home/malte/try_rag/.venv/lib/python3.12/site-packages/airflow/example_dags/example_xcom.py
[2026-04-01T22:19:56.318+0200] {processor.py:840} INFO - DAG(s) 'example_xcom' retrieved from /home/malte/try_rag/.venv/lib/python3.12/site-packages/airflow/example_dags/example_xcom.py
[2026-04-01T22:19:56.367+0200] {logging_mixin.py:188} INFO - [2026-04-01T22:19:56.366+0200] {dag.py:3096} INFO - Sync 1 DAGs
[2026-04-01T22:19:56.425+0200] {logging_mixin.py:188} INFO - [2026-04-01T22:19:56.424+0200] {dag.py:3954} INFO - Setting next_dagrun for example_xcom to 2021-01-01 00:00:00+00:00, run_after=2021-01-01 00:00:00+00:00
[2026-04-01T22:19:56.489+0200] {processor.py:183} INFO - Processing /home/malte/try_rag/.venv/lib/python3.12/site-packages/airflow/example_dags/example_xcom.py took 0.215 seconds
[2026-04-01T22:21:11.140+0200] {processor.py:161} INFO - Started process (PID=43691) to work on /home/malte/try_rag/.venv/lib/python3.12/site-packages/airflow/example_dags/example_xcom.py
[2026-04-01T22:21:11.144+0200] {processor.py:830} INFO - Processing file /home/malte/try_rag/.venv/lib/python3.12/site-packages/airflow/example_dags/example_xcom.py for tasks to queue
[2026-04-01T22:21:11.147+0200] {logging_mixin.py:188} INFO - [2026-04-01T22:21:11.146+0200] {dagbag.py:545} INFO - Filling up the DagBag from /home/malte/try_rag/.venv/lib/python3.12/site-packages/airflow/example_dags/example_xcom.py
[2026-04-01T22:21:11.174+0200] {processor.py:840} INFO - DAG(s) 'example_xcom' retrieved from /home/malte/try_rag/.venv/lib/python3.12/site-packages/airflow/example_dags/example_xcom.py
[2026-04-01T22:21:11.232+0200] {logging_mixin.py:188} INFO - [2026-04-01T22:21:11.231+0200] {dag.py:3096} INFO - Sync 1 DAGs
[2026-04-01T22:21:11.289+0200] {logging_mixin.py:188} INFO - [2026-04-01T22:21:11.288+0200] {dag.py:3954} INFO - Setting next_dagrun for example_xcom to 2021-01-01 00:00:00+00:00, run_after=2021-01-01 00:00:00+00:00
[2026-04-01T22:21:11.369+0200] {processor.py:183} INFO - Processing /home/malte/try_rag/.venv/lib/python3.12/site-packages/airflow/example_dags/example_xcom.py took 0.246 seconds
[2026-04-01T22:22:23.955+0200] {processor.py:161} INFO - Started process (PID=43840) to work on /home/malte/try_rag/.venv/lib/python3.12/site-packages/airflow/example_dags/example_xcom.py
[2026-04-01T22:22:23.961+0200] {processor.py:830} INFO - Processing file /home/malte/try_rag/.venv/lib/python3.12/site-packages/airflow/example_dags/example_xcom.py for tasks to queue
[2026-04-01T22:22:23.965+0200] {logging_mixin.py:188} INFO - [2026-04-01T22:22:23.963+0200] {dagbag.py:545} INFO - Filling up the DagBag from /home/malte/try_rag/.venv/lib/python3.12/site-packages/airflow/example_dags/example_xcom.py
[2026-04-01T22:22:23.998+0200] {processor.py:840} INFO - DAG(s) 'example_xcom' retrieved from /home/malte/try_rag/.venv/lib/python3.12/site-packages/airflow/example_dags/example_xcom.py
[2026-04-01T22:22:24.056+0200] {logging_mixin.py:188} INFO - [2026-04-01T22:22:24.055+0200] {dag.py:3096} INFO - Sync 1 DAGs
[2026-04-01T22:22:24.130+0200] {logging_mixin.py:188} INFO - [2026-04-01T22:22:24.129+0200] {dag.py:3954} INFO - Setting next_dagrun for example_xcom to 2021-01-01 00:00:00+00:00, run_after=2021-01-01 00:00:00+00:00
[2026-04-01T22:22:24.217+0200] {processor.py:183} INFO - Processing /home/malte/try_rag/.venv/lib/python3.12/site-packages/airflow/example_dags/example_xcom.py took 0.283 seconds
[2026-04-01T22:23:39.049+0200] {processor.py:161} INFO - Started process (PID=43999) to work on /home/malte/try_rag/.venv/lib/python3.12/site-packages/airflow/example_dags/example_xcom.py
[2026-04-01T22:23:39.053+0200] {processor.py:830} INFO - Processing file /home/malte/try_rag/.venv/lib/python3.12/site-packages/airflow/example_dags/example_xcom.py for tasks to queue
[2026-04-01T22:23:39.056+0200] {logging_mixin.py:188} INFO - [2026-04-01T22:23:39.055+0200] {dagbag.py:545} INFO - Filling up the DagBag from /home/malte/try_rag/.venv/lib/python3.12/site-packages/airflow/example_dags/example_xcom.py
[2026-04-01T22:23:39.081+0200] {processor.py:840} INFO - DAG(s) 'example_xcom' retrieved from /home/malte/try_rag/.venv/lib/python3.12/site-packages/airflow/example_dags/example_xcom.py
[2026-04-01T22:23:39.144+0200] {logging_mixin.py:188} INFO - [2026-04-01T22:23:39.144+0200] {dag.py:3096} INFO - Sync 1 DAGs
[2026-04-01T22:23:39.212+0200] {logging_mixin.py:188} INFO - [2026-04-01T22:23:39.211+0200] {dag.py:3954} INFO - Setting next_dagrun for example_xcom to 2021-01-01 00:00:00+00:00, run_after=2021-01-01 00:00:00+00:00
[2026-04-01T22:23:39.292+0200] {processor.py:183} INFO - Processing /home/malte/try_rag/.venv/lib/python3.12/site-packages/airflow/example_dags/example_xcom.py took 0.263 seconds
[2026-04-01T22:24:48.956+0200] {processor.py:161} INFO - Started process (PID=44156) to work on /home/malte/try_rag/.venv/lib/python3.12/site-packages/airflow/example_dags/example_xcom.py
[2026-04-01T22:24:48.970+0200] {processor.py:830} INFO - Processing file /home/malte/try_rag/.venv/lib/python3.12/site-packages/airflow/example_dags/example_xcom.py for tasks to queue
[2026-04-01T22:24:48.973+0200] {logging_mixin.py:188} INFO - [2026-04-01T22:24:48.971+0200] {dagbag.py:545} INFO - Filling up the DagBag from /home/malte/try_rag/.venv/lib/python3.12/site-packages/airflow/example_dags/example_xcom.py
[2026-04-01T22:24:49.011+0200] {processor.py:840} INFO - DAG(s) 'example_xcom' retrieved from /home/malte/try_rag/.venv/lib/python3.12/site-packages/airflow/example_dags/example_xcom.py
[2026-04-01T22:24:49.062+0200] {logging_mixin.py:188} INFO - [2026-04-01T22:24:49.061+0200] {dag.py:3096} INFO - Sync 1 DAGs
[2026-04-01T22:24:49.119+0200] {logging_mixin.py:188} INFO - [2026-04-01T22:24:49.118+0200] {dag.py:3954} INFO - Setting next_dagrun for example_xcom to 2021-01-01 00:00:00+00:00, run_after=2021-01-01 00:00:00+00:00
[2026-04-01T22:24:49.187+0200] {processor.py:183} INFO - Processing /home/malte/try_rag/.venv/lib/python3.12/site-packages/airflow/example_dags/example_xcom.py took 0.252 seconds
[2026-04-01T22:30:19.395+0200] {processor.py:161} INFO - Started process (PID=45671) to work on /home/malte/try_rag/.venv/lib/python3.12/site-packages/airflow/example_dags/example_xcom.py
[2026-04-01T22:30:19.400+0200] {processor.py:830} INFO - Processing file /home/malte/try_rag/.venv/lib/python3.12/site-packages/airflow/example_dags/example_xcom.py for tasks to queue
[2026-04-01T22:30:19.403+0200] {logging_mixin.py:188} INFO - [2026-04-01T22:30:19.401+0200] {dagbag.py:545} INFO - Filling up the DagBag from /home/malte/try_rag/.venv/lib/python3.12/site-packages/airflow/example_dags/example_xcom.py
[2026-04-01T22:30:19.439+0200] {processor.py:840} INFO - DAG(s) 'example_xcom' retrieved from /home/malte/try_rag/.venv/lib/python3.12/site-packages/airflow/example_dags/example_xcom.py
[2026-04-01T22:30:19.469+0200] {logging_mixin.py:188} INFO - [2026-04-01T22:30:19.469+0200] {dag.py:3096} INFO - Sync 1 DAGs
[2026-04-01T22:30:19.538+0200] {logging_mixin.py:188} INFO - [2026-04-01T22:30:19.537+0200] {dag.py:3954} INFO - Setting next_dagrun for example_xcom to 2021-01-01 00:00:00+00:00, run_after=2021-01-01 00:00:00+00:00
[2026-04-01T22:30:19.597+0200] {processor.py:183} INFO - Processing /home/malte/try_rag/.venv/lib/python3.12/site-packages/airflow/example_dags/example_xcom.py took 0.221 seconds
[2026-04-01T22:31:35.217+0200] {processor.py:161} INFO - Started process (PID=45893) to work on /home/malte/try_rag/.venv/lib/python3.12/site-packages/airflow/example_dags/example_xcom.py
[2026-04-01T22:31:35.220+0200] {processor.py:830} INFO - Processing file /home/malte/try_rag/.venv/lib/python3.12/site-packages/airflow/example_dags/example_xcom.py for tasks to queue
[2026-04-01T22:31:35.223+0200] {logging_mixin.py:188} INFO - [2026-04-01T22:31:35.222+0200] {dagbag.py:545} INFO - Filling up the DagBag from /home/malte/try_rag/.venv/lib/python3.12/site-packages/airflow/example_dags/example_xcom.py
[2026-04-01T22:31:35.247+0200] {processor.py:840} INFO - DAG(s) 'example_xcom' retrieved from /home/malte/try_rag/.venv/lib/python3.12/site-packages/airflow/example_dags/example_xcom.py
[2026-04-01T22:31:35.558+0200] {logging_mixin.py:188} INFO - [2026-04-01T22:31:35.557+0200] {dag.py:3096} INFO - Sync 1 DAGs
[2026-04-01T22:31:35.622+0200] {logging_mixin.py:188} INFO - [2026-04-01T22:31:35.621+0200] {dag.py:3954} INFO - Setting next_dagrun for example_xcom to 2021-01-01 00:00:00+00:00, run_after=2021-01-01 00:00:00+00:00
[2026-04-01T22:31:35.713+0200] {processor.py:183} INFO - Processing /home/malte/try_rag/.venv/lib/python3.12/site-packages/airflow/example_dags/example_xcom.py took 0.514 seconds
[2026-04-01T22:32:45.990+0200] {processor.py:161} INFO - Started process (PID=46096) to work on /home/malte/try_rag/.venv/lib/python3.12/site-packages/airflow/example_dags/example_xcom.py
[2026-04-01T22:32:46.005+0200] {processor.py:830} INFO - Processing file /home/malte/try_rag/.venv/lib/python3.12/site-packages/airflow/example_dags/example_xcom.py for tasks to queue
[2026-04-01T22:32:46.007+0200] {logging_mixin.py:188} INFO - [2026-04-01T22:32:46.006+0200] {dagbag.py:545} INFO - Filling up the DagBag from /home/malte/try_rag/.venv/lib/python3.12/site-packages/airflow/example_dags/example_xcom.py
[2026-04-01T22:32:46.030+0200] {processor.py:840} INFO - DAG(s) 'example_xcom' retrieved from /home/malte/try_rag/.venv/lib/python3.12/site-packages/airflow/example_dags/example_xcom.py
[2026-04-01T22:32:46.081+0200] {logging_mixin.py:188} INFO - [2026-04-01T22:32:46.081+0200] {dag.py:3096} INFO - Sync 1 DAGs
[2026-04-01T22:32:46.142+0200] {logging_mixin.py:188} INFO - [2026-04-01T22:32:46.142+0200] {dag.py:3954} INFO - Setting next_dagrun for example_xcom to 2021-01-01 00:00:00+00:00, run_after=2021-01-01 00:00:00+00:00
[2026-04-01T22:32:46.224+0200] {processor.py:183} INFO - Processing /home/malte/try_rag/.venv/lib/python3.12/site-packages/airflow/example_dags/example_xcom.py took 0.252 seconds
[2026-04-01T22:34:01.000+0200] {processor.py:161} INFO - Started process (PID=46365) to work on /home/malte/try_rag/.venv/lib/python3.12/site-packages/airflow/example_dags/example_xcom.py
[2026-04-01T22:34:01.005+0200] {processor.py:830} INFO - Processing file /home/malte/try_rag/.venv/lib/python3.12/site-packages/airflow/example_dags/example_xcom.py for tasks to queue
[2026-04-01T22:34:01.009+0200] {logging_mixin.py:188} INFO - [2026-04-01T22:34:01.007+0200] {dagbag.py:545} INFO - Filling up the DagBag from /home/malte/try_rag/.venv/lib/python3.12/site-packages/airflow/example_dags/example_xcom.py
[2026-04-01T22:34:01.046+0200] {processor.py:840} INFO - DAG(s) 'example_xcom' retrieved from /home/malte/try_rag/.venv/lib/python3.12/site-packages/airflow/example_dags/example_xcom.py
[2026-04-01T22:34:01.116+0200] {logging_mixin.py:188} INFO - [2026-04-01T22:34:01.115+0200] {dag.py:3096} INFO - Sync 1 DAGs
[2026-04-01T22:34:01.197+0200] {logging_mixin.py:188} INFO - [2026-04-01T22:34:01.196+0200] {dag.py:3954} INFO - Setting next_dagrun for example_xcom to 2021-01-01 00:00:00+00:00, run_after=2021-01-01 00:00:00+00:00
[2026-04-01T22:34:01.303+0200] {processor.py:183} INFO - Processing /home/malte/try_rag/.venv/lib/python3.12/site-packages/airflow/example_dags/example_xcom.py took 0.326 seconds
[2026-04-01T22:35:10.393+0200] {processor.py:161} INFO - Started process (PID=46692) to work on /home/malte/try_rag/.venv/lib/python3.12/site-packages/airflow/example_dags/example_xcom.py
[2026-04-01T22:35:10.397+0200] {processor.py:830} INFO - Processing file /home/malte/try_rag/.venv/lib/python3.12/site-packages/airflow/example_dags/example_xcom.py for tasks to queue
[2026-04-01T22:35:10.400+0200] {logging_mixin.py:188} INFO - [2026-04-01T22:35:10.398+0200] {dagbag.py:545} INFO - Filling up the DagBag from /home/malte/try_rag/.venv/lib/python3.12/site-packages/airflow/example_dags/example_xcom.py
[2026-04-01T22:35:10.429+0200] {processor.py:840} INFO - DAG(s) 'example_xcom' retrieved from /home/malte/try_rag/.venv/lib/python3.12/site-packages/airflow/example_dags/example_xcom.py
[2026-04-01T22:35:10.492+0200] {logging_mixin.py:188} INFO - [2026-04-01T22:35:10.491+0200] {dag.py:3096} INFO - Sync 1 DAGs
[2026-04-01T22:35:10.850+0200] {logging_mixin.py:188} INFO - [2026-04-01T22:35:10.849+0200] {dag.py:3954} INFO - Setting next_dagrun for example_xcom to 2021-01-01 00:00:00+00:00, run_after=2021-01-01 00:00:00+00:00
[2026-04-01T22:35:10.901+0200] {processor.py:183} INFO - Processing /home/malte/try_rag/.venv/lib/python3.12/site-packages/airflow/example_dags/example_xcom.py took 0.531 seconds
[2026-04-01T22:35:56.876+0200] {processor.py:161} INFO - Started process (PID=46771) to work on /home/malte/try_rag/.venv/lib/python3.12/site-packages/airflow/example_dags/example_xcom.py
[2026-04-01T22:35:56.890+0200] {processor.py:830} INFO - Processing file /home/malte/try_rag/.venv/lib/python3.12/site-packages/airflow/example_dags/example_xcom.py for tasks to queue
[2026-04-01T22:35:56.894+0200] {logging_mixin.py:188} INFO - [2026-04-01T22:35:56.892+0200] {dagbag.py:545} INFO - Filling up the DagBag from /home/malte/try_rag/.venv/lib/python3.12/site-packages/airflow/example_dags/example_xcom.py
[2026-04-01T22:35:56.933+0200] {processor.py:840} INFO - DAG(s) 'example_xcom' retrieved from /home/malte/try_rag/.venv/lib/python3.12/site-packages/airflow/example_dags/example_xcom.py
[2026-04-01T22:35:57.010+0200] {logging_mixin.py:188} INFO - [2026-04-01T22:35:57.010+0200] {dag.py:3096} INFO - Sync 1 DAGs
[2026-04-01T22:35:57.088+0200] {logging_mixin.py:188} INFO - [2026-04-01T22:35:57.087+0200] {dag.py:3954} INFO - Setting next_dagrun for example_xcom to 2021-01-01 00:00:00+00:00, run_after=2021-01-01 00:00:00+00:00
[2026-04-01T22:35:57.203+0200] {processor.py:183} INFO - Processing /home/malte/try_rag/.venv/lib/python3.12/site-packages/airflow/example_dags/example_xcom.py took 0.347 seconds
