[2026-04-01T22:14:02.035+0200] {processor.py:161} INFO - Started process (PID=42826) to work on /home/malte/try_rag/.venv/lib/python3.12/site-packages/airflow/example_dags/example_time_delta_sensor_async.py
[2026-04-01T22:14:02.038+0200] {processor.py:830} INFO - Processing file /home/malte/try_rag/.venv/lib/python3.12/site-packages/airflow/example_dags/example_time_delta_sensor_async.py for tasks to queue
[2026-04-01T22:14:02.043+0200] {logging_mixin.py:188} INFO - [2026-04-01T22:14:02.041+0200] {dagbag.py:545} INFO - Filling up the DagBag from /home/malte/try_rag/.venv/lib/python3.12/site-packages/airflow/example_dags/example_time_delta_sensor_async.py
[2026-04-01T22:14:02.069+0200] {processor.py:840} INFO - DAG(s) 'example_time_delta_sensor_async' retrieved from /home/malte/try_rag/.venv/lib/python3.12/site-packages/airflow/example_dags/example_time_delta_sensor_async.py
[2026-04-01T22:14:02.335+0200] {logging_mixin.py:188} INFO - [2026-04-01T22:14:02.334+0200] {override.py:1930} INFO - Created Permission View: can edit on DAG:example_time_delta_sensor_async
[2026-04-01T22:14:02.366+0200] {logging_mixin.py:188} INFO - [2026-04-01T22:14:02.366+0200] {override.py:1930} INFO - Created Permission View: can read on DAG:example_time_delta_sensor_async
[2026-04-01T22:14:02.386+0200] {logging_mixin.py:188} INFO - [2026-04-01T22:14:02.385+0200] {override.py:1930} INFO - Created Permission View: can delete on DAG:example_time_delta_sensor_async
[2026-04-01T22:14:02.387+0200] {logging_mixin.py:188} INFO - [2026-04-01T22:14:02.386+0200] {dag.py:3096} INFO - Sync 1 DAGs
[2026-04-01T22:14:02.412+0200] {logging_mixin.py:188} INFO - [2026-04-01T22:14:02.411+0200] {dag.py:3118} INFO - Creating ORM DAG for example_time_delta_sensor_async
[2026-04-01T22:14:02.413+0200] {logging_mixin.py:188} INFO - [2026-04-01T22:14:02.413+0200] {dag.py:3954} INFO - Setting next_dagrun for example_time_delta_sensor_async to None, run_after=None
[2026-04-01T22:14:02.462+0200] {processor.py:183} INFO - Processing /home/malte/try_rag/.venv/lib/python3.12/site-packages/airflow/example_dags/example_time_delta_sensor_async.py took 0.444 seconds
[2026-04-01T22:15:18.307+0200] {processor.py:161} INFO - Started process (PID=42970) to work on /home/malte/try_rag/.venv/lib/python3.12/site-packages/airflow/example_dags/example_time_delta_sensor_async.py
[2026-04-01T22:15:18.310+0200] {processor.py:830} INFO - Processing file /home/malte/try_rag/.venv/lib/python3.12/site-packages/airflow/example_dags/example_time_delta_sensor_async.py for tasks to queue
[2026-04-01T22:15:18.313+0200] {logging_mixin.py:188} INFO - [2026-04-01T22:15:18.312+0200] {dagbag.py:545} INFO - Filling up the DagBag from /home/malte/try_rag/.venv/lib/python3.12/site-packages/airflow/example_dags/example_time_delta_sensor_async.py
[2026-04-01T22:15:18.326+0200] {processor.py:840} INFO - DAG(s) 'example_time_delta_sensor_async' retrieved from /home/malte/try_rag/.venv/lib/python3.12/site-packages/airflow/example_dags/example_time_delta_sensor_async.py
[2026-04-01T22:15:18.373+0200] {logging_mixin.py:188} INFO - [2026-04-01T22:15:18.373+0200] {dag.py:3096} INFO - Sync 1 DAGs
[2026-04-01T22:15:18.412+0200] {logging_mixin.py:188} INFO - [2026-04-01T22:15:18.411+0200] {dag.py:3954} INFO - Setting next_dagrun for example_time_delta_sensor_async to None, run_after=None
[2026-04-01T22:15:18.474+0200] {processor.py:183} INFO - Processing /home/malte/try_rag/.venv/lib/python3.12/site-packages/airflow/example_dags/example_time_delta_sensor_async.py took 0.184 seconds
[2026-04-01T22:16:33.932+0200] {processor.py:161} INFO - Started process (PID=43124) to work on /home/malte/try_rag/.venv/lib/python3.12/site-packages/airflow/example_dags/example_time_delta_sensor_async.py
[2026-04-01T22:16:33.936+0200] {processor.py:830} INFO - Processing file /home/malte/try_rag/.venv/lib/python3.12/site-packages/airflow/example_dags/example_time_delta_sensor_async.py for tasks to queue
[2026-04-01T22:16:33.938+0200] {logging_mixin.py:188} INFO - [2026-04-01T22:16:33.937+0200] {dagbag.py:545} INFO - Filling up the DagBag from /home/malte/try_rag/.venv/lib/python3.12/site-packages/airflow/example_dags/example_time_delta_sensor_async.py
[2026-04-01T22:16:33.952+0200] {processor.py:840} INFO - DAG(s) 'example_time_delta_sensor_async' retrieved from /home/malte/try_rag/.venv/lib/python3.12/site-packages/airflow/example_dags/example_time_delta_sensor_async.py
[2026-04-01T22:16:34.007+0200] {logging_mixin.py:188} INFO - [2026-04-01T22:16:34.006+0200] {dag.py:3096} INFO - Sync 1 DAGs
[2026-04-01T22:16:34.044+0200] {logging_mixin.py:188} INFO - [2026-04-01T22:16:34.043+0200] {dag.py:3954} INFO - Setting next_dagrun for example_time_delta_sensor_async to None, run_after=None
[2026-04-01T22:16:34.109+0200] {processor.py:183} INFO - Processing /home/malte/try_rag/.venv/lib/python3.12/site-packages/airflow/example_dags/example_time_delta_sensor_async.py took 0.201 seconds
[2026-04-01T22:17:48.685+0200] {processor.py:161} INFO - Started process (PID=43271) to work on /home/malte/try_rag/.venv/lib/python3.12/site-packages/airflow/example_dags/example_time_delta_sensor_async.py
[2026-04-01T22:17:48.700+0200] {processor.py:830} INFO - Processing file /home/malte/try_rag/.venv/lib/python3.12/site-packages/airflow/example_dags/example_time_delta_sensor_async.py for tasks to queue
[2026-04-01T22:17:48.702+0200] {logging_mixin.py:188} INFO - [2026-04-01T22:17:48.701+0200] {dagbag.py:545} INFO - Filling up the DagBag from /home/malte/try_rag/.venv/lib/python3.12/site-packages/airflow/example_dags/example_time_delta_sensor_async.py
[2026-04-01T22:17:48.720+0200] {processor.py:840} INFO - DAG(s) 'example_time_delta_sensor_async' retrieved from /home/malte/try_rag/.venv/lib/python3.12/site-packages/airflow/example_dags/example_time_delta_sensor_async.py
[2026-04-01T22:17:48.793+0200] {logging_mixin.py:188} INFO - [2026-04-01T22:17:48.792+0200] {dag.py:3096} INFO - Sync 1 DAGs
[2026-04-01T22:17:48.846+0200] {logging_mixin.py:188} INFO - [2026-04-01T22:17:48.845+0200] {dag.py:3954} INFO - Setting next_dagrun for example_time_delta_sensor_async to None, run_after=None
[2026-04-01T22:17:48.941+0200] {processor.py:183} INFO - Processing /home/malte/try_rag/.venv/lib/python3.12/site-packages/airflow/example_dags/example_time_delta_sensor_async.py took 0.278 seconds
[2026-04-01T22:19:12.137+0200] {processor.py:161} INFO - Started process (PID=43463) to work on /home/malte/try_rag/.venv/lib/python3.12/site-packages/airflow/example_dags/example_time_delta_sensor_async.py
[2026-04-01T22:19:12.153+0200] {processor.py:830} INFO - Processing file /home/malte/try_rag/.venv/lib/python3.12/site-packages/airflow/example_dags/example_time_delta_sensor_async.py for tasks to queue
[2026-04-01T22:19:12.156+0200] {logging_mixin.py:188} INFO - [2026-04-01T22:19:12.155+0200] {dagbag.py:545} INFO - Filling up the DagBag from /home/malte/try_rag/.venv/lib/python3.12/site-packages/airflow/example_dags/example_time_delta_sensor_async.py
[2026-04-01T22:19:12.171+0200] {processor.py:840} INFO - DAG(s) 'example_time_delta_sensor_async' retrieved from /home/malte/try_rag/.venv/lib/python3.12/site-packages/airflow/example_dags/example_time_delta_sensor_async.py
[2026-04-01T22:19:12.229+0200] {logging_mixin.py:188} INFO - [2026-04-01T22:19:12.228+0200] {dag.py:3096} INFO - Sync 1 DAGs
[2026-04-01T22:19:12.681+0200] {logging_mixin.py:188} INFO - [2026-04-01T22:19:12.680+0200] {dag.py:3954} INFO - Setting next_dagrun for example_time_delta_sensor_async to None, run_after=None
[2026-04-01T22:19:12.748+0200] {processor.py:183} INFO - Processing /home/malte/try_rag/.venv/lib/python3.12/site-packages/airflow/example_dags/example_time_delta_sensor_async.py took 0.629 seconds
[2026-04-01T22:20:37.041+0200] {processor.py:161} INFO - Started process (PID=43622) to work on /home/malte/try_rag/.venv/lib/python3.12/site-packages/airflow/example_dags/example_time_delta_sensor_async.py
[2026-04-01T22:20:37.057+0200] {processor.py:830} INFO - Processing file /home/malte/try_rag/.venv/lib/python3.12/site-packages/airflow/example_dags/example_time_delta_sensor_async.py for tasks to queue
[2026-04-01T22:20:37.059+0200] {logging_mixin.py:188} INFO - [2026-04-01T22:20:37.058+0200] {dagbag.py:545} INFO - Filling up the DagBag from /home/malte/try_rag/.venv/lib/python3.12/site-packages/airflow/example_dags/example_time_delta_sensor_async.py
[2026-04-01T22:20:37.074+0200] {processor.py:840} INFO - DAG(s) 'example_time_delta_sensor_async' retrieved from /home/malte/try_rag/.venv/lib/python3.12/site-packages/airflow/example_dags/example_time_delta_sensor_async.py
[2026-04-01T22:20:37.125+0200] {logging_mixin.py:188} INFO - [2026-04-01T22:20:37.124+0200] {dag.py:3096} INFO - Sync 1 DAGs
[2026-04-01T22:20:37.174+0200] {logging_mixin.py:188} INFO - [2026-04-01T22:20:37.173+0200] {dag.py:3954} INFO - Setting next_dagrun for example_time_delta_sensor_async to None, run_after=None
[2026-04-01T22:20:37.250+0200] {processor.py:183} INFO - Processing /home/malte/try_rag/.venv/lib/python3.12/site-packages/airflow/example_dags/example_time_delta_sensor_async.py took 0.226 seconds
[2026-04-01T22:21:50.641+0200] {processor.py:161} INFO - Started process (PID=43767) to work on /home/malte/try_rag/.venv/lib/python3.12/site-packages/airflow/example_dags/example_time_delta_sensor_async.py
[2026-04-01T22:21:50.646+0200] {processor.py:830} INFO - Processing file /home/malte/try_rag/.venv/lib/python3.12/site-packages/airflow/example_dags/example_time_delta_sensor_async.py for tasks to queue
[2026-04-01T22:21:50.649+0200] {logging_mixin.py:188} INFO - [2026-04-01T22:21:50.647+0200] {dagbag.py:545} INFO - Filling up the DagBag from /home/malte/try_rag/.venv/lib/python3.12/site-packages/airflow/example_dags/example_time_delta_sensor_async.py
[2026-04-01T22:21:50.670+0200] {processor.py:840} INFO - DAG(s) 'example_time_delta_sensor_async' retrieved from /home/malte/try_rag/.venv/lib/python3.12/site-packages/airflow/example_dags/example_time_delta_sensor_async.py
[2026-04-01T22:21:50.730+0200] {logging_mixin.py:188} INFO - [2026-04-01T22:21:50.729+0200] {dag.py:3096} INFO - Sync 1 DAGs
[2026-04-01T22:21:50.766+0200] {logging_mixin.py:188} INFO - [2026-04-01T22:21:50.766+0200] {dag.py:3954} INFO - Setting next_dagrun for example_time_delta_sensor_async to None, run_after=None
[2026-04-01T22:21:50.832+0200] {processor.py:183} INFO - Processing /home/malte/try_rag/.venv/lib/python3.12/site-packages/airflow/example_dags/example_time_delta_sensor_async.py took 0.212 seconds
[2026-04-01T22:23:04.076+0200] {processor.py:161} INFO - Started process (PID=43917) to work on /home/malte/try_rag/.venv/lib/python3.12/site-packages/airflow/example_dags/example_time_delta_sensor_async.py
[2026-04-01T22:23:04.085+0200] {processor.py:830} INFO - Processing file /home/malte/try_rag/.venv/lib/python3.12/site-packages/airflow/example_dags/example_time_delta_sensor_async.py for tasks to queue
[2026-04-01T22:23:04.088+0200] {logging_mixin.py:188} INFO - [2026-04-01T22:23:04.087+0200] {dagbag.py:545} INFO - Filling up the DagBag from /home/malte/try_rag/.venv/lib/python3.12/site-packages/airflow/example_dags/example_time_delta_sensor_async.py
[2026-04-01T22:23:04.105+0200] {processor.py:840} INFO - DAG(s) 'example_time_delta_sensor_async' retrieved from /home/malte/try_rag/.venv/lib/python3.12/site-packages/airflow/example_dags/example_time_delta_sensor_async.py
[2026-04-01T22:23:04.168+0200] {logging_mixin.py:188} INFO - [2026-04-01T22:23:04.167+0200] {dag.py:3096} INFO - Sync 1 DAGs
[2026-04-01T22:23:04.214+0200] {logging_mixin.py:188} INFO - [2026-04-01T22:23:04.213+0200] {dag.py:3954} INFO - Setting next_dagrun for example_time_delta_sensor_async to None, run_after=None
[2026-04-01T22:23:04.282+0200] {processor.py:183} INFO - Processing /home/malte/try_rag/.venv/lib/python3.12/site-packages/airflow/example_dags/example_time_delta_sensor_async.py took 0.229 seconds
[2026-04-01T22:24:17.650+0200] {processor.py:161} INFO - Started process (PID=44095) to work on /home/malte/try_rag/.venv/lib/python3.12/site-packages/airflow/example_dags/example_time_delta_sensor_async.py
[2026-04-01T22:24:17.665+0200] {processor.py:830} INFO - Processing file /home/malte/try_rag/.venv/lib/python3.12/site-packages/airflow/example_dags/example_time_delta_sensor_async.py for tasks to queue
[2026-04-01T22:24:17.668+0200] {logging_mixin.py:188} INFO - [2026-04-01T22:24:17.666+0200] {dagbag.py:545} INFO - Filling up the DagBag from /home/malte/try_rag/.venv/lib/python3.12/site-packages/airflow/example_dags/example_time_delta_sensor_async.py
[2026-04-01T22:24:17.682+0200] {processor.py:840} INFO - DAG(s) 'example_time_delta_sensor_async' retrieved from /home/malte/try_rag/.venv/lib/python3.12/site-packages/airflow/example_dags/example_time_delta_sensor_async.py
[2026-04-01T22:24:17.738+0200] {logging_mixin.py:188} INFO - [2026-04-01T22:24:17.738+0200] {dag.py:3096} INFO - Sync 1 DAGs
[2026-04-01T22:24:17.771+0200] {logging_mixin.py:188} INFO - [2026-04-01T22:24:17.771+0200] {dag.py:3954} INFO - Setting next_dagrun for example_time_delta_sensor_async to None, run_after=None
[2026-04-01T22:24:17.837+0200] {processor.py:183} INFO - Processing /home/malte/try_rag/.venv/lib/python3.12/site-packages/airflow/example_dags/example_time_delta_sensor_async.py took 0.207 seconds
[2026-04-01T22:25:28.311+0200] {processor.py:161} INFO - Started process (PID=44238) to work on /home/malte/try_rag/.venv/lib/python3.12/site-packages/airflow/example_dags/example_time_delta_sensor_async.py
[2026-04-01T22:25:28.316+0200] {processor.py:830} INFO - Processing file /home/malte/try_rag/.venv/lib/python3.12/site-packages/airflow/example_dags/example_time_delta_sensor_async.py for tasks to queue
[2026-04-01T22:25:28.319+0200] {logging_mixin.py:188} INFO - [2026-04-01T22:25:28.318+0200] {dagbag.py:545} INFO - Filling up the DagBag from /home/malte/try_rag/.venv/lib/python3.12/site-packages/airflow/example_dags/example_time_delta_sensor_async.py
[2026-04-01T22:25:28.337+0200] {processor.py:840} INFO - DAG(s) 'example_time_delta_sensor_async' retrieved from /home/malte/try_rag/.venv/lib/python3.12/site-packages/airflow/example_dags/example_time_delta_sensor_async.py
[2026-04-01T22:25:28.385+0200] {logging_mixin.py:188} INFO - [2026-04-01T22:25:28.384+0200] {dag.py:3096} INFO - Sync 1 DAGs
[2026-04-01T22:25:28.426+0200] {logging_mixin.py:188} INFO - [2026-04-01T22:25:28.425+0200] {dag.py:3954} INFO - Setting next_dagrun for example_time_delta_sensor_async to None, run_after=None
[2026-04-01T22:25:28.478+0200] {processor.py:183} INFO - Processing /home/malte/try_rag/.venv/lib/python3.12/site-packages/airflow/example_dags/example_time_delta_sensor_async.py took 0.186 seconds
[2026-04-01T22:30:23.256+0200] {processor.py:161} INFO - Started process (PID=45709) to work on /home/malte/try_rag/.venv/lib/python3.12/site-packages/airflow/example_dags/example_time_delta_sensor_async.py
[2026-04-01T22:30:23.260+0200] {processor.py:830} INFO - Processing file /home/malte/try_rag/.venv/lib/python3.12/site-packages/airflow/example_dags/example_time_delta_sensor_async.py for tasks to queue
[2026-04-01T22:30:23.263+0200] {logging_mixin.py:188} INFO - [2026-04-01T22:30:23.261+0200] {dagbag.py:545} INFO - Filling up the DagBag from /home/malte/try_rag/.venv/lib/python3.12/site-packages/airflow/example_dags/example_time_delta_sensor_async.py
[2026-04-01T22:30:23.287+0200] {processor.py:840} INFO - DAG(s) 'example_time_delta_sensor_async' retrieved from /home/malte/try_rag/.venv/lib/python3.12/site-packages/airflow/example_dags/example_time_delta_sensor_async.py
[2026-04-01T22:30:23.583+0200] {logging_mixin.py:188} INFO - [2026-04-01T22:30:23.583+0200] {dag.py:3096} INFO - Sync 1 DAGs
[2026-04-01T22:30:23.612+0200] {logging_mixin.py:188} INFO - [2026-04-01T22:30:23.611+0200] {dag.py:3954} INFO - Setting next_dagrun for example_time_delta_sensor_async to None, run_after=None
[2026-04-01T22:30:23.670+0200] {processor.py:183} INFO - Processing /home/malte/try_rag/.venv/lib/python3.12/site-packages/airflow/example_dags/example_time_delta_sensor_async.py took 0.433 seconds
[2026-04-01T22:31:39.213+0200] {processor.py:161} INFO - Started process (PID=45897) to work on /home/malte/try_rag/.venv/lib/python3.12/site-packages/airflow/example_dags/example_time_delta_sensor_async.py
[2026-04-01T22:31:39.217+0200] {processor.py:830} INFO - Processing file /home/malte/try_rag/.venv/lib/python3.12/site-packages/airflow/example_dags/example_time_delta_sensor_async.py for tasks to queue
[2026-04-01T22:31:39.221+0200] {logging_mixin.py:188} INFO - [2026-04-01T22:31:39.219+0200] {dagbag.py:545} INFO - Filling up the DagBag from /home/malte/try_rag/.venv/lib/python3.12/site-packages/airflow/example_dags/example_time_delta_sensor_async.py
[2026-04-01T22:31:39.239+0200] {processor.py:840} INFO - DAG(s) 'example_time_delta_sensor_async' retrieved from /home/malte/try_rag/.venv/lib/python3.12/site-packages/airflow/example_dags/example_time_delta_sensor_async.py
[2026-04-01T22:31:39.300+0200] {logging_mixin.py:188} INFO - [2026-04-01T22:31:39.299+0200] {dag.py:3096} INFO - Sync 1 DAGs
[2026-04-01T22:31:39.350+0200] {logging_mixin.py:188} INFO - [2026-04-01T22:31:39.349+0200] {dag.py:3954} INFO - Setting next_dagrun for example_time_delta_sensor_async to None, run_after=None
[2026-04-01T22:31:39.423+0200] {processor.py:183} INFO - Processing /home/malte/try_rag/.venv/lib/python3.12/site-packages/airflow/example_dags/example_time_delta_sensor_async.py took 0.229 seconds
[2026-04-01T22:32:49.819+0200] {processor.py:161} INFO - Started process (PID=46105) to work on /home/malte/try_rag/.venv/lib/python3.12/site-packages/airflow/example_dags/example_time_delta_sensor_async.py
[2026-04-01T22:32:49.823+0200] {processor.py:830} INFO - Processing file /home/malte/try_rag/.venv/lib/python3.12/site-packages/airflow/example_dags/example_time_delta_sensor_async.py for tasks to queue
[2026-04-01T22:32:49.825+0200] {logging_mixin.py:188} INFO - [2026-04-01T22:32:49.824+0200] {dagbag.py:545} INFO - Filling up the DagBag from /home/malte/try_rag/.venv/lib/python3.12/site-packages/airflow/example_dags/example_time_delta_sensor_async.py
[2026-04-01T22:32:49.840+0200] {processor.py:840} INFO - DAG(s) 'example_time_delta_sensor_async' retrieved from /home/malte/try_rag/.venv/lib/python3.12/site-packages/airflow/example_dags/example_time_delta_sensor_async.py
[2026-04-01T22:32:49.887+0200] {logging_mixin.py:188} INFO - [2026-04-01T22:32:49.886+0200] {dag.py:3096} INFO - Sync 1 DAGs
[2026-04-01T22:32:49.918+0200] {logging_mixin.py:188} INFO - [2026-04-01T22:32:49.918+0200] {dag.py:3954} INFO - Setting next_dagrun for example_time_delta_sensor_async to None, run_after=None
[2026-04-01T22:32:49.975+0200] {processor.py:183} INFO - Processing /home/malte/try_rag/.venv/lib/python3.12/site-packages/airflow/example_dags/example_time_delta_sensor_async.py took 0.173 seconds
[2026-04-01T22:34:05.075+0200] {processor.py:161} INFO - Started process (PID=46433) to work on /home/malte/try_rag/.venv/lib/python3.12/site-packages/airflow/example_dags/example_time_delta_sensor_async.py
[2026-04-01T22:34:05.078+0200] {processor.py:830} INFO - Processing file /home/malte/try_rag/.venv/lib/python3.12/site-packages/airflow/example_dags/example_time_delta_sensor_async.py for tasks to queue
[2026-04-01T22:34:05.082+0200] {logging_mixin.py:188} INFO - [2026-04-01T22:34:05.080+0200] {dagbag.py:545} INFO - Filling up the DagBag from /home/malte/try_rag/.venv/lib/python3.12/site-packages/airflow/example_dags/example_time_delta_sensor_async.py
[2026-04-01T22:34:05.100+0200] {processor.py:840} INFO - DAG(s) 'example_time_delta_sensor_async' retrieved from /home/malte/try_rag/.venv/lib/python3.12/site-packages/airflow/example_dags/example_time_delta_sensor_async.py
[2026-04-01T22:34:05.160+0200] {logging_mixin.py:188} INFO - [2026-04-01T22:34:05.159+0200] {dag.py:3096} INFO - Sync 1 DAGs
[2026-04-01T22:34:05.203+0200] {logging_mixin.py:188} INFO - [2026-04-01T22:34:05.202+0200] {dag.py:3954} INFO - Setting next_dagrun for example_time_delta_sensor_async to None, run_after=None
[2026-04-01T22:34:05.263+0200] {processor.py:183} INFO - Processing /home/malte/try_rag/.venv/lib/python3.12/site-packages/airflow/example_dags/example_time_delta_sensor_async.py took 0.210 seconds
[2026-04-01T22:35:14.769+0200] {processor.py:161} INFO - Started process (PID=46695) to work on /home/malte/try_rag/.venv/lib/python3.12/site-packages/airflow/example_dags/example_time_delta_sensor_async.py
[2026-04-01T22:35:14.772+0200] {processor.py:830} INFO - Processing file /home/malte/try_rag/.venv/lib/python3.12/site-packages/airflow/example_dags/example_time_delta_sensor_async.py for tasks to queue
[2026-04-01T22:35:14.775+0200] {logging_mixin.py:188} INFO - [2026-04-01T22:35:14.774+0200] {dagbag.py:545} INFO - Filling up the DagBag from /home/malte/try_rag/.venv/lib/python3.12/site-packages/airflow/example_dags/example_time_delta_sensor_async.py
[2026-04-01T22:35:14.791+0200] {processor.py:840} INFO - DAG(s) 'example_time_delta_sensor_async' retrieved from /home/malte/try_rag/.venv/lib/python3.12/site-packages/airflow/example_dags/example_time_delta_sensor_async.py
[2026-04-01T22:35:14.838+0200] {logging_mixin.py:188} INFO - [2026-04-01T22:35:14.837+0200] {dag.py:3096} INFO - Sync 1 DAGs
[2026-04-01T22:35:15.153+0200] {logging_mixin.py:188} INFO - [2026-04-01T22:35:15.153+0200] {dag.py:3954} INFO - Setting next_dagrun for example_time_delta_sensor_async to None, run_after=None
[2026-04-01T22:35:15.243+0200] {processor.py:183} INFO - Processing /home/malte/try_rag/.venv/lib/python3.12/site-packages/airflow/example_dags/example_time_delta_sensor_async.py took 0.504 seconds
[2026-04-01T22:36:38.356+0200] {processor.py:161} INFO - Started process (PID=46923) to work on /home/malte/try_rag/.venv/lib/python3.12/site-packages/airflow/example_dags/example_time_delta_sensor_async.py
[2026-04-01T22:36:38.361+0200] {processor.py:830} INFO - Processing file /home/malte/try_rag/.venv/lib/python3.12/site-packages/airflow/example_dags/example_time_delta_sensor_async.py for tasks to queue
[2026-04-01T22:36:38.365+0200] {logging_mixin.py:188} INFO - [2026-04-01T22:36:38.363+0200] {dagbag.py:545} INFO - Filling up the DagBag from /home/malte/try_rag/.venv/lib/python3.12/site-packages/airflow/example_dags/example_time_delta_sensor_async.py
[2026-04-01T22:36:38.399+0200] {processor.py:840} INFO - DAG(s) 'example_time_delta_sensor_async' retrieved from /home/malte/try_rag/.venv/lib/python3.12/site-packages/airflow/example_dags/example_time_delta_sensor_async.py
[2026-04-01T22:36:38.452+0200] {logging_mixin.py:188} INFO - [2026-04-01T22:36:38.451+0200] {dag.py:3096} INFO - Sync 1 DAGs
[2026-04-01T22:36:38.491+0200] {logging_mixin.py:188} INFO - [2026-04-01T22:36:38.491+0200] {dag.py:3954} INFO - Setting next_dagrun for example_time_delta_sensor_async to None, run_after=None
[2026-04-01T22:36:38.566+0200] {processor.py:183} INFO - Processing /home/malte/try_rag/.venv/lib/python3.12/site-packages/airflow/example_dags/example_time_delta_sensor_async.py took 0.230 seconds
