[2026-04-01T22:14:34.404+0200] {processor.py:161} INFO - Started process (PID=42885) to work on /home/malte/try_rag/.venv/lib/python3.12/site-packages/airflow/example_dags/example_local_kubernetes_executor.py
[2026-04-01T22:14:34.406+0200] {processor.py:830} INFO - Processing file /home/malte/try_rag/.venv/lib/python3.12/site-packages/airflow/example_dags/example_local_kubernetes_executor.py for tasks to queue
[2026-04-01T22:14:34.408+0200] {logging_mixin.py:188} INFO - [2026-04-01T22:14:34.407+0200] {dagbag.py:545} INFO - Filling up the DagBag from /home/malte/try_rag/.venv/lib/python3.12/site-packages/airflow/example_dags/example_local_kubernetes_executor.py
[2026-04-01T22:14:34.420+0200] {logging_mixin.py:188} INFO - [2026-04-01T22:14:34.418+0200] {example_local_kubernetes_executor.py:40} WARNING - Could not import DAGs in example_local_kubernetes_executor.py
Traceback (most recent call last):
  File "/home/malte/try_rag/.venv/lib/python3.12/site-packages/airflow/example_dags/example_local_kubernetes_executor.py", line 38, in <module>
    from kubernetes.client import models as k8s
ModuleNotFoundError: No module named 'kubernetes'
[2026-04-01T22:14:34.421+0200] {logging_mixin.py:188} INFO - [2026-04-01T22:14:34.420+0200] {example_local_kubernetes_executor.py:41} WARNING - Install Kubernetes dependencies with: pip install apache-airflow[cncf.kubernetes]
[2026-04-01T22:14:34.421+0200] {processor.py:842} WARNING - No viable dags retrieved from /home/malte/try_rag/.venv/lib/python3.12/site-packages/airflow/example_dags/example_local_kubernetes_executor.py
[2026-04-01T22:14:34.450+0200] {processor.py:183} INFO - Processing /home/malte/try_rag/.venv/lib/python3.12/site-packages/airflow/example_dags/example_local_kubernetes_executor.py took 0.062 seconds
[2026-04-01T22:15:58.146+0200] {processor.py:161} INFO - Started process (PID=43048) to work on /home/malte/try_rag/.venv/lib/python3.12/site-packages/airflow/example_dags/example_local_kubernetes_executor.py
[2026-04-01T22:15:58.150+0200] {processor.py:830} INFO - Processing file /home/malte/try_rag/.venv/lib/python3.12/site-packages/airflow/example_dags/example_local_kubernetes_executor.py for tasks to queue
[2026-04-01T22:15:58.152+0200] {logging_mixin.py:188} INFO - [2026-04-01T22:15:58.151+0200] {dagbag.py:545} INFO - Filling up the DagBag from /home/malte/try_rag/.venv/lib/python3.12/site-packages/airflow/example_dags/example_local_kubernetes_executor.py
[2026-04-01T22:15:58.162+0200] {logging_mixin.py:188} INFO - [2026-04-01T22:15:58.160+0200] {example_local_kubernetes_executor.py:40} WARNING - Could not import DAGs in example_local_kubernetes_executor.py
Traceback (most recent call last):
  File "/home/malte/try_rag/.venv/lib/python3.12/site-packages/airflow/example_dags/example_local_kubernetes_executor.py", line 38, in <module>
    from kubernetes.client import models as k8s
ModuleNotFoundError: No module named 'kubernetes'
[2026-04-01T22:15:58.164+0200] {logging_mixin.py:188} INFO - [2026-04-01T22:15:58.163+0200] {example_local_kubernetes_executor.py:41} WARNING - Install Kubernetes dependencies with: pip install apache-airflow[cncf.kubernetes]
[2026-04-01T22:15:58.164+0200] {processor.py:842} WARNING - No viable dags retrieved from /home/malte/try_rag/.venv/lib/python3.12/site-packages/airflow/example_dags/example_local_kubernetes_executor.py
[2026-04-01T22:15:58.196+0200] {processor.py:183} INFO - Processing /home/malte/try_rag/.venv/lib/python3.12/site-packages/airflow/example_dags/example_local_kubernetes_executor.py took 0.070 seconds
[2026-04-01T22:17:15.169+0200] {processor.py:161} INFO - Started process (PID=43209) to work on /home/malte/try_rag/.venv/lib/python3.12/site-packages/airflow/example_dags/example_local_kubernetes_executor.py
[2026-04-01T22:17:15.173+0200] {processor.py:830} INFO - Processing file /home/malte/try_rag/.venv/lib/python3.12/site-packages/airflow/example_dags/example_local_kubernetes_executor.py for tasks to queue
[2026-04-01T22:17:15.176+0200] {logging_mixin.py:188} INFO - [2026-04-01T22:17:15.174+0200] {dagbag.py:545} INFO - Filling up the DagBag from /home/malte/try_rag/.venv/lib/python3.12/site-packages/airflow/example_dags/example_local_kubernetes_executor.py
[2026-04-01T22:17:15.186+0200] {logging_mixin.py:188} INFO - [2026-04-01T22:17:15.184+0200] {example_local_kubernetes_executor.py:40} WARNING - Could not import DAGs in example_local_kubernetes_executor.py
Traceback (most recent call last):
  File "/home/malte/try_rag/.venv/lib/python3.12/site-packages/airflow/example_dags/example_local_kubernetes_executor.py", line 38, in <module>
    from kubernetes.client import models as k8s
ModuleNotFoundError: No module named 'kubernetes'
[2026-04-01T22:17:15.187+0200] {logging_mixin.py:188} INFO - [2026-04-01T22:17:15.187+0200] {example_local_kubernetes_executor.py:41} WARNING - Install Kubernetes dependencies with: pip install apache-airflow[cncf.kubernetes]
[2026-04-01T22:17:15.188+0200] {processor.py:842} WARNING - No viable dags retrieved from /home/malte/try_rag/.venv/lib/python3.12/site-packages/airflow/example_dags/example_local_kubernetes_executor.py
[2026-04-01T22:17:15.225+0200] {processor.py:183} INFO - Processing /home/malte/try_rag/.venv/lib/python3.12/site-packages/airflow/example_dags/example_local_kubernetes_executor.py took 0.073 seconds
[2026-04-01T22:18:27.505+0200] {processor.py:161} INFO - Started process (PID=43351) to work on /home/malte/try_rag/.venv/lib/python3.12/site-packages/airflow/example_dags/example_local_kubernetes_executor.py
[2026-04-01T22:18:27.520+0200] {processor.py:830} INFO - Processing file /home/malte/try_rag/.venv/lib/python3.12/site-packages/airflow/example_dags/example_local_kubernetes_executor.py for tasks to queue
[2026-04-01T22:18:27.523+0200] {logging_mixin.py:188} INFO - [2026-04-01T22:18:27.521+0200] {dagbag.py:545} INFO - Filling up the DagBag from /home/malte/try_rag/.venv/lib/python3.12/site-packages/airflow/example_dags/example_local_kubernetes_executor.py
[2026-04-01T22:18:27.536+0200] {logging_mixin.py:188} INFO - [2026-04-01T22:18:27.534+0200] {example_local_kubernetes_executor.py:40} WARNING - Could not import DAGs in example_local_kubernetes_executor.py
Traceback (most recent call last):
  File "/home/malte/try_rag/.venv/lib/python3.12/site-packages/airflow/example_dags/example_local_kubernetes_executor.py", line 38, in <module>
    from kubernetes.client import models as k8s
ModuleNotFoundError: No module named 'kubernetes'
[2026-04-01T22:18:27.538+0200] {logging_mixin.py:188} INFO - [2026-04-01T22:18:27.537+0200] {example_local_kubernetes_executor.py:41} WARNING - Install Kubernetes dependencies with: pip install apache-airflow[cncf.kubernetes]
[2026-04-01T22:18:27.538+0200] {processor.py:842} WARNING - No viable dags retrieved from /home/malte/try_rag/.venv/lib/python3.12/site-packages/airflow/example_dags/example_local_kubernetes_executor.py
[2026-04-01T22:18:27.600+0200] {processor.py:183} INFO - Processing /home/malte/try_rag/.venv/lib/python3.12/site-packages/airflow/example_dags/example_local_kubernetes_executor.py took 0.115 seconds
[2026-04-01T22:20:02.822+0200] {processor.py:161} INFO - Started process (PID=43556) to work on /home/malte/try_rag/.venv/lib/python3.12/site-packages/airflow/example_dags/example_local_kubernetes_executor.py
[2026-04-01T22:20:02.825+0200] {processor.py:830} INFO - Processing file /home/malte/try_rag/.venv/lib/python3.12/site-packages/airflow/example_dags/example_local_kubernetes_executor.py for tasks to queue
[2026-04-01T22:20:02.827+0200] {logging_mixin.py:188} INFO - [2026-04-01T22:20:02.826+0200] {dagbag.py:545} INFO - Filling up the DagBag from /home/malte/try_rag/.venv/lib/python3.12/site-packages/airflow/example_dags/example_local_kubernetes_executor.py
[2026-04-01T22:20:02.837+0200] {logging_mixin.py:188} INFO - [2026-04-01T22:20:02.834+0200] {example_local_kubernetes_executor.py:40} WARNING - Could not import DAGs in example_local_kubernetes_executor.py
Traceback (most recent call last):
  File "/home/malte/try_rag/.venv/lib/python3.12/site-packages/airflow/example_dags/example_local_kubernetes_executor.py", line 38, in <module>
    from kubernetes.client import models as k8s
ModuleNotFoundError: No module named 'kubernetes'
[2026-04-01T22:20:02.838+0200] {logging_mixin.py:188} INFO - [2026-04-01T22:20:02.837+0200] {example_local_kubernetes_executor.py:41} WARNING - Install Kubernetes dependencies with: pip install apache-airflow[cncf.kubernetes]
[2026-04-01T22:20:02.838+0200] {processor.py:842} WARNING - No viable dags retrieved from /home/malte/try_rag/.venv/lib/python3.12/site-packages/airflow/example_dags/example_local_kubernetes_executor.py
[2026-04-01T22:20:02.875+0200] {processor.py:183} INFO - Processing /home/malte/try_rag/.venv/lib/python3.12/site-packages/airflow/example_dags/example_local_kubernetes_executor.py took 0.070 seconds
[2026-04-01T22:21:17.965+0200] {processor.py:161} INFO - Started process (PID=43702) to work on /home/malte/try_rag/.venv/lib/python3.12/site-packages/airflow/example_dags/example_local_kubernetes_executor.py
[2026-04-01T22:21:17.969+0200] {processor.py:830} INFO - Processing file /home/malte/try_rag/.venv/lib/python3.12/site-packages/airflow/example_dags/example_local_kubernetes_executor.py for tasks to queue
[2026-04-01T22:21:17.972+0200] {logging_mixin.py:188} INFO - [2026-04-01T22:21:17.971+0200] {dagbag.py:545} INFO - Filling up the DagBag from /home/malte/try_rag/.venv/lib/python3.12/site-packages/airflow/example_dags/example_local_kubernetes_executor.py
[2026-04-01T22:21:17.982+0200] {logging_mixin.py:188} INFO - [2026-04-01T22:21:17.980+0200] {example_local_kubernetes_executor.py:40} WARNING - Could not import DAGs in example_local_kubernetes_executor.py
Traceback (most recent call last):
  File "/home/malte/try_rag/.venv/lib/python3.12/site-packages/airflow/example_dags/example_local_kubernetes_executor.py", line 38, in <module>
    from kubernetes.client import models as k8s
ModuleNotFoundError: No module named 'kubernetes'
[2026-04-01T22:21:17.983+0200] {logging_mixin.py:188} INFO - [2026-04-01T22:21:17.983+0200] {example_local_kubernetes_executor.py:41} WARNING - Install Kubernetes dependencies with: pip install apache-airflow[cncf.kubernetes]
[2026-04-01T22:21:17.984+0200] {processor.py:842} WARNING - No viable dags retrieved from /home/malte/try_rag/.venv/lib/python3.12/site-packages/airflow/example_dags/example_local_kubernetes_executor.py
[2026-04-01T22:21:18.018+0200] {processor.py:183} INFO - Processing /home/malte/try_rag/.venv/lib/python3.12/site-packages/airflow/example_dags/example_local_kubernetes_executor.py took 0.072 seconds
[2026-04-01T22:22:30.747+0200] {processor.py:161} INFO - Started process (PID=43851) to work on /home/malte/try_rag/.venv/lib/python3.12/site-packages/airflow/example_dags/example_local_kubernetes_executor.py
[2026-04-01T22:22:30.761+0200] {processor.py:830} INFO - Processing file /home/malte/try_rag/.venv/lib/python3.12/site-packages/airflow/example_dags/example_local_kubernetes_executor.py for tasks to queue
[2026-04-01T22:22:30.764+0200] {logging_mixin.py:188} INFO - [2026-04-01T22:22:30.762+0200] {dagbag.py:545} INFO - Filling up the DagBag from /home/malte/try_rag/.venv/lib/python3.12/site-packages/airflow/example_dags/example_local_kubernetes_executor.py
[2026-04-01T22:22:30.775+0200] {logging_mixin.py:188} INFO - [2026-04-01T22:22:30.773+0200] {example_local_kubernetes_executor.py:40} WARNING - Could not import DAGs in example_local_kubernetes_executor.py
Traceback (most recent call last):
  File "/home/malte/try_rag/.venv/lib/python3.12/site-packages/airflow/example_dags/example_local_kubernetes_executor.py", line 38, in <module>
    from kubernetes.client import models as k8s
ModuleNotFoundError: No module named 'kubernetes'
[2026-04-01T22:22:30.776+0200] {logging_mixin.py:188} INFO - [2026-04-01T22:22:30.776+0200] {example_local_kubernetes_executor.py:41} WARNING - Install Kubernetes dependencies with: pip install apache-airflow[cncf.kubernetes]
[2026-04-01T22:22:30.777+0200] {processor.py:842} WARNING - No viable dags retrieved from /home/malte/try_rag/.venv/lib/python3.12/site-packages/airflow/example_dags/example_local_kubernetes_executor.py
[2026-04-01T22:22:30.813+0200] {processor.py:183} INFO - Processing /home/malte/try_rag/.venv/lib/python3.12/site-packages/airflow/example_dags/example_local_kubernetes_executor.py took 0.085 seconds
[2026-04-01T22:23:44.988+0200] {processor.py:161} INFO - Started process (PID=44023) to work on /home/malte/try_rag/.venv/lib/python3.12/site-packages/airflow/example_dags/example_local_kubernetes_executor.py
[2026-04-01T22:23:45.003+0200] {processor.py:830} INFO - Processing file /home/malte/try_rag/.venv/lib/python3.12/site-packages/airflow/example_dags/example_local_kubernetes_executor.py for tasks to queue
[2026-04-01T22:23:45.006+0200] {logging_mixin.py:188} INFO - [2026-04-01T22:23:45.004+0200] {dagbag.py:545} INFO - Filling up the DagBag from /home/malte/try_rag/.venv/lib/python3.12/site-packages/airflow/example_dags/example_local_kubernetes_executor.py
[2026-04-01T22:23:45.016+0200] {logging_mixin.py:188} INFO - [2026-04-01T22:23:45.014+0200] {example_local_kubernetes_executor.py:40} WARNING - Could not import DAGs in example_local_kubernetes_executor.py
Traceback (most recent call last):
  File "/home/malte/try_rag/.venv/lib/python3.12/site-packages/airflow/example_dags/example_local_kubernetes_executor.py", line 38, in <module>
    from kubernetes.client import models as k8s
ModuleNotFoundError: No module named 'kubernetes'
[2026-04-01T22:23:45.017+0200] {logging_mixin.py:188} INFO - [2026-04-01T22:23:45.017+0200] {example_local_kubernetes_executor.py:41} WARNING - Install Kubernetes dependencies with: pip install apache-airflow[cncf.kubernetes]
[2026-04-01T22:23:45.018+0200] {processor.py:842} WARNING - No viable dags retrieved from /home/malte/try_rag/.venv/lib/python3.12/site-packages/airflow/example_dags/example_local_kubernetes_executor.py
[2026-04-01T22:23:45.057+0200] {processor.py:183} INFO - Processing /home/malte/try_rag/.venv/lib/python3.12/site-packages/airflow/example_dags/example_local_kubernetes_executor.py took 0.088 seconds
[2026-04-01T22:24:55.826+0200] {processor.py:161} INFO - Started process (PID=44167) to work on /home/malte/try_rag/.venv/lib/python3.12/site-packages/airflow/example_dags/example_local_kubernetes_executor.py
[2026-04-01T22:24:55.841+0200] {processor.py:830} INFO - Processing file /home/malte/try_rag/.venv/lib/python3.12/site-packages/airflow/example_dags/example_local_kubernetes_executor.py for tasks to queue
[2026-04-01T22:24:55.843+0200] {logging_mixin.py:188} INFO - [2026-04-01T22:24:55.842+0200] {dagbag.py:545} INFO - Filling up the DagBag from /home/malte/try_rag/.venv/lib/python3.12/site-packages/airflow/example_dags/example_local_kubernetes_executor.py
[2026-04-01T22:24:55.853+0200] {logging_mixin.py:188} INFO - [2026-04-01T22:24:55.851+0200] {example_local_kubernetes_executor.py:40} WARNING - Could not import DAGs in example_local_kubernetes_executor.py
Traceback (most recent call last):
  File "/home/malte/try_rag/.venv/lib/python3.12/site-packages/airflow/example_dags/example_local_kubernetes_executor.py", line 38, in <module>
    from kubernetes.client import models as k8s
ModuleNotFoundError: No module named 'kubernetes'
[2026-04-01T22:24:55.854+0200] {logging_mixin.py:188} INFO - [2026-04-01T22:24:55.853+0200] {example_local_kubernetes_executor.py:41} WARNING - Install Kubernetes dependencies with: pip install apache-airflow[cncf.kubernetes]
[2026-04-01T22:24:55.854+0200] {processor.py:842} WARNING - No viable dags retrieved from /home/malte/try_rag/.venv/lib/python3.12/site-packages/airflow/example_dags/example_local_kubernetes_executor.py
[2026-04-01T22:24:55.888+0200] {processor.py:183} INFO - Processing /home/malte/try_rag/.venv/lib/python3.12/site-packages/airflow/example_dags/example_local_kubernetes_executor.py took 0.079 seconds
[2026-04-01T22:30:53.754+0200] {processor.py:161} INFO - Started process (PID=45755) to work on /home/malte/try_rag/.venv/lib/python3.12/site-packages/airflow/example_dags/example_local_kubernetes_executor.py
[2026-04-01T22:30:53.757+0200] {processor.py:830} INFO - Processing file /home/malte/try_rag/.venv/lib/python3.12/site-packages/airflow/example_dags/example_local_kubernetes_executor.py for tasks to queue
[2026-04-01T22:30:53.759+0200] {logging_mixin.py:188} INFO - [2026-04-01T22:30:53.758+0200] {dagbag.py:545} INFO - Filling up the DagBag from /home/malte/try_rag/.venv/lib/python3.12/site-packages/airflow/example_dags/example_local_kubernetes_executor.py
[2026-04-01T22:30:53.770+0200] {logging_mixin.py:188} INFO - [2026-04-01T22:30:53.767+0200] {example_local_kubernetes_executor.py:40} WARNING - Could not import DAGs in example_local_kubernetes_executor.py
Traceback (most recent call last):
  File "/home/malte/try_rag/.venv/lib/python3.12/site-packages/airflow/example_dags/example_local_kubernetes_executor.py", line 38, in <module>
    from kubernetes.client import models as k8s
ModuleNotFoundError: No module named 'kubernetes'
[2026-04-01T22:30:53.770+0200] {logging_mixin.py:188} INFO - [2026-04-01T22:30:53.770+0200] {example_local_kubernetes_executor.py:41} WARNING - Install Kubernetes dependencies with: pip install apache-airflow[cncf.kubernetes]
[2026-04-01T22:30:53.771+0200] {processor.py:842} WARNING - No viable dags retrieved from /home/malte/try_rag/.venv/lib/python3.12/site-packages/airflow/example_dags/example_local_kubernetes_executor.py
[2026-04-01T22:30:53.802+0200] {processor.py:183} INFO - Processing /home/malte/try_rag/.venv/lib/python3.12/site-packages/airflow/example_dags/example_local_kubernetes_executor.py took 0.065 seconds
[2026-04-01T22:32:17.674+0200] {processor.py:161} INFO - Started process (PID=46042) to work on /home/malte/try_rag/.venv/lib/python3.12/site-packages/airflow/example_dags/example_local_kubernetes_executor.py
[2026-04-01T22:32:17.678+0200] {processor.py:830} INFO - Processing file /home/malte/try_rag/.venv/lib/python3.12/site-packages/airflow/example_dags/example_local_kubernetes_executor.py for tasks to queue
[2026-04-01T22:32:17.682+0200] {logging_mixin.py:188} INFO - [2026-04-01T22:32:17.680+0200] {dagbag.py:545} INFO - Filling up the DagBag from /home/malte/try_rag/.venv/lib/python3.12/site-packages/airflow/example_dags/example_local_kubernetes_executor.py
[2026-04-01T22:32:17.692+0200] {logging_mixin.py:188} INFO - [2026-04-01T22:32:17.690+0200] {example_local_kubernetes_executor.py:40} WARNING - Could not import DAGs in example_local_kubernetes_executor.py
Traceback (most recent call last):
  File "/home/malte/try_rag/.venv/lib/python3.12/site-packages/airflow/example_dags/example_local_kubernetes_executor.py", line 38, in <module>
    from kubernetes.client import models as k8s
ModuleNotFoundError: No module named 'kubernetes'
[2026-04-01T22:32:17.693+0200] {logging_mixin.py:188} INFO - [2026-04-01T22:32:17.693+0200] {example_local_kubernetes_executor.py:41} WARNING - Install Kubernetes dependencies with: pip install apache-airflow[cncf.kubernetes]
[2026-04-01T22:32:17.694+0200] {processor.py:842} WARNING - No viable dags retrieved from /home/malte/try_rag/.venv/lib/python3.12/site-packages/airflow/example_dags/example_local_kubernetes_executor.py
[2026-04-01T22:32:17.735+0200] {processor.py:183} INFO - Processing /home/malte/try_rag/.venv/lib/python3.12/site-packages/airflow/example_dags/example_local_kubernetes_executor.py took 0.080 seconds
[2026-04-01T22:33:32.301+0200] {processor.py:161} INFO - Started process (PID=46308) to work on /home/malte/try_rag/.venv/lib/python3.12/site-packages/airflow/example_dags/example_local_kubernetes_executor.py
[2026-04-01T22:33:32.309+0200] {processor.py:830} INFO - Processing file /home/malte/try_rag/.venv/lib/python3.12/site-packages/airflow/example_dags/example_local_kubernetes_executor.py for tasks to queue
[2026-04-01T22:33:32.316+0200] {logging_mixin.py:188} INFO - [2026-04-01T22:33:32.314+0200] {dagbag.py:545} INFO - Filling up the DagBag from /home/malte/try_rag/.venv/lib/python3.12/site-packages/airflow/example_dags/example_local_kubernetes_executor.py
[2026-04-01T22:33:32.336+0200] {logging_mixin.py:188} INFO - [2026-04-01T22:33:32.334+0200] {example_local_kubernetes_executor.py:40} WARNING - Could not import DAGs in example_local_kubernetes_executor.py
Traceback (most recent call last):
  File "/home/malte/try_rag/.venv/lib/python3.12/site-packages/airflow/example_dags/example_local_kubernetes_executor.py", line 38, in <module>
    from kubernetes.client import models as k8s
ModuleNotFoundError: No module named 'kubernetes'
[2026-04-01T22:33:32.338+0200] {logging_mixin.py:188} INFO - [2026-04-01T22:33:32.337+0200] {example_local_kubernetes_executor.py:41} WARNING - Install Kubernetes dependencies with: pip install apache-airflow[cncf.kubernetes]
[2026-04-01T22:33:32.339+0200] {processor.py:842} WARNING - No viable dags retrieved from /home/malte/try_rag/.venv/lib/python3.12/site-packages/airflow/example_dags/example_local_kubernetes_executor.py
[2026-04-01T22:33:32.391+0200] {processor.py:183} INFO - Processing /home/malte/try_rag/.venv/lib/python3.12/site-packages/airflow/example_dags/example_local_kubernetes_executor.py took 0.117 seconds
[2026-04-01T22:34:39.097+0200] {processor.py:161} INFO - Started process (PID=46506) to work on /home/malte/try_rag/.venv/lib/python3.12/site-packages/airflow/example_dags/example_local_kubernetes_executor.py
[2026-04-01T22:34:39.100+0200] {processor.py:830} INFO - Processing file /home/malte/try_rag/.venv/lib/python3.12/site-packages/airflow/example_dags/example_local_kubernetes_executor.py for tasks to queue
[2026-04-01T22:34:39.102+0200] {logging_mixin.py:188} INFO - [2026-04-01T22:34:39.101+0200] {dagbag.py:545} INFO - Filling up the DagBag from /home/malte/try_rag/.venv/lib/python3.12/site-packages/airflow/example_dags/example_local_kubernetes_executor.py
[2026-04-01T22:34:39.110+0200] {logging_mixin.py:188} INFO - [2026-04-01T22:34:39.109+0200] {example_local_kubernetes_executor.py:40} WARNING - Could not import DAGs in example_local_kubernetes_executor.py
Traceback (most recent call last):
  File "/home/malte/try_rag/.venv/lib/python3.12/site-packages/airflow/example_dags/example_local_kubernetes_executor.py", line 38, in <module>
    from kubernetes.client import models as k8s
ModuleNotFoundError: No module named 'kubernetes'
[2026-04-01T22:34:39.111+0200] {logging_mixin.py:188} INFO - [2026-04-01T22:34:39.111+0200] {example_local_kubernetes_executor.py:41} WARNING - Install Kubernetes dependencies with: pip install apache-airflow[cncf.kubernetes]
[2026-04-01T22:34:39.112+0200] {processor.py:842} WARNING - No viable dags retrieved from /home/malte/try_rag/.venv/lib/python3.12/site-packages/airflow/example_dags/example_local_kubernetes_executor.py
[2026-04-01T22:34:39.140+0200] {processor.py:183} INFO - Processing /home/malte/try_rag/.venv/lib/python3.12/site-packages/airflow/example_dags/example_local_kubernetes_executor.py took 0.058 seconds
[2026-04-01T22:36:02.874+0200] {processor.py:161} INFO - Started process (PID=46809) to work on /home/malte/try_rag/.venv/lib/python3.12/site-packages/airflow/example_dags/example_local_kubernetes_executor.py
[2026-04-01T22:36:02.878+0200] {processor.py:830} INFO - Processing file /home/malte/try_rag/.venv/lib/python3.12/site-packages/airflow/example_dags/example_local_kubernetes_executor.py for tasks to queue
[2026-04-01T22:36:02.881+0200] {logging_mixin.py:188} INFO - [2026-04-01T22:36:02.880+0200] {dagbag.py:545} INFO - Filling up the DagBag from /home/malte/try_rag/.venv/lib/python3.12/site-packages/airflow/example_dags/example_local_kubernetes_executor.py
[2026-04-01T22:36:02.892+0200] {logging_mixin.py:188} INFO - [2026-04-01T22:36:02.889+0200] {example_local_kubernetes_executor.py:40} WARNING - Could not import DAGs in example_local_kubernetes_executor.py
Traceback (most recent call last):
  File "/home/malte/try_rag/.venv/lib/python3.12/site-packages/airflow/example_dags/example_local_kubernetes_executor.py", line 38, in <module>
    from kubernetes.client import models as k8s
ModuleNotFoundError: No module named 'kubernetes'
[2026-04-01T22:36:02.892+0200] {logging_mixin.py:188} INFO - [2026-04-01T22:36:02.892+0200] {example_local_kubernetes_executor.py:41} WARNING - Install Kubernetes dependencies with: pip install apache-airflow[cncf.kubernetes]
[2026-04-01T22:36:02.893+0200] {processor.py:842} WARNING - No viable dags retrieved from /home/malte/try_rag/.venv/lib/python3.12/site-packages/airflow/example_dags/example_local_kubernetes_executor.py
[2026-04-01T22:36:02.925+0200] {processor.py:183} INFO - Processing /home/malte/try_rag/.venv/lib/python3.12/site-packages/airflow/example_dags/example_local_kubernetes_executor.py took 0.070 seconds
