[2026-04-01T22:14:47.424+0200] {processor.py:161} INFO - Started process (PID=42906) to work on /home/malte/try_rag/.venv/lib/python3.12/site-packages/airflow/example_dags/example_branch_python_dop_operator_3.py
[2026-04-01T22:14:47.438+0200] {processor.py:830} INFO - Processing file /home/malte/try_rag/.venv/lib/python3.12/site-packages/airflow/example_dags/example_branch_python_dop_operator_3.py for tasks to queue
[2026-04-01T22:14:47.452+0200] {logging_mixin.py:188} INFO - [2026-04-01T22:14:47.440+0200] {dagbag.py:545} INFO - Filling up the DagBag from /home/malte/try_rag/.venv/lib/python3.12/site-packages/airflow/example_dags/example_branch_python_dop_operator_3.py
[2026-04-01T22:14:47.565+0200] {processor.py:840} INFO - DAG(s) 'example_branch_dop_operator_v3' retrieved from /home/malte/try_rag/.venv/lib/python3.12/site-packages/airflow/example_dags/example_branch_python_dop_operator_3.py
[2026-04-01T22:14:48.130+0200] {logging_mixin.py:188} INFO - [2026-04-01T22:14:48.128+0200] {override.py:1930} INFO - Created Permission View: can edit on DAG:example_branch_dop_operator_v3
[2026-04-01T22:14:48.168+0200] {logging_mixin.py:188} INFO - [2026-04-01T22:14:48.166+0200] {override.py:1930} INFO - Created Permission View: can read on DAG:example_branch_dop_operator_v3
[2026-04-01T22:14:48.190+0200] {logging_mixin.py:188} INFO - [2026-04-01T22:14:48.189+0200] {override.py:1930} INFO - Created Permission View: can delete on DAG:example_branch_dop_operator_v3
[2026-04-01T22:14:48.191+0200] {logging_mixin.py:188} INFO - [2026-04-01T22:14:48.190+0200] {dag.py:3096} INFO - Sync 1 DAGs
[2026-04-01T22:14:48.221+0200] {logging_mixin.py:188} INFO - [2026-04-01T22:14:48.220+0200] {dag.py:3118} INFO - Creating ORM DAG for example_branch_dop_operator_v3
[2026-04-01T22:14:48.256+0200] {logging_mixin.py:188} INFO - [2026-04-01T22:14:48.255+0200] {dag.py:3954} INFO - Setting next_dagrun for example_branch_dop_operator_v3 to 2026-04-01 20:13:00+00:00, run_after=2026-04-01 20:14:00+00:00
[2026-04-01T22:14:48.324+0200] {processor.py:183} INFO - Processing /home/malte/try_rag/.venv/lib/python3.12/site-packages/airflow/example_dags/example_branch_python_dop_operator_3.py took 0.963 seconds
[2026-04-01T22:16:09.176+0200] {processor.py:161} INFO - Started process (PID=43066) to work on /home/malte/try_rag/.venv/lib/python3.12/site-packages/airflow/example_dags/example_branch_python_dop_operator_3.py
[2026-04-01T22:16:09.180+0200] {processor.py:830} INFO - Processing file /home/malte/try_rag/.venv/lib/python3.12/site-packages/airflow/example_dags/example_branch_python_dop_operator_3.py for tasks to queue
[2026-04-01T22:16:09.183+0200] {logging_mixin.py:188} INFO - [2026-04-01T22:16:09.181+0200] {dagbag.py:545} INFO - Filling up the DagBag from /home/malte/try_rag/.venv/lib/python3.12/site-packages/airflow/example_dags/example_branch_python_dop_operator_3.py
[2026-04-01T22:16:09.211+0200] {processor.py:840} INFO - DAG(s) 'example_branch_dop_operator_v3' retrieved from /home/malte/try_rag/.venv/lib/python3.12/site-packages/airflow/example_dags/example_branch_python_dop_operator_3.py
[2026-04-01T22:16:09.266+0200] {logging_mixin.py:188} INFO - [2026-04-01T22:16:09.266+0200] {dag.py:3096} INFO - Sync 1 DAGs
[2026-04-01T22:16:09.362+0200] {logging_mixin.py:188} INFO - [2026-04-01T22:16:09.361+0200] {dag.py:3954} INFO - Setting next_dagrun for example_branch_dop_operator_v3 to 2026-04-01 20:15:00+00:00, run_after=2026-04-01 20:16:00+00:00
[2026-04-01T22:16:09.431+0200] {processor.py:183} INFO - Processing /home/malte/try_rag/.venv/lib/python3.12/site-packages/airflow/example_dags/example_branch_python_dop_operator_3.py took 0.272 seconds
[2026-04-01T22:17:26.837+0200] {processor.py:161} INFO - Started process (PID=43223) to work on /home/malte/try_rag/.venv/lib/python3.12/site-packages/airflow/example_dags/example_branch_python_dop_operator_3.py
[2026-04-01T22:17:26.848+0200] {processor.py:830} INFO - Processing file /home/malte/try_rag/.venv/lib/python3.12/site-packages/airflow/example_dags/example_branch_python_dop_operator_3.py for tasks to queue
[2026-04-01T22:17:26.850+0200] {logging_mixin.py:188} INFO - [2026-04-01T22:17:26.849+0200] {dagbag.py:545} INFO - Filling up the DagBag from /home/malte/try_rag/.venv/lib/python3.12/site-packages/airflow/example_dags/example_branch_python_dop_operator_3.py
[2026-04-01T22:17:26.883+0200] {processor.py:840} INFO - DAG(s) 'example_branch_dop_operator_v3' retrieved from /home/malte/try_rag/.venv/lib/python3.12/site-packages/airflow/example_dags/example_branch_python_dop_operator_3.py
[2026-04-01T22:17:26.940+0200] {logging_mixin.py:188} INFO - [2026-04-01T22:17:26.939+0200] {dag.py:3096} INFO - Sync 1 DAGs
[2026-04-01T22:17:27.015+0200] {logging_mixin.py:188} INFO - [2026-04-01T22:17:27.015+0200] {dag.py:3954} INFO - Setting next_dagrun for example_branch_dop_operator_v3 to 2026-04-01 20:16:00+00:00, run_after=2026-04-01 20:17:00+00:00
[2026-04-01T22:17:27.080+0200] {processor.py:183} INFO - Processing /home/malte/try_rag/.venv/lib/python3.12/site-packages/airflow/example_dags/example_branch_python_dop_operator_3.py took 0.262 seconds
[2026-04-01T22:18:40.235+0200] {processor.py:161} INFO - Started process (PID=43399) to work on /home/malte/try_rag/.venv/lib/python3.12/site-packages/airflow/example_dags/example_branch_python_dop_operator_3.py
[2026-04-01T22:18:40.241+0200] {processor.py:830} INFO - Processing file /home/malte/try_rag/.venv/lib/python3.12/site-packages/airflow/example_dags/example_branch_python_dop_operator_3.py for tasks to queue
[2026-04-01T22:18:40.243+0200] {logging_mixin.py:188} INFO - [2026-04-01T22:18:40.242+0200] {dagbag.py:545} INFO - Filling up the DagBag from /home/malte/try_rag/.venv/lib/python3.12/site-packages/airflow/example_dags/example_branch_python_dop_operator_3.py
[2026-04-01T22:18:40.274+0200] {processor.py:840} INFO - DAG(s) 'example_branch_dop_operator_v3' retrieved from /home/malte/try_rag/.venv/lib/python3.12/site-packages/airflow/example_dags/example_branch_python_dop_operator_3.py
[2026-04-01T22:18:40.352+0200] {logging_mixin.py:188} INFO - [2026-04-01T22:18:40.351+0200] {dag.py:3096} INFO - Sync 1 DAGs
[2026-04-01T22:18:40.925+0200] {logging_mixin.py:188} INFO - [2026-04-01T22:18:40.925+0200] {dag.py:3954} INFO - Setting next_dagrun for example_branch_dop_operator_v3 to 2026-04-01 20:17:00+00:00, run_after=2026-04-01 20:18:00+00:00
[2026-04-01T22:18:40.991+0200] {processor.py:183} INFO - Processing /home/malte/try_rag/.venv/lib/python3.12/site-packages/airflow/example_dags/example_branch_python_dop_operator_3.py took 0.781 seconds
[2026-04-01T22:20:14.029+0200] {processor.py:161} INFO - Started process (PID=43574) to work on /home/malte/try_rag/.venv/lib/python3.12/site-packages/airflow/example_dags/example_branch_python_dop_operator_3.py
[2026-04-01T22:20:14.043+0200] {processor.py:830} INFO - Processing file /home/malte/try_rag/.venv/lib/python3.12/site-packages/airflow/example_dags/example_branch_python_dop_operator_3.py for tasks to queue
[2026-04-01T22:20:14.046+0200] {logging_mixin.py:188} INFO - [2026-04-01T22:20:14.045+0200] {dagbag.py:545} INFO - Filling up the DagBag from /home/malte/try_rag/.venv/lib/python3.12/site-packages/airflow/example_dags/example_branch_python_dop_operator_3.py
[2026-04-01T22:20:14.077+0200] {processor.py:840} INFO - DAG(s) 'example_branch_dop_operator_v3' retrieved from /home/malte/try_rag/.venv/lib/python3.12/site-packages/airflow/example_dags/example_branch_python_dop_operator_3.py
[2026-04-01T22:20:14.147+0200] {logging_mixin.py:188} INFO - [2026-04-01T22:20:14.146+0200] {dag.py:3096} INFO - Sync 1 DAGs
[2026-04-01T22:20:14.212+0200] {logging_mixin.py:188} INFO - [2026-04-01T22:20:14.211+0200] {dag.py:3954} INFO - Setting next_dagrun for example_branch_dop_operator_v3 to 2026-04-01 20:19:00+00:00, run_after=2026-04-01 20:20:00+00:00
[2026-04-01T22:20:14.284+0200] {processor.py:183} INFO - Processing /home/malte/try_rag/.venv/lib/python3.12/site-packages/airflow/example_dags/example_branch_python_dop_operator_3.py took 0.277 seconds
[2026-04-01T22:21:27.738+0200] {processor.py:161} INFO - Started process (PID=43716) to work on /home/malte/try_rag/.venv/lib/python3.12/site-packages/airflow/example_dags/example_branch_python_dop_operator_3.py
[2026-04-01T22:21:27.753+0200] {processor.py:830} INFO - Processing file /home/malte/try_rag/.venv/lib/python3.12/site-packages/airflow/example_dags/example_branch_python_dop_operator_3.py for tasks to queue
[2026-04-01T22:21:27.756+0200] {logging_mixin.py:188} INFO - [2026-04-01T22:21:27.755+0200] {dagbag.py:545} INFO - Filling up the DagBag from /home/malte/try_rag/.venv/lib/python3.12/site-packages/airflow/example_dags/example_branch_python_dop_operator_3.py
[2026-04-01T22:21:27.785+0200] {processor.py:840} INFO - DAG(s) 'example_branch_dop_operator_v3' retrieved from /home/malte/try_rag/.venv/lib/python3.12/site-packages/airflow/example_dags/example_branch_python_dop_operator_3.py
[2026-04-01T22:21:27.839+0200] {logging_mixin.py:188} INFO - [2026-04-01T22:21:27.838+0200] {dag.py:3096} INFO - Sync 1 DAGs
[2026-04-01T22:21:27.924+0200] {logging_mixin.py:188} INFO - [2026-04-01T22:21:27.924+0200] {dag.py:3954} INFO - Setting next_dagrun for example_branch_dop_operator_v3 to 2026-04-01 20:20:00+00:00, run_after=2026-04-01 20:21:00+00:00
[2026-04-01T22:21:27.999+0200] {processor.py:183} INFO - Processing /home/malte/try_rag/.venv/lib/python3.12/site-packages/airflow/example_dags/example_branch_python_dop_operator_3.py took 0.283 seconds
[2026-04-01T22:22:42.013+0200] {processor.py:161} INFO - Started process (PID=43866) to work on /home/malte/try_rag/.venv/lib/python3.12/site-packages/airflow/example_dags/example_branch_python_dop_operator_3.py
[2026-04-01T22:22:42.017+0200] {processor.py:830} INFO - Processing file /home/malte/try_rag/.venv/lib/python3.12/site-packages/airflow/example_dags/example_branch_python_dop_operator_3.py for tasks to queue
[2026-04-01T22:22:42.019+0200] {logging_mixin.py:188} INFO - [2026-04-01T22:22:42.018+0200] {dagbag.py:545} INFO - Filling up the DagBag from /home/malte/try_rag/.venv/lib/python3.12/site-packages/airflow/example_dags/example_branch_python_dop_operator_3.py
[2026-04-01T22:22:42.044+0200] {processor.py:840} INFO - DAG(s) 'example_branch_dop_operator_v3' retrieved from /home/malte/try_rag/.venv/lib/python3.12/site-packages/airflow/example_dags/example_branch_python_dop_operator_3.py
[2026-04-01T22:22:42.089+0200] {logging_mixin.py:188} INFO - [2026-04-01T22:22:42.088+0200] {dag.py:3096} INFO - Sync 1 DAGs
[2026-04-01T22:22:42.147+0200] {logging_mixin.py:188} INFO - [2026-04-01T22:22:42.146+0200] {dag.py:3954} INFO - Setting next_dagrun for example_branch_dop_operator_v3 to 2026-04-01 20:21:00+00:00, run_after=2026-04-01 20:22:00+00:00
[2026-04-01T22:22:42.208+0200] {processor.py:183} INFO - Processing /home/malte/try_rag/.venv/lib/python3.12/site-packages/airflow/example_dags/example_branch_python_dop_operator_3.py took 0.211 seconds
[2026-04-01T22:23:54.731+0200] {processor.py:161} INFO - Started process (PID=44037) to work on /home/malte/try_rag/.venv/lib/python3.12/site-packages/airflow/example_dags/example_branch_python_dop_operator_3.py
[2026-04-01T22:23:54.735+0200] {processor.py:830} INFO - Processing file /home/malte/try_rag/.venv/lib/python3.12/site-packages/airflow/example_dags/example_branch_python_dop_operator_3.py for tasks to queue
[2026-04-01T22:23:54.738+0200] {logging_mixin.py:188} INFO - [2026-04-01T22:23:54.737+0200] {dagbag.py:545} INFO - Filling up the DagBag from /home/malte/try_rag/.venv/lib/python3.12/site-packages/airflow/example_dags/example_branch_python_dop_operator_3.py
[2026-04-01T22:23:54.768+0200] {processor.py:840} INFO - DAG(s) 'example_branch_dop_operator_v3' retrieved from /home/malte/try_rag/.venv/lib/python3.12/site-packages/airflow/example_dags/example_branch_python_dop_operator_3.py
[2026-04-01T22:23:54.818+0200] {logging_mixin.py:188} INFO - [2026-04-01T22:23:54.818+0200] {dag.py:3096} INFO - Sync 1 DAGs
[2026-04-01T22:23:54.878+0200] {logging_mixin.py:188} INFO - [2026-04-01T22:23:54.877+0200] {dag.py:3954} INFO - Setting next_dagrun for example_branch_dop_operator_v3 to 2026-04-01 20:22:00+00:00, run_after=2026-04-01 20:23:00+00:00
[2026-04-01T22:23:54.937+0200] {processor.py:183} INFO - Processing /home/malte/try_rag/.venv/lib/python3.12/site-packages/airflow/example_dags/example_branch_python_dop_operator_3.py took 0.225 seconds
[2026-04-01T22:25:07.073+0200] {processor.py:161} INFO - Started process (PID=44186) to work on /home/malte/try_rag/.venv/lib/python3.12/site-packages/airflow/example_dags/example_branch_python_dop_operator_3.py
[2026-04-01T22:25:07.089+0200] {processor.py:830} INFO - Processing file /home/malte/try_rag/.venv/lib/python3.12/site-packages/airflow/example_dags/example_branch_python_dop_operator_3.py for tasks to queue
[2026-04-01T22:25:07.091+0200] {logging_mixin.py:188} INFO - [2026-04-01T22:25:07.090+0200] {dagbag.py:545} INFO - Filling up the DagBag from /home/malte/try_rag/.venv/lib/python3.12/site-packages/airflow/example_dags/example_branch_python_dop_operator_3.py
[2026-04-01T22:25:07.120+0200] {processor.py:840} INFO - DAG(s) 'example_branch_dop_operator_v3' retrieved from /home/malte/try_rag/.venv/lib/python3.12/site-packages/airflow/example_dags/example_branch_python_dop_operator_3.py
[2026-04-01T22:25:07.177+0200] {logging_mixin.py:188} INFO - [2026-04-01T22:25:07.177+0200] {dag.py:3096} INFO - Sync 1 DAGs
[2026-04-01T22:25:07.245+0200] {logging_mixin.py:188} INFO - [2026-04-01T22:25:07.244+0200] {dag.py:3954} INFO - Setting next_dagrun for example_branch_dop_operator_v3 to 2026-04-01 20:24:00+00:00, run_after=2026-04-01 20:25:00+00:00
[2026-04-01T22:25:07.327+0200] {processor.py:183} INFO - Processing /home/malte/try_rag/.venv/lib/python3.12/site-packages/airflow/example_dags/example_branch_python_dop_operator_3.py took 0.276 seconds
[2026-04-01T22:31:07.056+0200] {processor.py:161} INFO - Started process (PID=45839) to work on /home/malte/try_rag/.venv/lib/python3.12/site-packages/airflow/example_dags/example_branch_python_dop_operator_3.py
[2026-04-01T22:31:07.060+0200] {processor.py:830} INFO - Processing file /home/malte/try_rag/.venv/lib/python3.12/site-packages/airflow/example_dags/example_branch_python_dop_operator_3.py for tasks to queue
[2026-04-01T22:31:07.062+0200] {logging_mixin.py:188} INFO - [2026-04-01T22:31:07.061+0200] {dagbag.py:545} INFO - Filling up the DagBag from /home/malte/try_rag/.venv/lib/python3.12/site-packages/airflow/example_dags/example_branch_python_dop_operator_3.py
[2026-04-01T22:31:07.088+0200] {processor.py:840} INFO - DAG(s) 'example_branch_dop_operator_v3' retrieved from /home/malte/try_rag/.venv/lib/python3.12/site-packages/airflow/example_dags/example_branch_python_dop_operator_3.py
[2026-04-01T22:31:07.385+0200] {logging_mixin.py:188} INFO - [2026-04-01T22:31:07.384+0200] {dag.py:3096} INFO - Sync 1 DAGs
[2026-04-01T22:31:07.434+0200] {logging_mixin.py:188} INFO - [2026-04-01T22:31:07.434+0200] {dag.py:3954} INFO - Setting next_dagrun for example_branch_dop_operator_v3 to 2026-04-01 20:30:00+00:00, run_after=2026-04-01 20:31:00+00:00
[2026-04-01T22:31:07.499+0200] {processor.py:183} INFO - Processing /home/malte/try_rag/.venv/lib/python3.12/site-packages/airflow/example_dags/example_branch_python_dop_operator_3.py took 0.460 seconds
[2026-04-01T22:32:27.172+0200] {processor.py:161} INFO - Started process (PID=46058) to work on /home/malte/try_rag/.venv/lib/python3.12/site-packages/airflow/example_dags/example_branch_python_dop_operator_3.py
[2026-04-01T22:32:27.176+0200] {processor.py:830} INFO - Processing file /home/malte/try_rag/.venv/lib/python3.12/site-packages/airflow/example_dags/example_branch_python_dop_operator_3.py for tasks to queue
[2026-04-01T22:32:27.179+0200] {logging_mixin.py:188} INFO - [2026-04-01T22:32:27.178+0200] {dagbag.py:545} INFO - Filling up the DagBag from /home/malte/try_rag/.venv/lib/python3.12/site-packages/airflow/example_dags/example_branch_python_dop_operator_3.py
[2026-04-01T22:32:27.204+0200] {processor.py:840} INFO - DAG(s) 'example_branch_dop_operator_v3' retrieved from /home/malte/try_rag/.venv/lib/python3.12/site-packages/airflow/example_dags/example_branch_python_dop_operator_3.py
[2026-04-01T22:32:27.249+0200] {logging_mixin.py:188} INFO - [2026-04-01T22:32:27.248+0200] {dag.py:3096} INFO - Sync 1 DAGs
[2026-04-01T22:32:27.306+0200] {logging_mixin.py:188} INFO - [2026-04-01T22:32:27.305+0200] {dag.py:3954} INFO - Setting next_dagrun for example_branch_dop_operator_v3 to 2026-04-01 20:31:00+00:00, run_after=2026-04-01 20:32:00+00:00
[2026-04-01T22:32:27.357+0200] {processor.py:183} INFO - Processing /home/malte/try_rag/.venv/lib/python3.12/site-packages/airflow/example_dags/example_branch_python_dop_operator_3.py took 0.202 seconds
[2026-04-01T22:33:42.367+0200] {processor.py:161} INFO - Started process (PID=46323) to work on /home/malte/try_rag/.venv/lib/python3.12/site-packages/airflow/example_dags/example_branch_python_dop_operator_3.py
[2026-04-01T22:33:42.371+0200] {processor.py:830} INFO - Processing file /home/malte/try_rag/.venv/lib/python3.12/site-packages/airflow/example_dags/example_branch_python_dop_operator_3.py for tasks to queue
[2026-04-01T22:33:42.373+0200] {logging_mixin.py:188} INFO - [2026-04-01T22:33:42.372+0200] {dagbag.py:545} INFO - Filling up the DagBag from /home/malte/try_rag/.venv/lib/python3.12/site-packages/airflow/example_dags/example_branch_python_dop_operator_3.py
[2026-04-01T22:33:42.399+0200] {processor.py:840} INFO - DAG(s) 'example_branch_dop_operator_v3' retrieved from /home/malte/try_rag/.venv/lib/python3.12/site-packages/airflow/example_dags/example_branch_python_dop_operator_3.py
[2026-04-01T22:33:42.460+0200] {logging_mixin.py:188} INFO - [2026-04-01T22:33:42.459+0200] {dag.py:3096} INFO - Sync 1 DAGs
[2026-04-01T22:33:42.529+0200] {logging_mixin.py:188} INFO - [2026-04-01T22:33:42.529+0200] {dag.py:3954} INFO - Setting next_dagrun for example_branch_dop_operator_v3 to 2026-04-01 20:32:00+00:00, run_after=2026-04-01 20:33:00+00:00
[2026-04-01T22:33:42.591+0200] {processor.py:183} INFO - Processing /home/malte/try_rag/.venv/lib/python3.12/site-packages/airflow/example_dags/example_branch_python_dop_operator_3.py took 0.243 seconds
[2026-04-01T22:34:49.589+0200] {processor.py:161} INFO - Started process (PID=46520) to work on /home/malte/try_rag/.venv/lib/python3.12/site-packages/airflow/example_dags/example_branch_python_dop_operator_3.py
[2026-04-01T22:34:49.596+0200] {processor.py:830} INFO - Processing file /home/malte/try_rag/.venv/lib/python3.12/site-packages/airflow/example_dags/example_branch_python_dop_operator_3.py for tasks to queue
[2026-04-01T22:34:49.598+0200] {logging_mixin.py:188} INFO - [2026-04-01T22:34:49.597+0200] {dagbag.py:545} INFO - Filling up the DagBag from /home/malte/try_rag/.venv/lib/python3.12/site-packages/airflow/example_dags/example_branch_python_dop_operator_3.py
[2026-04-01T22:34:49.624+0200] {processor.py:840} INFO - DAG(s) 'example_branch_dop_operator_v3' retrieved from /home/malte/try_rag/.venv/lib/python3.12/site-packages/airflow/example_dags/example_branch_python_dop_operator_3.py
[2026-04-01T22:34:49.677+0200] {logging_mixin.py:188} INFO - [2026-04-01T22:34:49.677+0200] {dag.py:3096} INFO - Sync 1 DAGs
[2026-04-01T22:34:49.735+0200] {logging_mixin.py:188} INFO - [2026-04-01T22:34:49.735+0200] {dag.py:3954} INFO - Setting next_dagrun for example_branch_dop_operator_v3 to 2026-04-01 20:33:00+00:00, run_after=2026-04-01 20:34:00+00:00
[2026-04-01T22:34:50.046+0200] {processor.py:183} INFO - Processing /home/malte/try_rag/.venv/lib/python3.12/site-packages/airflow/example_dags/example_branch_python_dop_operator_3.py took 0.474 seconds
[2026-04-01T22:36:12.613+0200] {processor.py:161} INFO - Started process (PID=46862) to work on /home/malte/try_rag/.venv/lib/python3.12/site-packages/airflow/example_dags/example_branch_python_dop_operator_3.py
[2026-04-01T22:36:12.618+0200] {processor.py:830} INFO - Processing file /home/malte/try_rag/.venv/lib/python3.12/site-packages/airflow/example_dags/example_branch_python_dop_operator_3.py for tasks to queue
[2026-04-01T22:36:12.621+0200] {logging_mixin.py:188} INFO - [2026-04-01T22:36:12.620+0200] {dagbag.py:545} INFO - Filling up the DagBag from /home/malte/try_rag/.venv/lib/python3.12/site-packages/airflow/example_dags/example_branch_python_dop_operator_3.py
[2026-04-01T22:36:12.653+0200] {processor.py:840} INFO - DAG(s) 'example_branch_dop_operator_v3' retrieved from /home/malte/try_rag/.venv/lib/python3.12/site-packages/airflow/example_dags/example_branch_python_dop_operator_3.py
[2026-04-01T22:36:12.725+0200] {logging_mixin.py:188} INFO - [2026-04-01T22:36:12.724+0200] {dag.py:3096} INFO - Sync 1 DAGs
[2026-04-01T22:36:12.815+0200] {logging_mixin.py:188} INFO - [2026-04-01T22:36:12.815+0200] {dag.py:3954} INFO - Setting next_dagrun for example_branch_dop_operator_v3 to 2026-04-01 20:35:00+00:00, run_after=2026-04-01 20:36:00+00:00
[2026-04-01T22:36:12.892+0200] {processor.py:183} INFO - Processing /home/malte/try_rag/.venv/lib/python3.12/site-packages/airflow/example_dags/example_branch_python_dop_operator_3.py took 0.301 seconds
