[2026-04-01T22:13:48.081+0200] {processor.py:161} INFO - Started process (PID=42794) to work on /home/malte/try_rag/.venv/lib/python3.12/site-packages/airflow/example_dags/tutorial_taskflow_api_virtualenv.py
[2026-04-01T22:13:48.084+0200] {processor.py:830} INFO - Processing file /home/malte/try_rag/.venv/lib/python3.12/site-packages/airflow/example_dags/tutorial_taskflow_api_virtualenv.py for tasks to queue
[2026-04-01T22:13:48.086+0200] {logging_mixin.py:188} INFO - [2026-04-01T22:13:48.085+0200] {dagbag.py:545} INFO - Filling up the DagBag from /home/malte/try_rag/.venv/lib/python3.12/site-packages/airflow/example_dags/tutorial_taskflow_api_virtualenv.py
[2026-04-01T22:13:48.130+0200] {processor.py:840} INFO - DAG(s) 'tutorial_taskflow_api_virtualenv' retrieved from /home/malte/try_rag/.venv/lib/python3.12/site-packages/airflow/example_dags/tutorial_taskflow_api_virtualenv.py
[2026-04-01T22:13:48.509+0200] {logging_mixin.py:188} INFO - [2026-04-01T22:13:48.508+0200] {override.py:1930} INFO - Created Permission View: can edit on DAG:tutorial_taskflow_api_virtualenv
[2026-04-01T22:13:48.541+0200] {logging_mixin.py:188} INFO - [2026-04-01T22:13:48.540+0200] {override.py:1930} INFO - Created Permission View: can read on DAG:tutorial_taskflow_api_virtualenv
[2026-04-01T22:13:48.564+0200] {logging_mixin.py:188} INFO - [2026-04-01T22:13:48.563+0200] {override.py:1930} INFO - Created Permission View: can delete on DAG:tutorial_taskflow_api_virtualenv
[2026-04-01T22:13:48.564+0200] {logging_mixin.py:188} INFO - [2026-04-01T22:13:48.564+0200] {dag.py:3096} INFO - Sync 1 DAGs
[2026-04-01T22:13:48.593+0200] {logging_mixin.py:188} INFO - [2026-04-01T22:13:48.592+0200] {dag.py:3118} INFO - Creating ORM DAG for tutorial_taskflow_api_virtualenv
[2026-04-01T22:13:48.594+0200] {logging_mixin.py:188} INFO - [2026-04-01T22:13:48.594+0200] {dag.py:3954} INFO - Setting next_dagrun for tutorial_taskflow_api_virtualenv to None, run_after=None
[2026-04-01T22:13:48.641+0200] {processor.py:183} INFO - Processing /home/malte/try_rag/.venv/lib/python3.12/site-packages/airflow/example_dags/tutorial_taskflow_api_virtualenv.py took 0.577 seconds
[2026-04-01T22:15:08.685+0200] {processor.py:161} INFO - Started process (PID=42956) to work on /home/malte/try_rag/.venv/lib/python3.12/site-packages/airflow/example_dags/tutorial_taskflow_api_virtualenv.py
[2026-04-01T22:15:08.700+0200] {processor.py:830} INFO - Processing file /home/malte/try_rag/.venv/lib/python3.12/site-packages/airflow/example_dags/tutorial_taskflow_api_virtualenv.py for tasks to queue
[2026-04-01T22:15:08.704+0200] {logging_mixin.py:188} INFO - [2026-04-01T22:15:08.702+0200] {dagbag.py:545} INFO - Filling up the DagBag from /home/malte/try_rag/.venv/lib/python3.12/site-packages/airflow/example_dags/tutorial_taskflow_api_virtualenv.py
[2026-04-01T22:15:08.739+0200] {processor.py:840} INFO - DAG(s) 'tutorial_taskflow_api_virtualenv' retrieved from /home/malte/try_rag/.venv/lib/python3.12/site-packages/airflow/example_dags/tutorial_taskflow_api_virtualenv.py
[2026-04-01T22:15:08.803+0200] {logging_mixin.py:188} INFO - [2026-04-01T22:15:08.802+0200] {dag.py:3096} INFO - Sync 1 DAGs
[2026-04-01T22:15:08.837+0200] {logging_mixin.py:188} INFO - [2026-04-01T22:15:08.837+0200] {dag.py:3954} INFO - Setting next_dagrun for tutorial_taskflow_api_virtualenv to None, run_after=None
[2026-04-01T22:15:08.910+0200] {processor.py:183} INFO - Processing /home/malte/try_rag/.venv/lib/python3.12/site-packages/airflow/example_dags/tutorial_taskflow_api_virtualenv.py took 0.245 seconds
[2026-04-01T22:15:51.342+0200] {processor.py:161} INFO - Started process (PID=43037) to work on /home/malte/try_rag/.venv/lib/python3.12/site-packages/airflow/example_dags/tutorial_taskflow_api_virtualenv.py
[2026-04-01T22:15:51.346+0200] {processor.py:830} INFO - Processing file /home/malte/try_rag/.venv/lib/python3.12/site-packages/airflow/example_dags/tutorial_taskflow_api_virtualenv.py for tasks to queue
[2026-04-01T22:15:51.348+0200] {logging_mixin.py:188} INFO - [2026-04-01T22:15:51.347+0200] {dagbag.py:545} INFO - Filling up the DagBag from /home/malte/try_rag/.venv/lib/python3.12/site-packages/airflow/example_dags/tutorial_taskflow_api_virtualenv.py
[2026-04-01T22:15:51.386+0200] {processor.py:840} INFO - DAG(s) 'tutorial_taskflow_api_virtualenv' retrieved from /home/malte/try_rag/.venv/lib/python3.12/site-packages/airflow/example_dags/tutorial_taskflow_api_virtualenv.py
[2026-04-01T22:15:51.433+0200] {logging_mixin.py:188} INFO - [2026-04-01T22:15:51.432+0200] {dag.py:3096} INFO - Sync 1 DAGs
[2026-04-01T22:15:51.471+0200] {logging_mixin.py:188} INFO - [2026-04-01T22:15:51.470+0200] {dag.py:3954} INFO - Setting next_dagrun for tutorial_taskflow_api_virtualenv to None, run_after=None
[2026-04-01T22:15:51.525+0200] {processor.py:183} INFO - Processing /home/malte/try_rag/.venv/lib/python3.12/site-packages/airflow/example_dags/tutorial_taskflow_api_virtualenv.py took 0.202 seconds
[2026-04-01T22:17:07.085+0200] {processor.py:161} INFO - Started process (PID=43191) to work on /home/malte/try_rag/.venv/lib/python3.12/site-packages/airflow/example_dags/tutorial_taskflow_api_virtualenv.py
[2026-04-01T22:17:07.102+0200] {processor.py:830} INFO - Processing file /home/malte/try_rag/.venv/lib/python3.12/site-packages/airflow/example_dags/tutorial_taskflow_api_virtualenv.py for tasks to queue
[2026-04-01T22:17:07.106+0200] {logging_mixin.py:188} INFO - [2026-04-01T22:17:07.105+0200] {dagbag.py:545} INFO - Filling up the DagBag from /home/malte/try_rag/.venv/lib/python3.12/site-packages/airflow/example_dags/tutorial_taskflow_api_virtualenv.py
[2026-04-01T22:17:07.162+0200] {processor.py:840} INFO - DAG(s) 'tutorial_taskflow_api_virtualenv' retrieved from /home/malte/try_rag/.venv/lib/python3.12/site-packages/airflow/example_dags/tutorial_taskflow_api_virtualenv.py
[2026-04-01T22:17:07.248+0200] {logging_mixin.py:188} INFO - [2026-04-01T22:17:07.247+0200] {dag.py:3096} INFO - Sync 1 DAGs
[2026-04-01T22:17:07.331+0200] {logging_mixin.py:188} INFO - [2026-04-01T22:17:07.329+0200] {dag.py:3954} INFO - Setting next_dagrun for tutorial_taskflow_api_virtualenv to None, run_after=None
[2026-04-01T22:17:07.456+0200] {processor.py:183} INFO - Processing /home/malte/try_rag/.venv/lib/python3.12/site-packages/airflow/example_dags/tutorial_taskflow_api_virtualenv.py took 0.395 seconds
[2026-04-01T22:18:19.975+0200] {processor.py:161} INFO - Started process (PID=43339) to work on /home/malte/try_rag/.venv/lib/python3.12/site-packages/airflow/example_dags/tutorial_taskflow_api_virtualenv.py
[2026-04-01T22:18:19.991+0200] {processor.py:830} INFO - Processing file /home/malte/try_rag/.venv/lib/python3.12/site-packages/airflow/example_dags/tutorial_taskflow_api_virtualenv.py for tasks to queue
[2026-04-01T22:18:19.993+0200] {logging_mixin.py:188} INFO - [2026-04-01T22:18:19.992+0200] {dagbag.py:545} INFO - Filling up the DagBag from /home/malte/try_rag/.venv/lib/python3.12/site-packages/airflow/example_dags/tutorial_taskflow_api_virtualenv.py
[2026-04-01T22:18:20.028+0200] {processor.py:840} INFO - DAG(s) 'tutorial_taskflow_api_virtualenv' retrieved from /home/malte/try_rag/.venv/lib/python3.12/site-packages/airflow/example_dags/tutorial_taskflow_api_virtualenv.py
[2026-04-01T22:18:20.084+0200] {logging_mixin.py:188} INFO - [2026-04-01T22:18:20.082+0200] {dag.py:3096} INFO - Sync 1 DAGs
[2026-04-01T22:18:20.121+0200] {logging_mixin.py:188} INFO - [2026-04-01T22:18:20.121+0200] {dag.py:3954} INFO - Setting next_dagrun for tutorial_taskflow_api_virtualenv to None, run_after=None
[2026-04-01T22:18:20.208+0200] {processor.py:183} INFO - Processing /home/malte/try_rag/.venv/lib/python3.12/site-packages/airflow/example_dags/tutorial_taskflow_api_virtualenv.py took 0.250 seconds
[2026-04-01T22:19:00.981+0200] {processor.py:161} INFO - Started process (PID=43442) to work on /home/malte/try_rag/.venv/lib/python3.12/site-packages/airflow/example_dags/tutorial_taskflow_api_virtualenv.py
[2026-04-01T22:19:00.986+0200] {processor.py:830} INFO - Processing file /home/malte/try_rag/.venv/lib/python3.12/site-packages/airflow/example_dags/tutorial_taskflow_api_virtualenv.py for tasks to queue
[2026-04-01T22:19:00.989+0200] {logging_mixin.py:188} INFO - [2026-04-01T22:19:00.987+0200] {dagbag.py:545} INFO - Filling up the DagBag from /home/malte/try_rag/.venv/lib/python3.12/site-packages/airflow/example_dags/tutorial_taskflow_api_virtualenv.py
[2026-04-01T22:19:01.029+0200] {processor.py:840} INFO - DAG(s) 'tutorial_taskflow_api_virtualenv' retrieved from /home/malte/try_rag/.venv/lib/python3.12/site-packages/airflow/example_dags/tutorial_taskflow_api_virtualenv.py
[2026-04-01T22:19:01.614+0200] {logging_mixin.py:188} INFO - [2026-04-01T22:19:01.613+0200] {dag.py:3096} INFO - Sync 1 DAGs
[2026-04-01T22:19:01.642+0200] {logging_mixin.py:188} INFO - [2026-04-01T22:19:01.641+0200] {dag.py:3954} INFO - Setting next_dagrun for tutorial_taskflow_api_virtualenv to None, run_after=None
[2026-04-01T22:19:01.692+0200] {processor.py:183} INFO - Processing /home/malte/try_rag/.venv/lib/python3.12/site-packages/airflow/example_dags/tutorial_taskflow_api_virtualenv.py took 0.731 seconds
[2026-04-01T22:19:50.118+0200] {processor.py:161} INFO - Started process (PID=43530) to work on /home/malte/try_rag/.venv/lib/python3.12/site-packages/airflow/example_dags/tutorial_taskflow_api_virtualenv.py
[2026-04-01T22:19:50.123+0200] {processor.py:830} INFO - Processing file /home/malte/try_rag/.venv/lib/python3.12/site-packages/airflow/example_dags/tutorial_taskflow_api_virtualenv.py for tasks to queue
[2026-04-01T22:19:50.126+0200] {logging_mixin.py:188} INFO - [2026-04-01T22:19:50.124+0200] {dagbag.py:545} INFO - Filling up the DagBag from /home/malte/try_rag/.venv/lib/python3.12/site-packages/airflow/example_dags/tutorial_taskflow_api_virtualenv.py
[2026-04-01T22:19:50.179+0200] {processor.py:840} INFO - DAG(s) 'tutorial_taskflow_api_virtualenv' retrieved from /home/malte/try_rag/.venv/lib/python3.12/site-packages/airflow/example_dags/tutorial_taskflow_api_virtualenv.py
[2026-04-01T22:19:50.248+0200] {logging_mixin.py:188} INFO - [2026-04-01T22:19:50.246+0200] {dag.py:3096} INFO - Sync 1 DAGs
[2026-04-01T22:19:50.291+0200] {logging_mixin.py:188} INFO - [2026-04-01T22:19:50.290+0200] {dag.py:3954} INFO - Setting next_dagrun for tutorial_taskflow_api_virtualenv to None, run_after=None
[2026-04-01T22:19:50.370+0200] {processor.py:183} INFO - Processing /home/malte/try_rag/.venv/lib/python3.12/site-packages/airflow/example_dags/tutorial_taskflow_api_virtualenv.py took 0.270 seconds
[2026-04-01T22:20:32.612+0200] {processor.py:161} INFO - Started process (PID=43617) to work on /home/malte/try_rag/.venv/lib/python3.12/site-packages/airflow/example_dags/tutorial_taskflow_api_virtualenv.py
[2026-04-01T22:20:32.627+0200] {processor.py:830} INFO - Processing file /home/malte/try_rag/.venv/lib/python3.12/site-packages/airflow/example_dags/tutorial_taskflow_api_virtualenv.py for tasks to queue
[2026-04-01T22:20:32.629+0200] {logging_mixin.py:188} INFO - [2026-04-01T22:20:32.628+0200] {dagbag.py:545} INFO - Filling up the DagBag from /home/malte/try_rag/.venv/lib/python3.12/site-packages/airflow/example_dags/tutorial_taskflow_api_virtualenv.py
[2026-04-01T22:20:32.665+0200] {processor.py:840} INFO - DAG(s) 'tutorial_taskflow_api_virtualenv' retrieved from /home/malte/try_rag/.venv/lib/python3.12/site-packages/airflow/example_dags/tutorial_taskflow_api_virtualenv.py
[2026-04-01T22:20:32.716+0200] {logging_mixin.py:188} INFO - [2026-04-01T22:20:32.716+0200] {dag.py:3096} INFO - Sync 1 DAGs
[2026-04-01T22:20:32.756+0200] {logging_mixin.py:188} INFO - [2026-04-01T22:20:32.755+0200] {dag.py:3954} INFO - Setting next_dagrun for tutorial_taskflow_api_virtualenv to None, run_after=None
[2026-04-01T22:20:32.836+0200] {processor.py:183} INFO - Processing /home/malte/try_rag/.venv/lib/python3.12/site-packages/airflow/example_dags/tutorial_taskflow_api_virtualenv.py took 0.244 seconds
[2026-04-01T22:21:46.366+0200] {processor.py:161} INFO - Started process (PID=43763) to work on /home/malte/try_rag/.venv/lib/python3.12/site-packages/airflow/example_dags/tutorial_taskflow_api_virtualenv.py
[2026-04-01T22:21:46.382+0200] {processor.py:830} INFO - Processing file /home/malte/try_rag/.venv/lib/python3.12/site-packages/airflow/example_dags/tutorial_taskflow_api_virtualenv.py for tasks to queue
[2026-04-01T22:21:46.385+0200] {logging_mixin.py:188} INFO - [2026-04-01T22:21:46.384+0200] {dagbag.py:545} INFO - Filling up the DagBag from /home/malte/try_rag/.venv/lib/python3.12/site-packages/airflow/example_dags/tutorial_taskflow_api_virtualenv.py
[2026-04-01T22:21:46.423+0200] {processor.py:840} INFO - DAG(s) 'tutorial_taskflow_api_virtualenv' retrieved from /home/malte/try_rag/.venv/lib/python3.12/site-packages/airflow/example_dags/tutorial_taskflow_api_virtualenv.py
[2026-04-01T22:21:46.473+0200] {logging_mixin.py:188} INFO - [2026-04-01T22:21:46.472+0200] {dag.py:3096} INFO - Sync 1 DAGs
[2026-04-01T22:21:46.513+0200] {logging_mixin.py:188} INFO - [2026-04-01T22:21:46.512+0200] {dag.py:3954} INFO - Setting next_dagrun for tutorial_taskflow_api_virtualenv to None, run_after=None
[2026-04-01T22:21:46.595+0200] {processor.py:183} INFO - Processing /home/malte/try_rag/.venv/lib/python3.12/site-packages/airflow/example_dags/tutorial_taskflow_api_virtualenv.py took 0.251 seconds
[2026-04-01T22:22:58.551+0200] {processor.py:161} INFO - Started process (PID=43908) to work on /home/malte/try_rag/.venv/lib/python3.12/site-packages/airflow/example_dags/tutorial_taskflow_api_virtualenv.py
[2026-04-01T22:22:58.566+0200] {processor.py:830} INFO - Processing file /home/malte/try_rag/.venv/lib/python3.12/site-packages/airflow/example_dags/tutorial_taskflow_api_virtualenv.py for tasks to queue
[2026-04-01T22:22:58.568+0200] {logging_mixin.py:188} INFO - [2026-04-01T22:22:58.567+0200] {dagbag.py:545} INFO - Filling up the DagBag from /home/malte/try_rag/.venv/lib/python3.12/site-packages/airflow/example_dags/tutorial_taskflow_api_virtualenv.py
[2026-04-01T22:22:58.602+0200] {processor.py:840} INFO - DAG(s) 'tutorial_taskflow_api_virtualenv' retrieved from /home/malte/try_rag/.venv/lib/python3.12/site-packages/airflow/example_dags/tutorial_taskflow_api_virtualenv.py
[2026-04-01T22:22:58.652+0200] {logging_mixin.py:188} INFO - [2026-04-01T22:22:58.651+0200] {dag.py:3096} INFO - Sync 1 DAGs
[2026-04-01T22:22:58.694+0200] {logging_mixin.py:188} INFO - [2026-04-01T22:22:58.693+0200] {dag.py:3954} INFO - Setting next_dagrun for tutorial_taskflow_api_virtualenv to None, run_after=None
[2026-04-01T22:22:58.775+0200] {processor.py:183} INFO - Processing /home/malte/try_rag/.venv/lib/python3.12/site-packages/airflow/example_dags/tutorial_taskflow_api_virtualenv.py took 0.245 seconds
[2026-04-01T22:23:36.666+0200] {processor.py:161} INFO - Started process (PID=43983) to work on /home/malte/try_rag/.venv/lib/python3.12/site-packages/airflow/example_dags/tutorial_taskflow_api_virtualenv.py
[2026-04-01T22:23:36.672+0200] {processor.py:830} INFO - Processing file /home/malte/try_rag/.venv/lib/python3.12/site-packages/airflow/example_dags/tutorial_taskflow_api_virtualenv.py for tasks to queue
[2026-04-01T22:23:36.676+0200] {logging_mixin.py:188} INFO - [2026-04-01T22:23:36.674+0200] {dagbag.py:545} INFO - Filling up the DagBag from /home/malte/try_rag/.venv/lib/python3.12/site-packages/airflow/example_dags/tutorial_taskflow_api_virtualenv.py
[2026-04-01T22:23:36.726+0200] {processor.py:840} INFO - DAG(s) 'tutorial_taskflow_api_virtualenv' retrieved from /home/malte/try_rag/.venv/lib/python3.12/site-packages/airflow/example_dags/tutorial_taskflow_api_virtualenv.py
[2026-04-01T22:23:36.797+0200] {logging_mixin.py:188} INFO - [2026-04-01T22:23:36.797+0200] {dag.py:3096} INFO - Sync 1 DAGs
[2026-04-01T22:23:36.860+0200] {logging_mixin.py:188} INFO - [2026-04-01T22:23:36.859+0200] {dag.py:3954} INFO - Setting next_dagrun for tutorial_taskflow_api_virtualenv to None, run_after=None
[2026-04-01T22:23:36.935+0200] {processor.py:183} INFO - Processing /home/malte/try_rag/.venv/lib/python3.12/site-packages/airflow/example_dags/tutorial_taskflow_api_virtualenv.py took 0.296 seconds
[2026-04-01T22:24:46.197+0200] {processor.py:161} INFO - Started process (PID=44151) to work on /home/malte/try_rag/.venv/lib/python3.12/site-packages/airflow/example_dags/tutorial_taskflow_api_virtualenv.py
[2026-04-01T22:24:46.212+0200] {processor.py:830} INFO - Processing file /home/malte/try_rag/.venv/lib/python3.12/site-packages/airflow/example_dags/tutorial_taskflow_api_virtualenv.py for tasks to queue
[2026-04-01T22:24:46.216+0200] {logging_mixin.py:188} INFO - [2026-04-01T22:24:46.214+0200] {dagbag.py:545} INFO - Filling up the DagBag from /home/malte/try_rag/.venv/lib/python3.12/site-packages/airflow/example_dags/tutorial_taskflow_api_virtualenv.py
[2026-04-01T22:24:46.254+0200] {processor.py:840} INFO - DAG(s) 'tutorial_taskflow_api_virtualenv' retrieved from /home/malte/try_rag/.venv/lib/python3.12/site-packages/airflow/example_dags/tutorial_taskflow_api_virtualenv.py
[2026-04-01T22:24:46.307+0200] {logging_mixin.py:188} INFO - [2026-04-01T22:24:46.306+0200] {dag.py:3096} INFO - Sync 1 DAGs
[2026-04-01T22:24:46.353+0200] {logging_mixin.py:188} INFO - [2026-04-01T22:24:46.352+0200] {dag.py:3954} INFO - Setting next_dagrun for tutorial_taskflow_api_virtualenv to None, run_after=None
[2026-04-01T22:24:46.428+0200] {processor.py:183} INFO - Processing /home/malte/try_rag/.venv/lib/python3.12/site-packages/airflow/example_dags/tutorial_taskflow_api_virtualenv.py took 0.253 seconds
[2026-04-01T22:29:35.702+0200] {processor.py:161} INFO - Started process (PID=45285) to work on /home/malte/try_rag/.venv/lib/python3.12/site-packages/airflow/example_dags/tutorial_taskflow_api_virtualenv.py
[2026-04-01T22:29:35.717+0200] {processor.py:830} INFO - Processing file /home/malte/try_rag/.venv/lib/python3.12/site-packages/airflow/example_dags/tutorial_taskflow_api_virtualenv.py for tasks to queue
[2026-04-01T22:29:35.719+0200] {logging_mixin.py:188} INFO - [2026-04-01T22:29:35.718+0200] {dagbag.py:545} INFO - Filling up the DagBag from /home/malte/try_rag/.venv/lib/python3.12/site-packages/airflow/example_dags/tutorial_taskflow_api_virtualenv.py
[2026-04-01T22:29:35.756+0200] {processor.py:840} INFO - DAG(s) 'tutorial_taskflow_api_virtualenv' retrieved from /home/malte/try_rag/.venv/lib/python3.12/site-packages/airflow/example_dags/tutorial_taskflow_api_virtualenv.py
[2026-04-01T22:29:36.096+0200] {logging_mixin.py:188} INFO - [2026-04-01T22:29:36.096+0200] {dag.py:3096} INFO - Sync 1 DAGs
[2026-04-01T22:29:36.123+0200] {logging_mixin.py:188} INFO - [2026-04-01T22:29:36.123+0200] {dag.py:3954} INFO - Setting next_dagrun for tutorial_taskflow_api_virtualenv to None, run_after=None
[2026-04-01T22:29:36.198+0200] {processor.py:183} INFO - Processing /home/malte/try_rag/.venv/lib/python3.12/site-packages/airflow/example_dags/tutorial_taskflow_api_virtualenv.py took 0.512 seconds
[2026-04-01T22:30:12.406+0200] {processor.py:161} INFO - Started process (PID=45573) to work on /home/malte/try_rag/.venv/lib/python3.12/site-packages/airflow/example_dags/tutorial_taskflow_api_virtualenv.py
[2026-04-01T22:30:12.421+0200] {processor.py:830} INFO - Processing file /home/malte/try_rag/.venv/lib/python3.12/site-packages/airflow/example_dags/tutorial_taskflow_api_virtualenv.py for tasks to queue
[2026-04-01T22:30:12.423+0200] {logging_mixin.py:188} INFO - [2026-04-01T22:30:12.422+0200] {dagbag.py:545} INFO - Filling up the DagBag from /home/malte/try_rag/.venv/lib/python3.12/site-packages/airflow/example_dags/tutorial_taskflow_api_virtualenv.py
[2026-04-01T22:30:12.474+0200] {processor.py:840} INFO - DAG(s) 'tutorial_taskflow_api_virtualenv' retrieved from /home/malte/try_rag/.venv/lib/python3.12/site-packages/airflow/example_dags/tutorial_taskflow_api_virtualenv.py
[2026-04-01T22:30:12.506+0200] {logging_mixin.py:188} INFO - [2026-04-01T22:30:12.506+0200] {dag.py:3096} INFO - Sync 1 DAGs
[2026-04-01T22:30:12.553+0200] {logging_mixin.py:188} INFO - [2026-04-01T22:30:12.553+0200] {dag.py:3954} INFO - Setting next_dagrun for tutorial_taskflow_api_virtualenv to None, run_after=None
[2026-04-01T22:30:12.617+0200] {processor.py:183} INFO - Processing /home/malte/try_rag/.venv/lib/python3.12/site-packages/airflow/example_dags/tutorial_taskflow_api_virtualenv.py took 0.247 seconds
[2026-04-01T22:31:27.771+0200] {processor.py:161} INFO - Started process (PID=45882) to work on /home/malte/try_rag/.venv/lib/python3.12/site-packages/airflow/example_dags/tutorial_taskflow_api_virtualenv.py
[2026-04-01T22:31:27.776+0200] {processor.py:830} INFO - Processing file /home/malte/try_rag/.venv/lib/python3.12/site-packages/airflow/example_dags/tutorial_taskflow_api_virtualenv.py for tasks to queue
[2026-04-01T22:31:27.780+0200] {logging_mixin.py:188} INFO - [2026-04-01T22:31:27.778+0200] {dagbag.py:545} INFO - Filling up the DagBag from /home/malte/try_rag/.venv/lib/python3.12/site-packages/airflow/example_dags/tutorial_taskflow_api_virtualenv.py
[2026-04-01T22:31:27.821+0200] {processor.py:840} INFO - DAG(s) 'tutorial_taskflow_api_virtualenv' retrieved from /home/malte/try_rag/.venv/lib/python3.12/site-packages/airflow/example_dags/tutorial_taskflow_api_virtualenv.py
[2026-04-01T22:31:28.224+0200] {logging_mixin.py:188} INFO - [2026-04-01T22:31:28.223+0200] {dag.py:3096} INFO - Sync 1 DAGs
[2026-04-01T22:31:28.267+0200] {logging_mixin.py:188} INFO - [2026-04-01T22:31:28.266+0200] {dag.py:3954} INFO - Setting next_dagrun for tutorial_taskflow_api_virtualenv to None, run_after=None
[2026-04-01T22:31:28.356+0200] {processor.py:183} INFO - Processing /home/malte/try_rag/.venv/lib/python3.12/site-packages/airflow/example_dags/tutorial_taskflow_api_virtualenv.py took 0.605 seconds
[2026-04-01T22:32:10.834+0200] {processor.py:161} INFO - Started process (PID=46028) to work on /home/malte/try_rag/.venv/lib/python3.12/site-packages/airflow/example_dags/tutorial_taskflow_api_virtualenv.py
[2026-04-01T22:32:10.848+0200] {processor.py:830} INFO - Processing file /home/malte/try_rag/.venv/lib/python3.12/site-packages/airflow/example_dags/tutorial_taskflow_api_virtualenv.py for tasks to queue
[2026-04-01T22:32:10.851+0200] {logging_mixin.py:188} INFO - [2026-04-01T22:32:10.850+0200] {dagbag.py:545} INFO - Filling up the DagBag from /home/malte/try_rag/.venv/lib/python3.12/site-packages/airflow/example_dags/tutorial_taskflow_api_virtualenv.py
[2026-04-01T22:32:10.885+0200] {processor.py:840} INFO - DAG(s) 'tutorial_taskflow_api_virtualenv' retrieved from /home/malte/try_rag/.venv/lib/python3.12/site-packages/airflow/example_dags/tutorial_taskflow_api_virtualenv.py
[2026-04-01T22:32:10.964+0200] {logging_mixin.py:188} INFO - [2026-04-01T22:32:10.963+0200] {dag.py:3096} INFO - Sync 1 DAGs
[2026-04-01T22:32:11.000+0200] {logging_mixin.py:188} INFO - [2026-04-01T22:32:10.999+0200] {dag.py:3954} INFO - Setting next_dagrun for tutorial_taskflow_api_virtualenv to None, run_after=None
[2026-04-01T22:32:11.087+0200] {processor.py:183} INFO - Processing /home/malte/try_rag/.venv/lib/python3.12/site-packages/airflow/example_dags/tutorial_taskflow_api_virtualenv.py took 0.271 seconds
[2026-04-01T22:33:22.442+0200] {processor.py:161} INFO - Started process (PID=46289) to work on /home/malte/try_rag/.venv/lib/python3.12/site-packages/airflow/example_dags/tutorial_taskflow_api_virtualenv.py
[2026-04-01T22:33:22.454+0200] {processor.py:830} INFO - Processing file /home/malte/try_rag/.venv/lib/python3.12/site-packages/airflow/example_dags/tutorial_taskflow_api_virtualenv.py for tasks to queue
[2026-04-01T22:33:22.457+0200] {logging_mixin.py:188} INFO - [2026-04-01T22:33:22.456+0200] {dagbag.py:545} INFO - Filling up the DagBag from /home/malte/try_rag/.venv/lib/python3.12/site-packages/airflow/example_dags/tutorial_taskflow_api_virtualenv.py
[2026-04-01T22:33:22.499+0200] {processor.py:840} INFO - DAG(s) 'tutorial_taskflow_api_virtualenv' retrieved from /home/malte/try_rag/.venv/lib/python3.12/site-packages/airflow/example_dags/tutorial_taskflow_api_virtualenv.py
[2026-04-01T22:33:22.571+0200] {logging_mixin.py:188} INFO - [2026-04-01T22:33:22.571+0200] {dag.py:3096} INFO - Sync 1 DAGs
[2026-04-01T22:33:22.611+0200] {logging_mixin.py:188} INFO - [2026-04-01T22:33:22.610+0200] {dag.py:3954} INFO - Setting next_dagrun for tutorial_taskflow_api_virtualenv to None, run_after=None
[2026-04-01T22:33:22.841+0200] {processor.py:183} INFO - Processing /home/malte/try_rag/.venv/lib/python3.12/site-packages/airflow/example_dags/tutorial_taskflow_api_virtualenv.py took 0.426 seconds
[2026-04-01T22:34:31.215+0200] {processor.py:161} INFO - Started process (PID=46492) to work on /home/malte/try_rag/.venv/lib/python3.12/site-packages/airflow/example_dags/tutorial_taskflow_api_virtualenv.py
[2026-04-01T22:34:31.219+0200] {processor.py:830} INFO - Processing file /home/malte/try_rag/.venv/lib/python3.12/site-packages/airflow/example_dags/tutorial_taskflow_api_virtualenv.py for tasks to queue
[2026-04-01T22:34:31.221+0200] {logging_mixin.py:188} INFO - [2026-04-01T22:34:31.220+0200] {dagbag.py:545} INFO - Filling up the DagBag from /home/malte/try_rag/.venv/lib/python3.12/site-packages/airflow/example_dags/tutorial_taskflow_api_virtualenv.py
[2026-04-01T22:34:31.257+0200] {processor.py:840} INFO - DAG(s) 'tutorial_taskflow_api_virtualenv' retrieved from /home/malte/try_rag/.venv/lib/python3.12/site-packages/airflow/example_dags/tutorial_taskflow_api_virtualenv.py
[2026-04-01T22:34:31.300+0200] {logging_mixin.py:188} INFO - [2026-04-01T22:34:31.299+0200] {dag.py:3096} INFO - Sync 1 DAGs
[2026-04-01T22:34:31.334+0200] {logging_mixin.py:188} INFO - [2026-04-01T22:34:31.334+0200] {dag.py:3954} INFO - Setting next_dagrun for tutorial_taskflow_api_virtualenv to None, run_after=None
[2026-04-01T22:34:31.424+0200] {processor.py:183} INFO - Processing /home/malte/try_rag/.venv/lib/python3.12/site-packages/airflow/example_dags/tutorial_taskflow_api_virtualenv.py took 0.225 seconds
[2026-04-01T22:35:50.082+0200] {processor.py:161} INFO - Started process (PID=46760) to work on /home/malte/try_rag/.venv/lib/python3.12/site-packages/airflow/example_dags/tutorial_taskflow_api_virtualenv.py
[2026-04-01T22:35:50.097+0200] {processor.py:830} INFO - Processing file /home/malte/try_rag/.venv/lib/python3.12/site-packages/airflow/example_dags/tutorial_taskflow_api_virtualenv.py for tasks to queue
[2026-04-01T22:35:50.101+0200] {logging_mixin.py:188} INFO - [2026-04-01T22:35:50.099+0200] {dagbag.py:545} INFO - Filling up the DagBag from /home/malte/try_rag/.venv/lib/python3.12/site-packages/airflow/example_dags/tutorial_taskflow_api_virtualenv.py
[2026-04-01T22:35:50.142+0200] {processor.py:840} INFO - DAG(s) 'tutorial_taskflow_api_virtualenv' retrieved from /home/malte/try_rag/.venv/lib/python3.12/site-packages/airflow/example_dags/tutorial_taskflow_api_virtualenv.py
[2026-04-01T22:35:50.211+0200] {logging_mixin.py:188} INFO - [2026-04-01T22:35:50.210+0200] {dag.py:3096} INFO - Sync 1 DAGs
[2026-04-01T22:35:50.285+0200] {logging_mixin.py:188} INFO - [2026-04-01T22:35:50.285+0200] {dag.py:3954} INFO - Setting next_dagrun for tutorial_taskflow_api_virtualenv to None, run_after=None
[2026-04-01T22:35:50.384+0200] {processor.py:183} INFO - Processing /home/malte/try_rag/.venv/lib/python3.12/site-packages/airflow/example_dags/tutorial_taskflow_api_virtualenv.py took 0.323 seconds
[2026-04-01T22:36:31.405+0200] {processor.py:161} INFO - Started process (PID=46907) to work on /home/malte/try_rag/.venv/lib/python3.12/site-packages/airflow/example_dags/tutorial_taskflow_api_virtualenv.py
[2026-04-01T22:36:31.409+0200] {processor.py:830} INFO - Processing file /home/malte/try_rag/.venv/lib/python3.12/site-packages/airflow/example_dags/tutorial_taskflow_api_virtualenv.py for tasks to queue
[2026-04-01T22:36:31.412+0200] {logging_mixin.py:188} INFO - [2026-04-01T22:36:31.410+0200] {dagbag.py:545} INFO - Filling up the DagBag from /home/malte/try_rag/.venv/lib/python3.12/site-packages/airflow/example_dags/tutorial_taskflow_api_virtualenv.py
[2026-04-01T22:36:31.445+0200] {processor.py:840} INFO - DAG(s) 'tutorial_taskflow_api_virtualenv' retrieved from /home/malte/try_rag/.venv/lib/python3.12/site-packages/airflow/example_dags/tutorial_taskflow_api_virtualenv.py
[2026-04-01T22:36:31.500+0200] {logging_mixin.py:188} INFO - [2026-04-01T22:36:31.499+0200] {dag.py:3096} INFO - Sync 1 DAGs
[2026-04-01T22:36:31.541+0200] {logging_mixin.py:188} INFO - [2026-04-01T22:36:31.541+0200] {dag.py:3954} INFO - Setting next_dagrun for tutorial_taskflow_api_virtualenv to None, run_after=None
[2026-04-01T22:36:31.627+0200] {processor.py:183} INFO - Processing /home/malte/try_rag/.venv/lib/python3.12/site-packages/airflow/example_dags/tutorial_taskflow_api_virtualenv.py took 0.239 seconds
