[2026-04-01T22:13:51.556+0200] {processor.py:161} INFO - Started process (PID=42800) to work on /home/malte/try_rag/.venv/lib/python3.12/site-packages/airflow/example_dags/tutorial_dag.py
[2026-04-01T22:13:51.559+0200] {processor.py:830} INFO - Processing file /home/malte/try_rag/.venv/lib/python3.12/site-packages/airflow/example_dags/tutorial_dag.py for tasks to queue
[2026-04-01T22:13:51.561+0200] {logging_mixin.py:188} INFO - [2026-04-01T22:13:51.560+0200] {dagbag.py:545} INFO - Filling up the DagBag from /home/malte/try_rag/.venv/lib/python3.12/site-packages/airflow/example_dags/tutorial_dag.py
[2026-04-01T22:13:51.589+0200] {processor.py:840} INFO - DAG(s) 'tutorial_dag' retrieved from /home/malte/try_rag/.venv/lib/python3.12/site-packages/airflow/example_dags/tutorial_dag.py
[2026-04-01T22:13:51.882+0200] {logging_mixin.py:188} INFO - [2026-04-01T22:13:51.881+0200] {override.py:1930} INFO - Created Permission View: can edit on DAG:tutorial_dag
[2026-04-01T22:13:51.912+0200] {logging_mixin.py:188} INFO - [2026-04-01T22:13:51.911+0200] {override.py:1930} INFO - Created Permission View: can read on DAG:tutorial_dag
[2026-04-01T22:13:51.934+0200] {logging_mixin.py:188} INFO - [2026-04-01T22:13:51.933+0200] {override.py:1930} INFO - Created Permission View: can delete on DAG:tutorial_dag
[2026-04-01T22:13:51.936+0200] {logging_mixin.py:188} INFO - [2026-04-01T22:13:51.935+0200] {dag.py:3096} INFO - Sync 1 DAGs
[2026-04-01T22:13:51.969+0200] {logging_mixin.py:188} INFO - [2026-04-01T22:13:51.968+0200] {dag.py:3118} INFO - Creating ORM DAG for tutorial_dag
[2026-04-01T22:13:51.970+0200] {logging_mixin.py:188} INFO - [2026-04-01T22:13:51.970+0200] {dag.py:3954} INFO - Setting next_dagrun for tutorial_dag to None, run_after=None
[2026-04-01T22:13:52.026+0200] {processor.py:183} INFO - Processing /home/malte/try_rag/.venv/lib/python3.12/site-packages/airflow/example_dags/tutorial_dag.py took 0.487 seconds
[2026-04-01T22:15:11.061+0200] {processor.py:161} INFO - Started process (PID=42958) to work on /home/malte/try_rag/.venv/lib/python3.12/site-packages/airflow/example_dags/tutorial_dag.py
[2026-04-01T22:15:11.077+0200] {processor.py:830} INFO - Processing file /home/malte/try_rag/.venv/lib/python3.12/site-packages/airflow/example_dags/tutorial_dag.py for tasks to queue
[2026-04-01T22:15:11.082+0200] {logging_mixin.py:188} INFO - [2026-04-01T22:15:11.080+0200] {dagbag.py:545} INFO - Filling up the DagBag from /home/malte/try_rag/.venv/lib/python3.12/site-packages/airflow/example_dags/tutorial_dag.py
[2026-04-01T22:15:11.105+0200] {processor.py:840} INFO - DAG(s) 'tutorial_dag' retrieved from /home/malte/try_rag/.venv/lib/python3.12/site-packages/airflow/example_dags/tutorial_dag.py
[2026-04-01T22:15:11.174+0200] {logging_mixin.py:188} INFO - [2026-04-01T22:15:11.173+0200] {dag.py:3096} INFO - Sync 1 DAGs
[2026-04-01T22:15:11.221+0200] {logging_mixin.py:188} INFO - [2026-04-01T22:15:11.220+0200] {dag.py:3954} INFO - Setting next_dagrun for tutorial_dag to None, run_after=None
[2026-04-01T22:15:11.309+0200] {processor.py:183} INFO - Processing /home/malte/try_rag/.venv/lib/python3.12/site-packages/airflow/example_dags/tutorial_dag.py took 0.269 seconds
[2026-04-01T22:15:54.176+0200] {processor.py:161} INFO - Started process (PID=43039) to work on /home/malte/try_rag/.venv/lib/python3.12/site-packages/airflow/example_dags/tutorial_dag.py
[2026-04-01T22:15:54.180+0200] {processor.py:830} INFO - Processing file /home/malte/try_rag/.venv/lib/python3.12/site-packages/airflow/example_dags/tutorial_dag.py for tasks to queue
[2026-04-01T22:15:54.184+0200] {logging_mixin.py:188} INFO - [2026-04-01T22:15:54.182+0200] {dagbag.py:545} INFO - Filling up the DagBag from /home/malte/try_rag/.venv/lib/python3.12/site-packages/airflow/example_dags/tutorial_dag.py
[2026-04-01T22:15:54.202+0200] {processor.py:840} INFO - DAG(s) 'tutorial_dag' retrieved from /home/malte/try_rag/.venv/lib/python3.12/site-packages/airflow/example_dags/tutorial_dag.py
[2026-04-01T22:15:54.260+0200] {logging_mixin.py:188} INFO - [2026-04-01T22:15:54.260+0200] {dag.py:3096} INFO - Sync 1 DAGs
[2026-04-01T22:15:54.296+0200] {logging_mixin.py:188} INFO - [2026-04-01T22:15:54.296+0200] {dag.py:3954} INFO - Setting next_dagrun for tutorial_dag to None, run_after=None
[2026-04-01T22:15:54.355+0200] {processor.py:183} INFO - Processing /home/malte/try_rag/.venv/lib/python3.12/site-packages/airflow/example_dags/tutorial_dag.py took 0.197 seconds
[2026-04-01T22:17:10.152+0200] {processor.py:161} INFO - Started process (PID=43199) to work on /home/malte/try_rag/.venv/lib/python3.12/site-packages/airflow/example_dags/tutorial_dag.py
[2026-04-01T22:17:10.155+0200] {processor.py:830} INFO - Processing file /home/malte/try_rag/.venv/lib/python3.12/site-packages/airflow/example_dags/tutorial_dag.py for tasks to queue
[2026-04-01T22:17:10.157+0200] {logging_mixin.py:188} INFO - [2026-04-01T22:17:10.156+0200] {dagbag.py:545} INFO - Filling up the DagBag from /home/malte/try_rag/.venv/lib/python3.12/site-packages/airflow/example_dags/tutorial_dag.py
[2026-04-01T22:17:10.173+0200] {processor.py:840} INFO - DAG(s) 'tutorial_dag' retrieved from /home/malte/try_rag/.venv/lib/python3.12/site-packages/airflow/example_dags/tutorial_dag.py
[2026-04-01T22:17:10.234+0200] {logging_mixin.py:188} INFO - [2026-04-01T22:17:10.233+0200] {dag.py:3096} INFO - Sync 1 DAGs
[2026-04-01T22:17:10.275+0200] {logging_mixin.py:188} INFO - [2026-04-01T22:17:10.274+0200] {dag.py:3954} INFO - Setting next_dagrun for tutorial_dag to None, run_after=None
[2026-04-01T22:17:10.328+0200] {processor.py:183} INFO - Processing /home/malte/try_rag/.venv/lib/python3.12/site-packages/airflow/example_dags/tutorial_dag.py took 0.200 seconds
[2026-04-01T22:18:22.078+0200] {processor.py:161} INFO - Started process (PID=43347) to work on /home/malte/try_rag/.venv/lib/python3.12/site-packages/airflow/example_dags/tutorial_dag.py
[2026-04-01T22:18:22.093+0200] {processor.py:830} INFO - Processing file /home/malte/try_rag/.venv/lib/python3.12/site-packages/airflow/example_dags/tutorial_dag.py for tasks to queue
[2026-04-01T22:18:22.097+0200] {logging_mixin.py:188} INFO - [2026-04-01T22:18:22.095+0200] {dagbag.py:545} INFO - Filling up the DagBag from /home/malte/try_rag/.venv/lib/python3.12/site-packages/airflow/example_dags/tutorial_dag.py
[2026-04-01T22:18:22.113+0200] {processor.py:840} INFO - DAG(s) 'tutorial_dag' retrieved from /home/malte/try_rag/.venv/lib/python3.12/site-packages/airflow/example_dags/tutorial_dag.py
[2026-04-01T22:18:22.160+0200] {logging_mixin.py:188} INFO - [2026-04-01T22:18:22.160+0200] {dag.py:3096} INFO - Sync 1 DAGs
[2026-04-01T22:18:22.194+0200] {logging_mixin.py:188} INFO - [2026-04-01T22:18:22.193+0200] {dag.py:3954} INFO - Setting next_dagrun for tutorial_dag to None, run_after=None
[2026-04-01T22:18:22.273+0200] {processor.py:183} INFO - Processing /home/malte/try_rag/.venv/lib/python3.12/site-packages/airflow/example_dags/tutorial_dag.py took 0.213 seconds
[2026-04-01T22:19:03.542+0200] {processor.py:161} INFO - Started process (PID=43446) to work on /home/malte/try_rag/.venv/lib/python3.12/site-packages/airflow/example_dags/tutorial_dag.py
[2026-04-01T22:19:03.548+0200] {processor.py:830} INFO - Processing file /home/malte/try_rag/.venv/lib/python3.12/site-packages/airflow/example_dags/tutorial_dag.py for tasks to queue
[2026-04-01T22:19:03.550+0200] {logging_mixin.py:188} INFO - [2026-04-01T22:19:03.549+0200] {dagbag.py:545} INFO - Filling up the DagBag from /home/malte/try_rag/.venv/lib/python3.12/site-packages/airflow/example_dags/tutorial_dag.py
[2026-04-01T22:19:03.575+0200] {processor.py:840} INFO - DAG(s) 'tutorial_dag' retrieved from /home/malte/try_rag/.venv/lib/python3.12/site-packages/airflow/example_dags/tutorial_dag.py
[2026-04-01T22:19:03.642+0200] {logging_mixin.py:188} INFO - [2026-04-01T22:19:03.642+0200] {dag.py:3096} INFO - Sync 1 DAGs
[2026-04-01T22:19:04.042+0200] {logging_mixin.py:188} INFO - [2026-04-01T22:19:04.041+0200] {dag.py:3954} INFO - Setting next_dagrun for tutorial_dag to None, run_after=None
[2026-04-01T22:19:04.089+0200] {processor.py:183} INFO - Processing /home/malte/try_rag/.venv/lib/python3.12/site-packages/airflow/example_dags/tutorial_dag.py took 0.572 seconds
[2026-04-01T22:19:52.298+0200] {processor.py:161} INFO - Started process (PID=43534) to work on /home/malte/try_rag/.venv/lib/python3.12/site-packages/airflow/example_dags/tutorial_dag.py
[2026-04-01T22:19:52.305+0200] {processor.py:830} INFO - Processing file /home/malte/try_rag/.venv/lib/python3.12/site-packages/airflow/example_dags/tutorial_dag.py for tasks to queue
[2026-04-01T22:19:52.309+0200] {logging_mixin.py:188} INFO - [2026-04-01T22:19:52.307+0200] {dagbag.py:545} INFO - Filling up the DagBag from /home/malte/try_rag/.venv/lib/python3.12/site-packages/airflow/example_dags/tutorial_dag.py
[2026-04-01T22:19:52.332+0200] {processor.py:840} INFO - DAG(s) 'tutorial_dag' retrieved from /home/malte/try_rag/.venv/lib/python3.12/site-packages/airflow/example_dags/tutorial_dag.py
[2026-04-01T22:19:52.406+0200] {logging_mixin.py:188} INFO - [2026-04-01T22:19:52.405+0200] {dag.py:3096} INFO - Sync 1 DAGs
[2026-04-01T22:19:52.454+0200] {logging_mixin.py:188} INFO - [2026-04-01T22:19:52.453+0200] {dag.py:3954} INFO - Setting next_dagrun for tutorial_dag to None, run_after=None
[2026-04-01T22:19:52.530+0200] {processor.py:183} INFO - Processing /home/malte/try_rag/.venv/lib/python3.12/site-packages/airflow/example_dags/tutorial_dag.py took 0.251 seconds
[2026-04-01T22:20:34.106+0200] {processor.py:161} INFO - Started process (PID=43619) to work on /home/malte/try_rag/.venv/lib/python3.12/site-packages/airflow/example_dags/tutorial_dag.py
[2026-04-01T22:20:34.122+0200] {processor.py:830} INFO - Processing file /home/malte/try_rag/.venv/lib/python3.12/site-packages/airflow/example_dags/tutorial_dag.py for tasks to queue
[2026-04-01T22:20:34.125+0200] {logging_mixin.py:188} INFO - [2026-04-01T22:20:34.123+0200] {dagbag.py:545} INFO - Filling up the DagBag from /home/malte/try_rag/.venv/lib/python3.12/site-packages/airflow/example_dags/tutorial_dag.py
[2026-04-01T22:20:34.149+0200] {processor.py:840} INFO - DAG(s) 'tutorial_dag' retrieved from /home/malte/try_rag/.venv/lib/python3.12/site-packages/airflow/example_dags/tutorial_dag.py
[2026-04-01T22:20:34.222+0200] {logging_mixin.py:188} INFO - [2026-04-01T22:20:34.221+0200] {dag.py:3096} INFO - Sync 1 DAGs
[2026-04-01T22:20:34.271+0200] {logging_mixin.py:188} INFO - [2026-04-01T22:20:34.271+0200] {dag.py:3954} INFO - Setting next_dagrun for tutorial_dag to None, run_after=None
[2026-04-01T22:20:34.374+0200] {processor.py:183} INFO - Processing /home/malte/try_rag/.venv/lib/python3.12/site-packages/airflow/example_dags/tutorial_dag.py took 0.291 seconds
[2026-04-01T22:21:49.087+0200] {processor.py:161} INFO - Started process (PID=43765) to work on /home/malte/try_rag/.venv/lib/python3.12/site-packages/airflow/example_dags/tutorial_dag.py
[2026-04-01T22:21:49.091+0200] {processor.py:830} INFO - Processing file /home/malte/try_rag/.venv/lib/python3.12/site-packages/airflow/example_dags/tutorial_dag.py for tasks to queue
[2026-04-01T22:21:49.093+0200] {logging_mixin.py:188} INFO - [2026-04-01T22:21:49.092+0200] {dagbag.py:545} INFO - Filling up the DagBag from /home/malte/try_rag/.venv/lib/python3.12/site-packages/airflow/example_dags/tutorial_dag.py
[2026-04-01T22:21:49.113+0200] {processor.py:840} INFO - DAG(s) 'tutorial_dag' retrieved from /home/malte/try_rag/.venv/lib/python3.12/site-packages/airflow/example_dags/tutorial_dag.py
[2026-04-01T22:21:49.185+0200] {logging_mixin.py:188} INFO - [2026-04-01T22:21:49.183+0200] {dag.py:3096} INFO - Sync 1 DAGs
[2026-04-01T22:21:49.221+0200] {logging_mixin.py:188} INFO - [2026-04-01T22:21:49.220+0200] {dag.py:3954} INFO - Setting next_dagrun for tutorial_dag to None, run_after=None
[2026-04-01T22:21:49.287+0200] {processor.py:183} INFO - Processing /home/malte/try_rag/.venv/lib/python3.12/site-packages/airflow/example_dags/tutorial_dag.py took 0.223 seconds
[2026-04-01T22:23:01.371+0200] {processor.py:161} INFO - Started process (PID=43910) to work on /home/malte/try_rag/.venv/lib/python3.12/site-packages/airflow/example_dags/tutorial_dag.py
[2026-04-01T22:23:01.386+0200] {processor.py:830} INFO - Processing file /home/malte/try_rag/.venv/lib/python3.12/site-packages/airflow/example_dags/tutorial_dag.py for tasks to queue
[2026-04-01T22:23:01.389+0200] {logging_mixin.py:188} INFO - [2026-04-01T22:23:01.388+0200] {dagbag.py:545} INFO - Filling up the DagBag from /home/malte/try_rag/.venv/lib/python3.12/site-packages/airflow/example_dags/tutorial_dag.py
[2026-04-01T22:23:01.409+0200] {processor.py:840} INFO - DAG(s) 'tutorial_dag' retrieved from /home/malte/try_rag/.venv/lib/python3.12/site-packages/airflow/example_dags/tutorial_dag.py
[2026-04-01T22:23:01.466+0200] {logging_mixin.py:188} INFO - [2026-04-01T22:23:01.465+0200] {dag.py:3096} INFO - Sync 1 DAGs
[2026-04-01T22:23:01.508+0200] {logging_mixin.py:188} INFO - [2026-04-01T22:23:01.507+0200] {dag.py:3954} INFO - Setting next_dagrun for tutorial_dag to None, run_after=None
[2026-04-01T22:23:01.592+0200] {processor.py:183} INFO - Processing /home/malte/try_rag/.venv/lib/python3.12/site-packages/airflow/example_dags/tutorial_dag.py took 0.242 seconds
[2026-04-01T22:24:14.870+0200] {processor.py:161} INFO - Started process (PID=44087) to work on /home/malte/try_rag/.venv/lib/python3.12/site-packages/airflow/example_dags/tutorial_dag.py
[2026-04-01T22:24:14.885+0200] {processor.py:830} INFO - Processing file /home/malte/try_rag/.venv/lib/python3.12/site-packages/airflow/example_dags/tutorial_dag.py for tasks to queue
[2026-04-01T22:24:14.890+0200] {logging_mixin.py:188} INFO - [2026-04-01T22:24:14.888+0200] {dagbag.py:545} INFO - Filling up the DagBag from /home/malte/try_rag/.venv/lib/python3.12/site-packages/airflow/example_dags/tutorial_dag.py
[2026-04-01T22:24:14.907+0200] {processor.py:840} INFO - DAG(s) 'tutorial_dag' retrieved from /home/malte/try_rag/.venv/lib/python3.12/site-packages/airflow/example_dags/tutorial_dag.py
[2026-04-01T22:24:14.957+0200] {logging_mixin.py:188} INFO - [2026-04-01T22:24:14.956+0200] {dag.py:3096} INFO - Sync 1 DAGs
[2026-04-01T22:24:14.990+0200] {logging_mixin.py:188} INFO - [2026-04-01T22:24:14.989+0200] {dag.py:3954} INFO - Setting next_dagrun for tutorial_dag to None, run_after=None
[2026-04-01T22:24:15.048+0200] {processor.py:183} INFO - Processing /home/malte/try_rag/.venv/lib/python3.12/site-packages/airflow/example_dags/tutorial_dag.py took 0.197 seconds
[2026-04-01T22:25:25.237+0200] {processor.py:161} INFO - Started process (PID=44232) to work on /home/malte/try_rag/.venv/lib/python3.12/site-packages/airflow/example_dags/tutorial_dag.py
[2026-04-01T22:25:25.241+0200] {processor.py:830} INFO - Processing file /home/malte/try_rag/.venv/lib/python3.12/site-packages/airflow/example_dags/tutorial_dag.py for tasks to queue
[2026-04-01T22:25:25.244+0200] {logging_mixin.py:188} INFO - [2026-04-01T22:25:25.242+0200] {dagbag.py:545} INFO - Filling up the DagBag from /home/malte/try_rag/.venv/lib/python3.12/site-packages/airflow/example_dags/tutorial_dag.py
[2026-04-01T22:25:25.263+0200] {processor.py:840} INFO - DAG(s) 'tutorial_dag' retrieved from /home/malte/try_rag/.venv/lib/python3.12/site-packages/airflow/example_dags/tutorial_dag.py
[2026-04-01T22:25:25.331+0200] {logging_mixin.py:188} INFO - [2026-04-01T22:25:25.330+0200] {dag.py:3096} INFO - Sync 1 DAGs
[2026-04-01T22:25:25.389+0200] {logging_mixin.py:188} INFO - [2026-04-01T22:25:25.388+0200] {dag.py:3954} INFO - Setting next_dagrun for tutorial_dag to None, run_after=None
[2026-04-01T22:25:25.472+0200] {processor.py:183} INFO - Processing /home/malte/try_rag/.venv/lib/python3.12/site-packages/airflow/example_dags/tutorial_dag.py took 0.258 seconds
[2026-04-01T22:30:14.982+0200] {processor.py:161} INFO - Started process (PID=45637) to work on /home/malte/try_rag/.venv/lib/python3.12/site-packages/airflow/example_dags/tutorial_dag.py
[2026-04-01T22:30:14.991+0200] {processor.py:830} INFO - Processing file /home/malte/try_rag/.venv/lib/python3.12/site-packages/airflow/example_dags/tutorial_dag.py for tasks to queue
[2026-04-01T22:30:14.994+0200] {logging_mixin.py:188} INFO - [2026-04-01T22:30:14.993+0200] {dagbag.py:545} INFO - Filling up the DagBag from /home/malte/try_rag/.venv/lib/python3.12/site-packages/airflow/example_dags/tutorial_dag.py
[2026-04-01T22:30:15.046+0200] {processor.py:840} INFO - DAG(s) 'tutorial_dag' retrieved from /home/malte/try_rag/.venv/lib/python3.12/site-packages/airflow/example_dags/tutorial_dag.py
[2026-04-01T22:30:15.096+0200] {logging_mixin.py:188} INFO - [2026-04-01T22:30:15.095+0200] {dag.py:3096} INFO - Sync 1 DAGs
[2026-04-01T22:30:15.152+0200] {logging_mixin.py:188} INFO - [2026-04-01T22:30:15.152+0200] {dag.py:3954} INFO - Setting next_dagrun for tutorial_dag to None, run_after=None
[2026-04-01T22:30:15.424+0200] {processor.py:183} INFO - Processing /home/malte/try_rag/.venv/lib/python3.12/site-packages/airflow/example_dags/tutorial_dag.py took 0.473 seconds
[2026-04-01T22:31:31.180+0200] {processor.py:161} INFO - Started process (PID=45884) to work on /home/malte/try_rag/.venv/lib/python3.12/site-packages/airflow/example_dags/tutorial_dag.py
[2026-04-01T22:31:31.189+0200] {processor.py:830} INFO - Processing file /home/malte/try_rag/.venv/lib/python3.12/site-packages/airflow/example_dags/tutorial_dag.py for tasks to queue
[2026-04-01T22:31:31.193+0200] {logging_mixin.py:188} INFO - [2026-04-01T22:31:31.191+0200] {dagbag.py:545} INFO - Filling up the DagBag from /home/malte/try_rag/.venv/lib/python3.12/site-packages/airflow/example_dags/tutorial_dag.py
[2026-04-01T22:31:31.217+0200] {processor.py:840} INFO - DAG(s) 'tutorial_dag' retrieved from /home/malte/try_rag/.venv/lib/python3.12/site-packages/airflow/example_dags/tutorial_dag.py
[2026-04-01T22:31:31.522+0200] {logging_mixin.py:188} INFO - [2026-04-01T22:31:31.521+0200] {dag.py:3096} INFO - Sync 1 DAGs
[2026-04-01T22:31:31.553+0200] {logging_mixin.py:188} INFO - [2026-04-01T22:31:31.553+0200] {dag.py:3954} INFO - Setting next_dagrun for tutorial_dag to None, run_after=None
[2026-04-01T22:31:31.625+0200] {processor.py:183} INFO - Processing /home/malte/try_rag/.venv/lib/python3.12/site-packages/airflow/example_dags/tutorial_dag.py took 0.466 seconds
[2026-04-01T22:32:41.902+0200] {processor.py:161} INFO - Started process (PID=46093) to work on /home/malte/try_rag/.venv/lib/python3.12/site-packages/airflow/example_dags/tutorial_dag.py
[2026-04-01T22:32:41.905+0200] {processor.py:830} INFO - Processing file /home/malte/try_rag/.venv/lib/python3.12/site-packages/airflow/example_dags/tutorial_dag.py for tasks to queue
[2026-04-01T22:32:41.908+0200] {logging_mixin.py:188} INFO - [2026-04-01T22:32:41.906+0200] {dagbag.py:545} INFO - Filling up the DagBag from /home/malte/try_rag/.venv/lib/python3.12/site-packages/airflow/example_dags/tutorial_dag.py
[2026-04-01T22:32:41.922+0200] {processor.py:840} INFO - DAG(s) 'tutorial_dag' retrieved from /home/malte/try_rag/.venv/lib/python3.12/site-packages/airflow/example_dags/tutorial_dag.py
[2026-04-01T22:32:41.979+0200] {logging_mixin.py:188} INFO - [2026-04-01T22:32:41.978+0200] {dag.py:3096} INFO - Sync 1 DAGs
[2026-04-01T22:32:42.012+0200] {logging_mixin.py:188} INFO - [2026-04-01T22:32:42.012+0200] {dag.py:3954} INFO - Setting next_dagrun for tutorial_dag to None, run_after=None
[2026-04-01T22:32:42.074+0200] {processor.py:183} INFO - Processing /home/malte/try_rag/.venv/lib/python3.12/site-packages/airflow/example_dags/tutorial_dag.py took 0.188 seconds
[2026-04-01T22:33:25.732+0200] {processor.py:161} INFO - Started process (PID=46297) to work on /home/malte/try_rag/.venv/lib/python3.12/site-packages/airflow/example_dags/tutorial_dag.py
[2026-04-01T22:33:25.736+0200] {processor.py:830} INFO - Processing file /home/malte/try_rag/.venv/lib/python3.12/site-packages/airflow/example_dags/tutorial_dag.py for tasks to queue
[2026-04-01T22:33:25.738+0200] {logging_mixin.py:188} INFO - [2026-04-01T22:33:25.737+0200] {dagbag.py:545} INFO - Filling up the DagBag from /home/malte/try_rag/.venv/lib/python3.12/site-packages/airflow/example_dags/tutorial_dag.py
[2026-04-01T22:33:25.754+0200] {processor.py:840} INFO - DAG(s) 'tutorial_dag' retrieved from /home/malte/try_rag/.venv/lib/python3.12/site-packages/airflow/example_dags/tutorial_dag.py
[2026-04-01T22:33:25.804+0200] {logging_mixin.py:188} INFO - [2026-04-01T22:33:25.804+0200] {dag.py:3096} INFO - Sync 1 DAGs
[2026-04-01T22:33:25.840+0200] {logging_mixin.py:188} INFO - [2026-04-01T22:33:25.839+0200] {dag.py:3954} INFO - Setting next_dagrun for tutorial_dag to None, run_after=None
[2026-04-01T22:33:25.905+0200] {processor.py:183} INFO - Processing /home/malte/try_rag/.venv/lib/python3.12/site-packages/airflow/example_dags/tutorial_dag.py took 0.189 seconds
[2026-04-01T22:34:33.984+0200] {processor.py:161} INFO - Started process (PID=46494) to work on /home/malte/try_rag/.venv/lib/python3.12/site-packages/airflow/example_dags/tutorial_dag.py
[2026-04-01T22:34:33.987+0200] {processor.py:830} INFO - Processing file /home/malte/try_rag/.venv/lib/python3.12/site-packages/airflow/example_dags/tutorial_dag.py for tasks to queue
[2026-04-01T22:34:33.991+0200] {logging_mixin.py:188} INFO - [2026-04-01T22:34:33.989+0200] {dagbag.py:545} INFO - Filling up the DagBag from /home/malte/try_rag/.venv/lib/python3.12/site-packages/airflow/example_dags/tutorial_dag.py
[2026-04-01T22:34:34.015+0200] {processor.py:840} INFO - DAG(s) 'tutorial_dag' retrieved from /home/malte/try_rag/.venv/lib/python3.12/site-packages/airflow/example_dags/tutorial_dag.py
[2026-04-01T22:34:34.078+0200] {logging_mixin.py:188} INFO - [2026-04-01T22:34:34.077+0200] {dag.py:3096} INFO - Sync 1 DAGs
[2026-04-01T22:34:34.116+0200] {logging_mixin.py:188} INFO - [2026-04-01T22:34:34.116+0200] {dag.py:3954} INFO - Setting next_dagrun for tutorial_dag to None, run_after=None
[2026-04-01T22:34:34.172+0200] {processor.py:183} INFO - Processing /home/malte/try_rag/.venv/lib/python3.12/site-packages/airflow/example_dags/tutorial_dag.py took 0.213 seconds
[2026-04-01T22:35:52.872+0200] {processor.py:161} INFO - Started process (PID=46768) to work on /home/malte/try_rag/.venv/lib/python3.12/site-packages/airflow/example_dags/tutorial_dag.py
[2026-04-01T22:35:52.876+0200] {processor.py:830} INFO - Processing file /home/malte/try_rag/.venv/lib/python3.12/site-packages/airflow/example_dags/tutorial_dag.py for tasks to queue
[2026-04-01T22:35:52.879+0200] {logging_mixin.py:188} INFO - [2026-04-01T22:35:52.878+0200] {dagbag.py:545} INFO - Filling up the DagBag from /home/malte/try_rag/.venv/lib/python3.12/site-packages/airflow/example_dags/tutorial_dag.py
[2026-04-01T22:35:52.898+0200] {processor.py:840} INFO - DAG(s) 'tutorial_dag' retrieved from /home/malte/try_rag/.venv/lib/python3.12/site-packages/airflow/example_dags/tutorial_dag.py
[2026-04-01T22:35:52.945+0200] {logging_mixin.py:188} INFO - [2026-04-01T22:35:52.945+0200] {dag.py:3096} INFO - Sync 1 DAGs
[2026-04-01T22:35:52.979+0200] {logging_mixin.py:188} INFO - [2026-04-01T22:35:52.978+0200] {dag.py:3954} INFO - Setting next_dagrun for tutorial_dag to None, run_after=None
[2026-04-01T22:35:53.085+0200] {processor.py:183} INFO - Processing /home/malte/try_rag/.venv/lib/python3.12/site-packages/airflow/example_dags/tutorial_dag.py took 0.231 seconds
[2026-04-01T22:36:34.197+0200] {processor.py:161} INFO - Started process (PID=46909) to work on /home/malte/try_rag/.venv/lib/python3.12/site-packages/airflow/example_dags/tutorial_dag.py
[2026-04-01T22:36:34.203+0200] {processor.py:830} INFO - Processing file /home/malte/try_rag/.venv/lib/python3.12/site-packages/airflow/example_dags/tutorial_dag.py for tasks to queue
[2026-04-01T22:36:34.206+0200] {logging_mixin.py:188} INFO - [2026-04-01T22:36:34.205+0200] {dagbag.py:545} INFO - Filling up the DagBag from /home/malte/try_rag/.venv/lib/python3.12/site-packages/airflow/example_dags/tutorial_dag.py
[2026-04-01T22:36:34.232+0200] {processor.py:840} INFO - DAG(s) 'tutorial_dag' retrieved from /home/malte/try_rag/.venv/lib/python3.12/site-packages/airflow/example_dags/tutorial_dag.py
[2026-04-01T22:36:34.300+0200] {logging_mixin.py:188} INFO - [2026-04-01T22:36:34.298+0200] {dag.py:3096} INFO - Sync 1 DAGs
[2026-04-01T22:36:34.343+0200] {logging_mixin.py:188} INFO - [2026-04-01T22:36:34.342+0200] {dag.py:3954} INFO - Setting next_dagrun for tutorial_dag to None, run_after=None
[2026-04-01T22:36:34.409+0200] {processor.py:183} INFO - Processing /home/malte/try_rag/.venv/lib/python3.12/site-packages/airflow/example_dags/tutorial_dag.py took 0.242 seconds
