[2026-04-01T22:13:45.984+0200] {processor.py:161} INFO - Started process (PID=42793) to work on /home/malte/try_rag/.venv/lib/python3.12/site-packages/airflow/example_dags/tutorial_objectstorage.py
[2026-04-01T22:13:45.986+0200] {processor.py:830} INFO - Processing file /home/malte/try_rag/.venv/lib/python3.12/site-packages/airflow/example_dags/tutorial_objectstorage.py for tasks to queue
[2026-04-01T22:13:45.988+0200] {logging_mixin.py:188} INFO - [2026-04-01T22:13:45.987+0200] {dagbag.py:545} INFO - Filling up the DagBag from /home/malte/try_rag/.venv/lib/python3.12/site-packages/airflow/example_dags/tutorial_objectstorage.py
[2026-04-01T22:13:46.013+0200] {logging_mixin.py:188} INFO - [2026-04-01T22:13:45.999+0200] {dagbag.py:355} ERROR - Failed to import: /home/malte/try_rag/.venv/lib/python3.12/site-packages/airflow/example_dags/tutorial_objectstorage.py
Traceback (most recent call last):
  File "/home/malte/try_rag/.venv/lib/python3.12/site-packages/airflow/models/dagbag.py", line 351, in parse
    loader.exec_module(new_module)
  File "<frozen importlib._bootstrap_external>", line 995, in exec_module
  File "<frozen importlib._bootstrap>", line 488, in _call_with_frames_removed
  File "/home/malte/try_rag/.venv/lib/python3.12/site-packages/airflow/example_dags/tutorial_objectstorage.py", line 46, in <module>
    base = ObjectStoragePath("s3://aws_default@airflow-tutorial-data/")
           ^^^^^^^^^^^^^^^^^^^^^^^^^^^^^^^^^^^^^^^^^^^^^^^^^^^^^^^^^^^^
  File "/home/malte/try_rag/.venv/lib/python3.12/site-packages/upath/core.py", line 164, in __call__
    inst = cls.__new__(cls, *args, **kwargs)
           ^^^^^^^^^^^^^^^^^^^^^^^^^^^^^^^^^
  File "/home/malte/try_rag/.venv/lib/python3.12/site-packages/upath/core.py", line 469, in __new__
    raise _IncompatibleProtocolError(msg)
TypeError: ObjectStoragePath(...) detected protocol s3 which is incompatible with ObjectStoragePath.
[2026-04-01T22:13:46.015+0200] {processor.py:842} WARNING - No viable dags retrieved from /home/malte/try_rag/.venv/lib/python3.12/site-packages/airflow/example_dags/tutorial_objectstorage.py
[2026-04-01T22:13:46.373+0200] {processor.py:183} INFO - Processing /home/malte/try_rag/.venv/lib/python3.12/site-packages/airflow/example_dags/tutorial_objectstorage.py took 0.406 seconds
[2026-04-01T22:15:08.249+0200] {processor.py:161} INFO - Started process (PID=42955) to work on /home/malte/try_rag/.venv/lib/python3.12/site-packages/airflow/example_dags/tutorial_objectstorage.py
[2026-04-01T22:15:08.267+0200] {processor.py:830} INFO - Processing file /home/malte/try_rag/.venv/lib/python3.12/site-packages/airflow/example_dags/tutorial_objectstorage.py for tasks to queue
[2026-04-01T22:15:08.271+0200] {logging_mixin.py:188} INFO - [2026-04-01T22:15:08.269+0200] {dagbag.py:545} INFO - Filling up the DagBag from /home/malte/try_rag/.venv/lib/python3.12/site-packages/airflow/example_dags/tutorial_objectstorage.py
[2026-04-01T22:15:08.292+0200] {logging_mixin.py:188} INFO - [2026-04-01T22:15:08.287+0200] {dagbag.py:355} ERROR - Failed to import: /home/malte/try_rag/.venv/lib/python3.12/site-packages/airflow/example_dags/tutorial_objectstorage.py
Traceback (most recent call last):
  File "/home/malte/try_rag/.venv/lib/python3.12/site-packages/airflow/models/dagbag.py", line 351, in parse
    loader.exec_module(new_module)
  File "<frozen importlib._bootstrap_external>", line 995, in exec_module
  File "<frozen importlib._bootstrap>", line 488, in _call_with_frames_removed
  File "/home/malte/try_rag/.venv/lib/python3.12/site-packages/airflow/example_dags/tutorial_objectstorage.py", line 46, in <module>
    base = ObjectStoragePath("s3://aws_default@airflow-tutorial-data/")
           ^^^^^^^^^^^^^^^^^^^^^^^^^^^^^^^^^^^^^^^^^^^^^^^^^^^^^^^^^^^^
  File "/home/malte/try_rag/.venv/lib/python3.12/site-packages/upath/core.py", line 164, in __call__
    inst = cls.__new__(cls, *args, **kwargs)
           ^^^^^^^^^^^^^^^^^^^^^^^^^^^^^^^^^
  File "/home/malte/try_rag/.venv/lib/python3.12/site-packages/upath/core.py", line 469, in __new__
    raise _IncompatibleProtocolError(msg)
TypeError: ObjectStoragePath(...) detected protocol s3 which is incompatible with ObjectStoragePath.
[2026-04-01T22:15:08.294+0200] {processor.py:842} WARNING - No viable dags retrieved from /home/malte/try_rag/.venv/lib/python3.12/site-packages/airflow/example_dags/tutorial_objectstorage.py
[2026-04-01T22:15:08.374+0200] {processor.py:183} INFO - Processing /home/malte/try_rag/.venv/lib/python3.12/site-packages/airflow/example_dags/tutorial_objectstorage.py took 0.145 seconds
[2026-04-01T22:15:50.046+0200] {processor.py:161} INFO - Started process (PID=43036) to work on /home/malte/try_rag/.venv/lib/python3.12/site-packages/airflow/example_dags/tutorial_objectstorage.py
[2026-04-01T22:15:50.049+0200] {processor.py:830} INFO - Processing file /home/malte/try_rag/.venv/lib/python3.12/site-packages/airflow/example_dags/tutorial_objectstorage.py for tasks to queue
[2026-04-01T22:15:50.052+0200] {logging_mixin.py:188} INFO - [2026-04-01T22:15:50.051+0200] {dagbag.py:545} INFO - Filling up the DagBag from /home/malte/try_rag/.venv/lib/python3.12/site-packages/airflow/example_dags/tutorial_objectstorage.py
[2026-04-01T22:15:50.067+0200] {logging_mixin.py:188} INFO - [2026-04-01T22:15:50.062+0200] {dagbag.py:355} ERROR - Failed to import: /home/malte/try_rag/.venv/lib/python3.12/site-packages/airflow/example_dags/tutorial_objectstorage.py
Traceback (most recent call last):
  File "/home/malte/try_rag/.venv/lib/python3.12/site-packages/airflow/models/dagbag.py", line 351, in parse
    loader.exec_module(new_module)
  File "<frozen importlib._bootstrap_external>", line 995, in exec_module
  File "<frozen importlib._bootstrap>", line 488, in _call_with_frames_removed
  File "/home/malte/try_rag/.venv/lib/python3.12/site-packages/airflow/example_dags/tutorial_objectstorage.py", line 46, in <module>
    base = ObjectStoragePath("s3://aws_default@airflow-tutorial-data/")
           ^^^^^^^^^^^^^^^^^^^^^^^^^^^^^^^^^^^^^^^^^^^^^^^^^^^^^^^^^^^^
  File "/home/malte/try_rag/.venv/lib/python3.12/site-packages/upath/core.py", line 164, in __call__
    inst = cls.__new__(cls, *args, **kwargs)
           ^^^^^^^^^^^^^^^^^^^^^^^^^^^^^^^^^
  File "/home/malte/try_rag/.venv/lib/python3.12/site-packages/upath/core.py", line 469, in __new__
    raise _IncompatibleProtocolError(msg)
TypeError: ObjectStoragePath(...) detected protocol s3 which is incompatible with ObjectStoragePath.
[2026-04-01T22:15:50.069+0200] {processor.py:842} WARNING - No viable dags retrieved from /home/malte/try_rag/.venv/lib/python3.12/site-packages/airflow/example_dags/tutorial_objectstorage.py
[2026-04-01T22:15:50.126+0200] {processor.py:183} INFO - Processing /home/malte/try_rag/.venv/lib/python3.12/site-packages/airflow/example_dags/tutorial_objectstorage.py took 0.096 seconds
[2026-04-01T22:16:26.428+0200] {processor.py:161} INFO - Started process (PID=43112) to work on /home/malte/try_rag/.venv/lib/python3.12/site-packages/airflow/example_dags/tutorial_objectstorage.py
[2026-04-01T22:16:26.432+0200] {processor.py:830} INFO - Processing file /home/malte/try_rag/.venv/lib/python3.12/site-packages/airflow/example_dags/tutorial_objectstorage.py for tasks to queue
[2026-04-01T22:16:26.435+0200] {logging_mixin.py:188} INFO - [2026-04-01T22:16:26.434+0200] {dagbag.py:545} INFO - Filling up the DagBag from /home/malte/try_rag/.venv/lib/python3.12/site-packages/airflow/example_dags/tutorial_objectstorage.py
[2026-04-01T22:16:26.453+0200] {logging_mixin.py:188} INFO - [2026-04-01T22:16:26.446+0200] {dagbag.py:355} ERROR - Failed to import: /home/malte/try_rag/.venv/lib/python3.12/site-packages/airflow/example_dags/tutorial_objectstorage.py
Traceback (most recent call last):
  File "/home/malte/try_rag/.venv/lib/python3.12/site-packages/airflow/models/dagbag.py", line 351, in parse
    loader.exec_module(new_module)
  File "<frozen importlib._bootstrap_external>", line 995, in exec_module
  File "<frozen importlib._bootstrap>", line 488, in _call_with_frames_removed
  File "/home/malte/try_rag/.venv/lib/python3.12/site-packages/airflow/example_dags/tutorial_objectstorage.py", line 46, in <module>
    base = ObjectStoragePath("s3://aws_default@airflow-tutorial-data/")
           ^^^^^^^^^^^^^^^^^^^^^^^^^^^^^^^^^^^^^^^^^^^^^^^^^^^^^^^^^^^^
  File "/home/malte/try_rag/.venv/lib/python3.12/site-packages/upath/core.py", line 164, in __call__
    inst = cls.__new__(cls, *args, **kwargs)
           ^^^^^^^^^^^^^^^^^^^^^^^^^^^^^^^^^
  File "/home/malte/try_rag/.venv/lib/python3.12/site-packages/upath/core.py", line 469, in __new__
    raise _IncompatibleProtocolError(msg)
TypeError: ObjectStoragePath(...) detected protocol s3 which is incompatible with ObjectStoragePath.
[2026-04-01T22:16:26.455+0200] {processor.py:842} WARNING - No viable dags retrieved from /home/malte/try_rag/.venv/lib/python3.12/site-packages/airflow/example_dags/tutorial_objectstorage.py
[2026-04-01T22:16:26.534+0200] {processor.py:183} INFO - Processing /home/malte/try_rag/.venv/lib/python3.12/site-packages/airflow/example_dags/tutorial_objectstorage.py took 0.128 seconds
[2026-04-01T22:17:05.753+0200] {processor.py:161} INFO - Started process (PID=43190) to work on /home/malte/try_rag/.venv/lib/python3.12/site-packages/airflow/example_dags/tutorial_objectstorage.py
[2026-04-01T22:17:05.778+0200] {processor.py:830} INFO - Processing file /home/malte/try_rag/.venv/lib/python3.12/site-packages/airflow/example_dags/tutorial_objectstorage.py for tasks to queue
[2026-04-01T22:17:05.783+0200] {logging_mixin.py:188} INFO - [2026-04-01T22:17:05.781+0200] {dagbag.py:545} INFO - Filling up the DagBag from /home/malte/try_rag/.venv/lib/python3.12/site-packages/airflow/example_dags/tutorial_objectstorage.py
[2026-04-01T22:17:05.806+0200] {logging_mixin.py:188} INFO - [2026-04-01T22:17:05.798+0200] {dagbag.py:355} ERROR - Failed to import: /home/malte/try_rag/.venv/lib/python3.12/site-packages/airflow/example_dags/tutorial_objectstorage.py
Traceback (most recent call last):
  File "/home/malte/try_rag/.venv/lib/python3.12/site-packages/airflow/models/dagbag.py", line 351, in parse
    loader.exec_module(new_module)
  File "<frozen importlib._bootstrap_external>", line 995, in exec_module
  File "<frozen importlib._bootstrap>", line 488, in _call_with_frames_removed
  File "/home/malte/try_rag/.venv/lib/python3.12/site-packages/airflow/example_dags/tutorial_objectstorage.py", line 46, in <module>
    base = ObjectStoragePath("s3://aws_default@airflow-tutorial-data/")
           ^^^^^^^^^^^^^^^^^^^^^^^^^^^^^^^^^^^^^^^^^^^^^^^^^^^^^^^^^^^^
  File "/home/malte/try_rag/.venv/lib/python3.12/site-packages/upath/core.py", line 164, in __call__
    inst = cls.__new__(cls, *args, **kwargs)
           ^^^^^^^^^^^^^^^^^^^^^^^^^^^^^^^^^
  File "/home/malte/try_rag/.venv/lib/python3.12/site-packages/upath/core.py", line 469, in __new__
    raise _IncompatibleProtocolError(msg)
TypeError: ObjectStoragePath(...) detected protocol s3 which is incompatible with ObjectStoragePath.
[2026-04-01T22:17:05.808+0200] {processor.py:842} WARNING - No viable dags retrieved from /home/malte/try_rag/.venv/lib/python3.12/site-packages/airflow/example_dags/tutorial_objectstorage.py
[2026-04-01T22:17:05.891+0200] {processor.py:183} INFO - Processing /home/malte/try_rag/.venv/lib/python3.12/site-packages/airflow/example_dags/tutorial_objectstorage.py took 0.174 seconds
[2026-04-01T22:17:41.654+0200] {processor.py:161} INFO - Started process (PID=43260) to work on /home/malte/try_rag/.venv/lib/python3.12/site-packages/airflow/example_dags/tutorial_objectstorage.py
[2026-04-01T22:17:41.658+0200] {processor.py:830} INFO - Processing file /home/malte/try_rag/.venv/lib/python3.12/site-packages/airflow/example_dags/tutorial_objectstorage.py for tasks to queue
[2026-04-01T22:17:41.660+0200] {logging_mixin.py:188} INFO - [2026-04-01T22:17:41.659+0200] {dagbag.py:545} INFO - Filling up the DagBag from /home/malte/try_rag/.venv/lib/python3.12/site-packages/airflow/example_dags/tutorial_objectstorage.py
[2026-04-01T22:17:41.672+0200] {logging_mixin.py:188} INFO - [2026-04-01T22:17:41.667+0200] {dagbag.py:355} ERROR - Failed to import: /home/malte/try_rag/.venv/lib/python3.12/site-packages/airflow/example_dags/tutorial_objectstorage.py
Traceback (most recent call last):
  File "/home/malte/try_rag/.venv/lib/python3.12/site-packages/airflow/models/dagbag.py", line 351, in parse
    loader.exec_module(new_module)
  File "<frozen importlib._bootstrap_external>", line 995, in exec_module
  File "<frozen importlib._bootstrap>", line 488, in _call_with_frames_removed
  File "/home/malte/try_rag/.venv/lib/python3.12/site-packages/airflow/example_dags/tutorial_objectstorage.py", line 46, in <module>
    base = ObjectStoragePath("s3://aws_default@airflow-tutorial-data/")
           ^^^^^^^^^^^^^^^^^^^^^^^^^^^^^^^^^^^^^^^^^^^^^^^^^^^^^^^^^^^^
  File "/home/malte/try_rag/.venv/lib/python3.12/site-packages/upath/core.py", line 164, in __call__
    inst = cls.__new__(cls, *args, **kwargs)
           ^^^^^^^^^^^^^^^^^^^^^^^^^^^^^^^^^
  File "/home/malte/try_rag/.venv/lib/python3.12/site-packages/upath/core.py", line 469, in __new__
    raise _IncompatibleProtocolError(msg)
TypeError: ObjectStoragePath(...) detected protocol s3 which is incompatible with ObjectStoragePath.
[2026-04-01T22:17:41.673+0200] {processor.py:842} WARNING - No viable dags retrieved from /home/malte/try_rag/.venv/lib/python3.12/site-packages/airflow/example_dags/tutorial_objectstorage.py
[2026-04-01T22:17:41.738+0200] {processor.py:183} INFO - Processing /home/malte/try_rag/.venv/lib/python3.12/site-packages/airflow/example_dags/tutorial_objectstorage.py took 0.108 seconds
[2026-04-01T22:18:19.262+0200] {processor.py:161} INFO - Started process (PID=43338) to work on /home/malte/try_rag/.venv/lib/python3.12/site-packages/airflow/example_dags/tutorial_objectstorage.py
[2026-04-01T22:18:19.267+0200] {processor.py:830} INFO - Processing file /home/malte/try_rag/.venv/lib/python3.12/site-packages/airflow/example_dags/tutorial_objectstorage.py for tasks to queue
[2026-04-01T22:18:19.270+0200] {logging_mixin.py:188} INFO - [2026-04-01T22:18:19.269+0200] {dagbag.py:545} INFO - Filling up the DagBag from /home/malte/try_rag/.venv/lib/python3.12/site-packages/airflow/example_dags/tutorial_objectstorage.py
[2026-04-01T22:18:19.284+0200] {logging_mixin.py:188} INFO - [2026-04-01T22:18:19.279+0200] {dagbag.py:355} ERROR - Failed to import: /home/malte/try_rag/.venv/lib/python3.12/site-packages/airflow/example_dags/tutorial_objectstorage.py
Traceback (most recent call last):
  File "/home/malte/try_rag/.venv/lib/python3.12/site-packages/airflow/models/dagbag.py", line 351, in parse
    loader.exec_module(new_module)
  File "<frozen importlib._bootstrap_external>", line 995, in exec_module
  File "<frozen importlib._bootstrap>", line 488, in _call_with_frames_removed
  File "/home/malte/try_rag/.venv/lib/python3.12/site-packages/airflow/example_dags/tutorial_objectstorage.py", line 46, in <module>
    base = ObjectStoragePath("s3://aws_default@airflow-tutorial-data/")
           ^^^^^^^^^^^^^^^^^^^^^^^^^^^^^^^^^^^^^^^^^^^^^^^^^^^^^^^^^^^^
  File "/home/malte/try_rag/.venv/lib/python3.12/site-packages/upath/core.py", line 164, in __call__
    inst = cls.__new__(cls, *args, **kwargs)
           ^^^^^^^^^^^^^^^^^^^^^^^^^^^^^^^^^
  File "/home/malte/try_rag/.venv/lib/python3.12/site-packages/upath/core.py", line 469, in __new__
    raise _IncompatibleProtocolError(msg)
TypeError: ObjectStoragePath(...) detected protocol s3 which is incompatible with ObjectStoragePath.
[2026-04-01T22:18:19.285+0200] {processor.py:842} WARNING - No viable dags retrieved from /home/malte/try_rag/.venv/lib/python3.12/site-packages/airflow/example_dags/tutorial_objectstorage.py
[2026-04-01T22:18:19.350+0200] {processor.py:183} INFO - Processing /home/malte/try_rag/.venv/lib/python3.12/site-packages/airflow/example_dags/tutorial_objectstorage.py took 0.107 seconds
[2026-04-01T22:19:00.582+0200] {processor.py:161} INFO - Started process (PID=43441) to work on /home/malte/try_rag/.venv/lib/python3.12/site-packages/airflow/example_dags/tutorial_objectstorage.py
[2026-04-01T22:19:00.587+0200] {processor.py:830} INFO - Processing file /home/malte/try_rag/.venv/lib/python3.12/site-packages/airflow/example_dags/tutorial_objectstorage.py for tasks to queue
[2026-04-01T22:19:00.590+0200] {logging_mixin.py:188} INFO - [2026-04-01T22:19:00.588+0200] {dagbag.py:545} INFO - Filling up the DagBag from /home/malte/try_rag/.venv/lib/python3.12/site-packages/airflow/example_dags/tutorial_objectstorage.py
[2026-04-01T22:19:00.606+0200] {logging_mixin.py:188} INFO - [2026-04-01T22:19:00.600+0200] {dagbag.py:355} ERROR - Failed to import: /home/malte/try_rag/.venv/lib/python3.12/site-packages/airflow/example_dags/tutorial_objectstorage.py
Traceback (most recent call last):
  File "/home/malte/try_rag/.venv/lib/python3.12/site-packages/airflow/models/dagbag.py", line 351, in parse
    loader.exec_module(new_module)
  File "<frozen importlib._bootstrap_external>", line 995, in exec_module
  File "<frozen importlib._bootstrap>", line 488, in _call_with_frames_removed
  File "/home/malte/try_rag/.venv/lib/python3.12/site-packages/airflow/example_dags/tutorial_objectstorage.py", line 46, in <module>
    base = ObjectStoragePath("s3://aws_default@airflow-tutorial-data/")
           ^^^^^^^^^^^^^^^^^^^^^^^^^^^^^^^^^^^^^^^^^^^^^^^^^^^^^^^^^^^^
  File "/home/malte/try_rag/.venv/lib/python3.12/site-packages/upath/core.py", line 164, in __call__
    inst = cls.__new__(cls, *args, **kwargs)
           ^^^^^^^^^^^^^^^^^^^^^^^^^^^^^^^^^
  File "/home/malte/try_rag/.venv/lib/python3.12/site-packages/upath/core.py", line 469, in __new__
    raise _IncompatibleProtocolError(msg)
TypeError: ObjectStoragePath(...) detected protocol s3 which is incompatible with ObjectStoragePath.
[2026-04-01T22:19:00.608+0200] {processor.py:842} WARNING - No viable dags retrieved from /home/malte/try_rag/.venv/lib/python3.12/site-packages/airflow/example_dags/tutorial_objectstorage.py
[2026-04-01T22:19:00.704+0200] {processor.py:183} INFO - Processing /home/malte/try_rag/.venv/lib/python3.12/site-packages/airflow/example_dags/tutorial_objectstorage.py took 0.144 seconds
[2026-04-01T22:19:48.836+0200] {processor.py:161} INFO - Started process (PID=43529) to work on /home/malte/try_rag/.venv/lib/python3.12/site-packages/airflow/example_dags/tutorial_objectstorage.py
[2026-04-01T22:19:48.851+0200] {processor.py:830} INFO - Processing file /home/malte/try_rag/.venv/lib/python3.12/site-packages/airflow/example_dags/tutorial_objectstorage.py for tasks to queue
[2026-04-01T22:19:48.854+0200] {logging_mixin.py:188} INFO - [2026-04-01T22:19:48.853+0200] {dagbag.py:545} INFO - Filling up the DagBag from /home/malte/try_rag/.venv/lib/python3.12/site-packages/airflow/example_dags/tutorial_objectstorage.py
[2026-04-01T22:19:48.872+0200] {logging_mixin.py:188} INFO - [2026-04-01T22:19:48.864+0200] {dagbag.py:355} ERROR - Failed to import: /home/malte/try_rag/.venv/lib/python3.12/site-packages/airflow/example_dags/tutorial_objectstorage.py
Traceback (most recent call last):
  File "/home/malte/try_rag/.venv/lib/python3.12/site-packages/airflow/models/dagbag.py", line 351, in parse
    loader.exec_module(new_module)
  File "<frozen importlib._bootstrap_external>", line 995, in exec_module
  File "<frozen importlib._bootstrap>", line 488, in _call_with_frames_removed
  File "/home/malte/try_rag/.venv/lib/python3.12/site-packages/airflow/example_dags/tutorial_objectstorage.py", line 46, in <module>
    base = ObjectStoragePath("s3://aws_default@airflow-tutorial-data/")
           ^^^^^^^^^^^^^^^^^^^^^^^^^^^^^^^^^^^^^^^^^^^^^^^^^^^^^^^^^^^^
  File "/home/malte/try_rag/.venv/lib/python3.12/site-packages/upath/core.py", line 164, in __call__
    inst = cls.__new__(cls, *args, **kwargs)
           ^^^^^^^^^^^^^^^^^^^^^^^^^^^^^^^^^
  File "/home/malte/try_rag/.venv/lib/python3.12/site-packages/upath/core.py", line 469, in __new__
    raise _IncompatibleProtocolError(msg)
TypeError: ObjectStoragePath(...) detected protocol s3 which is incompatible with ObjectStoragePath.
[2026-04-01T22:19:48.874+0200] {processor.py:842} WARNING - No viable dags retrieved from /home/malte/try_rag/.venv/lib/python3.12/site-packages/airflow/example_dags/tutorial_objectstorage.py
[2026-04-01T22:19:48.946+0200] {processor.py:183} INFO - Processing /home/malte/try_rag/.venv/lib/python3.12/site-packages/airflow/example_dags/tutorial_objectstorage.py took 0.129 seconds
[2026-04-01T22:20:31.323+0200] {processor.py:161} INFO - Started process (PID=43614) to work on /home/malte/try_rag/.venv/lib/python3.12/site-packages/airflow/example_dags/tutorial_objectstorage.py
[2026-04-01T22:20:31.341+0200] {processor.py:830} INFO - Processing file /home/malte/try_rag/.venv/lib/python3.12/site-packages/airflow/example_dags/tutorial_objectstorage.py for tasks to queue
[2026-04-01T22:20:31.345+0200] {logging_mixin.py:188} INFO - [2026-04-01T22:20:31.343+0200] {dagbag.py:545} INFO - Filling up the DagBag from /home/malte/try_rag/.venv/lib/python3.12/site-packages/airflow/example_dags/tutorial_objectstorage.py
[2026-04-01T22:20:31.361+0200] {logging_mixin.py:188} INFO - [2026-04-01T22:20:31.353+0200] {dagbag.py:355} ERROR - Failed to import: /home/malte/try_rag/.venv/lib/python3.12/site-packages/airflow/example_dags/tutorial_objectstorage.py
Traceback (most recent call last):
  File "/home/malte/try_rag/.venv/lib/python3.12/site-packages/airflow/models/dagbag.py", line 351, in parse
    loader.exec_module(new_module)
  File "<frozen importlib._bootstrap_external>", line 995, in exec_module
  File "<frozen importlib._bootstrap>", line 488, in _call_with_frames_removed
  File "/home/malte/try_rag/.venv/lib/python3.12/site-packages/airflow/example_dags/tutorial_objectstorage.py", line 46, in <module>
    base = ObjectStoragePath("s3://aws_default@airflow-tutorial-data/")
           ^^^^^^^^^^^^^^^^^^^^^^^^^^^^^^^^^^^^^^^^^^^^^^^^^^^^^^^^^^^^
  File "/home/malte/try_rag/.venv/lib/python3.12/site-packages/upath/core.py", line 164, in __call__
    inst = cls.__new__(cls, *args, **kwargs)
           ^^^^^^^^^^^^^^^^^^^^^^^^^^^^^^^^^
  File "/home/malte/try_rag/.venv/lib/python3.12/site-packages/upath/core.py", line 469, in __new__
    raise _IncompatibleProtocolError(msg)
TypeError: ObjectStoragePath(...) detected protocol s3 which is incompatible with ObjectStoragePath.
[2026-04-01T22:20:31.362+0200] {processor.py:842} WARNING - No viable dags retrieved from /home/malte/try_rag/.venv/lib/python3.12/site-packages/airflow/example_dags/tutorial_objectstorage.py
[2026-04-01T22:20:31.416+0200] {processor.py:183} INFO - Processing /home/malte/try_rag/.venv/lib/python3.12/site-packages/airflow/example_dags/tutorial_objectstorage.py took 0.131 seconds
[2026-04-01T22:21:08.353+0200] {processor.py:161} INFO - Started process (PID=43689) to work on /home/malte/try_rag/.venv/lib/python3.12/site-packages/airflow/example_dags/tutorial_objectstorage.py
[2026-04-01T22:21:08.357+0200] {processor.py:830} INFO - Processing file /home/malte/try_rag/.venv/lib/python3.12/site-packages/airflow/example_dags/tutorial_objectstorage.py for tasks to queue
[2026-04-01T22:21:08.360+0200] {logging_mixin.py:188} INFO - [2026-04-01T22:21:08.358+0200] {dagbag.py:545} INFO - Filling up the DagBag from /home/malte/try_rag/.venv/lib/python3.12/site-packages/airflow/example_dags/tutorial_objectstorage.py
[2026-04-01T22:21:08.380+0200] {logging_mixin.py:188} INFO - [2026-04-01T22:21:08.369+0200] {dagbag.py:355} ERROR - Failed to import: /home/malte/try_rag/.venv/lib/python3.12/site-packages/airflow/example_dags/tutorial_objectstorage.py
Traceback (most recent call last):
  File "/home/malte/try_rag/.venv/lib/python3.12/site-packages/airflow/models/dagbag.py", line 351, in parse
    loader.exec_module(new_module)
  File "<frozen importlib._bootstrap_external>", line 995, in exec_module
  File "<frozen importlib._bootstrap>", line 488, in _call_with_frames_removed
  File "/home/malte/try_rag/.venv/lib/python3.12/site-packages/airflow/example_dags/tutorial_objectstorage.py", line 46, in <module>
    base = ObjectStoragePath("s3://aws_default@airflow-tutorial-data/")
           ^^^^^^^^^^^^^^^^^^^^^^^^^^^^^^^^^^^^^^^^^^^^^^^^^^^^^^^^^^^^
  File "/home/malte/try_rag/.venv/lib/python3.12/site-packages/upath/core.py", line 164, in __call__
    inst = cls.__new__(cls, *args, **kwargs)
           ^^^^^^^^^^^^^^^^^^^^^^^^^^^^^^^^^
  File "/home/malte/try_rag/.venv/lib/python3.12/site-packages/upath/core.py", line 469, in __new__
    raise _IncompatibleProtocolError(msg)
TypeError: ObjectStoragePath(...) detected protocol s3 which is incompatible with ObjectStoragePath.
[2026-04-01T22:21:08.385+0200] {processor.py:842} WARNING - No viable dags retrieved from /home/malte/try_rag/.venv/lib/python3.12/site-packages/airflow/example_dags/tutorial_objectstorage.py
[2026-04-01T22:21:08.454+0200] {processor.py:183} INFO - Processing /home/malte/try_rag/.venv/lib/python3.12/site-packages/airflow/example_dags/tutorial_objectstorage.py took 0.121 seconds
[2026-04-01T22:21:45.088+0200] {processor.py:161} INFO - Started process (PID=43762) to work on /home/malte/try_rag/.venv/lib/python3.12/site-packages/airflow/example_dags/tutorial_objectstorage.py
[2026-04-01T22:21:45.092+0200] {processor.py:830} INFO - Processing file /home/malte/try_rag/.venv/lib/python3.12/site-packages/airflow/example_dags/tutorial_objectstorage.py for tasks to queue
[2026-04-01T22:21:45.094+0200] {logging_mixin.py:188} INFO - [2026-04-01T22:21:45.094+0200] {dagbag.py:545} INFO - Filling up the DagBag from /home/malte/try_rag/.venv/lib/python3.12/site-packages/airflow/example_dags/tutorial_objectstorage.py
[2026-04-01T22:21:45.109+0200] {logging_mixin.py:188} INFO - [2026-04-01T22:21:45.102+0200] {dagbag.py:355} ERROR - Failed to import: /home/malte/try_rag/.venv/lib/python3.12/site-packages/airflow/example_dags/tutorial_objectstorage.py
Traceback (most recent call last):
  File "/home/malte/try_rag/.venv/lib/python3.12/site-packages/airflow/models/dagbag.py", line 351, in parse
    loader.exec_module(new_module)
  File "<frozen importlib._bootstrap_external>", line 995, in exec_module
  File "<frozen importlib._bootstrap>", line 488, in _call_with_frames_removed
  File "/home/malte/try_rag/.venv/lib/python3.12/site-packages/airflow/example_dags/tutorial_objectstorage.py", line 46, in <module>
    base = ObjectStoragePath("s3://aws_default@airflow-tutorial-data/")
           ^^^^^^^^^^^^^^^^^^^^^^^^^^^^^^^^^^^^^^^^^^^^^^^^^^^^^^^^^^^^
  File "/home/malte/try_rag/.venv/lib/python3.12/site-packages/upath/core.py", line 164, in __call__
    inst = cls.__new__(cls, *args, **kwargs)
           ^^^^^^^^^^^^^^^^^^^^^^^^^^^^^^^^^
  File "/home/malte/try_rag/.venv/lib/python3.12/site-packages/upath/core.py", line 469, in __new__
    raise _IncompatibleProtocolError(msg)
TypeError: ObjectStoragePath(...) detected protocol s3 which is incompatible with ObjectStoragePath.
[2026-04-01T22:21:45.110+0200] {processor.py:842} WARNING - No viable dags retrieved from /home/malte/try_rag/.venv/lib/python3.12/site-packages/airflow/example_dags/tutorial_objectstorage.py
[2026-04-01T22:21:45.165+0200] {processor.py:183} INFO - Processing /home/malte/try_rag/.venv/lib/python3.12/site-packages/airflow/example_dags/tutorial_objectstorage.py took 0.097 seconds
[2026-04-01T22:22:21.957+0200] {processor.py:161} INFO - Started process (PID=43838) to work on /home/malte/try_rag/.venv/lib/python3.12/site-packages/airflow/example_dags/tutorial_objectstorage.py
[2026-04-01T22:22:21.961+0200] {processor.py:830} INFO - Processing file /home/malte/try_rag/.venv/lib/python3.12/site-packages/airflow/example_dags/tutorial_objectstorage.py for tasks to queue
[2026-04-01T22:22:21.964+0200] {logging_mixin.py:188} INFO - [2026-04-01T22:22:21.963+0200] {dagbag.py:545} INFO - Filling up the DagBag from /home/malte/try_rag/.venv/lib/python3.12/site-packages/airflow/example_dags/tutorial_objectstorage.py
[2026-04-01T22:22:21.982+0200] {logging_mixin.py:188} INFO - [2026-04-01T22:22:21.973+0200] {dagbag.py:355} ERROR - Failed to import: /home/malte/try_rag/.venv/lib/python3.12/site-packages/airflow/example_dags/tutorial_objectstorage.py
Traceback (most recent call last):
  File "/home/malte/try_rag/.venv/lib/python3.12/site-packages/airflow/models/dagbag.py", line 351, in parse
    loader.exec_module(new_module)
  File "<frozen importlib._bootstrap_external>", line 995, in exec_module
  File "<frozen importlib._bootstrap>", line 488, in _call_with_frames_removed
  File "/home/malte/try_rag/.venv/lib/python3.12/site-packages/airflow/example_dags/tutorial_objectstorage.py", line 46, in <module>
    base = ObjectStoragePath("s3://aws_default@airflow-tutorial-data/")
           ^^^^^^^^^^^^^^^^^^^^^^^^^^^^^^^^^^^^^^^^^^^^^^^^^^^^^^^^^^^^
  File "/home/malte/try_rag/.venv/lib/python3.12/site-packages/upath/core.py", line 164, in __call__
    inst = cls.__new__(cls, *args, **kwargs)
           ^^^^^^^^^^^^^^^^^^^^^^^^^^^^^^^^^
  File "/home/malte/try_rag/.venv/lib/python3.12/site-packages/upath/core.py", line 469, in __new__
    raise _IncompatibleProtocolError(msg)
TypeError: ObjectStoragePath(...) detected protocol s3 which is incompatible with ObjectStoragePath.
[2026-04-01T22:22:21.984+0200] {processor.py:842} WARNING - No viable dags retrieved from /home/malte/try_rag/.venv/lib/python3.12/site-packages/airflow/example_dags/tutorial_objectstorage.py
[2026-04-01T22:22:22.048+0200] {processor.py:183} INFO - Processing /home/malte/try_rag/.venv/lib/python3.12/site-packages/airflow/example_dags/tutorial_objectstorage.py took 0.111 seconds
[2026-04-01T22:23:35.359+0200] {processor.py:161} INFO - Started process (PID=43981) to work on /home/malte/try_rag/.venv/lib/python3.12/site-packages/airflow/example_dags/tutorial_objectstorage.py
[2026-04-01T22:23:35.363+0200] {processor.py:830} INFO - Processing file /home/malte/try_rag/.venv/lib/python3.12/site-packages/airflow/example_dags/tutorial_objectstorage.py for tasks to queue
[2026-04-01T22:23:35.366+0200] {logging_mixin.py:188} INFO - [2026-04-01T22:23:35.365+0200] {dagbag.py:545} INFO - Filling up the DagBag from /home/malte/try_rag/.venv/lib/python3.12/site-packages/airflow/example_dags/tutorial_objectstorage.py
[2026-04-01T22:23:35.382+0200] {logging_mixin.py:188} INFO - [2026-04-01T22:23:35.375+0200] {dagbag.py:355} ERROR - Failed to import: /home/malte/try_rag/.venv/lib/python3.12/site-packages/airflow/example_dags/tutorial_objectstorage.py
Traceback (most recent call last):
  File "/home/malte/try_rag/.venv/lib/python3.12/site-packages/airflow/models/dagbag.py", line 351, in parse
    loader.exec_module(new_module)
  File "<frozen importlib._bootstrap_external>", line 995, in exec_module
  File "<frozen importlib._bootstrap>", line 488, in _call_with_frames_removed
  File "/home/malte/try_rag/.venv/lib/python3.12/site-packages/airflow/example_dags/tutorial_objectstorage.py", line 46, in <module>
    base = ObjectStoragePath("s3://aws_default@airflow-tutorial-data/")
           ^^^^^^^^^^^^^^^^^^^^^^^^^^^^^^^^^^^^^^^^^^^^^^^^^^^^^^^^^^^^
  File "/home/malte/try_rag/.venv/lib/python3.12/site-packages/upath/core.py", line 164, in __call__
    inst = cls.__new__(cls, *args, **kwargs)
           ^^^^^^^^^^^^^^^^^^^^^^^^^^^^^^^^^
  File "/home/malte/try_rag/.venv/lib/python3.12/site-packages/upath/core.py", line 469, in __new__
    raise _IncompatibleProtocolError(msg)
TypeError: ObjectStoragePath(...) detected protocol s3 which is incompatible with ObjectStoragePath.
[2026-04-01T22:23:35.383+0200] {processor.py:842} WARNING - No viable dags retrieved from /home/malte/try_rag/.venv/lib/python3.12/site-packages/airflow/example_dags/tutorial_objectstorage.py
[2026-04-01T22:23:35.441+0200] {processor.py:183} INFO - Processing /home/malte/try_rag/.venv/lib/python3.12/site-packages/airflow/example_dags/tutorial_objectstorage.py took 0.101 seconds
[2026-04-01T22:24:12.154+0200] {processor.py:161} INFO - Started process (PID=44083) to work on /home/malte/try_rag/.venv/lib/python3.12/site-packages/airflow/example_dags/tutorial_objectstorage.py
[2026-04-01T22:24:12.169+0200] {processor.py:830} INFO - Processing file /home/malte/try_rag/.venv/lib/python3.12/site-packages/airflow/example_dags/tutorial_objectstorage.py for tasks to queue
[2026-04-01T22:24:12.172+0200] {logging_mixin.py:188} INFO - [2026-04-01T22:24:12.170+0200] {dagbag.py:545} INFO - Filling up the DagBag from /home/malte/try_rag/.venv/lib/python3.12/site-packages/airflow/example_dags/tutorial_objectstorage.py
[2026-04-01T22:24:12.191+0200] {logging_mixin.py:188} INFO - [2026-04-01T22:24:12.182+0200] {dagbag.py:355} ERROR - Failed to import: /home/malte/try_rag/.venv/lib/python3.12/site-packages/airflow/example_dags/tutorial_objectstorage.py
Traceback (most recent call last):
  File "/home/malte/try_rag/.venv/lib/python3.12/site-packages/airflow/models/dagbag.py", line 351, in parse
    loader.exec_module(new_module)
  File "<frozen importlib._bootstrap_external>", line 995, in exec_module
  File "<frozen importlib._bootstrap>", line 488, in _call_with_frames_removed
  File "/home/malte/try_rag/.venv/lib/python3.12/site-packages/airflow/example_dags/tutorial_objectstorage.py", line 46, in <module>
    base = ObjectStoragePath("s3://aws_default@airflow-tutorial-data/")
           ^^^^^^^^^^^^^^^^^^^^^^^^^^^^^^^^^^^^^^^^^^^^^^^^^^^^^^^^^^^^
  File "/home/malte/try_rag/.venv/lib/python3.12/site-packages/upath/core.py", line 164, in __call__
    inst = cls.__new__(cls, *args, **kwargs)
           ^^^^^^^^^^^^^^^^^^^^^^^^^^^^^^^^^
  File "/home/malte/try_rag/.venv/lib/python3.12/site-packages/upath/core.py", line 469, in __new__
    raise _IncompatibleProtocolError(msg)
TypeError: ObjectStoragePath(...) detected protocol s3 which is incompatible with ObjectStoragePath.
[2026-04-01T22:24:12.193+0200] {processor.py:842} WARNING - No viable dags retrieved from /home/malte/try_rag/.venv/lib/python3.12/site-packages/airflow/example_dags/tutorial_objectstorage.py
[2026-04-01T22:24:12.257+0200] {processor.py:183} INFO - Processing /home/malte/try_rag/.venv/lib/python3.12/site-packages/airflow/example_dags/tutorial_objectstorage.py took 0.127 seconds
[2026-04-01T22:25:22.716+0200] {processor.py:161} INFO - Started process (PID=44225) to work on /home/malte/try_rag/.venv/lib/python3.12/site-packages/airflow/example_dags/tutorial_objectstorage.py
[2026-04-01T22:25:22.721+0200] {processor.py:830} INFO - Processing file /home/malte/try_rag/.venv/lib/python3.12/site-packages/airflow/example_dags/tutorial_objectstorage.py for tasks to queue
[2026-04-01T22:25:22.725+0200] {logging_mixin.py:188} INFO - [2026-04-01T22:25:22.723+0200] {dagbag.py:545} INFO - Filling up the DagBag from /home/malte/try_rag/.venv/lib/python3.12/site-packages/airflow/example_dags/tutorial_objectstorage.py
[2026-04-01T22:25:22.747+0200] {logging_mixin.py:188} INFO - [2026-04-01T22:25:22.736+0200] {dagbag.py:355} ERROR - Failed to import: /home/malte/try_rag/.venv/lib/python3.12/site-packages/airflow/example_dags/tutorial_objectstorage.py
Traceback (most recent call last):
  File "/home/malte/try_rag/.venv/lib/python3.12/site-packages/airflow/models/dagbag.py", line 351, in parse
    loader.exec_module(new_module)
  File "<frozen importlib._bootstrap_external>", line 995, in exec_module
  File "<frozen importlib._bootstrap>", line 488, in _call_with_frames_removed
  File "/home/malte/try_rag/.venv/lib/python3.12/site-packages/airflow/example_dags/tutorial_objectstorage.py", line 46, in <module>
    base = ObjectStoragePath("s3://aws_default@airflow-tutorial-data/")
           ^^^^^^^^^^^^^^^^^^^^^^^^^^^^^^^^^^^^^^^^^^^^^^^^^^^^^^^^^^^^
  File "/home/malte/try_rag/.venv/lib/python3.12/site-packages/upath/core.py", line 164, in __call__
    inst = cls.__new__(cls, *args, **kwargs)
           ^^^^^^^^^^^^^^^^^^^^^^^^^^^^^^^^^
  File "/home/malte/try_rag/.venv/lib/python3.12/site-packages/upath/core.py", line 469, in __new__
    raise _IncompatibleProtocolError(msg)
TypeError: ObjectStoragePath(...) detected protocol s3 which is incompatible with ObjectStoragePath.
[2026-04-01T22:25:22.749+0200] {processor.py:842} WARNING - No viable dags retrieved from /home/malte/try_rag/.venv/lib/python3.12/site-packages/airflow/example_dags/tutorial_objectstorage.py
[2026-04-01T22:25:22.818+0200] {processor.py:183} INFO - Processing /home/malte/try_rag/.venv/lib/python3.12/site-packages/airflow/example_dags/tutorial_objectstorage.py took 0.135 seconds
[2026-04-01T22:29:34.600+0200] {processor.py:161} INFO - Started process (PID=45283) to work on /home/malte/try_rag/.venv/lib/python3.12/site-packages/airflow/example_dags/tutorial_objectstorage.py
[2026-04-01T22:29:34.604+0200] {processor.py:830} INFO - Processing file /home/malte/try_rag/.venv/lib/python3.12/site-packages/airflow/example_dags/tutorial_objectstorage.py for tasks to queue
[2026-04-01T22:29:34.607+0200] {logging_mixin.py:188} INFO - [2026-04-01T22:29:34.606+0200] {dagbag.py:545} INFO - Filling up the DagBag from /home/malte/try_rag/.venv/lib/python3.12/site-packages/airflow/example_dags/tutorial_objectstorage.py
[2026-04-01T22:29:34.622+0200] {logging_mixin.py:188} INFO - [2026-04-01T22:29:34.616+0200] {dagbag.py:355} ERROR - Failed to import: /home/malte/try_rag/.venv/lib/python3.12/site-packages/airflow/example_dags/tutorial_objectstorage.py
Traceback (most recent call last):
  File "/home/malte/try_rag/.venv/lib/python3.12/site-packages/airflow/models/dagbag.py", line 351, in parse
    loader.exec_module(new_module)
  File "<frozen importlib._bootstrap_external>", line 995, in exec_module
  File "<frozen importlib._bootstrap>", line 488, in _call_with_frames_removed
  File "/home/malte/try_rag/.venv/lib/python3.12/site-packages/airflow/example_dags/tutorial_objectstorage.py", line 46, in <module>
    base = ObjectStoragePath("s3://aws_default@airflow-tutorial-data/")
           ^^^^^^^^^^^^^^^^^^^^^^^^^^^^^^^^^^^^^^^^^^^^^^^^^^^^^^^^^^^^
  File "/home/malte/try_rag/.venv/lib/python3.12/site-packages/upath/core.py", line 164, in __call__
    inst = cls.__new__(cls, *args, **kwargs)
           ^^^^^^^^^^^^^^^^^^^^^^^^^^^^^^^^^
  File "/home/malte/try_rag/.venv/lib/python3.12/site-packages/upath/core.py", line 469, in __new__
    raise _IncompatibleProtocolError(msg)
TypeError: ObjectStoragePath(...) detected protocol s3 which is incompatible with ObjectStoragePath.
[2026-04-01T22:29:34.624+0200] {processor.py:842} WARNING - No viable dags retrieved from /home/malte/try_rag/.venv/lib/python3.12/site-packages/airflow/example_dags/tutorial_objectstorage.py
[2026-04-01T22:29:34.682+0200] {processor.py:183} INFO - Processing /home/malte/try_rag/.venv/lib/python3.12/site-packages/airflow/example_dags/tutorial_objectstorage.py took 0.103 seconds
[2026-04-01T22:30:11.349+0200] {processor.py:161} INFO - Started process (PID=45564) to work on /home/malte/try_rag/.venv/lib/python3.12/site-packages/airflow/example_dags/tutorial_objectstorage.py
[2026-04-01T22:30:11.353+0200] {processor.py:830} INFO - Processing file /home/malte/try_rag/.venv/lib/python3.12/site-packages/airflow/example_dags/tutorial_objectstorage.py for tasks to queue
[2026-04-01T22:30:11.355+0200] {logging_mixin.py:188} INFO - [2026-04-01T22:30:11.354+0200] {dagbag.py:545} INFO - Filling up the DagBag from /home/malte/try_rag/.venv/lib/python3.12/site-packages/airflow/example_dags/tutorial_objectstorage.py
[2026-04-01T22:30:11.370+0200] {logging_mixin.py:188} INFO - [2026-04-01T22:30:11.362+0200] {dagbag.py:355} ERROR - Failed to import: /home/malte/try_rag/.venv/lib/python3.12/site-packages/airflow/example_dags/tutorial_objectstorage.py
Traceback (most recent call last):
  File "/home/malte/try_rag/.venv/lib/python3.12/site-packages/airflow/models/dagbag.py", line 351, in parse
    loader.exec_module(new_module)
  File "<frozen importlib._bootstrap_external>", line 995, in exec_module
  File "<frozen importlib._bootstrap>", line 488, in _call_with_frames_removed
  File "/home/malte/try_rag/.venv/lib/python3.12/site-packages/airflow/example_dags/tutorial_objectstorage.py", line 46, in <module>
    base = ObjectStoragePath("s3://aws_default@airflow-tutorial-data/")
           ^^^^^^^^^^^^^^^^^^^^^^^^^^^^^^^^^^^^^^^^^^^^^^^^^^^^^^^^^^^^
  File "/home/malte/try_rag/.venv/lib/python3.12/site-packages/upath/core.py", line 164, in __call__
    inst = cls.__new__(cls, *args, **kwargs)
           ^^^^^^^^^^^^^^^^^^^^^^^^^^^^^^^^^
  File "/home/malte/try_rag/.venv/lib/python3.12/site-packages/upath/core.py", line 469, in __new__
    raise _IncompatibleProtocolError(msg)
TypeError: ObjectStoragePath(...) detected protocol s3 which is incompatible with ObjectStoragePath.
[2026-04-01T22:30:11.372+0200] {processor.py:842} WARNING - No viable dags retrieved from /home/malte/try_rag/.venv/lib/python3.12/site-packages/airflow/example_dags/tutorial_objectstorage.py
[2026-04-01T22:30:11.482+0200] {processor.py:183} INFO - Processing /home/malte/try_rag/.venv/lib/python3.12/site-packages/airflow/example_dags/tutorial_objectstorage.py took 0.153 seconds
[2026-04-01T22:31:27.214+0200] {processor.py:161} INFO - Started process (PID=45881) to work on /home/malte/try_rag/.venv/lib/python3.12/site-packages/airflow/example_dags/tutorial_objectstorage.py
[2026-04-01T22:31:27.218+0200] {processor.py:830} INFO - Processing file /home/malte/try_rag/.venv/lib/python3.12/site-packages/airflow/example_dags/tutorial_objectstorage.py for tasks to queue
[2026-04-01T22:31:27.221+0200] {logging_mixin.py:188} INFO - [2026-04-01T22:31:27.220+0200] {dagbag.py:545} INFO - Filling up the DagBag from /home/malte/try_rag/.venv/lib/python3.12/site-packages/airflow/example_dags/tutorial_objectstorage.py
[2026-04-01T22:31:27.235+0200] {logging_mixin.py:188} INFO - [2026-04-01T22:31:27.230+0200] {dagbag.py:355} ERROR - Failed to import: /home/malte/try_rag/.venv/lib/python3.12/site-packages/airflow/example_dags/tutorial_objectstorage.py
Traceback (most recent call last):
  File "/home/malte/try_rag/.venv/lib/python3.12/site-packages/airflow/models/dagbag.py", line 351, in parse
    loader.exec_module(new_module)
  File "<frozen importlib._bootstrap_external>", line 995, in exec_module
  File "<frozen importlib._bootstrap>", line 488, in _call_with_frames_removed
  File "/home/malte/try_rag/.venv/lib/python3.12/site-packages/airflow/example_dags/tutorial_objectstorage.py", line 46, in <module>
    base = ObjectStoragePath("s3://aws_default@airflow-tutorial-data/")
           ^^^^^^^^^^^^^^^^^^^^^^^^^^^^^^^^^^^^^^^^^^^^^^^^^^^^^^^^^^^^
  File "/home/malte/try_rag/.venv/lib/python3.12/site-packages/upath/core.py", line 164, in __call__
    inst = cls.__new__(cls, *args, **kwargs)
           ^^^^^^^^^^^^^^^^^^^^^^^^^^^^^^^^^
  File "/home/malte/try_rag/.venv/lib/python3.12/site-packages/upath/core.py", line 469, in __new__
    raise _IncompatibleProtocolError(msg)
TypeError: ObjectStoragePath(...) detected protocol s3 which is incompatible with ObjectStoragePath.
[2026-04-01T22:31:27.237+0200] {processor.py:842} WARNING - No viable dags retrieved from /home/malte/try_rag/.venv/lib/python3.12/site-packages/airflow/example_dags/tutorial_objectstorage.py
[2026-04-01T22:31:27.297+0200] {processor.py:183} INFO - Processing /home/malte/try_rag/.venv/lib/python3.12/site-packages/airflow/example_dags/tutorial_objectstorage.py took 0.110 seconds
[2026-04-01T22:32:09.330+0200] {processor.py:161} INFO - Started process (PID=46021) to work on /home/malte/try_rag/.venv/lib/python3.12/site-packages/airflow/example_dags/tutorial_objectstorage.py
[2026-04-01T22:32:09.338+0200] {processor.py:830} INFO - Processing file /home/malte/try_rag/.venv/lib/python3.12/site-packages/airflow/example_dags/tutorial_objectstorage.py for tasks to queue
[2026-04-01T22:32:09.341+0200] {logging_mixin.py:188} INFO - [2026-04-01T22:32:09.339+0200] {dagbag.py:545} INFO - Filling up the DagBag from /home/malte/try_rag/.venv/lib/python3.12/site-packages/airflow/example_dags/tutorial_objectstorage.py
[2026-04-01T22:32:09.354+0200] {logging_mixin.py:188} INFO - [2026-04-01T22:32:09.349+0200] {dagbag.py:355} ERROR - Failed to import: /home/malte/try_rag/.venv/lib/python3.12/site-packages/airflow/example_dags/tutorial_objectstorage.py
Traceback (most recent call last):
  File "/home/malte/try_rag/.venv/lib/python3.12/site-packages/airflow/models/dagbag.py", line 351, in parse
    loader.exec_module(new_module)
  File "<frozen importlib._bootstrap_external>", line 995, in exec_module
  File "<frozen importlib._bootstrap>", line 488, in _call_with_frames_removed
  File "/home/malte/try_rag/.venv/lib/python3.12/site-packages/airflow/example_dags/tutorial_objectstorage.py", line 46, in <module>
    base = ObjectStoragePath("s3://aws_default@airflow-tutorial-data/")
           ^^^^^^^^^^^^^^^^^^^^^^^^^^^^^^^^^^^^^^^^^^^^^^^^^^^^^^^^^^^^
  File "/home/malte/try_rag/.venv/lib/python3.12/site-packages/upath/core.py", line 164, in __call__
    inst = cls.__new__(cls, *args, **kwargs)
           ^^^^^^^^^^^^^^^^^^^^^^^^^^^^^^^^^
  File "/home/malte/try_rag/.venv/lib/python3.12/site-packages/upath/core.py", line 469, in __new__
    raise _IncompatibleProtocolError(msg)
TypeError: ObjectStoragePath(...) detected protocol s3 which is incompatible with ObjectStoragePath.
[2026-04-01T22:32:09.356+0200] {processor.py:842} WARNING - No viable dags retrieved from /home/malte/try_rag/.venv/lib/python3.12/site-packages/airflow/example_dags/tutorial_objectstorage.py
[2026-04-01T22:32:09.680+0200] {processor.py:183} INFO - Processing /home/malte/try_rag/.venv/lib/python3.12/site-packages/airflow/example_dags/tutorial_objectstorage.py took 0.368 seconds
[2026-04-01T22:33:21.018+0200] {processor.py:161} INFO - Started process (PID=46286) to work on /home/malte/try_rag/.venv/lib/python3.12/site-packages/airflow/example_dags/tutorial_objectstorage.py
[2026-04-01T22:33:21.028+0200] {processor.py:830} INFO - Processing file /home/malte/try_rag/.venv/lib/python3.12/site-packages/airflow/example_dags/tutorial_objectstorage.py for tasks to queue
[2026-04-01T22:33:21.030+0200] {logging_mixin.py:188} INFO - [2026-04-01T22:33:21.029+0200] {dagbag.py:545} INFO - Filling up the DagBag from /home/malte/try_rag/.venv/lib/python3.12/site-packages/airflow/example_dags/tutorial_objectstorage.py
[2026-04-01T22:33:21.043+0200] {logging_mixin.py:188} INFO - [2026-04-01T22:33:21.038+0200] {dagbag.py:355} ERROR - Failed to import: /home/malte/try_rag/.venv/lib/python3.12/site-packages/airflow/example_dags/tutorial_objectstorage.py
Traceback (most recent call last):
  File "/home/malte/try_rag/.venv/lib/python3.12/site-packages/airflow/models/dagbag.py", line 351, in parse
    loader.exec_module(new_module)
  File "<frozen importlib._bootstrap_external>", line 995, in exec_module
  File "<frozen importlib._bootstrap>", line 488, in _call_with_frames_removed
  File "/home/malte/try_rag/.venv/lib/python3.12/site-packages/airflow/example_dags/tutorial_objectstorage.py", line 46, in <module>
    base = ObjectStoragePath("s3://aws_default@airflow-tutorial-data/")
           ^^^^^^^^^^^^^^^^^^^^^^^^^^^^^^^^^^^^^^^^^^^^^^^^^^^^^^^^^^^^
  File "/home/malte/try_rag/.venv/lib/python3.12/site-packages/upath/core.py", line 164, in __call__
    inst = cls.__new__(cls, *args, **kwargs)
           ^^^^^^^^^^^^^^^^^^^^^^^^^^^^^^^^^
  File "/home/malte/try_rag/.venv/lib/python3.12/site-packages/upath/core.py", line 469, in __new__
    raise _IncompatibleProtocolError(msg)
TypeError: ObjectStoragePath(...) detected protocol s3 which is incompatible with ObjectStoragePath.
[2026-04-01T22:33:21.044+0200] {processor.py:842} WARNING - No viable dags retrieved from /home/malte/try_rag/.venv/lib/python3.12/site-packages/airflow/example_dags/tutorial_objectstorage.py
[2026-04-01T22:33:21.269+0200] {processor.py:183} INFO - Processing /home/malte/try_rag/.venv/lib/python3.12/site-packages/airflow/example_dags/tutorial_objectstorage.py took 0.266 seconds
[2026-04-01T22:33:58.913+0200] {processor.py:161} INFO - Started process (PID=46359) to work on /home/malte/try_rag/.venv/lib/python3.12/site-packages/airflow/example_dags/tutorial_objectstorage.py
[2026-04-01T22:33:58.916+0200] {processor.py:830} INFO - Processing file /home/malte/try_rag/.venv/lib/python3.12/site-packages/airflow/example_dags/tutorial_objectstorage.py for tasks to queue
[2026-04-01T22:33:58.919+0200] {logging_mixin.py:188} INFO - [2026-04-01T22:33:58.917+0200] {dagbag.py:545} INFO - Filling up the DagBag from /home/malte/try_rag/.venv/lib/python3.12/site-packages/airflow/example_dags/tutorial_objectstorage.py
[2026-04-01T22:33:58.930+0200] {logging_mixin.py:188} INFO - [2026-04-01T22:33:58.926+0200] {dagbag.py:355} ERROR - Failed to import: /home/malte/try_rag/.venv/lib/python3.12/site-packages/airflow/example_dags/tutorial_objectstorage.py
Traceback (most recent call last):
  File "/home/malte/try_rag/.venv/lib/python3.12/site-packages/airflow/models/dagbag.py", line 351, in parse
    loader.exec_module(new_module)
  File "<frozen importlib._bootstrap_external>", line 995, in exec_module
  File "<frozen importlib._bootstrap>", line 488, in _call_with_frames_removed
  File "/home/malte/try_rag/.venv/lib/python3.12/site-packages/airflow/example_dags/tutorial_objectstorage.py", line 46, in <module>
    base = ObjectStoragePath("s3://aws_default@airflow-tutorial-data/")
           ^^^^^^^^^^^^^^^^^^^^^^^^^^^^^^^^^^^^^^^^^^^^^^^^^^^^^^^^^^^^
  File "/home/malte/try_rag/.venv/lib/python3.12/site-packages/upath/core.py", line 164, in __call__
    inst = cls.__new__(cls, *args, **kwargs)
           ^^^^^^^^^^^^^^^^^^^^^^^^^^^^^^^^^
  File "/home/malte/try_rag/.venv/lib/python3.12/site-packages/upath/core.py", line 469, in __new__
    raise _IncompatibleProtocolError(msg)
TypeError: ObjectStoragePath(...) detected protocol s3 which is incompatible with ObjectStoragePath.
[2026-04-01T22:33:58.931+0200] {processor.py:842} WARNING - No viable dags retrieved from /home/malte/try_rag/.venv/lib/python3.12/site-packages/airflow/example_dags/tutorial_objectstorage.py
[2026-04-01T22:33:58.982+0200] {processor.py:183} INFO - Processing /home/malte/try_rag/.venv/lib/python3.12/site-packages/airflow/example_dags/tutorial_objectstorage.py took 0.086 seconds
[2026-04-01T22:35:07.427+0200] {processor.py:161} INFO - Started process (PID=46648) to work on /home/malte/try_rag/.venv/lib/python3.12/site-packages/airflow/example_dags/tutorial_objectstorage.py
[2026-04-01T22:35:07.430+0200] {processor.py:830} INFO - Processing file /home/malte/try_rag/.venv/lib/python3.12/site-packages/airflow/example_dags/tutorial_objectstorage.py for tasks to queue
[2026-04-01T22:35:07.432+0200] {logging_mixin.py:188} INFO - [2026-04-01T22:35:07.431+0200] {dagbag.py:545} INFO - Filling up the DagBag from /home/malte/try_rag/.venv/lib/python3.12/site-packages/airflow/example_dags/tutorial_objectstorage.py
[2026-04-01T22:35:07.444+0200] {logging_mixin.py:188} INFO - [2026-04-01T22:35:07.440+0200] {dagbag.py:355} ERROR - Failed to import: /home/malte/try_rag/.venv/lib/python3.12/site-packages/airflow/example_dags/tutorial_objectstorage.py
Traceback (most recent call last):
  File "/home/malte/try_rag/.venv/lib/python3.12/site-packages/airflow/models/dagbag.py", line 351, in parse
    loader.exec_module(new_module)
  File "<frozen importlib._bootstrap_external>", line 995, in exec_module
  File "<frozen importlib._bootstrap>", line 488, in _call_with_frames_removed
  File "/home/malte/try_rag/.venv/lib/python3.12/site-packages/airflow/example_dags/tutorial_objectstorage.py", line 46, in <module>
    base = ObjectStoragePath("s3://aws_default@airflow-tutorial-data/")
           ^^^^^^^^^^^^^^^^^^^^^^^^^^^^^^^^^^^^^^^^^^^^^^^^^^^^^^^^^^^^
  File "/home/malte/try_rag/.venv/lib/python3.12/site-packages/upath/core.py", line 164, in __call__
    inst = cls.__new__(cls, *args, **kwargs)
           ^^^^^^^^^^^^^^^^^^^^^^^^^^^^^^^^^
  File "/home/malte/try_rag/.venv/lib/python3.12/site-packages/upath/core.py", line 469, in __new__
    raise _IncompatibleProtocolError(msg)
TypeError: ObjectStoragePath(...) detected protocol s3 which is incompatible with ObjectStoragePath.
[2026-04-01T22:35:07.446+0200] {processor.py:842} WARNING - No viable dags retrieved from /home/malte/try_rag/.venv/lib/python3.12/site-packages/airflow/example_dags/tutorial_objectstorage.py
[2026-04-01T22:35:07.496+0200] {processor.py:183} INFO - Processing /home/malte/try_rag/.venv/lib/python3.12/site-packages/airflow/example_dags/tutorial_objectstorage.py took 0.086 seconds
[2026-04-01T22:35:48.762+0200] {processor.py:161} INFO - Started process (PID=46759) to work on /home/malte/try_rag/.venv/lib/python3.12/site-packages/airflow/example_dags/tutorial_objectstorage.py
[2026-04-01T22:35:48.778+0200] {processor.py:830} INFO - Processing file /home/malte/try_rag/.venv/lib/python3.12/site-packages/airflow/example_dags/tutorial_objectstorage.py for tasks to queue
[2026-04-01T22:35:48.783+0200] {logging_mixin.py:188} INFO - [2026-04-01T22:35:48.781+0200] {dagbag.py:545} INFO - Filling up the DagBag from /home/malte/try_rag/.venv/lib/python3.12/site-packages/airflow/example_dags/tutorial_objectstorage.py
[2026-04-01T22:35:48.806+0200] {logging_mixin.py:188} INFO - [2026-04-01T22:35:48.796+0200] {dagbag.py:355} ERROR - Failed to import: /home/malte/try_rag/.venv/lib/python3.12/site-packages/airflow/example_dags/tutorial_objectstorage.py
Traceback (most recent call last):
  File "/home/malte/try_rag/.venv/lib/python3.12/site-packages/airflow/models/dagbag.py", line 351, in parse
    loader.exec_module(new_module)
  File "<frozen importlib._bootstrap_external>", line 995, in exec_module
  File "<frozen importlib._bootstrap>", line 488, in _call_with_frames_removed
  File "/home/malte/try_rag/.venv/lib/python3.12/site-packages/airflow/example_dags/tutorial_objectstorage.py", line 46, in <module>
    base = ObjectStoragePath("s3://aws_default@airflow-tutorial-data/")
           ^^^^^^^^^^^^^^^^^^^^^^^^^^^^^^^^^^^^^^^^^^^^^^^^^^^^^^^^^^^^
  File "/home/malte/try_rag/.venv/lib/python3.12/site-packages/upath/core.py", line 164, in __call__
    inst = cls.__new__(cls, *args, **kwargs)
           ^^^^^^^^^^^^^^^^^^^^^^^^^^^^^^^^^
  File "/home/malte/try_rag/.venv/lib/python3.12/site-packages/upath/core.py", line 469, in __new__
    raise _IncompatibleProtocolError(msg)
TypeError: ObjectStoragePath(...) detected protocol s3 which is incompatible with ObjectStoragePath.
[2026-04-01T22:35:48.808+0200] {processor.py:842} WARNING - No viable dags retrieved from /home/malte/try_rag/.venv/lib/python3.12/site-packages/airflow/example_dags/tutorial_objectstorage.py
[2026-04-01T22:35:48.890+0200] {processor.py:183} INFO - Processing /home/malte/try_rag/.venv/lib/python3.12/site-packages/airflow/example_dags/tutorial_objectstorage.py took 0.153 seconds
[2026-04-01T22:36:30.109+0200] {processor.py:161} INFO - Started process (PID=46904) to work on /home/malte/try_rag/.venv/lib/python3.12/site-packages/airflow/example_dags/tutorial_objectstorage.py
[2026-04-01T22:36:30.113+0200] {processor.py:830} INFO - Processing file /home/malte/try_rag/.venv/lib/python3.12/site-packages/airflow/example_dags/tutorial_objectstorage.py for tasks to queue
[2026-04-01T22:36:30.116+0200] {logging_mixin.py:188} INFO - [2026-04-01T22:36:30.115+0200] {dagbag.py:545} INFO - Filling up the DagBag from /home/malte/try_rag/.venv/lib/python3.12/site-packages/airflow/example_dags/tutorial_objectstorage.py
[2026-04-01T22:36:30.133+0200] {logging_mixin.py:188} INFO - [2026-04-01T22:36:30.125+0200] {dagbag.py:355} ERROR - Failed to import: /home/malte/try_rag/.venv/lib/python3.12/site-packages/airflow/example_dags/tutorial_objectstorage.py
Traceback (most recent call last):
  File "/home/malte/try_rag/.venv/lib/python3.12/site-packages/airflow/models/dagbag.py", line 351, in parse
    loader.exec_module(new_module)
  File "<frozen importlib._bootstrap_external>", line 995, in exec_module
  File "<frozen importlib._bootstrap>", line 488, in _call_with_frames_removed
  File "/home/malte/try_rag/.venv/lib/python3.12/site-packages/airflow/example_dags/tutorial_objectstorage.py", line 46, in <module>
    base = ObjectStoragePath("s3://aws_default@airflow-tutorial-data/")
           ^^^^^^^^^^^^^^^^^^^^^^^^^^^^^^^^^^^^^^^^^^^^^^^^^^^^^^^^^^^^
  File "/home/malte/try_rag/.venv/lib/python3.12/site-packages/upath/core.py", line 164, in __call__
    inst = cls.__new__(cls, *args, **kwargs)
           ^^^^^^^^^^^^^^^^^^^^^^^^^^^^^^^^^
  File "/home/malte/try_rag/.venv/lib/python3.12/site-packages/upath/core.py", line 469, in __new__
    raise _IncompatibleProtocolError(msg)
TypeError: ObjectStoragePath(...) detected protocol s3 which is incompatible with ObjectStoragePath.
[2026-04-01T22:36:30.134+0200] {processor.py:842} WARNING - No viable dags retrieved from /home/malte/try_rag/.venv/lib/python3.12/site-packages/airflow/example_dags/tutorial_objectstorage.py
[2026-04-01T22:36:30.210+0200] {processor.py:183} INFO - Processing /home/malte/try_rag/.venv/lib/python3.12/site-packages/airflow/example_dags/tutorial_objectstorage.py took 0.120 seconds
