[2026-04-01T22:13:49.764+0200] {processor.py:161} INFO - Started process (PID=42795) to work on /home/malte/try_rag/.venv/lib/python3.12/site-packages/airflow/example_dags/tutorial_taskflow_api.py
[2026-04-01T22:13:49.767+0200] {processor.py:830} INFO - Processing file /home/malte/try_rag/.venv/lib/python3.12/site-packages/airflow/example_dags/tutorial_taskflow_api.py for tasks to queue
[2026-04-01T22:13:49.769+0200] {logging_mixin.py:188} INFO - [2026-04-01T22:13:49.768+0200] {dagbag.py:545} INFO - Filling up the DagBag from /home/malte/try_rag/.venv/lib/python3.12/site-packages/airflow/example_dags/tutorial_taskflow_api.py
[2026-04-01T22:13:49.810+0200] {processor.py:840} INFO - DAG(s) 'tutorial_taskflow_api' retrieved from /home/malte/try_rag/.venv/lib/python3.12/site-packages/airflow/example_dags/tutorial_taskflow_api.py
[2026-04-01T22:13:50.215+0200] {logging_mixin.py:188} INFO - [2026-04-01T22:13:50.212+0200] {override.py:1930} INFO - Created Permission View: can edit on DAG:tutorial_taskflow_api
[2026-04-01T22:13:50.249+0200] {logging_mixin.py:188} INFO - [2026-04-01T22:13:50.248+0200] {override.py:1930} INFO - Created Permission View: can read on DAG:tutorial_taskflow_api
[2026-04-01T22:13:50.281+0200] {logging_mixin.py:188} INFO - [2026-04-01T22:13:50.280+0200] {override.py:1930} INFO - Created Permission View: can delete on DAG:tutorial_taskflow_api
[2026-04-01T22:13:50.282+0200] {logging_mixin.py:188} INFO - [2026-04-01T22:13:50.282+0200] {dag.py:3096} INFO - Sync 1 DAGs
[2026-04-01T22:13:50.329+0200] {logging_mixin.py:188} INFO - [2026-04-01T22:13:50.328+0200] {dag.py:3118} INFO - Creating ORM DAG for tutorial_taskflow_api
[2026-04-01T22:13:50.331+0200] {logging_mixin.py:188} INFO - [2026-04-01T22:13:50.330+0200] {dag.py:3954} INFO - Setting next_dagrun for tutorial_taskflow_api to None, run_after=None
[2026-04-01T22:13:50.402+0200] {processor.py:183} INFO - Processing /home/malte/try_rag/.venv/lib/python3.12/site-packages/airflow/example_dags/tutorial_taskflow_api.py took 0.655 seconds
[2026-04-01T22:15:09.648+0200] {processor.py:161} INFO - Started process (PID=42957) to work on /home/malte/try_rag/.venv/lib/python3.12/site-packages/airflow/example_dags/tutorial_taskflow_api.py
[2026-04-01T22:15:09.663+0200] {processor.py:830} INFO - Processing file /home/malte/try_rag/.venv/lib/python3.12/site-packages/airflow/example_dags/tutorial_taskflow_api.py for tasks to queue
[2026-04-01T22:15:09.668+0200] {logging_mixin.py:188} INFO - [2026-04-01T22:15:09.665+0200] {dagbag.py:545} INFO - Filling up the DagBag from /home/malte/try_rag/.venv/lib/python3.12/site-packages/airflow/example_dags/tutorial_taskflow_api.py
[2026-04-01T22:15:09.689+0200] {processor.py:840} INFO - DAG(s) 'tutorial_taskflow_api' retrieved from /home/malte/try_rag/.venv/lib/python3.12/site-packages/airflow/example_dags/tutorial_taskflow_api.py
[2026-04-01T22:15:09.742+0200] {logging_mixin.py:188} INFO - [2026-04-01T22:15:09.741+0200] {dag.py:3096} INFO - Sync 1 DAGs
[2026-04-01T22:15:09.778+0200] {logging_mixin.py:188} INFO - [2026-04-01T22:15:09.778+0200] {dag.py:3954} INFO - Setting next_dagrun for tutorial_taskflow_api to None, run_after=None
[2026-04-01T22:15:09.855+0200] {processor.py:183} INFO - Processing /home/malte/try_rag/.venv/lib/python3.12/site-packages/airflow/example_dags/tutorial_taskflow_api.py took 0.225 seconds
[2026-04-01T22:15:52.772+0200] {processor.py:161} INFO - Started process (PID=43038) to work on /home/malte/try_rag/.venv/lib/python3.12/site-packages/airflow/example_dags/tutorial_taskflow_api.py
[2026-04-01T22:15:52.779+0200] {processor.py:830} INFO - Processing file /home/malte/try_rag/.venv/lib/python3.12/site-packages/airflow/example_dags/tutorial_taskflow_api.py for tasks to queue
[2026-04-01T22:15:52.782+0200] {logging_mixin.py:188} INFO - [2026-04-01T22:15:52.781+0200] {dagbag.py:545} INFO - Filling up the DagBag from /home/malte/try_rag/.venv/lib/python3.12/site-packages/airflow/example_dags/tutorial_taskflow_api.py
[2026-04-01T22:15:52.806+0200] {processor.py:840} INFO - DAG(s) 'tutorial_taskflow_api' retrieved from /home/malte/try_rag/.venv/lib/python3.12/site-packages/airflow/example_dags/tutorial_taskflow_api.py
[2026-04-01T22:15:52.871+0200] {logging_mixin.py:188} INFO - [2026-04-01T22:15:52.871+0200] {dag.py:3096} INFO - Sync 1 DAGs
[2026-04-01T22:15:52.900+0200] {logging_mixin.py:188} INFO - [2026-04-01T22:15:52.900+0200] {dag.py:3954} INFO - Setting next_dagrun for tutorial_taskflow_api to None, run_after=None
[2026-04-01T22:15:52.952+0200] {processor.py:183} INFO - Processing /home/malte/try_rag/.venv/lib/python3.12/site-packages/airflow/example_dags/tutorial_taskflow_api.py took 0.202 seconds
[2026-04-01T22:17:08.750+0200] {processor.py:161} INFO - Started process (PID=43198) to work on /home/malte/try_rag/.venv/lib/python3.12/site-packages/airflow/example_dags/tutorial_taskflow_api.py
[2026-04-01T22:17:08.764+0200] {processor.py:830} INFO - Processing file /home/malte/try_rag/.venv/lib/python3.12/site-packages/airflow/example_dags/tutorial_taskflow_api.py for tasks to queue
[2026-04-01T22:17:08.766+0200] {logging_mixin.py:188} INFO - [2026-04-01T22:17:08.765+0200] {dagbag.py:545} INFO - Filling up the DagBag from /home/malte/try_rag/.venv/lib/python3.12/site-packages/airflow/example_dags/tutorial_taskflow_api.py
[2026-04-01T22:17:08.785+0200] {processor.py:840} INFO - DAG(s) 'tutorial_taskflow_api' retrieved from /home/malte/try_rag/.venv/lib/python3.12/site-packages/airflow/example_dags/tutorial_taskflow_api.py
[2026-04-01T22:17:08.837+0200] {logging_mixin.py:188} INFO - [2026-04-01T22:17:08.836+0200] {dag.py:3096} INFO - Sync 1 DAGs
[2026-04-01T22:17:08.874+0200] {logging_mixin.py:188} INFO - [2026-04-01T22:17:08.873+0200] {dag.py:3954} INFO - Setting next_dagrun for tutorial_taskflow_api to None, run_after=None
[2026-04-01T22:17:08.930+0200] {processor.py:183} INFO - Processing /home/malte/try_rag/.venv/lib/python3.12/site-packages/airflow/example_dags/tutorial_taskflow_api.py took 0.199 seconds
[2026-04-01T22:18:21.375+0200] {processor.py:161} INFO - Started process (PID=43346) to work on /home/malte/try_rag/.venv/lib/python3.12/site-packages/airflow/example_dags/tutorial_taskflow_api.py
[2026-04-01T22:18:21.392+0200] {processor.py:830} INFO - Processing file /home/malte/try_rag/.venv/lib/python3.12/site-packages/airflow/example_dags/tutorial_taskflow_api.py for tasks to queue
[2026-04-01T22:18:21.394+0200] {logging_mixin.py:188} INFO - [2026-04-01T22:18:21.393+0200] {dagbag.py:545} INFO - Filling up the DagBag from /home/malte/try_rag/.venv/lib/python3.12/site-packages/airflow/example_dags/tutorial_taskflow_api.py
[2026-04-01T22:18:21.411+0200] {processor.py:840} INFO - DAG(s) 'tutorial_taskflow_api' retrieved from /home/malte/try_rag/.venv/lib/python3.12/site-packages/airflow/example_dags/tutorial_taskflow_api.py
[2026-04-01T22:18:21.460+0200] {logging_mixin.py:188} INFO - [2026-04-01T22:18:21.460+0200] {dag.py:3096} INFO - Sync 1 DAGs
[2026-04-01T22:18:21.495+0200] {logging_mixin.py:188} INFO - [2026-04-01T22:18:21.495+0200] {dag.py:3954} INFO - Setting next_dagrun for tutorial_taskflow_api to None, run_after=None
[2026-04-01T22:18:21.561+0200] {processor.py:183} INFO - Processing /home/malte/try_rag/.venv/lib/python3.12/site-packages/airflow/example_dags/tutorial_taskflow_api.py took 0.202 seconds
[2026-04-01T22:19:01.941+0200] {processor.py:161} INFO - Started process (PID=43443) to work on /home/malte/try_rag/.venv/lib/python3.12/site-packages/airflow/example_dags/tutorial_taskflow_api.py
[2026-04-01T22:19:01.944+0200] {processor.py:830} INFO - Processing file /home/malte/try_rag/.venv/lib/python3.12/site-packages/airflow/example_dags/tutorial_taskflow_api.py for tasks to queue
[2026-04-01T22:19:01.946+0200] {logging_mixin.py:188} INFO - [2026-04-01T22:19:01.945+0200] {dagbag.py:545} INFO - Filling up the DagBag from /home/malte/try_rag/.venv/lib/python3.12/site-packages/airflow/example_dags/tutorial_taskflow_api.py
[2026-04-01T22:19:01.966+0200] {processor.py:840} INFO - DAG(s) 'tutorial_taskflow_api' retrieved from /home/malte/try_rag/.venv/lib/python3.12/site-packages/airflow/example_dags/tutorial_taskflow_api.py
[2026-04-01T22:19:02.009+0200] {logging_mixin.py:188} INFO - [2026-04-01T22:19:02.008+0200] {dag.py:3096} INFO - Sync 1 DAGs
[2026-04-01T22:19:02.282+0200] {logging_mixin.py:188} INFO - [2026-04-01T22:19:02.281+0200] {dag.py:3954} INFO - Setting next_dagrun for tutorial_taskflow_api to None, run_after=None
[2026-04-01T22:19:02.337+0200] {processor.py:183} INFO - Processing /home/malte/try_rag/.venv/lib/python3.12/site-packages/airflow/example_dags/tutorial_taskflow_api.py took 0.412 seconds
[2026-04-01T22:19:50.800+0200] {processor.py:161} INFO - Started process (PID=43531) to work on /home/malte/try_rag/.venv/lib/python3.12/site-packages/airflow/example_dags/tutorial_taskflow_api.py
[2026-04-01T22:19:50.812+0200] {processor.py:830} INFO - Processing file /home/malte/try_rag/.venv/lib/python3.12/site-packages/airflow/example_dags/tutorial_taskflow_api.py for tasks to queue
[2026-04-01T22:19:50.817+0200] {logging_mixin.py:188} INFO - [2026-04-01T22:19:50.815+0200] {dagbag.py:545} INFO - Filling up the DagBag from /home/malte/try_rag/.venv/lib/python3.12/site-packages/airflow/example_dags/tutorial_taskflow_api.py
[2026-04-01T22:19:50.854+0200] {processor.py:840} INFO - DAG(s) 'tutorial_taskflow_api' retrieved from /home/malte/try_rag/.venv/lib/python3.12/site-packages/airflow/example_dags/tutorial_taskflow_api.py
[2026-04-01T22:19:50.921+0200] {logging_mixin.py:188} INFO - [2026-04-01T22:19:50.920+0200] {dag.py:3096} INFO - Sync 1 DAGs
[2026-04-01T22:19:50.965+0200] {logging_mixin.py:188} INFO - [2026-04-01T22:19:50.964+0200] {dag.py:3954} INFO - Setting next_dagrun for tutorial_taskflow_api to None, run_after=None
[2026-04-01T22:19:51.060+0200] {processor.py:183} INFO - Processing /home/malte/try_rag/.venv/lib/python3.12/site-packages/airflow/example_dags/tutorial_taskflow_api.py took 0.296 seconds
[2026-04-01T22:20:33.405+0200] {processor.py:161} INFO - Started process (PID=43618) to work on /home/malte/try_rag/.venv/lib/python3.12/site-packages/airflow/example_dags/tutorial_taskflow_api.py
[2026-04-01T22:20:33.419+0200] {processor.py:830} INFO - Processing file /home/malte/try_rag/.venv/lib/python3.12/site-packages/airflow/example_dags/tutorial_taskflow_api.py for tasks to queue
[2026-04-01T22:20:33.421+0200] {logging_mixin.py:188} INFO - [2026-04-01T22:20:33.420+0200] {dagbag.py:545} INFO - Filling up the DagBag from /home/malte/try_rag/.venv/lib/python3.12/site-packages/airflow/example_dags/tutorial_taskflow_api.py
[2026-04-01T22:20:33.454+0200] {processor.py:840} INFO - DAG(s) 'tutorial_taskflow_api' retrieved from /home/malte/try_rag/.venv/lib/python3.12/site-packages/airflow/example_dags/tutorial_taskflow_api.py
[2026-04-01T22:20:33.527+0200] {logging_mixin.py:188} INFO - [2026-04-01T22:20:33.526+0200] {dag.py:3096} INFO - Sync 1 DAGs
[2026-04-01T22:20:33.579+0200] {logging_mixin.py:188} INFO - [2026-04-01T22:20:33.578+0200] {dag.py:3954} INFO - Setting next_dagrun for tutorial_taskflow_api to None, run_after=None
[2026-04-01T22:20:33.660+0200] {processor.py:183} INFO - Processing /home/malte/try_rag/.venv/lib/python3.12/site-packages/airflow/example_dags/tutorial_taskflow_api.py took 0.274 seconds
[2026-04-01T22:21:47.748+0200] {processor.py:161} INFO - Started process (PID=43764) to work on /home/malte/try_rag/.venv/lib/python3.12/site-packages/airflow/example_dags/tutorial_taskflow_api.py
[2026-04-01T22:21:47.762+0200] {processor.py:830} INFO - Processing file /home/malte/try_rag/.venv/lib/python3.12/site-packages/airflow/example_dags/tutorial_taskflow_api.py for tasks to queue
[2026-04-01T22:21:47.766+0200] {logging_mixin.py:188} INFO - [2026-04-01T22:21:47.764+0200] {dagbag.py:545} INFO - Filling up the DagBag from /home/malte/try_rag/.venv/lib/python3.12/site-packages/airflow/example_dags/tutorial_taskflow_api.py
[2026-04-01T22:21:47.790+0200] {processor.py:840} INFO - DAG(s) 'tutorial_taskflow_api' retrieved from /home/malte/try_rag/.venv/lib/python3.12/site-packages/airflow/example_dags/tutorial_taskflow_api.py
[2026-04-01T22:21:47.842+0200] {logging_mixin.py:188} INFO - [2026-04-01T22:21:47.842+0200] {dag.py:3096} INFO - Sync 1 DAGs
[2026-04-01T22:21:47.897+0200] {logging_mixin.py:188} INFO - [2026-04-01T22:21:47.897+0200] {dag.py:3954} INFO - Setting next_dagrun for tutorial_taskflow_api to None, run_after=None
[2026-04-01T22:21:47.974+0200] {processor.py:183} INFO - Processing /home/malte/try_rag/.venv/lib/python3.12/site-packages/airflow/example_dags/tutorial_taskflow_api.py took 0.246 seconds
[2026-04-01T22:22:59.945+0200] {processor.py:161} INFO - Started process (PID=43909) to work on /home/malte/try_rag/.venv/lib/python3.12/site-packages/airflow/example_dags/tutorial_taskflow_api.py
[2026-04-01T22:22:59.949+0200] {processor.py:830} INFO - Processing file /home/malte/try_rag/.venv/lib/python3.12/site-packages/airflow/example_dags/tutorial_taskflow_api.py for tasks to queue
[2026-04-01T22:22:59.952+0200] {logging_mixin.py:188} INFO - [2026-04-01T22:22:59.950+0200] {dagbag.py:545} INFO - Filling up the DagBag from /home/malte/try_rag/.venv/lib/python3.12/site-packages/airflow/example_dags/tutorial_taskflow_api.py
[2026-04-01T22:22:59.976+0200] {processor.py:840} INFO - DAG(s) 'tutorial_taskflow_api' retrieved from /home/malte/try_rag/.venv/lib/python3.12/site-packages/airflow/example_dags/tutorial_taskflow_api.py
[2026-04-01T22:23:00.051+0200] {logging_mixin.py:188} INFO - [2026-04-01T22:23:00.051+0200] {dag.py:3096} INFO - Sync 1 DAGs
[2026-04-01T22:23:00.099+0200] {logging_mixin.py:188} INFO - [2026-04-01T22:23:00.097+0200] {dag.py:3954} INFO - Setting next_dagrun for tutorial_taskflow_api to None, run_after=None
[2026-04-01T22:23:00.184+0200] {processor.py:183} INFO - Processing /home/malte/try_rag/.venv/lib/python3.12/site-packages/airflow/example_dags/tutorial_taskflow_api.py took 0.259 seconds
[2026-04-01T22:24:13.458+0200] {processor.py:161} INFO - Started process (PID=44086) to work on /home/malte/try_rag/.venv/lib/python3.12/site-packages/airflow/example_dags/tutorial_taskflow_api.py
[2026-04-01T22:24:13.472+0200] {processor.py:830} INFO - Processing file /home/malte/try_rag/.venv/lib/python3.12/site-packages/airflow/example_dags/tutorial_taskflow_api.py for tasks to queue
[2026-04-01T22:24:13.474+0200] {logging_mixin.py:188} INFO - [2026-04-01T22:24:13.473+0200] {dagbag.py:545} INFO - Filling up the DagBag from /home/malte/try_rag/.venv/lib/python3.12/site-packages/airflow/example_dags/tutorial_taskflow_api.py
[2026-04-01T22:24:13.496+0200] {processor.py:840} INFO - DAG(s) 'tutorial_taskflow_api' retrieved from /home/malte/try_rag/.venv/lib/python3.12/site-packages/airflow/example_dags/tutorial_taskflow_api.py
[2026-04-01T22:24:13.544+0200] {logging_mixin.py:188} INFO - [2026-04-01T22:24:13.543+0200] {dag.py:3096} INFO - Sync 1 DAGs
[2026-04-01T22:24:13.579+0200] {logging_mixin.py:188} INFO - [2026-04-01T22:24:13.578+0200] {dag.py:3954} INFO - Setting next_dagrun for tutorial_taskflow_api to None, run_after=None
[2026-04-01T22:24:13.677+0200] {processor.py:183} INFO - Processing /home/malte/try_rag/.venv/lib/python3.12/site-packages/airflow/example_dags/tutorial_taskflow_api.py took 0.237 seconds
[2026-04-01T22:25:23.971+0200] {processor.py:161} INFO - Started process (PID=44231) to work on /home/malte/try_rag/.venv/lib/python3.12/site-packages/airflow/example_dags/tutorial_taskflow_api.py
[2026-04-01T22:25:23.976+0200] {processor.py:830} INFO - Processing file /home/malte/try_rag/.venv/lib/python3.12/site-packages/airflow/example_dags/tutorial_taskflow_api.py for tasks to queue
[2026-04-01T22:25:23.979+0200] {logging_mixin.py:188} INFO - [2026-04-01T22:25:23.978+0200] {dagbag.py:545} INFO - Filling up the DagBag from /home/malte/try_rag/.venv/lib/python3.12/site-packages/airflow/example_dags/tutorial_taskflow_api.py
[2026-04-01T22:25:24.008+0200] {processor.py:840} INFO - DAG(s) 'tutorial_taskflow_api' retrieved from /home/malte/try_rag/.venv/lib/python3.12/site-packages/airflow/example_dags/tutorial_taskflow_api.py
[2026-04-01T22:25:24.067+0200] {logging_mixin.py:188} INFO - [2026-04-01T22:25:24.067+0200] {dag.py:3096} INFO - Sync 1 DAGs
[2026-04-01T22:25:24.119+0200] {logging_mixin.py:188} INFO - [2026-04-01T22:25:24.119+0200] {dag.py:3954} INFO - Setting next_dagrun for tutorial_taskflow_api to None, run_after=None
[2026-04-01T22:25:24.206+0200] {processor.py:183} INFO - Processing /home/malte/try_rag/.venv/lib/python3.12/site-packages/airflow/example_dags/tutorial_taskflow_api.py took 0.258 seconds
[2026-04-01T22:30:13.790+0200] {processor.py:161} INFO - Started process (PID=45601) to work on /home/malte/try_rag/.venv/lib/python3.12/site-packages/airflow/example_dags/tutorial_taskflow_api.py
[2026-04-01T22:30:13.794+0200] {processor.py:830} INFO - Processing file /home/malte/try_rag/.venv/lib/python3.12/site-packages/airflow/example_dags/tutorial_taskflow_api.py for tasks to queue
[2026-04-01T22:30:13.796+0200] {logging_mixin.py:188} INFO - [2026-04-01T22:30:13.795+0200] {dagbag.py:545} INFO - Filling up the DagBag from /home/malte/try_rag/.venv/lib/python3.12/site-packages/airflow/example_dags/tutorial_taskflow_api.py
[2026-04-01T22:30:13.821+0200] {processor.py:840} INFO - DAG(s) 'tutorial_taskflow_api' retrieved from /home/malte/try_rag/.venv/lib/python3.12/site-packages/airflow/example_dags/tutorial_taskflow_api.py
[2026-04-01T22:30:13.844+0200] {logging_mixin.py:188} INFO - [2026-04-01T22:30:13.844+0200] {dag.py:3096} INFO - Sync 1 DAGs
[2026-04-01T22:30:13.883+0200] {logging_mixin.py:188} INFO - [2026-04-01T22:30:13.882+0200] {dag.py:3954} INFO - Setting next_dagrun for tutorial_taskflow_api to None, run_after=None
[2026-04-01T22:30:13.950+0200] {processor.py:183} INFO - Processing /home/malte/try_rag/.venv/lib/python3.12/site-packages/airflow/example_dags/tutorial_taskflow_api.py took 0.174 seconds
[2026-04-01T22:31:29.593+0200] {processor.py:161} INFO - Started process (PID=45883) to work on /home/malte/try_rag/.venv/lib/python3.12/site-packages/airflow/example_dags/tutorial_taskflow_api.py
[2026-04-01T22:31:29.597+0200] {processor.py:830} INFO - Processing file /home/malte/try_rag/.venv/lib/python3.12/site-packages/airflow/example_dags/tutorial_taskflow_api.py for tasks to queue
[2026-04-01T22:31:29.600+0200] {logging_mixin.py:188} INFO - [2026-04-01T22:31:29.598+0200] {dagbag.py:545} INFO - Filling up the DagBag from /home/malte/try_rag/.venv/lib/python3.12/site-packages/airflow/example_dags/tutorial_taskflow_api.py
[2026-04-01T22:31:29.619+0200] {processor.py:840} INFO - DAG(s) 'tutorial_taskflow_api' retrieved from /home/malte/try_rag/.venv/lib/python3.12/site-packages/airflow/example_dags/tutorial_taskflow_api.py
[2026-04-01T22:31:29.909+0200] {logging_mixin.py:188} INFO - [2026-04-01T22:31:29.908+0200] {dag.py:3096} INFO - Sync 1 DAGs
[2026-04-01T22:31:29.930+0200] {logging_mixin.py:188} INFO - [2026-04-01T22:31:29.930+0200] {dag.py:3954} INFO - Setting next_dagrun for tutorial_taskflow_api to None, run_after=None
[2026-04-01T22:31:29.990+0200] {processor.py:183} INFO - Processing /home/malte/try_rag/.venv/lib/python3.12/site-packages/airflow/example_dags/tutorial_taskflow_api.py took 0.413 seconds
[2026-04-01T22:32:12.273+0200] {processor.py:161} INFO - Started process (PID=46029) to work on /home/malte/try_rag/.venv/lib/python3.12/site-packages/airflow/example_dags/tutorial_taskflow_api.py
[2026-04-01T22:32:12.288+0200] {processor.py:830} INFO - Processing file /home/malte/try_rag/.venv/lib/python3.12/site-packages/airflow/example_dags/tutorial_taskflow_api.py for tasks to queue
[2026-04-01T22:32:12.290+0200] {logging_mixin.py:188} INFO - [2026-04-01T22:32:12.289+0200] {dagbag.py:545} INFO - Filling up the DagBag from /home/malte/try_rag/.venv/lib/python3.12/site-packages/airflow/example_dags/tutorial_taskflow_api.py
[2026-04-01T22:32:12.310+0200] {processor.py:840} INFO - DAG(s) 'tutorial_taskflow_api' retrieved from /home/malte/try_rag/.venv/lib/python3.12/site-packages/airflow/example_dags/tutorial_taskflow_api.py
[2026-04-01T22:32:12.368+0200] {logging_mixin.py:188} INFO - [2026-04-01T22:32:12.367+0200] {dag.py:3096} INFO - Sync 1 DAGs
[2026-04-01T22:32:12.416+0200] {logging_mixin.py:188} INFO - [2026-04-01T22:32:12.415+0200] {dag.py:3954} INFO - Setting next_dagrun for tutorial_taskflow_api to None, run_after=None
[2026-04-01T22:32:12.481+0200] {processor.py:183} INFO - Processing /home/malte/try_rag/.venv/lib/python3.12/site-packages/airflow/example_dags/tutorial_taskflow_api.py took 0.226 seconds
[2026-04-01T22:33:24.401+0200] {processor.py:161} INFO - Started process (PID=46296) to work on /home/malte/try_rag/.venv/lib/python3.12/site-packages/airflow/example_dags/tutorial_taskflow_api.py
[2026-04-01T22:33:24.405+0200] {processor.py:830} INFO - Processing file /home/malte/try_rag/.venv/lib/python3.12/site-packages/airflow/example_dags/tutorial_taskflow_api.py for tasks to queue
[2026-04-01T22:33:24.407+0200] {logging_mixin.py:188} INFO - [2026-04-01T22:33:24.406+0200] {dagbag.py:545} INFO - Filling up the DagBag from /home/malte/try_rag/.venv/lib/python3.12/site-packages/airflow/example_dags/tutorial_taskflow_api.py
[2026-04-01T22:33:24.427+0200] {processor.py:840} INFO - DAG(s) 'tutorial_taskflow_api' retrieved from /home/malte/try_rag/.venv/lib/python3.12/site-packages/airflow/example_dags/tutorial_taskflow_api.py
[2026-04-01T22:33:24.481+0200] {logging_mixin.py:188} INFO - [2026-04-01T22:33:24.480+0200] {dag.py:3096} INFO - Sync 1 DAGs
[2026-04-01T22:33:24.513+0200] {logging_mixin.py:188} INFO - [2026-04-01T22:33:24.512+0200] {dag.py:3954} INFO - Setting next_dagrun for tutorial_taskflow_api to None, run_after=None
[2026-04-01T22:33:24.574+0200] {processor.py:183} INFO - Processing /home/malte/try_rag/.venv/lib/python3.12/site-packages/airflow/example_dags/tutorial_taskflow_api.py took 0.190 seconds
[2026-04-01T22:34:32.588+0200] {processor.py:161} INFO - Started process (PID=46493) to work on /home/malte/try_rag/.venv/lib/python3.12/site-packages/airflow/example_dags/tutorial_taskflow_api.py
[2026-04-01T22:34:32.591+0200] {processor.py:830} INFO - Processing file /home/malte/try_rag/.venv/lib/python3.12/site-packages/airflow/example_dags/tutorial_taskflow_api.py for tasks to queue
[2026-04-01T22:34:32.594+0200] {logging_mixin.py:188} INFO - [2026-04-01T22:34:32.593+0200] {dagbag.py:545} INFO - Filling up the DagBag from /home/malte/try_rag/.venv/lib/python3.12/site-packages/airflow/example_dags/tutorial_taskflow_api.py
[2026-04-01T22:34:32.611+0200] {processor.py:840} INFO - DAG(s) 'tutorial_taskflow_api' retrieved from /home/malte/try_rag/.venv/lib/python3.12/site-packages/airflow/example_dags/tutorial_taskflow_api.py
[2026-04-01T22:34:32.671+0200] {logging_mixin.py:188} INFO - [2026-04-01T22:34:32.670+0200] {dag.py:3096} INFO - Sync 1 DAGs
[2026-04-01T22:34:32.709+0200] {logging_mixin.py:188} INFO - [2026-04-01T22:34:32.709+0200] {dag.py:3954} INFO - Setting next_dagrun for tutorial_taskflow_api to None, run_after=None
[2026-04-01T22:34:32.783+0200] {processor.py:183} INFO - Processing /home/malte/try_rag/.venv/lib/python3.12/site-packages/airflow/example_dags/tutorial_taskflow_api.py took 0.211 seconds
[2026-04-01T22:35:51.473+0200] {processor.py:161} INFO - Started process (PID=46761) to work on /home/malte/try_rag/.venv/lib/python3.12/site-packages/airflow/example_dags/tutorial_taskflow_api.py
[2026-04-01T22:35:51.478+0200] {processor.py:830} INFO - Processing file /home/malte/try_rag/.venv/lib/python3.12/site-packages/airflow/example_dags/tutorial_taskflow_api.py for tasks to queue
[2026-04-01T22:35:51.484+0200] {logging_mixin.py:188} INFO - [2026-04-01T22:35:51.481+0200] {dagbag.py:545} INFO - Filling up the DagBag from /home/malte/try_rag/.venv/lib/python3.12/site-packages/airflow/example_dags/tutorial_taskflow_api.py
[2026-04-01T22:35:51.506+0200] {processor.py:840} INFO - DAG(s) 'tutorial_taskflow_api' retrieved from /home/malte/try_rag/.venv/lib/python3.12/site-packages/airflow/example_dags/tutorial_taskflow_api.py
[2026-04-01T22:35:51.591+0200] {logging_mixin.py:188} INFO - [2026-04-01T22:35:51.590+0200] {dag.py:3096} INFO - Sync 1 DAGs
[2026-04-01T22:35:51.628+0200] {logging_mixin.py:188} INFO - [2026-04-01T22:35:51.628+0200] {dag.py:3954} INFO - Setting next_dagrun for tutorial_taskflow_api to None, run_after=None
[2026-04-01T22:35:51.694+0200] {processor.py:183} INFO - Processing /home/malte/try_rag/.venv/lib/python3.12/site-packages/airflow/example_dags/tutorial_taskflow_api.py took 0.249 seconds
[2026-04-01T22:36:32.793+0200] {processor.py:161} INFO - Started process (PID=46908) to work on /home/malte/try_rag/.venv/lib/python3.12/site-packages/airflow/example_dags/tutorial_taskflow_api.py
[2026-04-01T22:36:32.797+0200] {processor.py:830} INFO - Processing file /home/malte/try_rag/.venv/lib/python3.12/site-packages/airflow/example_dags/tutorial_taskflow_api.py for tasks to queue
[2026-04-01T22:36:32.800+0200] {logging_mixin.py:188} INFO - [2026-04-01T22:36:32.798+0200] {dagbag.py:545} INFO - Filling up the DagBag from /home/malte/try_rag/.venv/lib/python3.12/site-packages/airflow/example_dags/tutorial_taskflow_api.py
[2026-04-01T22:36:32.822+0200] {processor.py:840} INFO - DAG(s) 'tutorial_taskflow_api' retrieved from /home/malte/try_rag/.venv/lib/python3.12/site-packages/airflow/example_dags/tutorial_taskflow_api.py
[2026-04-01T22:36:32.873+0200] {logging_mixin.py:188} INFO - [2026-04-01T22:36:32.872+0200] {dag.py:3096} INFO - Sync 1 DAGs
[2026-04-01T22:36:32.916+0200] {logging_mixin.py:188} INFO - [2026-04-01T22:36:32.916+0200] {dag.py:3954} INFO - Setting next_dagrun for tutorial_taskflow_api to None, run_after=None
[2026-04-01T22:36:32.997+0200] {processor.py:183} INFO - Processing /home/malte/try_rag/.venv/lib/python3.12/site-packages/airflow/example_dags/tutorial_taskflow_api.py took 0.222 seconds
