[2026-04-01T22:13:36.973+0200] {processor.py:161} INFO - Started process (PID=42705) to work on /home/malte/try_rag/.venv/lib/python3.12/site-packages/airflow/example_dags/subdags/subdag.py
[2026-04-01T22:13:36.977+0200] {processor.py:830} INFO - Processing file /home/malte/try_rag/.venv/lib/python3.12/site-packages/airflow/example_dags/subdags/subdag.py for tasks to queue
[2026-04-01T22:13:36.980+0200] {logging_mixin.py:188} INFO - [2026-04-01T22:13:36.979+0200] {dagbag.py:545} INFO - Filling up the DagBag from /home/malte/try_rag/.venv/lib/python3.12/site-packages/airflow/example_dags/subdags/subdag.py
[2026-04-01T22:13:36.991+0200] {processor.py:842} WARNING - No viable dags retrieved from /home/malte/try_rag/.venv/lib/python3.12/site-packages/airflow/example_dags/subdags/subdag.py
[2026-04-01T22:13:37.040+0200] {processor.py:183} INFO - Processing /home/malte/try_rag/.venv/lib/python3.12/site-packages/airflow/example_dags/subdags/subdag.py took 0.084 seconds
[2026-04-01T22:15:01.399+0200] {processor.py:161} INFO - Started process (PID=42929) to work on /home/malte/try_rag/.venv/lib/python3.12/site-packages/airflow/example_dags/subdags/subdag.py
[2026-04-01T22:15:01.404+0200] {processor.py:830} INFO - Processing file /home/malte/try_rag/.venv/lib/python3.12/site-packages/airflow/example_dags/subdags/subdag.py for tasks to queue
[2026-04-01T22:15:01.406+0200] {logging_mixin.py:188} INFO - [2026-04-01T22:15:01.405+0200] {dagbag.py:545} INFO - Filling up the DagBag from /home/malte/try_rag/.venv/lib/python3.12/site-packages/airflow/example_dags/subdags/subdag.py
[2026-04-01T22:15:01.413+0200] {processor.py:842} WARNING - No viable dags retrieved from /home/malte/try_rag/.venv/lib/python3.12/site-packages/airflow/example_dags/subdags/subdag.py
[2026-04-01T22:15:01.446+0200] {processor.py:183} INFO - Processing /home/malte/try_rag/.venv/lib/python3.12/site-packages/airflow/example_dags/subdags/subdag.py took 0.068 seconds
[2026-04-01T22:15:42.470+0200] {processor.py:161} INFO - Started process (PID=43014) to work on /home/malte/try_rag/.venv/lib/python3.12/site-packages/airflow/example_dags/subdags/subdag.py
[2026-04-01T22:15:42.474+0200] {processor.py:830} INFO - Processing file /home/malte/try_rag/.venv/lib/python3.12/site-packages/airflow/example_dags/subdags/subdag.py for tasks to queue
[2026-04-01T22:15:42.477+0200] {logging_mixin.py:188} INFO - [2026-04-01T22:15:42.476+0200] {dagbag.py:545} INFO - Filling up the DagBag from /home/malte/try_rag/.venv/lib/python3.12/site-packages/airflow/example_dags/subdags/subdag.py
[2026-04-01T22:15:42.484+0200] {processor.py:842} WARNING - No viable dags retrieved from /home/malte/try_rag/.venv/lib/python3.12/site-packages/airflow/example_dags/subdags/subdag.py
[2026-04-01T22:15:42.526+0200] {processor.py:183} INFO - Processing /home/malte/try_rag/.venv/lib/python3.12/site-packages/airflow/example_dags/subdags/subdag.py took 0.078 seconds
[2026-04-01T22:16:20.436+0200] {processor.py:161} INFO - Started process (PID=43090) to work on /home/malte/try_rag/.venv/lib/python3.12/site-packages/airflow/example_dags/subdags/subdag.py
[2026-04-01T22:16:20.440+0200] {processor.py:830} INFO - Processing file /home/malte/try_rag/.venv/lib/python3.12/site-packages/airflow/example_dags/subdags/subdag.py for tasks to queue
[2026-04-01T22:16:20.443+0200] {logging_mixin.py:188} INFO - [2026-04-01T22:16:20.442+0200] {dagbag.py:545} INFO - Filling up the DagBag from /home/malte/try_rag/.venv/lib/python3.12/site-packages/airflow/example_dags/subdags/subdag.py
[2026-04-01T22:16:20.451+0200] {processor.py:842} WARNING - No viable dags retrieved from /home/malte/try_rag/.venv/lib/python3.12/site-packages/airflow/example_dags/subdags/subdag.py
[2026-04-01T22:16:20.491+0200] {processor.py:183} INFO - Processing /home/malte/try_rag/.venv/lib/python3.12/site-packages/airflow/example_dags/subdags/subdag.py took 0.074 seconds
[2026-04-01T22:16:58.350+0200] {processor.py:161} INFO - Started process (PID=43163) to work on /home/malte/try_rag/.venv/lib/python3.12/site-packages/airflow/example_dags/subdags/subdag.py
[2026-04-01T22:16:58.354+0200] {processor.py:830} INFO - Processing file /home/malte/try_rag/.venv/lib/python3.12/site-packages/airflow/example_dags/subdags/subdag.py for tasks to queue
[2026-04-01T22:16:58.357+0200] {logging_mixin.py:188} INFO - [2026-04-01T22:16:58.356+0200] {dagbag.py:545} INFO - Filling up the DagBag from /home/malte/try_rag/.venv/lib/python3.12/site-packages/airflow/example_dags/subdags/subdag.py
[2026-04-01T22:16:58.364+0200] {processor.py:842} WARNING - No viable dags retrieved from /home/malte/try_rag/.venv/lib/python3.12/site-packages/airflow/example_dags/subdags/subdag.py
[2026-04-01T22:16:58.396+0200] {processor.py:183} INFO - Processing /home/malte/try_rag/.venv/lib/python3.12/site-packages/airflow/example_dags/subdags/subdag.py took 0.063 seconds
[2026-04-01T22:17:36.628+0200] {processor.py:161} INFO - Started process (PID=43241) to work on /home/malte/try_rag/.venv/lib/python3.12/site-packages/airflow/example_dags/subdags/subdag.py
[2026-04-01T22:17:36.632+0200] {processor.py:830} INFO - Processing file /home/malte/try_rag/.venv/lib/python3.12/site-packages/airflow/example_dags/subdags/subdag.py for tasks to queue
[2026-04-01T22:17:36.634+0200] {logging_mixin.py:188} INFO - [2026-04-01T22:17:36.633+0200] {dagbag.py:545} INFO - Filling up the DagBag from /home/malte/try_rag/.venv/lib/python3.12/site-packages/airflow/example_dags/subdags/subdag.py
[2026-04-01T22:17:36.641+0200] {processor.py:842} WARNING - No viable dags retrieved from /home/malte/try_rag/.venv/lib/python3.12/site-packages/airflow/example_dags/subdags/subdag.py
[2026-04-01T22:17:36.670+0200] {processor.py:183} INFO - Processing /home/malte/try_rag/.venv/lib/python3.12/site-packages/airflow/example_dags/subdags/subdag.py took 0.060 seconds
[2026-04-01T22:18:12.765+0200] {processor.py:161} INFO - Started process (PID=43316) to work on /home/malte/try_rag/.venv/lib/python3.12/site-packages/airflow/example_dags/subdags/subdag.py
[2026-04-01T22:18:12.769+0200] {processor.py:830} INFO - Processing file /home/malte/try_rag/.venv/lib/python3.12/site-packages/airflow/example_dags/subdags/subdag.py for tasks to queue
[2026-04-01T22:18:12.772+0200] {logging_mixin.py:188} INFO - [2026-04-01T22:18:12.770+0200] {dagbag.py:545} INFO - Filling up the DagBag from /home/malte/try_rag/.venv/lib/python3.12/site-packages/airflow/example_dags/subdags/subdag.py
[2026-04-01T22:18:12.785+0200] {processor.py:842} WARNING - No viable dags retrieved from /home/malte/try_rag/.venv/lib/python3.12/site-packages/airflow/example_dags/subdags/subdag.py
[2026-04-01T22:18:12.824+0200] {processor.py:183} INFO - Processing /home/malte/try_rag/.venv/lib/python3.12/site-packages/airflow/example_dags/subdags/subdag.py took 0.082 seconds
[2026-04-01T22:18:52.971+0200] {processor.py:161} INFO - Started process (PID=43419) to work on /home/malte/try_rag/.venv/lib/python3.12/site-packages/airflow/example_dags/subdags/subdag.py
[2026-04-01T22:18:52.975+0200] {processor.py:830} INFO - Processing file /home/malte/try_rag/.venv/lib/python3.12/site-packages/airflow/example_dags/subdags/subdag.py for tasks to queue
[2026-04-01T22:18:52.979+0200] {logging_mixin.py:188} INFO - [2026-04-01T22:18:52.977+0200] {dagbag.py:545} INFO - Filling up the DagBag from /home/malte/try_rag/.venv/lib/python3.12/site-packages/airflow/example_dags/subdags/subdag.py
[2026-04-01T22:18:52.988+0200] {processor.py:842} WARNING - No viable dags retrieved from /home/malte/try_rag/.venv/lib/python3.12/site-packages/airflow/example_dags/subdags/subdag.py
[2026-04-01T22:18:53.033+0200] {processor.py:183} INFO - Processing /home/malte/try_rag/.venv/lib/python3.12/site-packages/airflow/example_dags/subdags/subdag.py took 0.086 seconds
[2026-04-01T22:19:42.752+0200] {processor.py:161} INFO - Started process (PID=43507) to work on /home/malte/try_rag/.venv/lib/python3.12/site-packages/airflow/example_dags/subdags/subdag.py
[2026-04-01T22:19:42.766+0200] {processor.py:830} INFO - Processing file /home/malte/try_rag/.venv/lib/python3.12/site-packages/airflow/example_dags/subdags/subdag.py for tasks to queue
[2026-04-01T22:19:42.769+0200] {logging_mixin.py:188} INFO - [2026-04-01T22:19:42.767+0200] {dagbag.py:545} INFO - Filling up the DagBag from /home/malte/try_rag/.venv/lib/python3.12/site-packages/airflow/example_dags/subdags/subdag.py
[2026-04-01T22:19:42.775+0200] {processor.py:842} WARNING - No viable dags retrieved from /home/malte/try_rag/.venv/lib/python3.12/site-packages/airflow/example_dags/subdags/subdag.py
[2026-04-01T22:19:42.809+0200] {processor.py:183} INFO - Processing /home/malte/try_rag/.venv/lib/python3.12/site-packages/airflow/example_dags/subdags/subdag.py took 0.076 seconds
[2026-04-01T22:20:24.903+0200] {processor.py:161} INFO - Started process (PID=43594) to work on /home/malte/try_rag/.venv/lib/python3.12/site-packages/airflow/example_dags/subdags/subdag.py
[2026-04-01T22:20:24.919+0200] {processor.py:830} INFO - Processing file /home/malte/try_rag/.venv/lib/python3.12/site-packages/airflow/example_dags/subdags/subdag.py for tasks to queue
[2026-04-01T22:20:24.921+0200] {logging_mixin.py:188} INFO - [2026-04-01T22:20:24.920+0200] {dagbag.py:545} INFO - Filling up the DagBag from /home/malte/try_rag/.venv/lib/python3.12/site-packages/airflow/example_dags/subdags/subdag.py
[2026-04-01T22:20:24.928+0200] {processor.py:842} WARNING - No viable dags retrieved from /home/malte/try_rag/.venv/lib/python3.12/site-packages/airflow/example_dags/subdags/subdag.py
[2026-04-01T22:20:24.967+0200] {processor.py:183} INFO - Processing /home/malte/try_rag/.venv/lib/python3.12/site-packages/airflow/example_dags/subdags/subdag.py took 0.085 seconds
[2026-04-01T22:21:02.056+0200] {processor.py:161} INFO - Started process (PID=43665) to work on /home/malte/try_rag/.venv/lib/python3.12/site-packages/airflow/example_dags/subdags/subdag.py
[2026-04-01T22:21:02.059+0200] {processor.py:830} INFO - Processing file /home/malte/try_rag/.venv/lib/python3.12/site-packages/airflow/example_dags/subdags/subdag.py for tasks to queue
[2026-04-01T22:21:02.062+0200] {logging_mixin.py:188} INFO - [2026-04-01T22:21:02.061+0200] {dagbag.py:545} INFO - Filling up the DagBag from /home/malte/try_rag/.venv/lib/python3.12/site-packages/airflow/example_dags/subdags/subdag.py
[2026-04-01T22:21:02.069+0200] {processor.py:842} WARNING - No viable dags retrieved from /home/malte/try_rag/.venv/lib/python3.12/site-packages/airflow/example_dags/subdags/subdag.py
[2026-04-01T22:21:02.102+0200] {processor.py:183} INFO - Processing /home/malte/try_rag/.venv/lib/python3.12/site-packages/airflow/example_dags/subdags/subdag.py took 0.065 seconds
[2026-04-01T22:21:38.615+0200] {processor.py:161} INFO - Started process (PID=43739) to work on /home/malte/try_rag/.venv/lib/python3.12/site-packages/airflow/example_dags/subdags/subdag.py
[2026-04-01T22:21:38.634+0200] {processor.py:830} INFO - Processing file /home/malte/try_rag/.venv/lib/python3.12/site-packages/airflow/example_dags/subdags/subdag.py for tasks to queue
[2026-04-01T22:21:38.637+0200] {logging_mixin.py:188} INFO - [2026-04-01T22:21:38.636+0200] {dagbag.py:545} INFO - Filling up the DagBag from /home/malte/try_rag/.venv/lib/python3.12/site-packages/airflow/example_dags/subdags/subdag.py
[2026-04-01T22:21:38.643+0200] {processor.py:842} WARNING - No viable dags retrieved from /home/malte/try_rag/.venv/lib/python3.12/site-packages/airflow/example_dags/subdags/subdag.py
[2026-04-01T22:21:38.676+0200] {processor.py:183} INFO - Processing /home/malte/try_rag/.venv/lib/python3.12/site-packages/airflow/example_dags/subdags/subdag.py took 0.079 seconds
[2026-04-01T22:22:15.702+0200] {processor.py:161} INFO - Started process (PID=43816) to work on /home/malte/try_rag/.venv/lib/python3.12/site-packages/airflow/example_dags/subdags/subdag.py
[2026-04-01T22:22:15.706+0200] {processor.py:830} INFO - Processing file /home/malte/try_rag/.venv/lib/python3.12/site-packages/airflow/example_dags/subdags/subdag.py for tasks to queue
[2026-04-01T22:22:15.709+0200] {logging_mixin.py:188} INFO - [2026-04-01T22:22:15.707+0200] {dagbag.py:545} INFO - Filling up the DagBag from /home/malte/try_rag/.venv/lib/python3.12/site-packages/airflow/example_dags/subdags/subdag.py
[2026-04-01T22:22:15.716+0200] {processor.py:842} WARNING - No viable dags retrieved from /home/malte/try_rag/.venv/lib/python3.12/site-packages/airflow/example_dags/subdags/subdag.py
[2026-04-01T22:22:15.753+0200] {processor.py:183} INFO - Processing /home/malte/try_rag/.venv/lib/python3.12/site-packages/airflow/example_dags/subdags/subdag.py took 0.087 seconds
[2026-04-01T22:22:51.543+0200] {processor.py:161} INFO - Started process (PID=43886) to work on /home/malte/try_rag/.venv/lib/python3.12/site-packages/airflow/example_dags/subdags/subdag.py
[2026-04-01T22:22:51.557+0200] {processor.py:830} INFO - Processing file /home/malte/try_rag/.venv/lib/python3.12/site-packages/airflow/example_dags/subdags/subdag.py for tasks to queue
[2026-04-01T22:22:51.560+0200] {logging_mixin.py:188} INFO - [2026-04-01T22:22:51.558+0200] {dagbag.py:545} INFO - Filling up the DagBag from /home/malte/try_rag/.venv/lib/python3.12/site-packages/airflow/example_dags/subdags/subdag.py
[2026-04-01T22:22:51.566+0200] {processor.py:842} WARNING - No viable dags retrieved from /home/malte/try_rag/.venv/lib/python3.12/site-packages/airflow/example_dags/subdags/subdag.py
[2026-04-01T22:22:51.605+0200] {processor.py:183} INFO - Processing /home/malte/try_rag/.venv/lib/python3.12/site-packages/airflow/example_dags/subdags/subdag.py took 0.079 seconds
[2026-04-01T22:23:29.073+0200] {processor.py:161} INFO - Started process (PID=43959) to work on /home/malte/try_rag/.venv/lib/python3.12/site-packages/airflow/example_dags/subdags/subdag.py
[2026-04-01T22:23:29.088+0200] {processor.py:830} INFO - Processing file /home/malte/try_rag/.venv/lib/python3.12/site-packages/airflow/example_dags/subdags/subdag.py for tasks to queue
[2026-04-01T22:23:29.091+0200] {logging_mixin.py:188} INFO - [2026-04-01T22:23:29.089+0200] {dagbag.py:545} INFO - Filling up the DagBag from /home/malte/try_rag/.venv/lib/python3.12/site-packages/airflow/example_dags/subdags/subdag.py
[2026-04-01T22:23:29.097+0200] {processor.py:842} WARNING - No viable dags retrieved from /home/malte/try_rag/.venv/lib/python3.12/site-packages/airflow/example_dags/subdags/subdag.py
[2026-04-01T22:23:29.139+0200] {processor.py:183} INFO - Processing /home/malte/try_rag/.venv/lib/python3.12/site-packages/airflow/example_dags/subdags/subdag.py took 0.085 seconds
[2026-04-01T22:24:05.608+0200] {processor.py:161} INFO - Started process (PID=44059) to work on /home/malte/try_rag/.venv/lib/python3.12/site-packages/airflow/example_dags/subdags/subdag.py
[2026-04-01T22:24:05.624+0200] {processor.py:830} INFO - Processing file /home/malte/try_rag/.venv/lib/python3.12/site-packages/airflow/example_dags/subdags/subdag.py for tasks to queue
[2026-04-01T22:24:05.627+0200] {logging_mixin.py:188} INFO - [2026-04-01T22:24:05.626+0200] {dagbag.py:545} INFO - Filling up the DagBag from /home/malte/try_rag/.venv/lib/python3.12/site-packages/airflow/example_dags/subdags/subdag.py
[2026-04-01T22:24:05.637+0200] {processor.py:842} WARNING - No viable dags retrieved from /home/malte/try_rag/.venv/lib/python3.12/site-packages/airflow/example_dags/subdags/subdag.py
[2026-04-01T22:24:05.681+0200] {processor.py:183} INFO - Processing /home/malte/try_rag/.venv/lib/python3.12/site-packages/airflow/example_dags/subdags/subdag.py took 0.099 seconds
[2026-04-01T22:24:40.474+0200] {processor.py:161} INFO - Started process (PID=44133) to work on /home/malte/try_rag/.venv/lib/python3.12/site-packages/airflow/example_dags/subdags/subdag.py
[2026-04-01T22:24:40.490+0200] {processor.py:830} INFO - Processing file /home/malte/try_rag/.venv/lib/python3.12/site-packages/airflow/example_dags/subdags/subdag.py for tasks to queue
[2026-04-01T22:24:40.493+0200] {logging_mixin.py:188} INFO - [2026-04-01T22:24:40.492+0200] {dagbag.py:545} INFO - Filling up the DagBag from /home/malte/try_rag/.venv/lib/python3.12/site-packages/airflow/example_dags/subdags/subdag.py
[2026-04-01T22:24:40.509+0200] {processor.py:842} WARNING - No viable dags retrieved from /home/malte/try_rag/.venv/lib/python3.12/site-packages/airflow/example_dags/subdags/subdag.py
[2026-04-01T22:24:40.545+0200] {processor.py:183} INFO - Processing /home/malte/try_rag/.venv/lib/python3.12/site-packages/airflow/example_dags/subdags/subdag.py took 0.094 seconds
[2026-04-01T22:25:16.212+0200] {processor.py:161} INFO - Started process (PID=44206) to work on /home/malte/try_rag/.venv/lib/python3.12/site-packages/airflow/example_dags/subdags/subdag.py
[2026-04-01T22:25:16.226+0200] {processor.py:830} INFO - Processing file /home/malte/try_rag/.venv/lib/python3.12/site-packages/airflow/example_dags/subdags/subdag.py for tasks to queue
[2026-04-01T22:25:16.230+0200] {logging_mixin.py:188} INFO - [2026-04-01T22:25:16.228+0200] {dagbag.py:545} INFO - Filling up the DagBag from /home/malte/try_rag/.venv/lib/python3.12/site-packages/airflow/example_dags/subdags/subdag.py
[2026-04-01T22:25:16.237+0200] {processor.py:842} WARNING - No viable dags retrieved from /home/malte/try_rag/.venv/lib/python3.12/site-packages/airflow/example_dags/subdags/subdag.py
[2026-04-01T22:25:16.272+0200] {processor.py:183} INFO - Processing /home/malte/try_rag/.venv/lib/python3.12/site-packages/airflow/example_dags/subdags/subdag.py took 0.081 seconds
[2026-04-01T22:29:25.960+0200] {processor.py:161} INFO - Started process (PID=45194) to work on /home/malte/try_rag/.venv/lib/python3.12/site-packages/airflow/example_dags/subdags/subdag.py
[2026-04-01T22:29:25.965+0200] {processor.py:830} INFO - Processing file /home/malte/try_rag/.venv/lib/python3.12/site-packages/airflow/example_dags/subdags/subdag.py for tasks to queue
[2026-04-01T22:29:25.970+0200] {logging_mixin.py:188} INFO - [2026-04-01T22:29:25.967+0200] {dagbag.py:545} INFO - Filling up the DagBag from /home/malte/try_rag/.venv/lib/python3.12/site-packages/airflow/example_dags/subdags/subdag.py
[2026-04-01T22:29:25.980+0200] {processor.py:842} WARNING - No viable dags retrieved from /home/malte/try_rag/.venv/lib/python3.12/site-packages/airflow/example_dags/subdags/subdag.py
[2026-04-01T22:29:26.033+0200] {processor.py:183} INFO - Processing /home/malte/try_rag/.venv/lib/python3.12/site-packages/airflow/example_dags/subdags/subdag.py took 0.105 seconds
[2026-04-01T22:30:00.537+0200] {processor.py:161} INFO - Started process (PID=45432) to work on /home/malte/try_rag/.venv/lib/python3.12/site-packages/airflow/example_dags/subdags/subdag.py
[2026-04-01T22:30:00.556+0200] {processor.py:830} INFO - Processing file /home/malte/try_rag/.venv/lib/python3.12/site-packages/airflow/example_dags/subdags/subdag.py for tasks to queue
[2026-04-01T22:30:00.567+0200] {logging_mixin.py:188} INFO - [2026-04-01T22:30:00.561+0200] {dagbag.py:545} INFO - Filling up the DagBag from /home/malte/try_rag/.venv/lib/python3.12/site-packages/airflow/example_dags/subdags/subdag.py
[2026-04-01T22:30:00.604+0200] {processor.py:842} WARNING - No viable dags retrieved from /home/malte/try_rag/.venv/lib/python3.12/site-packages/airflow/example_dags/subdags/subdag.py
[2026-04-01T22:30:00.870+0200] {processor.py:183} INFO - Processing /home/malte/try_rag/.venv/lib/python3.12/site-packages/airflow/example_dags/subdags/subdag.py took 0.478 seconds
[2026-04-01T22:31:17.627+0200] {processor.py:161} INFO - Started process (PID=45853) to work on /home/malte/try_rag/.venv/lib/python3.12/site-packages/airflow/example_dags/subdags/subdag.py
[2026-04-01T22:31:17.631+0200] {processor.py:830} INFO - Processing file /home/malte/try_rag/.venv/lib/python3.12/site-packages/airflow/example_dags/subdags/subdag.py for tasks to queue
[2026-04-01T22:31:17.634+0200] {logging_mixin.py:188} INFO - [2026-04-01T22:31:17.632+0200] {dagbag.py:545} INFO - Filling up the DagBag from /home/malte/try_rag/.venv/lib/python3.12/site-packages/airflow/example_dags/subdags/subdag.py
[2026-04-01T22:31:17.641+0200] {processor.py:842} WARNING - No viable dags retrieved from /home/malte/try_rag/.venv/lib/python3.12/site-packages/airflow/example_dags/subdags/subdag.py
[2026-04-01T22:31:17.676+0200] {processor.py:183} INFO - Processing /home/malte/try_rag/.venv/lib/python3.12/site-packages/airflow/example_dags/subdags/subdag.py took 0.067 seconds
[2026-04-01T22:32:01.695+0200] {processor.py:161} INFO - Started process (PID=45960) to work on /home/malte/try_rag/.venv/lib/python3.12/site-packages/airflow/example_dags/subdags/subdag.py
[2026-04-01T22:32:01.699+0200] {processor.py:830} INFO - Processing file /home/malte/try_rag/.venv/lib/python3.12/site-packages/airflow/example_dags/subdags/subdag.py for tasks to queue
[2026-04-01T22:32:01.701+0200] {logging_mixin.py:188} INFO - [2026-04-01T22:32:01.700+0200] {dagbag.py:545} INFO - Filling up the DagBag from /home/malte/try_rag/.venv/lib/python3.12/site-packages/airflow/example_dags/subdags/subdag.py
[2026-04-01T22:32:01.707+0200] {processor.py:842} WARNING - No viable dags retrieved from /home/malte/try_rag/.venv/lib/python3.12/site-packages/airflow/example_dags/subdags/subdag.py
[2026-04-01T22:32:01.736+0200] {processor.py:183} INFO - Processing /home/malte/try_rag/.venv/lib/python3.12/site-packages/airflow/example_dags/subdags/subdag.py took 0.058 seconds
[2026-04-01T22:32:36.857+0200] {processor.py:161} INFO - Started process (PID=46073) to work on /home/malte/try_rag/.venv/lib/python3.12/site-packages/airflow/example_dags/subdags/subdag.py
[2026-04-01T22:32:36.861+0200] {processor.py:830} INFO - Processing file /home/malte/try_rag/.venv/lib/python3.12/site-packages/airflow/example_dags/subdags/subdag.py for tasks to queue
[2026-04-01T22:32:36.863+0200] {logging_mixin.py:188} INFO - [2026-04-01T22:32:36.862+0200] {dagbag.py:545} INFO - Filling up the DagBag from /home/malte/try_rag/.venv/lib/python3.12/site-packages/airflow/example_dags/subdags/subdag.py
[2026-04-01T22:32:36.870+0200] {processor.py:842} WARNING - No viable dags retrieved from /home/malte/try_rag/.venv/lib/python3.12/site-packages/airflow/example_dags/subdags/subdag.py
[2026-04-01T22:32:36.909+0200] {processor.py:183} INFO - Processing /home/malte/try_rag/.venv/lib/python3.12/site-packages/airflow/example_dags/subdags/subdag.py took 0.068 seconds
[2026-04-01T22:33:12.233+0200] {processor.py:161} INFO - Started process (PID=46264) to work on /home/malte/try_rag/.venv/lib/python3.12/site-packages/airflow/example_dags/subdags/subdag.py
[2026-04-01T22:33:12.237+0200] {processor.py:830} INFO - Processing file /home/malte/try_rag/.venv/lib/python3.12/site-packages/airflow/example_dags/subdags/subdag.py for tasks to queue
[2026-04-01T22:33:12.239+0200] {logging_mixin.py:188} INFO - [2026-04-01T22:33:12.238+0200] {dagbag.py:545} INFO - Filling up the DagBag from /home/malte/try_rag/.venv/lib/python3.12/site-packages/airflow/example_dags/subdags/subdag.py
[2026-04-01T22:33:12.244+0200] {processor.py:842} WARNING - No viable dags retrieved from /home/malte/try_rag/.venv/lib/python3.12/site-packages/airflow/example_dags/subdags/subdag.py
[2026-04-01T22:33:12.276+0200] {processor.py:183} INFO - Processing /home/malte/try_rag/.venv/lib/python3.12/site-packages/airflow/example_dags/subdags/subdag.py took 0.059 seconds
[2026-04-01T22:33:51.732+0200] {processor.py:161} INFO - Started process (PID=46337) to work on /home/malte/try_rag/.venv/lib/python3.12/site-packages/airflow/example_dags/subdags/subdag.py
[2026-04-01T22:33:51.735+0200] {processor.py:830} INFO - Processing file /home/malte/try_rag/.venv/lib/python3.12/site-packages/airflow/example_dags/subdags/subdag.py for tasks to queue
[2026-04-01T22:33:51.738+0200] {logging_mixin.py:188} INFO - [2026-04-01T22:33:51.737+0200] {dagbag.py:545} INFO - Filling up the DagBag from /home/malte/try_rag/.venv/lib/python3.12/site-packages/airflow/example_dags/subdags/subdag.py
[2026-04-01T22:33:51.743+0200] {processor.py:842} WARNING - No viable dags retrieved from /home/malte/try_rag/.venv/lib/python3.12/site-packages/airflow/example_dags/subdags/subdag.py
[2026-04-01T22:33:51.773+0200] {processor.py:183} INFO - Processing /home/malte/try_rag/.venv/lib/python3.12/site-packages/airflow/example_dags/subdags/subdag.py took 0.057 seconds
[2026-04-01T22:34:26.476+0200] {processor.py:161} INFO - Started process (PID=46472) to work on /home/malte/try_rag/.venv/lib/python3.12/site-packages/airflow/example_dags/subdags/subdag.py
[2026-04-01T22:34:26.479+0200] {processor.py:830} INFO - Processing file /home/malte/try_rag/.venv/lib/python3.12/site-packages/airflow/example_dags/subdags/subdag.py for tasks to queue
[2026-04-01T22:34:26.483+0200] {logging_mixin.py:188} INFO - [2026-04-01T22:34:26.481+0200] {dagbag.py:545} INFO - Filling up the DagBag from /home/malte/try_rag/.venv/lib/python3.12/site-packages/airflow/example_dags/subdags/subdag.py
[2026-04-01T22:34:26.489+0200] {processor.py:842} WARNING - No viable dags retrieved from /home/malte/try_rag/.venv/lib/python3.12/site-packages/airflow/example_dags/subdags/subdag.py
[2026-04-01T22:34:26.518+0200] {processor.py:183} INFO - Processing /home/malte/try_rag/.venv/lib/python3.12/site-packages/airflow/example_dags/subdags/subdag.py took 0.059 seconds
[2026-04-01T22:35:01.155+0200] {processor.py:161} INFO - Started process (PID=46542) to work on /home/malte/try_rag/.venv/lib/python3.12/site-packages/airflow/example_dags/subdags/subdag.py
[2026-04-01T22:35:01.159+0200] {processor.py:830} INFO - Processing file /home/malte/try_rag/.venv/lib/python3.12/site-packages/airflow/example_dags/subdags/subdag.py for tasks to queue
[2026-04-01T22:35:01.162+0200] {logging_mixin.py:188} INFO - [2026-04-01T22:35:01.160+0200] {dagbag.py:545} INFO - Filling up the DagBag from /home/malte/try_rag/.venv/lib/python3.12/site-packages/airflow/example_dags/subdags/subdag.py
[2026-04-01T22:35:01.169+0200] {processor.py:842} WARNING - No viable dags retrieved from /home/malte/try_rag/.venv/lib/python3.12/site-packages/airflow/example_dags/subdags/subdag.py
[2026-04-01T22:35:01.201+0200] {processor.py:183} INFO - Processing /home/malte/try_rag/.venv/lib/python3.12/site-packages/airflow/example_dags/subdags/subdag.py took 0.066 seconds
[2026-04-01T22:35:41.876+0200] {processor.py:161} INFO - Started process (PID=46737) to work on /home/malte/try_rag/.venv/lib/python3.12/site-packages/airflow/example_dags/subdags/subdag.py
[2026-04-01T22:35:41.890+0200] {processor.py:830} INFO - Processing file /home/malte/try_rag/.venv/lib/python3.12/site-packages/airflow/example_dags/subdags/subdag.py for tasks to queue
[2026-04-01T22:35:41.893+0200] {logging_mixin.py:188} INFO - [2026-04-01T22:35:41.892+0200] {dagbag.py:545} INFO - Filling up the DagBag from /home/malte/try_rag/.venv/lib/python3.12/site-packages/airflow/example_dags/subdags/subdag.py
[2026-04-01T22:35:41.904+0200] {processor.py:842} WARNING - No viable dags retrieved from /home/malte/try_rag/.venv/lib/python3.12/site-packages/airflow/example_dags/subdags/subdag.py
[2026-04-01T22:35:41.937+0200] {processor.py:183} INFO - Processing /home/malte/try_rag/.venv/lib/python3.12/site-packages/airflow/example_dags/subdags/subdag.py took 0.080 seconds
[2026-04-01T22:36:23.531+0200] {processor.py:161} INFO - Started process (PID=46882) to work on /home/malte/try_rag/.venv/lib/python3.12/site-packages/airflow/example_dags/subdags/subdag.py
[2026-04-01T22:36:23.535+0200] {processor.py:830} INFO - Processing file /home/malte/try_rag/.venv/lib/python3.12/site-packages/airflow/example_dags/subdags/subdag.py for tasks to queue
[2026-04-01T22:36:23.538+0200] {logging_mixin.py:188} INFO - [2026-04-01T22:36:23.537+0200] {dagbag.py:545} INFO - Filling up the DagBag from /home/malte/try_rag/.venv/lib/python3.12/site-packages/airflow/example_dags/subdags/subdag.py
[2026-04-01T22:36:23.544+0200] {processor.py:842} WARNING - No viable dags retrieved from /home/malte/try_rag/.venv/lib/python3.12/site-packages/airflow/example_dags/subdags/subdag.py
[2026-04-01T22:36:23.577+0200] {processor.py:183} INFO - Processing /home/malte/try_rag/.venv/lib/python3.12/site-packages/airflow/example_dags/subdags/subdag.py took 0.074 seconds
